<?xml version="1.0" encoding="UTF-8" standalone="yes"?><!DOCTYPE report PUBLIC "-//JACOCO//DTD Report 1.1//EN" "report.dtd"><report name="Sudoku"><sessioninfo id="DESKTOP-1P4COU8-7a109719" start="1603063358499" dump="1603063359536"/><sessioninfo id="DESKTOP-1P4COU8-1ca4e268" start="1604152097001" dump="1604152097991"/><sessioninfo id="DESKTOP-1P4COU8-544073d6" start="1604152901695" dump="1604152902574"/><sessioninfo id="DESKTOP-1P4COU8-d5298070" start="1604152991657" dump="1604152992512"/><sessioninfo id="DESKTOP-1P4COU8-e6114925" start="1604153192654" dump="1604153193517"/><sessioninfo id="DESKTOP-1P4COU8-4d16d1bc" start="1604153247573" dump="1604153248419"/><sessioninfo id="DESKTOP-1P4COU8-9f43249f" start="1604161297198" dump="1604161298069"/><sessioninfo id="DESKTOP-1P4COU8-eb6dfe1f" start="1604161364317" dump="1604161365200"/><sessioninfo id="DESKTOP-1P4COU8-51137ac6" start="1604255845283" dump="1604255846402"/><sessioninfo id="DESKTOP-1P4COU8-bb524025" start="1604255872142" dump="1604255873251"/><sessioninfo id="DESKTOP-1P4COU8-3dec7a93" start="1604256058515" dump="1604256059511"/><sessioninfo id="DESKTOP-HUPKH5C-f6371382" start="1604257528486" dump="1604257529933"/><sessioninfo id="DESKTOP-1P4COU8-589529bd" start="1604258172535" dump="1604258173561"/><sessioninfo id="DESKTOP-1P4COU8-237127c2" start="1604258226604" dump="1604258227613"/><sessioninfo id="DESKTOP-1P4COU8-3b931f8c" start="1604258287551" dump="1604258288574"/><sessioninfo id="DESKTOP-1P4COU8-a22c6185" start="1604258306748" dump="1604258307746"/><sessioninfo id="DESKTOP-1P4COU8-e8e98337" start="1604258371287" dump="1604258372328"/></report>