<?xml version="1.0" encoding="UTF-8" standalone="yes"?><!DOCTYPE report PUBLIC "-//JACOCO//DTD Report 1.1//EN" "report.dtd"><report name="Sudoku"><sessioninfo id="DESKTOP-1P4COU8-7a109719" start="1603063358499" dump="1603063359536"/><sessioninfo id="DESKTOP-1P4COU8-1ca4e268" start="1604152097001" dump="1604152097991"/><sessioninfo id="DESKTOP-1P4COU8-544073d6" start="1604152901695" dump="1604152902574"/><sessioninfo id="DESKTOP-1P4COU8-d5298070" start="1604152991657" dump="1604152992512"/><sessioninfo id="DESKTOP-1P4COU8-e6114925" start="1604153192654" dump="1604153193517"/><sessioninfo id="DESKTOP-1P4COU8-4d16d1bc" start="1604153247573" dump="1604153248419"/><sessioninfo id="DESKTOP-1P4COU8-9f43249f" start="1604161297198" dump="1604161298069"/><sessioninfo id="DESKTOP-1P4COU8-eb6dfe1f" start="1604161364317" dump="1604161365200"/><sessioninfo id="DESKTOP-1P4COU8-51137ac6" start="1604255845283" dump="1604255846402"/><sessioninfo id="DESKTOP-1P4COU8-bb524025" start="1604255872142" dump="1604255873251"/><sessioninfo id="DESKTOP-1P4COU8-3dec7a93" start="1604256058515" dump="1604256059511"/><sessioninfo id="DESKTOP-HUPKH5C-f6371382" start="1604257528486" dump="1604257529933"/><sessioninfo id="DESKTOP-1P4COU8-589529bd" start="1604258172535" dump="1604258173561"/><sessioninfo id="DESKTOP-1P4COU8-237127c2" start="1604258226604" dump="1604258227613"/><sessioninfo id="DESKTOP-1P4COU8-3b931f8c" start="1604258287551" dump="1604258288574"/><sessioninfo id="DESKTOP-1P4COU8-a22c6185" start="1604258306748" dump="1604258307746"/><sessioninfo id="DESKTOP-1P4COU8-e8e98337" start="1604258371287" dump="1604258372328"/><sessioninfo id="DESKTOP-1P4COU8-6c639c22" start="1604316021852" dump="1604316024090"/><sessioninfo id="DESKTOP-1P4COU8-e751396" start="1604687851716" dump="1604687852656"/><sessioninfo id="DESKTOP-1P4COU8-bcbdd7ca" start="1604767319458" dump="1604767320388"/><sessioninfo id="DESKTOP-1P4COU8-8570c379" start="1604769214686" dump="1604769215573"/><sessioninfo id="DESKTOP-1P4COU8-18cded5e" start="1604769434818" dump="1604769435906"/><sessioninfo id="DESKTOP-1P4COU8-27915c35" start="1604769666715" dump="1604769667719"/><sessioninfo id="DESKTOP-1P4COU8-6a41c0c4" start="1604769865538" dump="1604769866515"/><sessioninfo id="DESKTOP-1P4COU8-a66041a7" start="1604951933384" dump="1604951934400"/><sessioninfo id="DESKTOP-1P4COU8-1e466d54" start="1604952076243" dump="1604952077246"/><sessioninfo id="DESKTOP-1P4COU8-61015de3" start="1604952122700" dump="1604952123715"/><sessioninfo id="DESKTOP-1P4COU8-4496e75a" start="1604952148695" dump="1604952149781"/><sessioninfo id="DESKTOP-1P4COU8-722a157b" start="1604952255221" dump="1604952256376"/><sessioninfo id="DESKTOP-1P4COU8-fcd77bf6" start="1604952308833" dump="1604952309933"/><sessioninfo id="DESKTOP-1P4COU8-892f66be" start="1604952422554" dump="1604952423664"/><sessioninfo id="DESKTOP-1P4COU8-7f1087b2" start="1604952486489" dump="1604952487592"/><sessioninfo id="DESKTOP-1P4COU8-829df5aa" start="1604952539335" dump="1604952540357"/><sessioninfo id="DESKTOP-1P4COU8-13c8ca1b" start="1604952605879" dump="1604952606984"/><sessioninfo id="DESKTOP-1P4COU8-83ae04da" start="1604952668407" dump="1604952669478"/><sessioninfo id="DESKTOP-1P4COU8-2ca18685" start="1604952748939" dump="1604952749948"/><sessioninfo id="DESKTOP-1P4COU8-c54d5eb4" start="1604952783808" dump="1604952784866"/><sessioninfo id="DESKTOP-1P4COU8-2d3fa50c" start="1605119170646" dump="1605119171842"/><sessioninfo id="DESKTOP-1P4COU8-c54b89bc" start="1605127533235" dump="1605127534361"/><sessioninfo id="DESKTOP-1P4COU8-70c0f087" start="1605127955458" dump="1605127956439"/><sessioninfo id="DESKTOP-1P4COU8-6c8c2d3f" start="1605128190629" dump="1605128191655"/><sessioninfo id="DESKTOP-1P4COU8-3dc1a29" start="1605128578032" dump="1605128579057"/><sessioninfo id="DESKTOP-1P4COU8-d81647df" start="1605134426343" dump="1605134427653"/><sessioninfo id="DESKTOP-1P4COU8-4c4e33a3" start="1605134638761" dump="1605134639974"/><sessioninfo id="DESKTOP-1P4COU8-de5c3c66" start="1605135205483" dump="1605135206553"/><sessioninfo id="DESKTOP-1P4COU8-25d661b8" start="1605135402971" dump="1605135404022"/></report>