-------------------------------------------------------------------------------
Test set: sudoku.SudokuBoardTest
-------------------------------------------------------------------------------
Tests run: 13, Failures: 0, Errors: 13, Skipped: 0, Time elapsed: 0.042 s <<< FAILURE! - in sudoku.SudokuBoardTest
sudoku.SudokuBoardTest.ShowBoardTest  Time elapsed: 0.002 s  <<< ERROR!
java.lang.reflect.InaccessibleObjectException: Unable to make void sudoku.SudokuBoardTest.setUp() accessible: module ModelProject does not "opens sudoku" to unnamed module @cb644e

sudoku.SudokuBoardTest.testEqualsWrongObject  Time elapsed: 0.002 s  <<< ERROR!
java.lang.reflect.InaccessibleObjectException: Unable to make void sudoku.SudokuBoardTest.setUp() accessible: module ModelProject does not "opens sudoku" to unnamed module @cb644e

sudoku.SudokuBoardTest.testToString  Time elapsed: 0.003 s  <<< ERROR!
java.lang.reflect.InaccessibleObjectException: Unable to make void sudoku.SudokuBoardTest.setUp() accessible: module ModelProject does not "opens sudoku" to unnamed module @cb644e

sudoku.SudokuBoardTest.checkBoardTestRowFalse  Time elapsed: 0.009 s  <<< ERROR!
java.lang.reflect.InaccessibleObjectException: Unable to make void sudoku.SudokuBoardTest.setUp() accessible: module ModelProject does not "opens sudoku" to unnamed module @cb644e

sudoku.SudokuBoardTest.testEqualsDiffrentInstance  Time elapsed: 0.001 s  <<< ERROR!
java.lang.reflect.InaccessibleObjectException: Unable to make void sudoku.SudokuBoardTest.setUp() accessible: module ModelProject does not "opens sudoku" to unnamed module @cb644e

sudoku.SudokuBoardTest.checkBoardTestColumnFalse  Time elapsed: 0 s  <<< ERROR!
java.lang.reflect.InaccessibleObjectException: Unable to make void sudoku.SudokuBoardTest.setUp() accessible: module ModelProject does not "opens sudoku" to unnamed module @cb644e

sudoku.SudokuBoardTest.testEqualsNull  Time elapsed: 0.001 s  <<< ERROR!
java.lang.reflect.InaccessibleObjectException: Unable to make void sudoku.SudokuBoardTest.setUp() accessible: module ModelProject does not "opens sudoku" to unnamed module @cb644e

sudoku.SudokuBoardTest.testEqualsSame  Time elapsed: 0.001 s  <<< ERROR!
java.lang.reflect.InaccessibleObjectException: Unable to make void sudoku.SudokuBoardTest.setUp() accessible: module ModelProject does not "opens sudoku" to unnamed module @cb644e

sudoku.SudokuBoardTest.checkBoardTest  Time elapsed: 0.001 s  <<< ERROR!
java.lang.reflect.InaccessibleObjectException: Unable to make void sudoku.SudokuBoardTest.setUp() accessible: module ModelProject does not "opens sudoku" to unnamed module @cb644e

sudoku.SudokuBoardTest.repeatFillBoardTest  Time elapsed: 0.001 s  <<< ERROR!
java.lang.reflect.InaccessibleObjectException: Unable to make void sudoku.SudokuBoardTest.setUp() accessible: module ModelProject does not "opens sudoku" to unnamed module @cb644e

sudoku.SudokuBoardTest.checkFillBoardTest  Time elapsed: 0.001 s  <<< ERROR!
java.lang.reflect.InaccessibleObjectException: Unable to make void sudoku.SudokuBoardTest.setUp() accessible: module ModelProject does not "opens sudoku" to unnamed module @cb644e

sudoku.SudokuBoardTest.checkBoardTestBoxFalse  Time elapsed: 0 s  <<< ERROR!
java.lang.reflect.InaccessibleObjectException: Unable to make void sudoku.SudokuBoardTest.setUp() accessible: module ModelProject does not "opens sudoku" to unnamed module @cb644e

sudoku.SudokuBoardTest.checkCellBox1  Time elapsed: 0.001 s  <<< ERROR!
java.lang.reflect.InaccessibleObjectException: Unable to make void sudoku.SudokuBoardTest.setUp() accessible: module ModelProject does not "opens sudoku" to unnamed module @cb644e

