-------------------------------------------------------------------------------
Test set: sudoku.SeriesTest
-------------------------------------------------------------------------------
Tests run: 5, Failures: 0, Errors: 5, Skipped: 0, Time elapsed: 0.029 s <<< FAILURE! - in sudoku.SeriesTest
sudoku.SeriesTest.testEqualsDiffrent  Time elapsed: 0.018 s  <<< ERROR!
java.lang.reflect.InaccessibleObjectException: Unable to make void sudoku.SeriesTest.setUp() accessible: module ModelProject does not "opens sudoku" to unnamed module @cb644e

sudoku.SeriesTest.testToString  Time elapsed: 0 s  <<< ERROR!
java.lang.reflect.InaccessibleObjectException: Unable to make void sudoku.SeriesTest.setUp() accessible: module ModelProject does not "opens sudoku" to unnamed module @cb644e

sudoku.SeriesTest.testEqualsDiffrentClass  Time elapsed: 0.001 s  <<< ERROR!
java.lang.reflect.InaccessibleObjectException: Unable to make void sudoku.SeriesTest.setUp() accessible: module ModelProject does not "opens sudoku" to unnamed module @cb644e

sudoku.SeriesTest.testEqualsNull  Time elapsed: 0 s  <<< ERROR!
java.lang.reflect.InaccessibleObjectException: Unable to make void sudoku.SeriesTest.setUp() accessible: module ModelProject does not "opens sudoku" to unnamed module @cb644e

sudoku.SeriesTest.testEqualsSame  Time elapsed: 0.001 s  <<< ERROR!
java.lang.reflect.InaccessibleObjectException: Unable to make void sudoku.SeriesTest.setUp() accessible: module ModelProject does not "opens sudoku" to unnamed module @cb644e

