<?xml version="1.0" encoding="UTF-8"?>
<testsuite xmlns:xsi="http://www.w3.org/2001/XMLSchema-instance" xsi:noNamespaceSchemaLocation="https://maven.apache.org/surefire/maven-surefire-plugin/xsd/surefire-test-report-3.0.xsd" version="3.0" name="sudoku.model.SudokuBoardTest" time="0.246" tests="14" errors="0" skipped="0" failures="0">
  <properties>
[...]
</properties>
  <testcase name="ShowBoardTest" classname="sudoku.model.SudokuBoardTest" time="0.001"/>
  <testcase name="testEqualsWrongObject" classname="sudoku.model.SudokuBoardTest" time="0"/>
  <testcase name="testToString" classname="sudoku.model.SudokuBoardTest" time="0.005">
    <system-out><![CDATA[15:53:16.453 [main] INFO  sudoku.model.SudokuBoard - Bład w kwadracie 0
sudoku.model.SudokuBoard@75dd0f94[
  size=9
  solver=sudoku.model.BacktrackingSudokuSolver@72324965
  board={{3,2,4,6,7,5,1,8,9},{8,5,9,1,4,2,7,3,6},{6,7,1,3,8,9,2,4,5},{9,1,3,4,5,6,8,2,7},{7,8,2,9,1,3,4,0,0},{0,0,0,0,0,0,0,0,0},{0,0,0,0,0,0,0,0,0},{0,0,0,0,0,0,0,0,0},{0,0,0,0,0,0,0,0,0}}
]
15:53:16.454 [main] INFO  sudoku.model.SudokuBoard - Wartość 0 wstawiona nieprawidłowo
15:53:16.454 [main] INFO  sudoku.model.SudokuBoard - Bład w kwadracie 0
sudoku.model.SudokuBoard@75dd0f94[
  size=9
  solver=sudoku.model.BacktrackingSudokuSolver@72324965
  board={{3,2,4,6,7,5,1,8,9},{8,5,9,1,4,2,7,3,6},{6,7,1,3,8,9,2,4,5},{9,1,3,4,5,6,8,2,7},{7,8,2,9,1,3,4,0,0},{0,0,0,0,0,0,0,0,0},{0,0,0,0,0,0,0,0,0},{0,0,0,0,0,0,0,0,0},{0,0,0,0,0,0,0,0,0}}
]
15:53:16.454 [main] INFO  sudoku.model.SudokuBoard - Wartość 0 wstawiona nieprawidłowo
15:53:16.454 [main] INFO  sudoku.model.SudokuBoard - Bład w kwadracie 0
sudoku.model.SudokuBoard@75dd0f94[
  size=9
  solver=sudoku.model.BacktrackingSudokuSolver@72324965
  board={{3,2,4,6,7,5,1,8,9},{8,5,9,1,4,2,7,3,6},{6,7,1,3,8,9,2,4,5},{9,1,3,4,5,6,8,2,7},{7,8,2,9,1,3,0,0,0},{0,0,0,0,0,0,0,0,0},{0,0,0,0,0,0,0,0,0},{0,0,0,0,0,0,0,0,0},{0,0,0,0,0,0,0,0,0}}
]
15:53:16.454 [main] INFO  sudoku.model.SudokuBoard - Wartość 0 wstawiona nieprawidłowo
15:53:16.455 [main] INFO  sudoku.model.SudokuBoard - Bład w kwadracie 0
sudoku.model.SudokuBoard@75dd0f94[
  size=9
  solver=sudoku.model.BacktrackingSudokuSolver@72324965
  board={{3,2,4,6,7,5,1,8,9},{8,5,9,1,4,2,7,3,6},{6,7,1,3,8,9,2,4,5},{9,1,3,4,5,6,8,2,7},{7,8,2,9,1,3,5,6,4},{4,6,5,7,2,8,9,1,3},{5,9,6,8,3,0,0,0,0},{0,0,0,0,0,0,0,0,0},{0,0,0,0,0,0,0,0,0}}
]
15:53:16.455 [main] INFO  sudoku.model.SudokuBoard - Wartość 0 wstawiona nieprawidłowo
15:53:16.455 [main] INFO  sudoku.model.SudokuBoard - Bład w kwadracie 0
sudoku.model.SudokuBoard@75dd0f94[
  size=9
  solver=sudoku.model.BacktrackingSudokuSolver@72324965
  board={{3,2,4,6,7,5,1,8,9},{8,5,9,1,4,2,7,3,6},{6,7,1,3,8,9,2,4,5},{9,1,3,4,5,6,8,2,7},{7,8,2,9,1,3,5,6,4},{4,6,5,7,2,8,9,1,3},{5,9,6,8,3,7,0,0,0},{0,0,0,0,0,0,0,0,0},{0,0,0,0,0,0,0,0,0}}
]
15:53:16.455 [main] INFO  sudoku.model.SudokuBoard - Wartość 0 wstawiona nieprawidłowo
15:53:16.455 [main] INFO  sudoku.model.SudokuBoard - Bład w kwadracie 0
sudoku.model.SudokuBoard@75dd0f94[
  size=9
  solver=sudoku.model.BacktrackingSudokuSolver@72324965
  board={{3,2,4,6,7,5,1,8,9},{8,5,9,1,4,2,7,3,6},{6,7,1,3,8,9,2,4,5},{9,1,3,4,5,6,8,2,7},{7,8,2,9,1,3,5,6,4},{4,6,5,7,2,8,9,1,3},{5,9,6,8,3,0,0,0,0},{0,0,0,0,0,0,0,0,0},{0,0,0,0,0,0,0,0,0}}
]
15:53:16.455 [main] INFO  sudoku.model.SudokuBoard - Wartość 0 wstawiona nieprawidłowo
15:53:16.455 [main] INFO  sudoku.model.SudokuBoard - Bład w kwadracie 0
sudoku.model.SudokuBoard@75dd0f94[
  size=9
  solver=sudoku.model.BacktrackingSudokuSolver@72324965
  board={{3,2,4,6,7,5,1,8,9},{8,5,9,1,4,2,7,3,6},{6,7,1,3,8,9,2,4,5},{9,1,3,4,5,6,8,2,7},{7,8,2,9,1,3,5,6,4},{4,6,5,7,2,8,9,1,3},{5,9,6,8,3,1,4,7,2},{1,3,7,5,6,0,0,0,0},{0,0,0,0,0,0,0,0,0}}
]
15:53:16.456 [main] INFO  sudoku.model.SudokuBoard - Wartość 0 wstawiona nieprawidłowo
15:53:16.456 [main] INFO  sudoku.model.SudokuBoard - Bład w kwadracie 0
sudoku.model.SudokuBoard@75dd0f94[
  size=9
  solver=sudoku.model.BacktrackingSudokuSolver@72324965
  board={{3,2,4,6,7,5,1,8,9},{8,5,9,1,4,2,7,3,6},{6,7,1,3,8,9,2,4,5},{9,1,3,4,5,6,8,2,7},{7,8,2,9,1,3,5,6,4},{4,6,5,7,2,8,9,1,3},{5,9,6,8,3,1,4,7,2},{1,3,7,5,0,0,0,0,0},{0,0,0,0,0,0,0,0,0}}
]
15:53:16.456 [main] INFO  sudoku.model.SudokuBoard - Wartość 0 wstawiona nieprawidłowo
15:53:16.456 [main] INFO  sudoku.model.SudokuBoard - Bład w kwadracie 0
sudoku.model.SudokuBoard@75dd0f94[
  size=9
  solver=sudoku.model.BacktrackingSudokuSolver@72324965
  board={{3,2,4,6,7,5,1,8,9},{8,5,9,1,4,2,7,3,6},{6,7,1,3,8,9,2,4,5},{9,1,3,4,5,6,8,2,7},{7,8,2,9,1,3,5,6,4},{4,6,5,7,2,8,9,1,3},{5,9,6,8,3,1,4,7,2},{1,3,7,5,9,4,0,0,0},{0,0,0,0,0,0,0,0,0}}
]
15:53:16.456 [main] INFO  sudoku.model.SudokuBoard - Wartość 0 wstawiona nieprawidłowo
15:53:16.456 [main] INFO  sudoku.model.SudokuBoard - Bład w kwadracie 0
sudoku.model.SudokuBoard@75dd0f94[
  size=9
  solver=sudoku.model.BacktrackingSudokuSolver@72324965
  board={{3,2,4,6,7,5,1,8,9},{8,5,9,1,4,2,7,3,6},{6,7,1,3,8,9,2,4,5},{9,1,3,4,5,6,8,2,7},{7,8,2,9,1,3,5,6,4},{4,6,5,7,2,8,9,1,3},{5,9,6,8,3,1,4,7,2},{1,3,7,5,9,0,0,0,0},{0,0,0,0,0,0,0,0,0}}
]
15:53:16.456 [main] INFO  sudoku.model.SudokuBoard - Wartość 0 wstawiona nieprawidłowo
15:53:16.457 [main] INFO  sudoku.model.SudokuBoard - Bład w kwadracie 0
sudoku.model.SudokuBoard@75dd0f94[
  size=9
  solver=sudoku.model.BacktrackingSudokuSolver@72324965
  board={{3,2,4,6,7,5,1,8,9},{8,5,9,1,4,2,7,3,6},{6,7,1,3,8,9,2,4,5},{9,1,3,4,5,6,8,2,7},{7,8,2,9,1,3,5,6,4},{4,6,5,7,2,8,9,1,3},{5,9,6,8,3,1,4,7,2},{1,3,7,5,0,0,0,0,0},{0,0,0,0,0,0,0,0,0}}
]
15:53:16.457 [main] INFO  sudoku.model.SudokuBoard - Wartość 0 wstawiona nieprawidłowo
15:53:16.457 [main] INFO  sudoku.model.SudokuBoard - Bład w kwadracie 0
sudoku.model.SudokuBoard@75dd0f94[
  size=9
  solver=sudoku.model.BacktrackingSudokuSolver@72324965
  board={{3,2,4,6,7,5,1,8,9},{8,5,9,1,4,2,7,3,6},{6,7,1,3,8,9,2,4,5},{9,1,3,4,5,6,8,2,7},{7,8,2,9,1,3,5,6,4},{4,6,5,7,2,8,9,1,3},{5,9,6,8,3,1,4,7,2},{1,3,7,0,0,0,0,0,0},{0,0,0,0,0,0,0,0,0}}
]
15:53:16.457 [main] INFO  sudoku.model.SudokuBoard - Wartość 0 wstawiona nieprawidłowo
15:53:16.457 [main] INFO  sudoku.model.SudokuBoard - Bład w kwadracie 0
sudoku.model.SudokuBoard@75dd0f94[
  size=9
  solver=sudoku.model.BacktrackingSudokuSolver@72324965
  board={{3,2,4,6,7,5,1,8,9},{8,5,9,1,4,2,7,3,6},{6,7,1,3,8,9,2,4,5},{9,1,3,4,5,6,8,2,7},{7,8,2,9,1,3,5,6,4},{4,6,5,7,2,8,9,1,3},{5,9,6,8,3,1,4,7,2},{1,3,7,2,6,0,0,0,0},{0,0,0,0,0,0,0,0,0}}
]
15:53:16.457 [main] INFO  sudoku.model.SudokuBoard - Wartość 0 wstawiona nieprawidłowo
15:53:16.457 [main] INFO  sudoku.model.SudokuBoard - Bład w kwadracie 0
sudoku.model.SudokuBoard@75dd0f94[
  size=9
  solver=sudoku.model.BacktrackingSudokuSolver@72324965
  board={{3,2,4,6,7,5,1,8,9},{8,5,9,1,4,2,7,3,6},{6,7,1,3,8,9,2,4,5},{9,1,3,4,5,6,8,2,7},{7,8,2,9,1,3,5,6,4},{4,6,5,7,2,8,9,1,3},{5,9,6,8,3,1,4,7,2},{1,3,7,2,0,0,0,0,0},{0,0,0,0,0,0,0,0,0}}
]
15:53:16.457 [main] INFO  sudoku.model.SudokuBoard - Wartość 0 wstawiona nieprawidłowo
sudoku.model.SudokuBoard@121ddca4[
  size=9
  solver=sudoku.model.BacktrackingSudokuSolver@72324965
  board={{3,2,4,6,7,5,1,8,9},{8,5,9,1,4,2,7,3,6},{6,7,1,3,8,9,2,4,5},{9,1,3,4,5,6,8,2,7},{7,8,2,9,1,3,5,6,4},{4,6,5,7,2,8,9,1,3},{5,9,6,8,3,1,4,7,2},{1,3,7,2,9,4,6,5,8},{2,4,8,5,6,7,3,9,1}}
]
]]></system-out>
  </testcase>
  <testcase name="checkBoardTestRowFalse" classname="sudoku.model.SudokuBoardTest" time="0.013">
    <system-out><![CDATA[15:53:16.459 [main] INFO  sudoku.model.SudokuBoard - Bład w kwadracie 0
sudoku.model.SudokuBoard@297bd171[
  size=9
  solver=sudoku.model.BacktrackingSudokuSolver@118cbded
  board={{3,5,4,1,2,8,6,7,9},{6,2,7,9,3,4,5,8,1},{8,9,1,7,5,6,2,3,4},{5,4,2,6,9,1,0,0,0},{0,0,0,0,0,0,0,0,0},{0,0,0,0,0,0,0,0,0},{0,0,0,0,0,0,0,0,0},{0,0,0,0,0,0,0,0,0},{0,0,0,0,0,0,0,0,0}}
]
15:53:16.459 [main] INFO  sudoku.model.SudokuBoard - Wartość 0 wstawiona nieprawidłowo
15:53:16.460 [main] INFO  sudoku.model.SudokuBoard - Bład w kwadracie 0
sudoku.model.SudokuBoard@297bd171[
  size=9
  solver=sudoku.model.BacktrackingSudokuSolver@118cbded
  board={{3,5,4,1,2,8,6,7,9},{6,2,7,9,3,4,5,8,1},{8,9,1,7,5,6,2,3,4},{5,4,2,6,9,1,0,0,0},{0,0,0,0,0,0,0,0,0},{0,0,0,0,0,0,0,0,0},{0,0,0,0,0,0,0,0,0},{0,0,0,0,0,0,0,0,0},{0,0,0,0,0,0,0,0,0}}
]
15:53:16.460 [main] INFO  sudoku.model.SudokuBoard - Wartość 0 wstawiona nieprawidłowo
15:53:16.460 [main] INFO  sudoku.model.SudokuBoard - Bład w kwadracie 0
sudoku.model.SudokuBoard@297bd171[
  size=9
  solver=sudoku.model.BacktrackingSudokuSolver@118cbded
  board={{3,5,4,1,2,8,6,7,9},{6,2,7,9,3,4,5,8,1},{8,9,1,7,5,6,2,3,4},{5,4,2,6,9,1,0,0,0},{0,0,0,0,0,0,0,0,0},{0,0,0,0,0,0,0,0,0},{0,0,0,0,0,0,0,0,0},{0,0,0,0,0,0,0,0,0},{0,0,0,0,0,0,0,0,0}}
]
15:53:16.460 [main] INFO  sudoku.model.SudokuBoard - Wartość 0 wstawiona nieprawidłowo
15:53:16.460 [main] INFO  sudoku.model.SudokuBoard - Bład w kwadracie 0
sudoku.model.SudokuBoard@297bd171[
  size=9
  solver=sudoku.model.BacktrackingSudokuSolver@118cbded
  board={{3,5,4,1,2,8,6,7,9},{6,2,7,9,3,4,5,8,1},{8,9,1,7,5,6,2,3,4},{5,4,2,6,9,0,0,0,0},{0,0,0,0,0,0,0,0,0},{0,0,0,0,0,0,0,0,0},{0,0,0,0,0,0,0,0,0},{0,0,0,0,0,0,0,0,0},{0,0,0,0,0,0,0,0,0}}
]
15:53:16.460 [main] INFO  sudoku.model.SudokuBoard - Wartość 0 wstawiona nieprawidłowo
15:53:16.460 [main] INFO  sudoku.model.SudokuBoard - Bład w kwadracie 0
sudoku.model.SudokuBoard@297bd171[
  size=9
  solver=sudoku.model.BacktrackingSudokuSolver@118cbded
  board={{3,5,4,1,2,8,6,7,9},{6,2,7,9,3,4,5,8,1},{8,9,1,7,5,6,2,3,4},{5,4,2,6,9,3,7,1,8},{7,6,9,8,4,1,3,2,5},{1,3,8,2,7,5,4,9,6},{9,1,5,3,8,0,0,0,0},{0,0,0,0,0,0,0,0,0},{0,0,0,0,0,0,0,0,0}}
]
15:53:16.460 [main] INFO  sudoku.model.SudokuBoard - Wartość 0 wstawiona nieprawidłowo
15:53:16.461 [main] INFO  sudoku.model.SudokuBoard - Bład w kwadracie 0
sudoku.model.SudokuBoard@297bd171[
  size=9
  solver=sudoku.model.BacktrackingSudokuSolver@118cbded
  board={{3,5,4,1,2,8,6,7,9},{6,2,7,9,3,4,5,8,1},{8,9,1,7,5,6,2,3,4},{5,4,2,6,9,3,7,1,8},{7,6,9,8,4,1,3,2,5},{1,3,8,2,7,5,4,9,6},{9,1,5,3,8,0,0,0,0},{0,0,0,0,0,0,0,0,0},{0,0,0,0,0,0,0,0,0}}
]
15:53:16.461 [main] INFO  sudoku.model.SudokuBoard - Wartość 0 wstawiona nieprawidłowo
15:53:16.461 [main] INFO  sudoku.model.SudokuBoard - Bład w kwadracie 0
sudoku.model.SudokuBoard@297bd171[
  size=9
  solver=sudoku.model.BacktrackingSudokuSolver@118cbded
  board={{3,5,4,1,2,8,6,7,9},{6,2,7,9,3,4,5,8,1},{8,9,1,7,5,6,2,3,4},{5,4,2,6,9,3,7,1,8},{7,6,9,8,4,1,3,2,5},{1,3,8,2,7,5,4,9,6},{9,1,5,3,0,0,0,0,0},{0,0,0,0,0,0,0,0,0},{0,0,0,0,0,0,0,0,0}}
]
15:53:16.461 [main] INFO  sudoku.model.SudokuBoard - Wartość 0 wstawiona nieprawidłowo
15:53:16.461 [main] INFO  sudoku.model.SudokuBoard - Bład w kwadracie 0
sudoku.model.SudokuBoard@297bd171[
  size=9
  solver=sudoku.model.BacktrackingSudokuSolver@118cbded
  board={{3,5,4,1,2,8,6,7,9},{6,2,7,9,3,4,5,8,1},{8,9,1,7,5,6,2,3,4},{5,4,2,6,9,3,7,1,8},{7,6,9,8,4,1,3,2,5},{1,3,8,2,7,5,4,9,6},{9,1,5,3,6,7,8,4,2},{2,7,3,5,1,0,0,0,0},{0,0,0,0,0,0,0,0,0}}
]
15:53:16.461 [main] INFO  sudoku.model.SudokuBoard - Wartość 0 wstawiona nieprawidłowo
15:53:16.461 [main] INFO  sudoku.model.SudokuBoard - Bład w kwadracie 0
sudoku.model.SudokuBoard@297bd171[
  size=9
  solver=sudoku.model.BacktrackingSudokuSolver@118cbded
  board={{3,5,4,1,2,8,6,7,9},{6,2,7,9,3,4,5,8,1},{8,9,1,7,5,6,2,3,4},{5,4,2,6,9,3,7,1,8},{7,6,9,8,4,1,3,2,5},{1,3,8,2,7,5,4,9,6},{9,1,5,3,6,7,8,4,2},{2,7,3,5,0,0,0,0,0},{0,0,0,0,0,0,0,0,0}}
]
15:53:16.461 [main] INFO  sudoku.model.SudokuBoard - Wartość 0 wstawiona nieprawidłowo
15:53:16.461 [main] INFO  sudoku.model.SudokuBoard - Bład w kwadracie 0
sudoku.model.SudokuBoard@297bd171[
  size=9
  solver=sudoku.model.BacktrackingSudokuSolver@118cbded
  board={{3,5,4,1,2,8,6,7,9},{6,2,7,9,3,4,5,8,1},{8,9,1,7,5,6,2,3,4},{5,4,2,6,9,3,7,1,8},{7,6,9,8,4,1,3,2,5},{1,3,8,2,7,5,4,9,6},{9,1,5,3,6,7,8,4,2},{2,7,3,5,8,9,1,0,0},{0,0,0,0,0,0,0,0,0}}
]
15:53:16.462 [main] INFO  sudoku.model.SudokuBoard - Wartość 0 wstawiona nieprawidłowo
15:53:16.462 [main] INFO  sudoku.model.SudokuBoard - Bład w kwadracie 0
sudoku.model.SudokuBoard@297bd171[
  size=9
  solver=sudoku.model.BacktrackingSudokuSolver@118cbded
  board={{3,5,4,1,2,8,6,7,9},{6,2,7,9,3,4,5,8,1},{8,9,1,7,5,6,2,3,4},{5,4,2,6,9,3,7,1,8},{7,6,9,8,4,1,3,2,5},{1,3,8,2,7,5,4,9,6},{9,1,5,3,6,7,8,4,2},{2,7,3,5,8,9,0,0,0},{0,0,0,0,0,0,0,0,0}}
]
15:53:16.462 [main] INFO  sudoku.model.SudokuBoard - Wartość 0 wstawiona nieprawidłowo
15:53:16.462 [main] INFO  sudoku.model.SudokuBoard - Bład w kwadracie 0
sudoku.model.SudokuBoard@297bd171[
  size=9
  solver=sudoku.model.BacktrackingSudokuSolver@118cbded
  board={{3,5,4,1,2,8,6,7,9},{6,2,7,9,3,4,5,8,1},{8,9,1,7,5,6,2,3,4},{5,4,2,6,9,3,7,1,8},{7,6,9,8,4,1,3,2,5},{1,3,8,2,7,5,4,9,6},{9,1,5,3,6,7,8,4,2},{2,7,3,5,8,0,0,0,0},{0,0,0,0,0,0,0,0,0}}
]
15:53:16.462 [main] INFO  sudoku.model.SudokuBoard - Wartość 0 wstawiona nieprawidłowo
15:53:16.462 [main] INFO  sudoku.model.SudokuBoard - Bład w kwadracie 0
sudoku.model.SudokuBoard@297bd171[
  size=9
  solver=sudoku.model.BacktrackingSudokuSolver@118cbded
  board={{3,5,4,1,2,8,6,7,9},{6,2,7,9,3,4,5,8,1},{8,9,1,7,5,6,2,3,4},{5,4,2,6,9,3,7,1,8},{7,6,9,8,4,1,3,2,5},{1,3,8,2,7,5,4,9,6},{9,1,5,3,6,7,8,4,2},{2,7,3,5,0,0,0,0,0},{0,0,0,0,0,0,0,0,0}}
]
15:53:16.462 [main] INFO  sudoku.model.SudokuBoard - Wartość 0 wstawiona nieprawidłowo
15:53:16.462 [main] INFO  sudoku.model.SudokuBoard - Bład w kwadracie 0
sudoku.model.SudokuBoard@297bd171[
  size=9
  solver=sudoku.model.BacktrackingSudokuSolver@118cbded
  board={{3,5,4,1,2,8,6,7,9},{6,2,7,9,3,4,5,8,1},{8,9,1,7,5,6,2,3,4},{5,4,2,6,9,3,7,1,8},{7,6,9,8,4,1,3,2,5},{1,3,8,2,7,5,4,9,6},{9,1,5,3,6,7,8,4,2},{2,7,3,0,0,0,0,0,0},{0,0,0,0,0,0,0,0,0}}
]
15:53:16.462 [main] INFO  sudoku.model.SudokuBoard - Wartość 0 wstawiona nieprawidłowo
15:53:16.463 [main] INFO  sudoku.model.SudokuBoard - Bład w kwadracie 0
sudoku.model.SudokuBoard@297bd171[
  size=9
  solver=sudoku.model.BacktrackingSudokuSolver@118cbded
  board={{3,5,4,1,2,8,6,7,9},{6,2,7,9,3,4,5,8,1},{8,9,1,7,5,6,2,3,4},{5,4,2,6,9,3,7,1,8},{7,6,9,8,4,1,3,2,5},{1,3,8,2,7,5,4,9,6},{9,1,5,3,6,7,8,4,2},{2,7,3,4,8,9,1,0,0},{0,0,0,0,0,0,0,0,0}}
]
15:53:16.463 [main] INFO  sudoku.model.SudokuBoard - Wartość 0 wstawiona nieprawidłowo
15:53:16.464 [main] INFO  sudoku.model.SudokuBoard - Bład w kwadracie 0
sudoku.model.SudokuBoard@297bd171[
  size=9
  solver=sudoku.model.BacktrackingSudokuSolver@118cbded
  board={{3,5,4,1,2,8,6,7,9},{6,2,7,9,3,4,5,8,1},{8,9,1,7,5,6,2,3,4},{5,4,2,6,9,3,7,1,8},{7,6,9,8,4,1,3,2,5},{1,3,8,2,7,5,4,9,6},{9,1,5,3,6,7,8,4,2},{2,7,3,4,8,9,1,0,0},{0,0,0,0,0,0,0,0,0}}
]
15:53:16.464 [main] INFO  sudoku.model.SudokuBoard - Wartość 0 wstawiona nieprawidłowo
15:53:16.464 [main] INFO  sudoku.model.SudokuBoard - Bład w kwadracie 0
sudoku.model.SudokuBoard@297bd171[
  size=9
  solver=sudoku.model.BacktrackingSudokuSolver@118cbded
  board={{3,5,4,1,2,8,6,7,9},{6,2,7,9,3,4,5,8,1},{8,9,1,7,5,6,2,3,4},{5,4,2,6,9,3,7,1,8},{7,6,9,8,4,1,3,2,5},{1,3,8,2,7,5,4,9,6},{9,1,5,3,6,7,8,4,2},{2,7,3,4,8,9,0,0,0},{0,0,0,0,0,0,0,0,0}}
]
15:53:16.464 [main] INFO  sudoku.model.SudokuBoard - Wartość 0 wstawiona nieprawidłowo
15:53:16.465 [main] INFO  sudoku.model.SudokuBoard - Bład w kwadracie 0
sudoku.model.SudokuBoard@297bd171[
  size=9
  solver=sudoku.model.BacktrackingSudokuSolver@118cbded
  board={{3,5,4,1,2,8,6,7,9},{6,2,7,9,3,4,5,8,1},{8,9,1,7,5,6,2,3,4},{5,4,2,6,9,3,7,1,8},{7,6,9,8,4,1,3,2,5},{1,3,8,2,7,5,4,9,6},{9,1,5,3,6,7,8,4,2},{2,7,3,4,8,0,0,0,0},{0,0,0,0,0,0,0,0,0}}
]
15:53:16.465 [main] INFO  sudoku.model.SudokuBoard - Wartość 0 wstawiona nieprawidłowo
15:53:16.465 [main] INFO  sudoku.model.SudokuBoard - Bład w kwadracie 0
sudoku.model.SudokuBoard@297bd171[
  size=9
  solver=sudoku.model.BacktrackingSudokuSolver@118cbded
  board={{3,5,4,1,2,8,6,7,9},{6,2,7,9,3,4,5,8,1},{8,9,1,7,5,6,2,3,4},{5,4,2,6,9,3,7,1,8},{7,6,9,8,4,1,3,2,5},{1,3,8,2,7,5,4,9,6},{9,1,5,3,6,7,8,4,2},{2,7,3,4,0,0,0,0,0},{0,0,0,0,0,0,0,0,0}}
]
15:53:16.465 [main] INFO  sudoku.model.SudokuBoard - Wartość 0 wstawiona nieprawidłowo
15:53:16.465 [main] INFO  sudoku.model.SudokuBoard - Bład w kwadracie 0
sudoku.model.SudokuBoard@297bd171[
  size=9
  solver=sudoku.model.BacktrackingSudokuSolver@118cbded
  board={{3,5,4,1,2,8,6,7,9},{6,2,7,9,3,4,5,8,1},{8,9,1,7,5,6,2,3,4},{5,4,2,6,9,3,7,1,8},{7,6,9,8,4,1,3,2,5},{1,3,8,2,7,5,4,9,6},{9,1,5,3,6,7,8,4,2},{2,7,3,4,1,0,0,0,0},{0,0,0,0,0,0,0,0,0}}
]
15:53:16.465 [main] INFO  sudoku.model.SudokuBoard - Wartość 0 wstawiona nieprawidłowo
15:53:16.467 [main] INFO  sudoku.model.SudokuBoard - Bład w kwadracie 0
sudoku.model.SudokuBoard@297bd171[
  size=9
  solver=sudoku.model.BacktrackingSudokuSolver@118cbded
  board={{3,5,4,1,2,8,6,7,9},{6,2,7,9,3,4,5,8,1},{8,9,1,7,5,6,2,3,4},{5,4,2,6,9,3,7,1,8},{7,6,9,8,4,1,3,2,5},{1,3,8,2,7,5,4,9,6},{9,1,5,3,6,7,8,4,2},{2,7,3,4,0,0,0,0,0},{0,0,0,0,0,0,0,0,0}}
]
15:53:16.468 [main] INFO  sudoku.model.SudokuBoard - Wartość 0 wstawiona nieprawidłowo
15:53:16.468 [main] INFO  sudoku.model.SudokuBoard - Bład w kwadracie 0
sudoku.model.SudokuBoard@297bd171[
  size=9
  solver=sudoku.model.BacktrackingSudokuSolver@118cbded
  board={{3,5,4,1,2,8,6,7,9},{6,2,7,9,3,4,5,8,1},{8,9,1,7,5,6,2,3,4},{5,4,2,6,9,3,7,1,8},{7,6,9,8,4,1,3,2,5},{1,3,8,2,7,5,4,9,6},{9,1,5,3,6,7,8,4,2},{2,7,3,0,0,0,0,0,0},{0,0,0,0,0,0,0,0,0}}
]
15:53:16.468 [main] INFO  sudoku.model.SudokuBoard - Wartość 0 wstawiona nieprawidłowo
15:53:16.469 [main] INFO  sudoku.model.SudokuBoard - Bład w kwadracie 0
sudoku.model.SudokuBoard@297bd171[
  size=9
  solver=sudoku.model.BacktrackingSudokuSolver@118cbded
  board={{3,5,4,1,2,8,6,7,9},{6,2,7,9,3,4,5,8,1},{8,9,1,7,5,6,2,3,4},{5,4,2,6,9,3,7,1,8},{7,6,9,8,4,1,3,2,5},{1,3,8,2,7,5,4,9,6},{9,1,5,3,6,7,8,4,2},{2,7,0,0,0,0,0,0,0},{0,0,0,0,0,0,0,0,0}}
]
15:53:16.469 [main] INFO  sudoku.model.SudokuBoard - Wartość 0 wstawiona nieprawidłowo
15:53:16.469 [main] INFO  sudoku.model.SudokuBoard - Bład w kwadracie 0
sudoku.model.SudokuBoard@297bd171[
  size=9
  solver=sudoku.model.BacktrackingSudokuSolver@118cbded
  board={{1,5,4,1,2,8,6,7,9},{6,2,7,9,3,4,5,8,1},{8,9,1,7,5,6,2,3,4},{5,4,2,6,9,3,7,1,8},{7,6,9,8,4,1,3,2,5},{1,3,8,2,7,5,4,9,6},{9,1,5,3,6,7,8,4,2},{2,7,6,4,8,9,1,5,3},{4,8,3,5,1,2,9,6,7}}
]
15:53:16.470 [main] INFO  sudoku.model.SudokuBoard - Wartość 1 wstawiona nieprawidłowo
15:53:16.470 [main] INFO  sudoku.model.SudokuBoard - Bład w kwadracie 0
sudoku.model.SudokuBoard@297bd171[
  size=9
  solver=sudoku.model.BacktrackingSudokuSolver@118cbded
  board={{1,1,4,1,2,8,6,7,9},{6,2,7,9,3,4,5,8,1},{8,9,1,7,5,6,2,3,4},{5,4,2,6,9,3,7,1,8},{7,6,9,8,4,1,3,2,5},{1,3,8,2,7,5,4,9,6},{9,1,5,3,6,7,8,4,2},{2,7,6,4,8,9,1,5,3},{4,8,3,5,1,2,9,6,7}}
]
15:53:16.470 [main] INFO  sudoku.model.SudokuBoard - Wartość 1 wstawiona nieprawidłowo
15:53:16.470 [main] INFO  sudoku.model.SudokuBoard - Bład w kwadracie 0
sudoku.model.SudokuBoard@76b5a559[
  size=9
  solver=sudoku.model.BacktrackingSudokuSolver@118cbded
  board={{1,1,4,1,2,8,6,7,9},{6,2,7,9,3,4,5,8,1},{8,9,1,7,5,6,2,3,4},{5,4,2,6,9,3,7,1,8},{7,6,9,8,4,1,3,2,5},{1,3,8,2,7,5,4,9,6},{9,1,5,3,6,7,8,4,2},{2,7,6,4,8,9,1,5,3},{4,8,3,5,1,2,9,6,7}}
]
]]></system-out>
  </testcase>
  <testcase name="testEqualsDiffrentInstance" classname="sudoku.model.SudokuBoardTest" time="0.001"/>
  <testcase name="cloneTest" classname="sudoku.model.SudokuBoardTest" time="0.035">
    <system-out><![CDATA[15:53:16.475 [main] INFO  sudoku.model.SudokuBoard - Bład w kwadracie 0
sudoku.model.SudokuBoard@2e8b24a1[
  size=9
  solver=sudoku.model.BacktrackingSudokuSolver@3ce7394f
  board={{7,5,4,3,6,2,8,9,1},{3,1,2,7,4,9,5,0,0},{0,0,0,0,0,0,0,0,0},{0,0,0,0,0,0,0,0,0},{0,0,0,0,0,0,0,0,0},{0,0,0,0,0,0,0,0,0},{0,0,0,0,0,0,0,0,0},{0,0,0,0,0,0,0,0,0},{0,0,0,0,0,0,0,0,0}}
]
15:53:16.475 [main] INFO  sudoku.model.SudokuBoard - Wartość 0 wstawiona nieprawidłowo
15:53:16.475 [main] INFO  sudoku.model.SudokuBoard - Bład w kwadracie 0
sudoku.model.SudokuBoard@2e8b24a1[
  size=9
  solver=sudoku.model.BacktrackingSudokuSolver@3ce7394f
  board={{7,5,4,3,6,2,8,9,1},{3,1,2,7,4,9,0,0,0},{0,0,0,0,0,0,0,0,0},{0,0,0,0,0,0,0,0,0},{0,0,0,0,0,0,0,0,0},{0,0,0,0,0,0,0,0,0},{0,0,0,0,0,0,0,0,0},{0,0,0,0,0,0,0,0,0},{0,0,0,0,0,0,0,0,0}}
]
15:53:16.476 [main] INFO  sudoku.model.SudokuBoard - Wartość 0 wstawiona nieprawidłowo
15:53:16.476 [main] INFO  sudoku.model.SudokuBoard - Bład w kwadracie 0
sudoku.model.SudokuBoard@2e8b24a1[
  size=9
  solver=sudoku.model.BacktrackingSudokuSolver@3ce7394f
  board={{7,5,4,3,6,2,8,9,1},{3,1,2,7,4,9,6,0,0},{0,0,0,0,0,0,0,0,0},{0,0,0,0,0,0,0,0,0},{0,0,0,0,0,0,0,0,0},{0,0,0,0,0,0,0,0,0},{0,0,0,0,0,0,0,0,0},{0,0,0,0,0,0,0,0,0},{0,0,0,0,0,0,0,0,0}}
]
15:53:16.476 [main] INFO  sudoku.model.SudokuBoard - Wartość 0 wstawiona nieprawidłowo
15:53:16.476 [main] INFO  sudoku.model.SudokuBoard - Bład w kwadracie 0
sudoku.model.SudokuBoard@2e8b24a1[
  size=9
  solver=sudoku.model.BacktrackingSudokuSolver@3ce7394f
  board={{7,5,4,3,6,2,8,9,1},{3,1,2,7,4,9,0,0,0},{0,0,0,0,0,0,0,0,0},{0,0,0,0,0,0,0,0,0},{0,0,0,0,0,0,0,0,0},{0,0,0,0,0,0,0,0,0},{0,0,0,0,0,0,0,0,0},{0,0,0,0,0,0,0,0,0},{0,0,0,0,0,0,0,0,0}}
]
15:53:16.476 [main] INFO  sudoku.model.SudokuBoard - Wartość 0 wstawiona nieprawidłowo
15:53:16.476 [main] INFO  sudoku.model.SudokuBoard - Bład w kwadracie 0
sudoku.model.SudokuBoard@2e8b24a1[
  size=9
  solver=sudoku.model.BacktrackingSudokuSolver@3ce7394f
  board={{7,5,4,3,6,2,8,9,1},{3,1,2,7,4,0,0,0,0},{0,0,0,0,0,0,0,0,0},{0,0,0,0,0,0,0,0,0},{0,0,0,0,0,0,0,0,0},{0,0,0,0,0,0,0,0,0},{0,0,0,0,0,0,0,0,0},{0,0,0,0,0,0,0,0,0},{0,0,0,0,0,0,0,0,0}}
]
15:53:16.477 [main] INFO  sudoku.model.SudokuBoard - Wartość 0 wstawiona nieprawidłowo
15:53:16.477 [main] INFO  sudoku.model.SudokuBoard - Bład w kwadracie 0
sudoku.model.SudokuBoard@2e8b24a1[
  size=9
  solver=sudoku.model.BacktrackingSudokuSolver@3ce7394f
  board={{7,5,4,3,6,2,8,9,1},{3,1,2,7,4,5,0,0,0},{0,0,0,0,0,0,0,0,0},{0,0,0,0,0,0,0,0,0},{0,0,0,0,0,0,0,0,0},{0,0,0,0,0,0,0,0,0},{0,0,0,0,0,0,0,0,0},{0,0,0,0,0,0,0,0,0},{0,0,0,0,0,0,0,0,0}}
]
15:53:16.477 [main] INFO  sudoku.model.SudokuBoard - Wartość 0 wstawiona nieprawidłowo
15:53:16.478 [main] INFO  sudoku.model.SudokuBoard - Bład w kwadracie 0
sudoku.model.SudokuBoard@2e8b24a1[
  size=9
  solver=sudoku.model.BacktrackingSudokuSolver@3ce7394f
  board={{7,5,4,3,6,2,8,9,1},{3,1,2,7,4,0,0,0,0},{0,0,0,0,0,0,0,0,0},{0,0,0,0,0,0,0,0,0},{0,0,0,0,0,0,0,0,0},{0,0,0,0,0,0,0,0,0},{0,0,0,0,0,0,0,0,0},{0,0,0,0,0,0,0,0,0},{0,0,0,0,0,0,0,0,0}}
]
15:53:16.478 [main] INFO  sudoku.model.SudokuBoard - Wartość 0 wstawiona nieprawidłowo
15:53:16.478 [main] INFO  sudoku.model.SudokuBoard - Bład w kwadracie 0
sudoku.model.SudokuBoard@2e8b24a1[
  size=9
  solver=sudoku.model.BacktrackingSudokuSolver@3ce7394f
  board={{7,5,4,3,6,2,8,9,1},{3,1,2,7,4,8,5,0,0},{0,0,0,0,0,0,0,0,0},{0,0,0,0,0,0,0,0,0},{0,0,0,0,0,0,0,0,0},{0,0,0,0,0,0,0,0,0},{0,0,0,0,0,0,0,0,0},{0,0,0,0,0,0,0,0,0},{0,0,0,0,0,0,0,0,0}}
]
15:53:16.479 [main] INFO  sudoku.model.SudokuBoard - Wartość 0 wstawiona nieprawidłowo
15:53:16.480 [main] INFO  sudoku.model.SudokuBoard - Bład w kwadracie 0
sudoku.model.SudokuBoard@2e8b24a1[
  size=9
  solver=sudoku.model.BacktrackingSudokuSolver@3ce7394f
  board={{7,5,4,3,6,2,8,9,1},{3,1,2,7,4,8,0,0,0},{0,0,0,0,0,0,0,0,0},{0,0,0,0,0,0,0,0,0},{0,0,0,0,0,0,0,0,0},{0,0,0,0,0,0,0,0,0},{0,0,0,0,0,0,0,0,0},{0,0,0,0,0,0,0,0,0},{0,0,0,0,0,0,0,0,0}}
]
15:53:16.480 [main] INFO  sudoku.model.SudokuBoard - Wartość 0 wstawiona nieprawidłowo
15:53:16.480 [main] INFO  sudoku.model.SudokuBoard - Bład w kwadracie 0
sudoku.model.SudokuBoard@2e8b24a1[
  size=9
  solver=sudoku.model.BacktrackingSudokuSolver@3ce7394f
  board={{7,5,4,3,6,2,8,9,1},{3,1,2,7,4,8,6,0,0},{0,0,0,0,0,0,0,0,0},{0,0,0,0,0,0,0,0,0},{0,0,0,0,0,0,0,0,0},{0,0,0,0,0,0,0,0,0},{0,0,0,0,0,0,0,0,0},{0,0,0,0,0,0,0,0,0},{0,0,0,0,0,0,0,0,0}}
]
15:53:16.480 [main] INFO  sudoku.model.SudokuBoard - Wartość 0 wstawiona nieprawidłowo
15:53:16.480 [main] INFO  sudoku.model.SudokuBoard - Bład w kwadracie 0
sudoku.model.SudokuBoard@2e8b24a1[
  size=9
  solver=sudoku.model.BacktrackingSudokuSolver@3ce7394f
  board={{7,5,4,3,6,2,8,9,1},{3,1,2,7,4,8,0,0,0},{0,0,0,0,0,0,0,0,0},{0,0,0,0,0,0,0,0,0},{0,0,0,0,0,0,0,0,0},{0,0,0,0,0,0,0,0,0},{0,0,0,0,0,0,0,0,0},{0,0,0,0,0,0,0,0,0},{0,0,0,0,0,0,0,0,0}}
]
15:53:16.480 [main] INFO  sudoku.model.SudokuBoard - Wartość 0 wstawiona nieprawidłowo
15:53:16.480 [main] INFO  sudoku.model.SudokuBoard - Bład w kwadracie 0
sudoku.model.SudokuBoard@2e8b24a1[
  size=9
  solver=sudoku.model.BacktrackingSudokuSolver@3ce7394f
  board={{7,5,4,3,6,2,8,9,1},{3,1,2,7,4,0,0,0,0},{0,0,0,0,0,0,0,0,0},{0,0,0,0,0,0,0,0,0},{0,0,0,0,0,0,0,0,0},{0,0,0,0,0,0,0,0,0},{0,0,0,0,0,0,0,0,0},{0,0,0,0,0,0,0,0,0},{0,0,0,0,0,0,0,0,0}}
]
15:53:16.480 [main] INFO  sudoku.model.SudokuBoard - Wartość 0 wstawiona nieprawidłowo
15:53:16.481 [main] INFO  sudoku.model.SudokuBoard - Bład w kwadracie 0
sudoku.model.SudokuBoard@2e8b24a1[
  size=9
  solver=sudoku.model.BacktrackingSudokuSolver@3ce7394f
  board={{7,5,4,3,6,2,8,9,1},{3,1,2,7,0,0,0,0,0},{0,0,0,0,0,0,0,0,0},{0,0,0,0,0,0,0,0,0},{0,0,0,0,0,0,0,0,0},{0,0,0,0,0,0,0,0,0},{0,0,0,0,0,0,0,0,0},{0,0,0,0,0,0,0,0,0},{0,0,0,0,0,0,0,0,0}}
]
15:53:16.481 [main] INFO  sudoku.model.SudokuBoard - Wartość 0 wstawiona nieprawidłowo
15:53:16.481 [main] INFO  sudoku.model.SudokuBoard - Bład w kwadracie 0
sudoku.model.SudokuBoard@2e8b24a1[
  size=9
  solver=sudoku.model.BacktrackingSudokuSolver@3ce7394f
  board={{7,5,4,3,6,2,8,9,1},{3,1,2,7,5,4,0,0,0},{0,0,0,0,0,0,0,0,0},{0,0,0,0,0,0,0,0,0},{0,0,0,0,0,0,0,0,0},{0,0,0,0,0,0,0,0,0},{0,0,0,0,0,0,0,0,0},{0,0,0,0,0,0,0,0,0},{0,0,0,0,0,0,0,0,0}}
]
15:53:16.482 [main] INFO  sudoku.model.SudokuBoard - Wartość 0 wstawiona nieprawidłowo
15:53:16.482 [main] INFO  sudoku.model.SudokuBoard - Bład w kwadracie 0
sudoku.model.SudokuBoard@2e8b24a1[
  size=9
  solver=sudoku.model.BacktrackingSudokuSolver@3ce7394f
  board={{7,5,4,3,6,2,8,9,1},{3,1,2,7,5,0,0,0,0},{0,0,0,0,0,0,0,0,0},{0,0,0,0,0,0,0,0,0},{0,0,0,0,0,0,0,0,0},{0,0,0,0,0,0,0,0,0},{0,0,0,0,0,0,0,0,0},{0,0,0,0,0,0,0,0,0},{0,0,0,0,0,0,0,0,0}}
]
15:53:16.482 [main] INFO  sudoku.model.SudokuBoard - Wartość 0 wstawiona nieprawidłowo
15:53:16.482 [main] INFO  sudoku.model.SudokuBoard - Bład w kwadracie 0
sudoku.model.SudokuBoard@2e8b24a1[
  size=9
  solver=sudoku.model.BacktrackingSudokuSolver@3ce7394f
  board={{7,5,4,3,6,2,8,9,1},{3,1,2,7,5,8,4,0,0},{0,0,0,0,0,0,0,0,0},{0,0,0,0,0,0,0,0,0},{0,0,0,0,0,0,0,0,0},{0,0,0,0,0,0,0,0,0},{0,0,0,0,0,0,0,0,0},{0,0,0,0,0,0,0,0,0},{0,0,0,0,0,0,0,0,0}}
]
15:53:16.482 [main] INFO  sudoku.model.SudokuBoard - Wartość 0 wstawiona nieprawidłowo
15:53:16.483 [main] INFO  sudoku.model.SudokuBoard - Bład w kwadracie 0
sudoku.model.SudokuBoard@2e8b24a1[
  size=9
  solver=sudoku.model.BacktrackingSudokuSolver@3ce7394f
  board={{7,5,4,3,6,2,8,9,1},{3,1,2,7,5,8,0,0,0},{0,0,0,0,0,0,0,0,0},{0,0,0,0,0,0,0,0,0},{0,0,0,0,0,0,0,0,0},{0,0,0,0,0,0,0,0,0},{0,0,0,0,0,0,0,0,0},{0,0,0,0,0,0,0,0,0},{0,0,0,0,0,0,0,0,0}}
]
15:53:16.483 [main] INFO  sudoku.model.SudokuBoard - Wartość 0 wstawiona nieprawidłowo
15:53:16.483 [main] INFO  sudoku.model.SudokuBoard - Bład w kwadracie 0
sudoku.model.SudokuBoard@2e8b24a1[
  size=9
  solver=sudoku.model.BacktrackingSudokuSolver@3ce7394f
  board={{7,5,4,3,6,2,8,9,1},{3,1,2,7,5,8,6,0,0},{0,0,0,0,0,0,0,0,0},{0,0,0,0,0,0,0,0,0},{0,0,0,0,0,0,0,0,0},{0,0,0,0,0,0,0,0,0},{0,0,0,0,0,0,0,0,0},{0,0,0,0,0,0,0,0,0},{0,0,0,0,0,0,0,0,0}}
]
15:53:16.483 [main] INFO  sudoku.model.SudokuBoard - Wartość 0 wstawiona nieprawidłowo
15:53:16.483 [main] INFO  sudoku.model.SudokuBoard - Bład w kwadracie 0
sudoku.model.SudokuBoard@2e8b24a1[
  size=9
  solver=sudoku.model.BacktrackingSudokuSolver@3ce7394f
  board={{7,5,4,3,6,2,8,9,1},{3,1,2,7,5,8,0,0,0},{0,0,0,0,0,0,0,0,0},{0,0,0,0,0,0,0,0,0},{0,0,0,0,0,0,0,0,0},{0,0,0,0,0,0,0,0,0},{0,0,0,0,0,0,0,0,0},{0,0,0,0,0,0,0,0,0},{0,0,0,0,0,0,0,0,0}}
]
15:53:16.483 [main] INFO  sudoku.model.SudokuBoard - Wartość 0 wstawiona nieprawidłowo
15:53:16.484 [main] INFO  sudoku.model.SudokuBoard - Bład w kwadracie 0
sudoku.model.SudokuBoard@2e8b24a1[
  size=9
  solver=sudoku.model.BacktrackingSudokuSolver@3ce7394f
  board={{7,5,4,3,6,2,8,9,1},{3,1,2,7,5,0,0,0,0},{0,0,0,0,0,0,0,0,0},{0,0,0,0,0,0,0,0,0},{0,0,0,0,0,0,0,0,0},{0,0,0,0,0,0,0,0,0},{0,0,0,0,0,0,0,0,0},{0,0,0,0,0,0,0,0,0},{0,0,0,0,0,0,0,0,0}}
]
15:53:16.484 [main] INFO  sudoku.model.SudokuBoard - Wartość 0 wstawiona nieprawidłowo
15:53:16.484 [main] INFO  sudoku.model.SudokuBoard - Bład w kwadracie 0
sudoku.model.SudokuBoard@2e8b24a1[
  size=9
  solver=sudoku.model.BacktrackingSudokuSolver@3ce7394f
  board={{7,5,4,3,6,2,8,9,1},{3,1,2,7,5,9,6,0,0},{0,0,0,0,0,0,0,0,0},{0,0,0,0,0,0,0,0,0},{0,0,0,0,0,0,0,0,0},{0,0,0,0,0,0,0,0,0},{0,0,0,0,0,0,0,0,0},{0,0,0,0,0,0,0,0,0},{0,0,0,0,0,0,0,0,0}}
]
15:53:16.484 [main] INFO  sudoku.model.SudokuBoard - Wartość 0 wstawiona nieprawidłowo
15:53:16.484 [main] INFO  sudoku.model.SudokuBoard - Bład w kwadracie 0
sudoku.model.SudokuBoard@2e8b24a1[
  size=9
  solver=sudoku.model.BacktrackingSudokuSolver@3ce7394f
  board={{7,5,4,3,6,2,8,9,1},{3,1,2,7,5,9,0,0,0},{0,0,0,0,0,0,0,0,0},{0,0,0,0,0,0,0,0,0},{0,0,0,0,0,0,0,0,0},{0,0,0,0,0,0,0,0,0},{0,0,0,0,0,0,0,0,0},{0,0,0,0,0,0,0,0,0},{0,0,0,0,0,0,0,0,0}}
]
15:53:16.485 [main] INFO  sudoku.model.SudokuBoard - Wartość 0 wstawiona nieprawidłowo
15:53:16.485 [main] INFO  sudoku.model.SudokuBoard - Bład w kwadracie 0
sudoku.model.SudokuBoard@2e8b24a1[
  size=9
  solver=sudoku.model.BacktrackingSudokuSolver@3ce7394f
  board={{7,5,4,3,6,2,8,9,1},{3,1,2,7,5,9,4,0,0},{0,0,0,0,0,0,0,0,0},{0,0,0,0,0,0,0,0,0},{0,0,0,0,0,0,0,0,0},{0,0,0,0,0,0,0,0,0},{0,0,0,0,0,0,0,0,0},{0,0,0,0,0,0,0,0,0},{0,0,0,0,0,0,0,0,0}}
]
15:53:16.485 [main] INFO  sudoku.model.SudokuBoard - Wartość 0 wstawiona nieprawidłowo
15:53:16.486 [main] INFO  sudoku.model.SudokuBoard - Bład w kwadracie 0
sudoku.model.SudokuBoard@2e8b24a1[
  size=9
  solver=sudoku.model.BacktrackingSudokuSolver@3ce7394f
  board={{7,5,4,3,6,2,8,9,1},{3,1,2,7,5,9,0,0,0},{0,0,0,0,0,0,0,0,0},{0,0,0,0,0,0,0,0,0},{0,0,0,0,0,0,0,0,0},{0,0,0,0,0,0,0,0,0},{0,0,0,0,0,0,0,0,0},{0,0,0,0,0,0,0,0,0},{0,0,0,0,0,0,0,0,0}}
]
15:53:16.486 [main] INFO  sudoku.model.SudokuBoard - Wartość 0 wstawiona nieprawidłowo
15:53:16.486 [main] INFO  sudoku.model.SudokuBoard - Bład w kwadracie 0
sudoku.model.SudokuBoard@2e8b24a1[
  size=9
  solver=sudoku.model.BacktrackingSudokuSolver@3ce7394f
  board={{7,5,4,3,6,2,8,9,1},{3,1,2,7,5,0,0,0,0},{0,0,0,0,0,0,0,0,0},{0,0,0,0,0,0,0,0,0},{0,0,0,0,0,0,0,0,0},{0,0,0,0,0,0,0,0,0},{0,0,0,0,0,0,0,0,0},{0,0,0,0,0,0,0,0,0},{0,0,0,0,0,0,0,0,0}}
]
15:53:16.486 [main] INFO  sudoku.model.SudokuBoard - Wartość 0 wstawiona nieprawidłowo
15:53:16.486 [main] INFO  sudoku.model.SudokuBoard - Bład w kwadracie 0
sudoku.model.SudokuBoard@2e8b24a1[
  size=9
  solver=sudoku.model.BacktrackingSudokuSolver@3ce7394f
  board={{7,5,4,3,6,2,8,9,1},{3,1,2,7,0,0,0,0,0},{0,0,0,0,0,0,0,0,0},{0,0,0,0,0,0,0,0,0},{0,0,0,0,0,0,0,0,0},{0,0,0,0,0,0,0,0,0},{0,0,0,0,0,0,0,0,0},{0,0,0,0,0,0,0,0,0},{0,0,0,0,0,0,0,0,0}}
]
15:53:16.486 [main] INFO  sudoku.model.SudokuBoard - Wartość 0 wstawiona nieprawidłowo
15:53:16.486 [main] INFO  sudoku.model.SudokuBoard - Bład w kwadracie 0
sudoku.model.SudokuBoard@2e8b24a1[
  size=9
  solver=sudoku.model.BacktrackingSudokuSolver@3ce7394f
  board={{7,5,4,3,6,2,8,9,1},{3,1,2,7,8,5,4,0,0},{0,0,0,0,0,0,0,0,0},{0,0,0,0,0,0,0,0,0},{0,0,0,0,0,0,0,0,0},{0,0,0,0,0,0,0,0,0},{0,0,0,0,0,0,0,0,0},{0,0,0,0,0,0,0,0,0},{0,0,0,0,0,0,0,0,0}}
]
15:53:16.486 [main] INFO  sudoku.model.SudokuBoard - Wartość 0 wstawiona nieprawidłowo
15:53:16.486 [main] INFO  sudoku.model.SudokuBoard - Bład w kwadracie 0
sudoku.model.SudokuBoard@2e8b24a1[
  size=9
  solver=sudoku.model.BacktrackingSudokuSolver@3ce7394f
  board={{7,5,4,3,6,2,8,9,1},{3,1,2,7,8,5,0,0,0},{0,0,0,0,0,0,0,0,0},{0,0,0,0,0,0,0,0,0},{0,0,0,0,0,0,0,0,0},{0,0,0,0,0,0,0,0,0},{0,0,0,0,0,0,0,0,0},{0,0,0,0,0,0,0,0,0},{0,0,0,0,0,0,0,0,0}}
]
15:53:16.487 [main] INFO  sudoku.model.SudokuBoard - Wartość 0 wstawiona nieprawidłowo
15:53:16.487 [main] INFO  sudoku.model.SudokuBoard - Bład w kwadracie 0
sudoku.model.SudokuBoard@2e8b24a1[
  size=9
  solver=sudoku.model.BacktrackingSudokuSolver@3ce7394f
  board={{7,5,4,3,6,2,8,9,1},{3,1,2,7,8,5,6,0,0},{0,0,0,0,0,0,0,0,0},{0,0,0,0,0,0,0,0,0},{0,0,0,0,0,0,0,0,0},{0,0,0,0,0,0,0,0,0},{0,0,0,0,0,0,0,0,0},{0,0,0,0,0,0,0,0,0},{0,0,0,0,0,0,0,0,0}}
]
15:53:16.487 [main] INFO  sudoku.model.SudokuBoard - Wartość 0 wstawiona nieprawidłowo
15:53:16.488 [main] INFO  sudoku.model.SudokuBoard - Bład w kwadracie 0
sudoku.model.SudokuBoard@2e8b24a1[
  size=9
  solver=sudoku.model.BacktrackingSudokuSolver@3ce7394f
  board={{7,5,4,3,6,2,8,9,1},{3,1,2,7,8,5,0,0,0},{0,0,0,0,0,0,0,0,0},{0,0,0,0,0,0,0,0,0},{0,0,0,0,0,0,0,0,0},{0,0,0,0,0,0,0,0,0},{0,0,0,0,0,0,0,0,0},{0,0,0,0,0,0,0,0,0},{0,0,0,0,0,0,0,0,0}}
]
15:53:16.488 [main] INFO  sudoku.model.SudokuBoard - Wartość 0 wstawiona nieprawidłowo
15:53:16.488 [main] INFO  sudoku.model.SudokuBoard - Bład w kwadracie 0
sudoku.model.SudokuBoard@2e8b24a1[
  size=9
  solver=sudoku.model.BacktrackingSudokuSolver@3ce7394f
  board={{7,5,4,3,6,2,8,9,1},{3,1,2,7,8,0,0,0,0},{0,0,0,0,0,0,0,0,0},{0,0,0,0,0,0,0,0,0},{0,0,0,0,0,0,0,0,0},{0,0,0,0,0,0,0,0,0},{0,0,0,0,0,0,0,0,0},{0,0,0,0,0,0,0,0,0},{0,0,0,0,0,0,0,0,0}}
]
15:53:16.490 [main] INFO  sudoku.model.SudokuBoard - Wartość 0 wstawiona nieprawidłowo
15:53:16.490 [main] INFO  sudoku.model.SudokuBoard - Bład w kwadracie 0
sudoku.model.SudokuBoard@2e8b24a1[
  size=9
  solver=sudoku.model.BacktrackingSudokuSolver@3ce7394f
  board={{7,5,4,3,6,2,8,9,1},{3,1,2,7,8,9,5,4,6},{6,8,9,1,4,5,7,2,3},{1,6,3,2,5,7,9,8,4},{2,4,5,6,3,8,1,0,0},{0,0,0,0,0,0,0,0,0},{0,0,0,0,0,0,0,0,0},{0,0,0,0,0,0,0,0,0},{0,0,0,0,0,0,0,0,0}}
]
15:53:16.490 [main] INFO  sudoku.model.SudokuBoard - Wartość 0 wstawiona nieprawidłowo
15:53:16.490 [main] INFO  sudoku.model.SudokuBoard - Bład w kwadracie 0
sudoku.model.SudokuBoard@2e8b24a1[
  size=9
  solver=sudoku.model.BacktrackingSudokuSolver@3ce7394f
  board={{7,5,4,3,6,2,8,9,1},{3,1,2,7,8,9,5,4,6},{6,8,9,1,4,5,7,2,3},{1,6,3,2,5,7,9,8,4},{2,4,5,6,3,8,0,0,0},{0,0,0,0,0,0,0,0,0},{0,0,0,0,0,0,0,0,0},{0,0,0,0,0,0,0,0,0},{0,0,0,0,0,0,0,0,0}}
]
15:53:16.490 [main] INFO  sudoku.model.SudokuBoard - Wartość 0 wstawiona nieprawidłowo
15:53:16.490 [main] INFO  sudoku.model.SudokuBoard - Bład w kwadracie 0
sudoku.model.SudokuBoard@2e8b24a1[
  size=9
  solver=sudoku.model.BacktrackingSudokuSolver@3ce7394f
  board={{7,5,4,3,6,2,8,9,1},{3,1,2,7,8,9,5,4,6},{6,8,9,1,4,5,7,2,3},{1,6,3,2,5,7,9,8,4},{2,4,5,6,3,0,0,0,0},{0,0,0,0,0,0,0,0,0},{0,0,0,0,0,0,0,0,0},{0,0,0,0,0,0,0,0,0},{0,0,0,0,0,0,0,0,0}}
]
15:53:16.490 [main] INFO  sudoku.model.SudokuBoard - Wartość 0 wstawiona nieprawidłowo
15:53:16.493 [main] INFO  sudoku.model.SudokuBoard - Bład w kwadracie 0
sudoku.model.SudokuBoard@2e8b24a1[
  size=9
  solver=sudoku.model.BacktrackingSudokuSolver@3ce7394f
  board={{7,5,4,3,6,2,8,9,1},{3,1,2,7,8,9,5,4,6},{6,8,9,1,4,5,7,2,3},{1,6,3,2,5,7,9,8,4},{2,4,5,6,3,0,0,0,0},{0,0,0,0,0,0,0,0,0},{0,0,0,0,0,0,0,0,0},{0,0,0,0,0,0,0,0,0},{0,0,0,0,0,0,0,0,0}}
]
15:53:16.493 [main] INFO  sudoku.model.SudokuBoard - Wartość 0 wstawiona nieprawidłowo
15:53:16.493 [main] INFO  sudoku.model.SudokuBoard - Bład w kwadracie 0
sudoku.model.SudokuBoard@2e8b24a1[
  size=9
  solver=sudoku.model.BacktrackingSudokuSolver@3ce7394f
  board={{7,5,4,3,6,2,8,9,1},{3,1,2,7,8,9,5,4,6},{6,8,9,1,4,5,7,2,3},{1,6,3,2,5,7,9,8,4},{2,4,5,6,0,0,0,0,0},{0,0,0,0,0,0,0,0,0},{0,0,0,0,0,0,0,0,0},{0,0,0,0,0,0,0,0,0},{0,0,0,0,0,0,0,0,0}}
]
15:53:16.493 [main] INFO  sudoku.model.SudokuBoard - Wartość 0 wstawiona nieprawidłowo
15:53:16.493 [main] INFO  sudoku.model.SudokuBoard - Bład w kwadracie 0
sudoku.model.SudokuBoard@2e8b24a1[
  size=9
  solver=sudoku.model.BacktrackingSudokuSolver@3ce7394f
  board={{7,5,4,3,6,2,8,9,1},{3,1,2,7,8,9,5,4,6},{6,8,9,1,4,5,7,2,3},{1,6,3,2,5,7,9,8,4},{2,4,5,6,9,1,3,0,0},{0,0,0,0,0,0,0,0,0},{0,0,0,0,0,0,0,0,0},{0,0,0,0,0,0,0,0,0},{0,0,0,0,0,0,0,0,0}}
]
15:53:16.493 [main] INFO  sudoku.model.SudokuBoard - Wartość 0 wstawiona nieprawidłowo
15:53:16.493 [main] INFO  sudoku.model.SudokuBoard - Bład w kwadracie 0
sudoku.model.SudokuBoard@2e8b24a1[
  size=9
  solver=sudoku.model.BacktrackingSudokuSolver@3ce7394f
  board={{7,5,4,3,6,2,8,9,1},{3,1,2,7,8,9,5,4,6},{6,8,9,1,4,5,7,2,3},{1,6,3,2,5,7,9,8,4},{2,4,5,6,9,1,0,0,0},{0,0,0,0,0,0,0,0,0},{0,0,0,0,0,0,0,0,0},{0,0,0,0,0,0,0,0,0},{0,0,0,0,0,0,0,0,0}}
]
15:53:16.493 [main] INFO  sudoku.model.SudokuBoard - Wartość 0 wstawiona nieprawidłowo
15:53:16.493 [main] INFO  sudoku.model.SudokuBoard - Bład w kwadracie 0
sudoku.model.SudokuBoard@2e8b24a1[
  size=9
  solver=sudoku.model.BacktrackingSudokuSolver@3ce7394f
  board={{7,5,4,3,6,2,8,9,1},{3,1,2,7,8,9,5,4,6},{6,8,9,1,4,5,7,2,3},{1,6,3,2,5,7,9,8,4},{2,4,5,6,9,0,0,0,0},{0,0,0,0,0,0,0,0,0},{0,0,0,0,0,0,0,0,0},{0,0,0,0,0,0,0,0,0},{0,0,0,0,0,0,0,0,0}}
]
15:53:16.494 [main] INFO  sudoku.model.SudokuBoard - Wartość 0 wstawiona nieprawidłowo
15:53:16.494 [main] INFO  sudoku.model.SudokuBoard - Bład w kwadracie 0
sudoku.model.SudokuBoard@2e8b24a1[
  size=9
  solver=sudoku.model.BacktrackingSudokuSolver@3ce7394f
  board={{7,5,4,3,6,2,8,9,1},{3,1,2,7,8,9,5,4,6},{6,8,9,1,4,5,7,2,3},{1,6,3,2,5,7,9,8,4},{2,4,5,6,9,3,1,0,0},{0,0,0,0,0,0,0,0,0},{0,0,0,0,0,0,0,0,0},{0,0,0,0,0,0,0,0,0},{0,0,0,0,0,0,0,0,0}}
]
15:53:16.494 [main] INFO  sudoku.model.SudokuBoard - Wartość 0 wstawiona nieprawidłowo
15:53:16.494 [main] INFO  sudoku.model.SudokuBoard - Bład w kwadracie 0
sudoku.model.SudokuBoard@2e8b24a1[
  size=9
  solver=sudoku.model.BacktrackingSudokuSolver@3ce7394f
  board={{7,5,4,3,6,2,8,9,1},{3,1,2,7,8,9,5,4,6},{6,8,9,1,4,5,7,2,3},{1,6,3,2,5,7,9,8,4},{2,4,5,6,9,3,0,0,0},{0,0,0,0,0,0,0,0,0},{0,0,0,0,0,0,0,0,0},{0,0,0,0,0,0,0,0,0},{0,0,0,0,0,0,0,0,0}}
]
15:53:16.494 [main] INFO  sudoku.model.SudokuBoard - Wartość 0 wstawiona nieprawidłowo
15:53:16.494 [main] INFO  sudoku.model.SudokuBoard - Bład w kwadracie 0
sudoku.model.SudokuBoard@2e8b24a1[
  size=9
  solver=sudoku.model.BacktrackingSudokuSolver@3ce7394f
  board={{7,5,4,3,6,2,8,9,1},{3,1,2,7,8,9,5,4,6},{6,8,9,1,4,5,7,2,3},{1,6,3,2,5,7,9,8,4},{2,4,5,6,9,0,0,0,0},{0,0,0,0,0,0,0,0,0},{0,0,0,0,0,0,0,0,0},{0,0,0,0,0,0,0,0,0},{0,0,0,0,0,0,0,0,0}}
]
15:53:16.494 [main] INFO  sudoku.model.SudokuBoard - Wartość 0 wstawiona nieprawidłowo
15:53:16.495 [main] INFO  sudoku.model.SudokuBoard - Bład w kwadracie 0
sudoku.model.SudokuBoard@2e8b24a1[
  size=9
  solver=sudoku.model.BacktrackingSudokuSolver@3ce7394f
  board={{7,5,4,3,6,2,8,9,1},{3,1,2,7,8,9,5,4,6},{6,8,9,1,4,5,7,2,3},{1,6,3,2,5,7,9,8,4},{2,4,5,6,9,8,1,0,0},{0,0,0,0,0,0,0,0,0},{0,0,0,0,0,0,0,0,0},{0,0,0,0,0,0,0,0,0},{0,0,0,0,0,0,0,0,0}}
]
15:53:16.495 [main] INFO  sudoku.model.SudokuBoard - Wartość 0 wstawiona nieprawidłowo
15:53:16.495 [main] INFO  sudoku.model.SudokuBoard - Bład w kwadracie 0
sudoku.model.SudokuBoard@2e8b24a1[
  size=9
  solver=sudoku.model.BacktrackingSudokuSolver@3ce7394f
  board={{7,5,4,3,6,2,8,9,1},{3,1,2,7,8,9,5,4,6},{6,8,9,1,4,5,7,2,3},{1,6,3,2,5,7,9,8,4},{2,4,5,6,9,8,1,3,7},{8,0,0,0,0,0,0,0,0},{0,0,0,0,0,0,0,0,0},{0,0,0,0,0,0,0,0,0},{0,0,0,0,0,0,0,0,0}}
]
15:53:16.495 [main] INFO  sudoku.model.SudokuBoard - Wartość 0 wstawiona nieprawidłowo
15:53:16.495 [main] INFO  sudoku.model.SudokuBoard - Bład w kwadracie 0
sudoku.model.SudokuBoard@2e8b24a1[
  size=9
  solver=sudoku.model.BacktrackingSudokuSolver@3ce7394f
  board={{7,5,4,3,6,2,8,9,1},{3,1,2,7,8,9,5,4,6},{6,8,9,1,4,5,7,2,3},{1,6,3,2,5,7,9,8,4},{2,4,5,6,9,8,1,3,7},{8,9,7,4,3,1,2,6,5},{9,2,1,8,7,3,4,0,0},{0,0,0,0,0,0,0,0,0},{0,0,0,0,0,0,0,0,0}}
]
15:53:16.495 [main] INFO  sudoku.model.SudokuBoard - Wartość 0 wstawiona nieprawidłowo
15:53:16.495 [main] INFO  sudoku.model.SudokuBoard - Bład w kwadracie 0
sudoku.model.SudokuBoard@2e8b24a1[
  size=9
  solver=sudoku.model.BacktrackingSudokuSolver@3ce7394f
  board={{7,5,4,3,6,2,8,9,1},{3,1,2,7,8,9,5,4,6},{6,8,9,1,4,5,7,2,3},{1,6,3,2,5,7,9,8,4},{2,4,5,6,9,8,1,3,7},{8,9,7,4,3,1,2,6,5},{9,2,1,8,7,3,0,0,0},{0,0,0,0,0,0,0,0,0},{0,0,0,0,0,0,0,0,0}}
]
15:53:16.495 [main] INFO  sudoku.model.SudokuBoard - Wartość 0 wstawiona nieprawidłowo
15:53:16.496 [main] INFO  sudoku.model.SudokuBoard - Bład w kwadracie 0
sudoku.model.SudokuBoard@2e8b24a1[
  size=9
  solver=sudoku.model.BacktrackingSudokuSolver@3ce7394f
  board={{7,5,4,3,6,2,8,9,1},{3,1,2,7,8,9,5,4,6},{6,8,9,1,4,5,7,2,3},{1,6,3,2,5,7,9,8,4},{2,4,5,6,9,8,1,3,7},{8,9,7,4,3,1,2,6,5},{9,2,1,8,7,3,6,0,0},{0,0,0,0,0,0,0,0,0},{0,0,0,0,0,0,0,0,0}}
]
15:53:16.496 [main] INFO  sudoku.model.SudokuBoard - Wartość 0 wstawiona nieprawidłowo
15:53:16.496 [main] INFO  sudoku.model.SudokuBoard - Bład w kwadracie 0
sudoku.model.SudokuBoard@2e8b24a1[
  size=9
  solver=sudoku.model.BacktrackingSudokuSolver@3ce7394f
  board={{7,5,4,3,6,2,8,9,1},{3,1,2,7,8,9,5,4,6},{6,8,9,1,4,5,7,2,3},{1,6,3,2,5,7,9,8,4},{2,4,5,6,9,8,1,3,7},{8,9,7,4,3,1,2,6,5},{9,2,1,8,7,3,0,0,0},{0,0,0,0,0,0,0,0,0},{0,0,0,0,0,0,0,0,0}}
]
15:53:16.496 [main] INFO  sudoku.model.SudokuBoard - Wartość 0 wstawiona nieprawidłowo
15:53:16.496 [main] INFO  sudoku.model.SudokuBoard - Bład w kwadracie 0
sudoku.model.SudokuBoard@2e8b24a1[
  size=9
  solver=sudoku.model.BacktrackingSudokuSolver@3ce7394f
  board={{7,5,4,3,6,2,8,9,1},{3,1,2,7,8,9,5,4,6},{6,8,9,1,4,5,7,2,3},{1,6,3,2,5,7,9,8,4},{2,4,5,6,9,8,1,3,7},{8,9,7,4,3,1,2,6,5},{9,2,1,8,7,0,0,0,0},{0,0,0,0,0,0,0,0,0},{0,0,0,0,0,0,0,0,0}}
]
15:53:16.496 [main] INFO  sudoku.model.SudokuBoard - Wartość 0 wstawiona nieprawidłowo
15:53:16.496 [main] INFO  sudoku.model.SudokuBoard - Bład w kwadracie 0
sudoku.model.SudokuBoard@2e8b24a1[
  size=9
  solver=sudoku.model.BacktrackingSudokuSolver@3ce7394f
  board={{7,5,4,3,6,2,8,9,1},{3,1,2,7,8,9,5,4,6},{6,8,9,1,4,5,7,2,3},{1,6,3,2,5,7,9,8,4},{2,4,5,6,9,8,1,3,7},{8,9,7,4,3,1,2,6,5},{9,2,1,8,7,4,3,0,0},{0,0,0,0,0,0,0,0,0},{0,0,0,0,0,0,0,0,0}}
]
15:53:16.496 [main] INFO  sudoku.model.SudokuBoard - Wartość 0 wstawiona nieprawidłowo
15:53:16.496 [main] INFO  sudoku.model.SudokuBoard - Bład w kwadracie 0
sudoku.model.SudokuBoard@2e8b24a1[
  size=9
  solver=sudoku.model.BacktrackingSudokuSolver@3ce7394f
  board={{7,5,4,3,6,2,8,9,1},{3,1,2,7,8,9,5,4,6},{6,8,9,1,4,5,7,2,3},{1,6,3,2,5,7,9,8,4},{2,4,5,6,9,8,1,3,7},{8,9,7,4,3,1,2,6,5},{9,2,1,8,7,4,0,0,0},{0,0,0,0,0,0,0,0,0},{0,0,0,0,0,0,0,0,0}}
]
15:53:16.496 [main] INFO  sudoku.model.SudokuBoard - Wartość 0 wstawiona nieprawidłowo
15:53:16.497 [main] INFO  sudoku.model.SudokuBoard - Bład w kwadracie 0
sudoku.model.SudokuBoard@2e8b24a1[
  size=9
  solver=sudoku.model.BacktrackingSudokuSolver@3ce7394f
  board={{7,5,4,3,6,2,8,9,1},{3,1,2,7,8,9,5,4,6},{6,8,9,1,4,5,7,2,3},{1,6,3,2,5,7,9,8,4},{2,4,5,6,9,8,1,3,7},{8,9,7,4,3,1,2,6,5},{9,2,1,8,7,4,6,0,0},{0,0,0,0,0,0,0,0,0},{0,0,0,0,0,0,0,0,0}}
]
15:53:16.497 [main] INFO  sudoku.model.SudokuBoard - Wartość 0 wstawiona nieprawidłowo
15:53:16.497 [main] INFO  sudoku.model.SudokuBoard - Bład w kwadracie 0
sudoku.model.SudokuBoard@2e8b24a1[
  size=9
  solver=sudoku.model.BacktrackingSudokuSolver@3ce7394f
  board={{7,5,4,3,6,2,8,9,1},{3,1,2,7,8,9,5,4,6},{6,8,9,1,4,5,7,2,3},{1,6,3,2,5,7,9,8,4},{2,4,5,6,9,8,1,3,7},{8,9,7,4,3,1,2,6,5},{9,2,1,8,7,4,0,0,0},{0,0,0,0,0,0,0,0,0},{0,0,0,0,0,0,0,0,0}}
]
15:53:16.497 [main] INFO  sudoku.model.SudokuBoard - Wartość 0 wstawiona nieprawidłowo
15:53:16.497 [main] INFO  sudoku.model.SudokuBoard - Bład w kwadracie 0
sudoku.model.SudokuBoard@2e8b24a1[
  size=9
  solver=sudoku.model.BacktrackingSudokuSolver@3ce7394f
  board={{7,5,4,3,6,2,8,9,1},{3,1,2,7,8,9,5,4,6},{6,8,9,1,4,5,7,2,3},{1,6,3,2,5,7,9,8,4},{2,4,5,6,9,8,1,3,7},{8,9,7,4,3,1,2,6,5},{9,2,1,8,7,0,0,0,0},{0,0,0,0,0,0,0,0,0},{0,0,0,0,0,0,0,0,0}}
]
15:53:16.497 [main] INFO  sudoku.model.SudokuBoard - Wartość 0 wstawiona nieprawidłowo
15:53:16.497 [main] INFO  sudoku.model.SudokuBoard - Bład w kwadracie 0
sudoku.model.SudokuBoard@2e8b24a1[
  size=9
  solver=sudoku.model.BacktrackingSudokuSolver@3ce7394f
  board={{7,5,4,3,6,2,8,9,1},{3,1,2,7,8,9,5,4,6},{6,8,9,1,4,5,7,2,3},{1,6,3,2,5,7,9,8,4},{2,4,5,6,9,8,1,3,7},{8,9,7,4,3,1,2,6,5},{9,2,1,8,7,6,3,0,0},{0,0,0,0,0,0,0,0,0},{0,0,0,0,0,0,0,0,0}}
]
15:53:16.497 [main] INFO  sudoku.model.SudokuBoard - Wartość 0 wstawiona nieprawidłowo
15:53:16.497 [main] INFO  sudoku.model.SudokuBoard - Bład w kwadracie 0
sudoku.model.SudokuBoard@2e8b24a1[
  size=9
  solver=sudoku.model.BacktrackingSudokuSolver@3ce7394f
  board={{7,5,4,3,6,2,8,9,1},{3,1,2,7,8,9,5,4,6},{6,8,9,1,4,5,7,2,3},{1,6,3,2,5,7,9,8,4},{2,4,5,6,9,8,1,3,7},{8,9,7,4,3,1,2,6,5},{9,2,1,8,7,6,0,0,0},{0,0,0,0,0,0,0,0,0},{0,0,0,0,0,0,0,0,0}}
]
15:53:16.497 [main] INFO  sudoku.model.SudokuBoard - Wartość 0 wstawiona nieprawidłowo
15:53:16.498 [main] INFO  sudoku.model.SudokuBoard - Bład w kwadracie 0
sudoku.model.SudokuBoard@2e8b24a1[
  size=9
  solver=sudoku.model.BacktrackingSudokuSolver@3ce7394f
  board={{7,5,4,3,6,2,8,9,1},{3,1,2,7,8,9,5,4,6},{6,8,9,1,4,5,7,2,3},{1,6,3,2,5,7,9,8,4},{2,4,5,6,9,8,1,3,7},{8,9,7,4,3,1,2,6,5},{9,2,1,8,7,6,4,0,0},{0,0,0,0,0,0,0,0,0},{0,0,0,0,0,0,0,0,0}}
]
15:53:16.498 [main] INFO  sudoku.model.SudokuBoard - Wartość 0 wstawiona nieprawidłowo
15:53:16.498 [main] INFO  sudoku.model.SudokuBoard - Bład w kwadracie 0
sudoku.model.SudokuBoard@2e8b24a1[
  size=9
  solver=sudoku.model.BacktrackingSudokuSolver@3ce7394f
  board={{7,5,4,3,6,2,8,9,1},{3,1,2,7,8,9,5,4,6},{6,8,9,1,4,5,7,2,3},{1,6,3,2,5,7,9,8,4},{2,4,5,6,9,8,1,3,7},{8,9,7,4,3,1,2,6,5},{9,2,1,8,7,6,0,0,0},{0,0,0,0,0,0,0,0,0},{0,0,0,0,0,0,0,0,0}}
]
15:53:16.498 [main] INFO  sudoku.model.SudokuBoard - Wartość 0 wstawiona nieprawidłowo
15:53:16.498 [main] INFO  sudoku.model.SudokuBoard - Bład w kwadracie 0
sudoku.model.SudokuBoard@2e8b24a1[
  size=9
  solver=sudoku.model.BacktrackingSudokuSolver@3ce7394f
  board={{7,5,4,3,6,2,8,9,1},{3,1,2,7,8,9,5,4,6},{6,8,9,1,4,5,7,2,3},{1,6,3,2,5,7,9,8,4},{2,4,5,6,9,8,1,3,7},{8,9,7,4,3,1,2,6,5},{9,2,1,8,7,0,0,0,0},{0,0,0,0,0,0,0,0,0},{0,0,0,0,0,0,0,0,0}}
]
15:53:16.498 [main] INFO  sudoku.model.SudokuBoard - Wartość 0 wstawiona nieprawidłowo
15:53:16.498 [main] INFO  sudoku.model.SudokuBoard - Bład w kwadracie 0
sudoku.model.SudokuBoard@2e8b24a1[
  size=9
  solver=sudoku.model.BacktrackingSudokuSolver@3ce7394f
  board={{7,5,4,3,6,2,8,9,1},{3,1,2,7,8,9,5,4,6},{6,8,9,1,4,5,7,2,3},{1,6,3,2,5,7,9,8,4},{2,4,5,6,9,8,1,3,7},{8,9,7,4,3,1,2,6,5},{9,2,1,8,0,0,0,0,0},{0,0,0,0,0,0,0,0,0},{0,0,0,0,0,0,0,0,0}}
]
15:53:16.498 [main] INFO  sudoku.model.SudokuBoard - Wartość 0 wstawiona nieprawidłowo
15:53:16.499 [main] INFO  sudoku.model.SudokuBoard - Bład w kwadracie 0
sudoku.model.SudokuBoard@2e8b24a1[
  size=9
  solver=sudoku.model.BacktrackingSudokuSolver@3ce7394f
  board={{7,5,4,3,6,2,8,9,1},{3,1,2,7,8,9,5,4,6},{6,8,9,1,4,5,7,2,3},{1,6,3,2,5,7,9,8,4},{2,4,5,6,9,8,1,3,7},{8,9,7,4,3,1,2,6,5},{9,2,1,0,0,0,0,0,0},{0,0,0,0,0,0,0,0,0},{0,0,0,0,0,0,0,0,0}}
]
15:53:16.499 [main] INFO  sudoku.model.SudokuBoard - Wartość 0 wstawiona nieprawidłowo
15:53:16.499 [main] INFO  sudoku.model.SudokuBoard - Bład w kwadracie 0
sudoku.model.SudokuBoard@2e8b24a1[
  size=9
  solver=sudoku.model.BacktrackingSudokuSolver@3ce7394f
  board={{7,5,4,3,6,2,8,9,1},{3,1,2,7,8,9,5,4,6},{6,8,9,1,4,5,7,2,3},{1,6,3,2,5,7,9,8,4},{2,4,5,6,9,8,1,3,7},{8,9,7,4,3,1,2,6,5},{9,2,1,5,7,3,0,0,0},{0,0,0,0,0,0,0,0,0},{0,0,0,0,0,0,0,0,0}}
]
15:53:16.499 [main] INFO  sudoku.model.SudokuBoard - Wartość 0 wstawiona nieprawidłowo
15:53:16.499 [main] INFO  sudoku.model.SudokuBoard - Bład w kwadracie 0
sudoku.model.SudokuBoard@2e8b24a1[
  size=9
  solver=sudoku.model.BacktrackingSudokuSolver@3ce7394f
  board={{7,5,4,3,6,2,8,9,1},{3,1,2,7,8,9,5,4,6},{6,8,9,1,4,5,7,2,3},{1,6,3,2,5,7,9,8,4},{2,4,5,6,9,8,1,3,7},{8,9,7,4,3,1,2,6,5},{9,2,1,5,7,3,0,0,0},{0,0,0,0,0,0,0,0,0},{0,0,0,0,0,0,0,0,0}}
]
15:53:16.499 [main] INFO  sudoku.model.SudokuBoard - Wartość 0 wstawiona nieprawidłowo
15:53:16.499 [main] INFO  sudoku.model.SudokuBoard - Bład w kwadracie 0
sudoku.model.SudokuBoard@2e8b24a1[
  size=9
  solver=sudoku.model.BacktrackingSudokuSolver@3ce7394f
  board={{7,5,4,3,6,2,8,9,1},{3,1,2,7,8,9,5,4,6},{6,8,9,1,4,5,7,2,3},{1,6,3,2,5,7,9,8,4},{2,4,5,6,9,8,1,3,7},{8,9,7,4,3,1,2,6,5},{9,2,1,5,7,0,0,0,0},{0,0,0,0,0,0,0,0,0},{0,0,0,0,0,0,0,0,0}}
]
15:53:16.499 [main] INFO  sudoku.model.SudokuBoard - Wartość 0 wstawiona nieprawidłowo
15:53:16.499 [main] INFO  sudoku.model.SudokuBoard - Bład w kwadracie 0
sudoku.model.SudokuBoard@2e8b24a1[
  size=9
  solver=sudoku.model.BacktrackingSudokuSolver@3ce7394f
  board={{7,5,4,3,6,2,8,9,1},{3,1,2,7,8,9,5,4,6},{6,8,9,1,4,5,7,2,3},{1,6,3,2,5,7,9,8,4},{2,4,5,6,9,8,1,3,7},{8,9,7,4,3,1,2,6,5},{9,2,1,5,7,4,0,0,0},{0,0,0,0,0,0,0,0,0},{0,0,0,0,0,0,0,0,0}}
]
15:53:16.499 [main] INFO  sudoku.model.SudokuBoard - Wartość 0 wstawiona nieprawidłowo
15:53:16.500 [main] INFO  sudoku.model.SudokuBoard - Bład w kwadracie 0
sudoku.model.SudokuBoard@2e8b24a1[
  size=9
  solver=sudoku.model.BacktrackingSudokuSolver@3ce7394f
  board={{7,5,4,3,6,2,8,9,1},{3,1,2,7,8,9,5,4,6},{6,8,9,1,4,5,7,2,3},{1,6,3,2,5,7,9,8,4},{2,4,5,6,9,8,1,3,7},{8,9,7,4,3,1,2,6,5},{9,2,1,5,7,4,0,0,0},{0,0,0,0,0,0,0,0,0},{0,0,0,0,0,0,0,0,0}}
]
15:53:16.500 [main] INFO  sudoku.model.SudokuBoard - Wartość 0 wstawiona nieprawidłowo
15:53:16.500 [main] INFO  sudoku.model.SudokuBoard - Bład w kwadracie 0
sudoku.model.SudokuBoard@2e8b24a1[
  size=9
  solver=sudoku.model.BacktrackingSudokuSolver@3ce7394f
  board={{7,5,4,3,6,2,8,9,1},{3,1,2,7,8,9,5,4,6},{6,8,9,1,4,5,7,2,3},{1,6,3,2,5,7,9,8,4},{2,4,5,6,9,8,1,3,7},{8,9,7,4,3,1,2,6,5},{9,2,1,5,7,0,0,0,0},{0,0,0,0,0,0,0,0,0},{0,0,0,0,0,0,0,0,0}}
]
15:53:16.500 [main] INFO  sudoku.model.SudokuBoard - Wartość 0 wstawiona nieprawidłowo
15:53:16.500 [main] INFO  sudoku.model.SudokuBoard - Bład w kwadracie 0
sudoku.model.SudokuBoard@2e8b24a1[
  size=9
  solver=sudoku.model.BacktrackingSudokuSolver@3ce7394f
  board={{7,5,4,3,6,2,8,9,1},{3,1,2,7,8,9,5,4,6},{6,8,9,1,4,5,7,2,3},{1,6,3,2,5,7,9,8,4},{2,4,5,6,9,8,1,3,7},{8,9,7,4,3,1,2,6,5},{9,2,1,5,7,6,0,0,0},{0,0,0,0,0,0,0,0,0},{0,0,0,0,0,0,0,0,0}}
]
15:53:16.500 [main] INFO  sudoku.model.SudokuBoard - Wartość 0 wstawiona nieprawidłowo
15:53:16.500 [main] INFO  sudoku.model.SudokuBoard - Bład w kwadracie 0
sudoku.model.SudokuBoard@2e8b24a1[
  size=9
  solver=sudoku.model.BacktrackingSudokuSolver@3ce7394f
  board={{7,5,4,3,6,2,8,9,1},{3,1,2,7,8,9,5,4,6},{6,8,9,1,4,5,7,2,3},{1,6,3,2,5,7,9,8,4},{2,4,5,6,9,8,1,3,7},{8,9,7,4,3,1,2,6,5},{9,2,1,5,7,6,0,0,0},{0,0,0,0,0,0,0,0,0},{0,0,0,0,0,0,0,0,0}}
]
15:53:16.500 [main] INFO  sudoku.model.SudokuBoard - Wartość 0 wstawiona nieprawidłowo
15:53:16.500 [main] INFO  sudoku.model.SudokuBoard - Bład w kwadracie 0
sudoku.model.SudokuBoard@2e8b24a1[
  size=9
  solver=sudoku.model.BacktrackingSudokuSolver@3ce7394f
  board={{7,5,4,3,6,2,8,9,1},{3,1,2,7,8,9,5,4,6},{6,8,9,1,4,5,7,2,3},{1,6,3,2,5,7,9,8,4},{2,4,5,6,9,8,1,3,7},{8,9,7,4,3,1,2,6,5},{9,2,1,5,7,0,0,0,0},{0,0,0,0,0,0,0,0,0},{0,0,0,0,0,0,0,0,0}}
]
15:53:16.501 [main] INFO  sudoku.model.SudokuBoard - Wartość 0 wstawiona nieprawidłowo
15:53:16.501 [main] INFO  sudoku.model.SudokuBoard - Bład w kwadracie 0
sudoku.model.SudokuBoard@2e8b24a1[
  size=9
  solver=sudoku.model.BacktrackingSudokuSolver@3ce7394f
  board={{7,5,4,3,6,2,8,9,1},{3,1,2,7,8,9,5,4,6},{6,8,9,1,4,5,7,2,3},{1,6,3,2,5,7,9,8,4},{2,4,5,6,9,8,1,3,7},{8,9,7,4,3,1,2,6,5},{9,2,1,5,0,0,0,0,0},{0,0,0,0,0,0,0,0,0},{0,0,0,0,0,0,0,0,0}}
]
15:53:16.501 [main] INFO  sudoku.model.SudokuBoard - Wartość 0 wstawiona nieprawidłowo
15:53:16.501 [main] INFO  sudoku.model.SudokuBoard - Bład w kwadracie 0
sudoku.model.SudokuBoard@2e8b24a1[
  size=9
  solver=sudoku.model.BacktrackingSudokuSolver@3ce7394f
  board={{7,5,4,3,6,2,8,9,1},{3,1,2,7,8,9,5,4,6},{6,8,9,1,4,5,7,2,3},{1,6,3,2,5,7,9,8,4},{2,4,5,6,9,8,1,3,7},{8,9,7,4,3,1,2,6,5},{9,2,1,0,0,0,0,0,0},{0,0,0,0,0,0,0,0,0},{0,0,0,0,0,0,0,0,0}}
]
15:53:16.501 [main] INFO  sudoku.model.SudokuBoard - Wartość 0 wstawiona nieprawidłowo
15:53:16.501 [main] INFO  sudoku.model.SudokuBoard - Bład w kwadracie 0
sudoku.model.SudokuBoard@2e8b24a1[
  size=9
  solver=sudoku.model.BacktrackingSudokuSolver@3ce7394f
  board={{7,5,4,3,6,2,8,9,1},{3,1,2,7,8,9,5,4,6},{6,8,9,1,4,5,7,2,3},{1,6,3,2,5,7,9,8,4},{2,4,5,6,9,8,1,3,7},{8,9,7,4,3,1,2,6,5},{9,2,0,0,0,0,0,0,0},{0,0,0,0,0,0,0,0,0},{0,0,0,0,0,0,0,0,0}}
]
15:53:16.501 [main] INFO  sudoku.model.SudokuBoard - Wartość 0 wstawiona nieprawidłowo
15:53:16.501 [main] INFO  sudoku.model.SudokuBoard - Bład w kwadracie 0
sudoku.model.SudokuBoard@2e8b24a1[
  size=9
  solver=sudoku.model.BacktrackingSudokuSolver@3ce7394f
  board={{7,5,4,3,6,2,8,9,1},{3,1,2,7,8,9,5,4,6},{6,8,9,1,4,5,7,2,3},{1,6,3,2,5,7,9,8,4},{2,4,5,6,9,8,1,3,7},{8,9,7,4,3,1,2,6,5},{9,2,6,5,7,3,4,1,8},{4,3,8,9,2,0,0,0,0},{0,0,0,0,0,0,0,0,0}}
]
15:53:16.501 [main] INFO  sudoku.model.SudokuBoard - Wartość 0 wstawiona nieprawidłowo
15:53:16.501 [main] INFO  sudoku.model.SudokuBoard - Bład w kwadracie 0
sudoku.model.SudokuBoard@2e8b24a1[
  size=9
  solver=sudoku.model.BacktrackingSudokuSolver@3ce7394f
  board={{7,5,4,3,6,2,8,9,1},{3,1,2,7,8,9,5,4,6},{6,8,9,1,4,5,7,2,3},{1,6,3,2,5,7,9,8,4},{2,4,5,6,9,8,1,3,7},{8,9,7,4,3,1,2,6,5},{9,2,6,5,7,3,4,1,8},{4,3,8,9,0,0,0,0,0},{0,0,0,0,0,0,0,0,0}}
]
15:53:16.502 [main] INFO  sudoku.model.SudokuBoard - Wartość 0 wstawiona nieprawidłowo
15:53:16.502 [main] INFO  sudoku.model.SudokuBoard - Bład w kwadracie 0
sudoku.model.SudokuBoard@2e8b24a1[
  size=9
  solver=sudoku.model.BacktrackingSudokuSolver@3ce7394f
  board={{7,5,4,3,6,2,8,9,1},{3,1,2,7,8,9,5,4,6},{6,8,9,1,4,5,7,2,3},{1,6,3,2,5,7,9,8,4},{2,4,5,6,9,8,1,3,7},{8,9,7,4,3,1,2,6,5},{9,2,6,5,7,3,4,1,8},{4,3,8,9,1,0,0,0,0},{0,0,0,0,0,0,0,0,0}}
]
15:53:16.502 [main] INFO  sudoku.model.SudokuBoard - Wartość 0 wstawiona nieprawidłowo
15:53:16.502 [main] INFO  sudoku.model.SudokuBoard - Bład w kwadracie 0
sudoku.model.SudokuBoard@2e8b24a1[
  size=9
  solver=sudoku.model.BacktrackingSudokuSolver@3ce7394f
  board={{7,5,4,3,6,2,8,9,1},{3,1,2,7,8,9,5,4,6},{6,8,9,1,4,5,7,2,3},{1,6,3,2,5,7,9,8,4},{2,4,5,6,9,8,1,3,7},{8,9,7,4,3,1,2,6,5},{9,2,6,5,7,3,4,1,8},{4,3,8,9,0,0,0,0,0},{0,0,0,0,0,0,0,0,0}}
]
15:53:16.502 [main] INFO  sudoku.model.SudokuBoard - Wartość 0 wstawiona nieprawidłowo
15:53:16.503 [main] INFO  sudoku.model.SudokuBoard - Bład w kwadracie 0
sudoku.model.SudokuBoard@2e8b24a1[
  size=9
  solver=sudoku.model.BacktrackingSudokuSolver@3ce7394f
  board={{7,5,4,3,6,2,8,9,1},{3,1,2,7,8,9,5,4,6},{6,8,9,1,4,5,7,2,3},{1,6,3,2,5,7,9,8,4},{2,4,5,6,9,8,1,3,7},{8,9,7,4,3,1,2,6,5},{9,2,6,5,7,3,4,1,8},{4,3,8,0,0,0,0,0,0},{0,0,0,0,0,0,0,0,0}}
]
15:53:16.503 [main] INFO  sudoku.model.SudokuBoard - Wartość 0 wstawiona nieprawidłowo
15:53:16.503 [main] INFO  sudoku.model.SudokuBoard - Bład w kwadracie 0
sudoku.model.SudokuBoard@2e8b24a1[
  size=9
  solver=sudoku.model.BacktrackingSudokuSolver@3ce7394f
  board={{7,5,4,3,6,2,8,9,1},{3,1,2,7,8,9,5,4,6},{6,8,9,1,4,5,7,2,3},{1,6,3,2,5,7,9,8,4},{2,4,5,6,9,8,1,3,7},{8,9,7,4,3,1,2,6,5},{9,2,6,5,7,3,4,1,8},{4,3,0,0,0,0,0,0,0},{0,0,0,0,0,0,0,0,0}}
]
15:53:16.503 [main] INFO  sudoku.model.SudokuBoard - Wartość 0 wstawiona nieprawidłowo
15:53:16.503 [main] INFO  sudoku.model.SudokuBoard - Bład w kwadracie 0
sudoku.model.SudokuBoard@2e8b24a1[
  size=9
  solver=sudoku.model.BacktrackingSudokuSolver@3ce7394f
  board={{7,5,4,3,6,2,8,9,1},{3,1,2,7,8,9,5,4,6},{6,8,9,1,4,5,7,2,3},{1,6,3,2,5,7,9,8,4},{2,4,5,6,9,8,1,3,7},{8,9,7,4,3,1,2,6,5},{9,2,6,5,7,3,4,1,8},{4,3,1,9,2,0,0,0,0},{0,0,0,0,0,0,0,0,0}}
]
15:53:16.503 [main] INFO  sudoku.model.SudokuBoard - Wartość 0 wstawiona nieprawidłowo
15:53:16.503 [main] INFO  sudoku.model.SudokuBoard - Bład w kwadracie 0
sudoku.model.SudokuBoard@2e8b24a1[
  size=9
  solver=sudoku.model.BacktrackingSudokuSolver@3ce7394f
  board={{7,5,4,3,6,2,8,9,1},{3,1,2,7,8,9,5,4,6},{6,8,9,1,4,5,7,2,3},{1,6,3,2,5,7,9,8,4},{2,4,5,6,9,8,1,3,7},{8,9,7,4,3,1,2,6,5},{9,2,6,5,7,3,4,1,8},{4,3,1,9,0,0,0,0,0},{0,0,0,0,0,0,0,0,0}}
]
15:53:16.503 [main] INFO  sudoku.model.SudokuBoard - Wartość 0 wstawiona nieprawidłowo
15:53:16.503 [main] INFO  sudoku.model.SudokuBoard - Bład w kwadracie 0
sudoku.model.SudokuBoard@2e8b24a1[
  size=9
  solver=sudoku.model.BacktrackingSudokuSolver@3ce7394f
  board={{7,5,4,3,6,2,8,9,1},{3,1,2,7,8,9,5,4,6},{6,8,9,1,4,5,7,2,3},{1,6,3,2,5,7,9,8,4},{2,4,5,6,9,8,1,3,7},{8,9,7,4,3,1,2,6,5},{9,2,6,5,7,3,4,1,8},{4,3,1,0,0,0,0,0,0},{0,0,0,0,0,0,0,0,0}}
]
15:53:16.503 [main] INFO  sudoku.model.SudokuBoard - Wartość 0 wstawiona nieprawidłowo
15:53:16.505 [main] INFO  sudoku.model.SudokuBoard - Bład w kwadracie 0
sudoku.model.SudokuBoard@2e8b24a1[
  size=9
  solver=sudoku.model.BacktrackingSudokuSolver@3ce7394f
  board={{7,5,4,3,6,2,8,9,1},{3,1,2,7,8,9,5,4,6},{6,8,9,1,4,5,7,2,3},{1,6,3,2,5,7,9,8,4},{2,4,5,6,9,8,1,3,7},{8,9,7,4,3,1,2,6,5},{9,2,6,5,7,3,4,1,8},{4,3,1,8,2,0,0,0,0},{0,0,0,0,0,0,0,0,0}}
]
15:53:16.505 [main] INFO  sudoku.model.SudokuBoard - Wartość 0 wstawiona nieprawidłowo
15:53:16.505 [main] INFO  sudoku.model.SudokuBoard - Bład w kwadracie 0
sudoku.model.SudokuBoard@2e8b24a1[
  size=9
  solver=sudoku.model.BacktrackingSudokuSolver@3ce7394f
  board={{7,5,4,3,6,2,8,9,1},{3,1,2,7,8,9,5,4,6},{6,8,9,1,4,5,7,2,3},{1,6,3,2,5,7,9,8,4},{2,4,5,6,9,8,1,3,7},{8,9,7,4,3,1,2,6,5},{9,2,6,5,7,3,4,1,8},{4,3,1,8,0,0,0,0,0},{0,0,0,0,0,0,0,0,0}}
]
15:53:16.505 [main] INFO  sudoku.model.SudokuBoard - Wartość 0 wstawiona nieprawidłowo
15:53:16.506 [main] INFO  sudoku.model.SudokuBoard - Bład w kwadracie 0
sudoku.model.SudokuBoard@2e8b24a1[
  size=9
  solver=sudoku.model.BacktrackingSudokuSolver@3ce7394f
  board={{7,5,4,3,6,2,8,9,1},{3,1,2,7,8,9,5,4,6},{6,8,9,1,4,5,7,2,3},{1,6,3,2,5,7,9,8,4},{2,4,5,6,9,8,1,3,7},{8,9,7,4,3,1,2,6,5},{9,2,6,5,7,3,4,1,8},{4,3,1,0,0,0,0,0,0},{0,0,0,0,0,0,0,0,0}}
]
15:53:16.507 [main] INFO  sudoku.model.SudokuBoard - Wartość 0 wstawiona nieprawidłowo
15:53:16.508 [main] INFO  sudoku.model.SudokuBoard - Bład w kwadracie 0
sudoku.model.SudokuBoard@2e8b24a1[
  size=9
  solver=sudoku.model.BacktrackingSudokuSolver@3ce7394f
  board={{7,5,4,3,6,2,8,9,1},{3,1,2,7,8,9,5,4,6},{6,8,9,1,4,5,7,2,3},{1,6,3,2,5,7,9,8,4},{2,4,5,6,9,8,1,3,7},{8,9,7,4,3,1,2,6,5},{9,2,6,5,7,3,4,1,8},{4,3,0,0,0,0,0,0,0},{0,0,0,0,0,0,0,0,0}}
]
15:53:16.508 [main] INFO  sudoku.model.SudokuBoard - Wartość 0 wstawiona nieprawidłowo
15:53:16.508 [main] INFO  sudoku.model.SudokuBoard - Bład w kwadracie 0
sudoku.model.SudokuBoard@2e8b24a1[
  size=9
  solver=sudoku.model.BacktrackingSudokuSolver@3ce7394f
  board={{7,5,4,3,6,2,8,9,1},{3,1,2,7,8,9,5,4,6},{6,8,9,1,4,5,7,2,3},{1,6,3,2,5,7,9,8,4},{2,4,5,6,9,8,1,3,7},{8,9,7,4,3,1,2,6,5},{9,2,6,5,7,3,4,1,8},{4,0,0,0,0,0,0,0,0},{0,0,0,0,0,0,0,0,0}}
]
15:53:16.508 [main] INFO  sudoku.model.SudokuBoard - Wartość 0 wstawiona nieprawidłowo
]]></system-out>
  </testcase>
  <testcase name="checkBoardTestColumnFalse" classname="sudoku.model.SudokuBoardTest" time="0.044">
    <system-out><![CDATA[15:53:16.514 [main] INFO  sudoku.model.SudokuBoard - Bład w kwadracie 0
sudoku.model.SudokuBoard@58e02359[
  size=9
  solver=sudoku.model.BacktrackingSudokuSolver@74fc3fc7
  board={{8,1,2,9,4,7,5,3,6},{4,9,5,2,6,3,7,1,8},{6,7,3,1,5,8,4,9,2},{9,6,7,8,1,2,3,4,5},{2,8,1,3,7,4,9,0,0},{0,0,0,0,0,0,0,0,0},{0,0,0,0,0,0,0,0,0},{0,0,0,0,0,0,0,0,0},{0,0,0,0,0,0,0,0,0}}
]
15:53:16.514 [main] INFO  sudoku.model.SudokuBoard - Wartość 0 wstawiona nieprawidłowo
15:53:16.515 [main] INFO  sudoku.model.SudokuBoard - Bład w kwadracie 0
sudoku.model.SudokuBoard@58e02359[
  size=9
  solver=sudoku.model.BacktrackingSudokuSolver@74fc3fc7
  board={{8,1,2,9,4,7,5,3,6},{4,9,5,2,6,3,7,1,8},{6,7,3,1,5,8,4,9,2},{9,6,7,8,1,2,3,4,5},{2,8,1,3,7,4,0,0,0},{0,0,0,0,0,0,0,0,0},{0,0,0,0,0,0,0,0,0},{0,0,0,0,0,0,0,0,0},{0,0,0,0,0,0,0,0,0}}
]
15:53:16.515 [main] INFO  sudoku.model.SudokuBoard - Wartość 0 wstawiona nieprawidłowo
15:53:16.515 [main] INFO  sudoku.model.SudokuBoard - Bład w kwadracie 0
sudoku.model.SudokuBoard@58e02359[
  size=9
  solver=sudoku.model.BacktrackingSudokuSolver@74fc3fc7
  board={{8,1,2,9,4,7,5,3,6},{4,9,5,2,6,3,7,1,8},{6,7,3,1,5,8,4,9,2},{9,6,7,8,1,2,3,4,5},{2,8,1,3,7,4,0,0,0},{0,0,0,0,0,0,0,0,0},{0,0,0,0,0,0,0,0,0},{0,0,0,0,0,0,0,0,0},{0,0,0,0,0,0,0,0,0}}
]
15:53:16.515 [main] INFO  sudoku.model.SudokuBoard - Wartość 0 wstawiona nieprawidłowo
15:53:16.515 [main] INFO  sudoku.model.SudokuBoard - Bład w kwadracie 0
sudoku.model.SudokuBoard@58e02359[
  size=9
  solver=sudoku.model.BacktrackingSudokuSolver@74fc3fc7
  board={{8,1,2,9,4,7,5,3,6},{4,9,5,2,6,3,7,1,8},{6,7,3,1,5,8,4,9,2},{9,6,7,8,1,2,3,4,5},{2,8,1,3,7,0,0,0,0},{0,0,0,0,0,0,0,0,0},{0,0,0,0,0,0,0,0,0},{0,0,0,0,0,0,0,0,0},{0,0,0,0,0,0,0,0,0}}
]
15:53:16.515 [main] INFO  sudoku.model.SudokuBoard - Wartość 0 wstawiona nieprawidłowo
15:53:16.515 [main] INFO  sudoku.model.SudokuBoard - Bład w kwadracie 0
sudoku.model.SudokuBoard@58e02359[
  size=9
  solver=sudoku.model.BacktrackingSudokuSolver@74fc3fc7
  board={{8,1,2,9,4,7,5,3,6},{4,9,5,2,6,3,7,1,8},{6,7,3,1,5,8,4,9,2},{9,6,7,8,1,2,3,4,5},{2,8,1,3,7,5,9,0,0},{0,0,0,0,0,0,0,0,0},{0,0,0,0,0,0,0,0,0},{0,0,0,0,0,0,0,0,0},{0,0,0,0,0,0,0,0,0}}
]
15:53:16.515 [main] INFO  sudoku.model.SudokuBoard - Wartość 0 wstawiona nieprawidłowo
15:53:16.515 [main] INFO  sudoku.model.SudokuBoard - Bład w kwadracie 0
sudoku.model.SudokuBoard@58e02359[
  size=9
  solver=sudoku.model.BacktrackingSudokuSolver@74fc3fc7
  board={{8,1,2,9,4,7,5,3,6},{4,9,5,2,6,3,7,1,8},{6,7,3,1,5,8,4,9,2},{9,6,7,8,1,2,3,4,5},{2,8,1,3,7,5,0,0,0},{0,0,0,0,0,0,0,0,0},{0,0,0,0,0,0,0,0,0},{0,0,0,0,0,0,0,0,0},{0,0,0,0,0,0,0,0,0}}
]
15:53:16.516 [main] INFO  sudoku.model.SudokuBoard - Wartość 0 wstawiona nieprawidłowo
15:53:16.516 [main] INFO  sudoku.model.SudokuBoard - Bład w kwadracie 0
sudoku.model.SudokuBoard@58e02359[
  size=9
  solver=sudoku.model.BacktrackingSudokuSolver@74fc3fc7
  board={{8,1,2,9,4,7,5,3,6},{4,9,5,2,6,3,7,1,8},{6,7,3,1,5,8,4,9,2},{9,6,7,8,1,2,3,4,5},{2,8,1,3,7,5,0,0,0},{0,0,0,0,0,0,0,0,0},{0,0,0,0,0,0,0,0,0},{0,0,0,0,0,0,0,0,0},{0,0,0,0,0,0,0,0,0}}
]
15:53:16.516 [main] INFO  sudoku.model.SudokuBoard - Wartość 0 wstawiona nieprawidłowo
15:53:16.516 [main] INFO  sudoku.model.SudokuBoard - Bład w kwadracie 0
sudoku.model.SudokuBoard@58e02359[
  size=9
  solver=sudoku.model.BacktrackingSudokuSolver@74fc3fc7
  board={{8,1,2,9,4,7,5,3,6},{4,9,5,2,6,3,7,1,8},{6,7,3,1,5,8,4,9,2},{9,6,7,8,1,2,3,4,5},{2,8,1,3,7,0,0,0,0},{0,0,0,0,0,0,0,0,0},{0,0,0,0,0,0,0,0,0},{0,0,0,0,0,0,0,0,0},{0,0,0,0,0,0,0,0,0}}
]
15:53:16.517 [main] INFO  sudoku.model.SudokuBoard - Wartość 0 wstawiona nieprawidłowo
15:53:16.517 [main] INFO  sudoku.model.SudokuBoard - Bład w kwadracie 0
sudoku.model.SudokuBoard@58e02359[
  size=9
  solver=sudoku.model.BacktrackingSudokuSolver@74fc3fc7
  board={{8,1,2,9,4,7,5,3,6},{4,9,5,2,6,3,7,1,8},{6,7,3,1,5,8,4,9,2},{9,6,7,8,1,2,3,4,5},{2,8,1,3,7,6,0,0,0},{0,0,0,0,0,0,0,0,0},{0,0,0,0,0,0,0,0,0},{0,0,0,0,0,0,0,0,0},{0,0,0,0,0,0,0,0,0}}
]
15:53:16.517 [main] INFO  sudoku.model.SudokuBoard - Wartość 0 wstawiona nieprawidłowo
15:53:16.517 [main] INFO  sudoku.model.SudokuBoard - Bład w kwadracie 0
sudoku.model.SudokuBoard@58e02359[
  size=9
  solver=sudoku.model.BacktrackingSudokuSolver@74fc3fc7
  board={{8,1,2,9,4,7,5,3,6},{4,9,5,2,6,3,7,1,8},{6,7,3,1,5,8,4,9,2},{9,6,7,8,1,2,3,4,5},{2,8,1,3,7,0,0,0,0},{0,0,0,0,0,0,0,0,0},{0,0,0,0,0,0,0,0,0},{0,0,0,0,0,0,0,0,0},{0,0,0,0,0,0,0,0,0}}
]
15:53:16.518 [main] INFO  sudoku.model.SudokuBoard - Wartość 0 wstawiona nieprawidłowo
15:53:16.518 [main] INFO  sudoku.model.SudokuBoard - Bład w kwadracie 0
sudoku.model.SudokuBoard@58e02359[
  size=9
  solver=sudoku.model.BacktrackingSudokuSolver@74fc3fc7
  board={{8,1,2,9,4,7,5,3,6},{4,9,5,2,6,3,7,1,8},{6,7,3,1,5,8,4,9,2},{9,6,7,8,1,2,3,4,5},{2,8,1,3,7,9,0,0,0},{0,0,0,0,0,0,0,0,0},{0,0,0,0,0,0,0,0,0},{0,0,0,0,0,0,0,0,0},{0,0,0,0,0,0,0,0,0}}
]
15:53:16.518 [main] INFO  sudoku.model.SudokuBoard - Wartość 0 wstawiona nieprawidłowo
15:53:16.518 [main] INFO  sudoku.model.SudokuBoard - Bład w kwadracie 0
sudoku.model.SudokuBoard@58e02359[
  size=9
  solver=sudoku.model.BacktrackingSudokuSolver@74fc3fc7
  board={{8,1,2,9,4,7,5,3,6},{4,9,5,2,6,3,7,1,8},{6,7,3,1,5,8,4,9,2},{9,6,7,8,1,2,3,4,5},{2,8,1,3,7,0,0,0,0},{0,0,0,0,0,0,0,0,0},{0,0,0,0,0,0,0,0,0},{0,0,0,0,0,0,0,0,0},{0,0,0,0,0,0,0,0,0}}
]
15:53:16.518 [main] INFO  sudoku.model.SudokuBoard - Wartość 0 wstawiona nieprawidłowo
15:53:16.518 [main] INFO  sudoku.model.SudokuBoard - Bład w kwadracie 0
sudoku.model.SudokuBoard@58e02359[
  size=9
  solver=sudoku.model.BacktrackingSudokuSolver@74fc3fc7
  board={{8,1,2,9,4,7,5,3,6},{4,9,5,2,6,3,7,1,8},{6,7,3,1,5,8,4,9,2},{9,6,7,8,1,2,3,4,5},{2,8,1,3,0,0,0,0,0},{0,0,0,0,0,0,0,0,0},{0,0,0,0,0,0,0,0,0},{0,0,0,0,0,0,0,0,0},{0,0,0,0,0,0,0,0,0}}
]
15:53:16.519 [main] INFO  sudoku.model.SudokuBoard - Wartość 0 wstawiona nieprawidłowo
15:53:16.519 [main] INFO  sudoku.model.SudokuBoard - Bład w kwadracie 0
sudoku.model.SudokuBoard@58e02359[
  size=9
  solver=sudoku.model.BacktrackingSudokuSolver@74fc3fc7
  board={{8,1,2,9,4,7,5,3,6},{4,9,5,2,6,3,7,1,8},{6,7,3,1,5,8,4,9,2},{9,6,7,8,1,2,3,4,5},{2,8,1,3,9,4,6,0,0},{0,0,0,0,0,0,0,0,0},{0,0,0,0,0,0,0,0,0},{0,0,0,0,0,0,0,0,0},{0,0,0,0,0,0,0,0,0}}
]
15:53:16.519 [main] INFO  sudoku.model.SudokuBoard - Wartość 0 wstawiona nieprawidłowo
15:53:16.519 [main] INFO  sudoku.model.SudokuBoard - Bład w kwadracie 0
sudoku.model.SudokuBoard@58e02359[
  size=9
  solver=sudoku.model.BacktrackingSudokuSolver@74fc3fc7
  board={{8,1,2,9,4,7,5,3,6},{4,9,5,2,6,3,7,1,8},{6,7,3,1,5,8,4,9,2},{9,6,7,8,1,2,3,4,5},{2,8,1,3,9,4,0,0,0},{0,0,0,0,0,0,0,0,0},{0,0,0,0,0,0,0,0,0},{0,0,0,0,0,0,0,0,0},{0,0,0,0,0,0,0,0,0}}
]
15:53:16.519 [main] INFO  sudoku.model.SudokuBoard - Wartość 0 wstawiona nieprawidłowo
15:53:16.519 [main] INFO  sudoku.model.SudokuBoard - Bład w kwadracie 0
sudoku.model.SudokuBoard@58e02359[
  size=9
  solver=sudoku.model.BacktrackingSudokuSolver@74fc3fc7
  board={{8,1,2,9,4,7,5,3,6},{4,9,5,2,6,3,7,1,8},{6,7,3,1,5,8,4,9,2},{9,6,7,8,1,2,3,4,5},{2,8,1,3,9,0,0,0,0},{0,0,0,0,0,0,0,0,0},{0,0,0,0,0,0,0,0,0},{0,0,0,0,0,0,0,0,0},{0,0,0,0,0,0,0,0,0}}
]
15:53:16.519 [main] INFO  sudoku.model.SudokuBoard - Wartość 0 wstawiona nieprawidłowo
15:53:16.520 [main] INFO  sudoku.model.SudokuBoard - Bład w kwadracie 0
sudoku.model.SudokuBoard@58e02359[
  size=9
  solver=sudoku.model.BacktrackingSudokuSolver@74fc3fc7
  board={{8,1,2,9,4,7,5,3,6},{4,9,5,2,6,3,7,1,8},{6,7,3,1,5,8,4,9,2},{9,6,7,8,1,2,3,4,5},{2,8,1,3,9,5,6,0,0},{0,0,0,0,0,0,0,0,0},{0,0,0,0,0,0,0,0,0},{0,0,0,0,0,0,0,0,0},{0,0,0,0,0,0,0,0,0}}
]
15:53:16.520 [main] INFO  sudoku.model.SudokuBoard - Wartość 0 wstawiona nieprawidłowo
15:53:16.520 [main] INFO  sudoku.model.SudokuBoard - Bład w kwadracie 0
sudoku.model.SudokuBoard@58e02359[
  size=9
  solver=sudoku.model.BacktrackingSudokuSolver@74fc3fc7
  board={{8,1,2,9,4,7,5,3,6},{4,9,5,2,6,3,7,1,8},{6,7,3,1,5,8,4,9,2},{9,6,7,8,1,2,3,4,5},{2,8,1,3,9,5,0,0,0},{0,0,0,0,0,0,0,0,0},{0,0,0,0,0,0,0,0,0},{0,0,0,0,0,0,0,0,0},{0,0,0,0,0,0,0,0,0}}
]
15:53:16.520 [main] INFO  sudoku.model.SudokuBoard - Wartość 0 wstawiona nieprawidłowo
15:53:16.520 [main] INFO  sudoku.model.SudokuBoard - Bład w kwadracie 0
sudoku.model.SudokuBoard@58e02359[
  size=9
  solver=sudoku.model.BacktrackingSudokuSolver@74fc3fc7
  board={{8,1,2,9,4,7,5,3,6},{4,9,5,2,6,3,7,1,8},{6,7,3,1,5,8,4,9,2},{9,6,7,8,1,2,3,4,5},{2,8,1,3,9,0,0,0,0},{0,0,0,0,0,0,0,0,0},{0,0,0,0,0,0,0,0,0},{0,0,0,0,0,0,0,0,0},{0,0,0,0,0,0,0,0,0}}
]
15:53:16.520 [main] INFO  sudoku.model.SudokuBoard - Wartość 0 wstawiona nieprawidłowo
15:53:16.520 [main] INFO  sudoku.model.SudokuBoard - Bład w kwadracie 0
sudoku.model.SudokuBoard@58e02359[
  size=9
  solver=sudoku.model.BacktrackingSudokuSolver@74fc3fc7
  board={{8,1,2,9,4,7,5,3,6},{4,9,5,2,6,3,7,1,8},{6,7,3,1,5,8,4,9,2},{9,6,7,8,1,2,3,4,5},{2,8,1,3,9,0,0,0,0},{0,0,0,0,0,0,0,0,0},{0,0,0,0,0,0,0,0,0},{0,0,0,0,0,0,0,0,0},{0,0,0,0,0,0,0,0,0}}
]
15:53:16.521 [main] INFO  sudoku.model.SudokuBoard - Wartość 0 wstawiona nieprawidłowo
15:53:16.521 [main] INFO  sudoku.model.SudokuBoard - Bład w kwadracie 0
sudoku.model.SudokuBoard@58e02359[
  size=9
  solver=sudoku.model.BacktrackingSudokuSolver@74fc3fc7
  board={{8,1,2,9,4,7,5,3,6},{4,9,5,2,6,3,7,1,8},{6,7,3,1,5,8,4,9,2},{9,6,7,8,1,2,3,4,5},{2,8,1,3,0,0,0,0,0},{0,0,0,0,0,0,0,0,0},{0,0,0,0,0,0,0,0,0},{0,0,0,0,0,0,0,0,0},{0,0,0,0,0,0,0,0,0}}
]
15:53:16.522 [main] INFO  sudoku.model.SudokuBoard - Wartość 0 wstawiona nieprawidłowo
15:53:16.522 [main] INFO  sudoku.model.SudokuBoard - Bład w kwadracie 0
sudoku.model.SudokuBoard@58e02359[
  size=9
  solver=sudoku.model.BacktrackingSudokuSolver@74fc3fc7
  board={{8,1,2,9,4,7,5,3,6},{4,9,5,2,6,3,7,1,8},{6,7,3,1,5,8,4,9,2},{9,6,7,8,1,2,3,4,5},{2,8,1,0,0,0,0,0,0},{0,0,0,0,0,0,0,0,0},{0,0,0,0,0,0,0,0,0},{0,0,0,0,0,0,0,0,0},{0,0,0,0,0,0,0,0,0}}
]
15:53:16.522 [main] INFO  sudoku.model.SudokuBoard - Wartość 0 wstawiona nieprawidłowo
15:53:16.522 [main] INFO  sudoku.model.SudokuBoard - Bład w kwadracie 0
sudoku.model.SudokuBoard@58e02359[
  size=9
  solver=sudoku.model.BacktrackingSudokuSolver@74fc3fc7
  board={{8,1,2,9,4,7,5,3,6},{4,9,5,2,6,3,7,1,8},{6,7,3,1,5,8,4,9,2},{9,6,7,8,1,2,3,4,5},{2,8,1,4,7,5,9,0,0},{0,0,0,0,0,0,0,0,0},{0,0,0,0,0,0,0,0,0},{0,0,0,0,0,0,0,0,0},{0,0,0,0,0,0,0,0,0}}
]
15:53:16.523 [main] INFO  sudoku.model.SudokuBoard - Wartość 0 wstawiona nieprawidłowo
15:53:16.523 [main] INFO  sudoku.model.SudokuBoard - Bład w kwadracie 0
sudoku.model.SudokuBoard@58e02359[
  size=9
  solver=sudoku.model.BacktrackingSudokuSolver@74fc3fc7
  board={{8,1,2,9,4,7,5,3,6},{4,9,5,2,6,3,7,1,8},{6,7,3,1,5,8,4,9,2},{9,6,7,8,1,2,3,4,5},{2,8,1,4,7,5,0,0,0},{0,0,0,0,0,0,0,0,0},{0,0,0,0,0,0,0,0,0},{0,0,0,0,0,0,0,0,0},{0,0,0,0,0,0,0,0,0}}
]
15:53:16.523 [main] INFO  sudoku.model.SudokuBoard - Wartość 0 wstawiona nieprawidłowo
15:53:16.524 [main] INFO  sudoku.model.SudokuBoard - Bład w kwadracie 0
sudoku.model.SudokuBoard@58e02359[
  size=9
  solver=sudoku.model.BacktrackingSudokuSolver@74fc3fc7
  board={{8,1,2,9,4,7,5,3,6},{4,9,5,2,6,3,7,1,8},{6,7,3,1,5,8,4,9,2},{9,6,7,8,1,2,3,4,5},{2,8,1,4,7,5,0,0,0},{0,0,0,0,0,0,0,0,0},{0,0,0,0,0,0,0,0,0},{0,0,0,0,0,0,0,0,0},{0,0,0,0,0,0,0,0,0}}
]
15:53:16.524 [main] INFO  sudoku.model.SudokuBoard - Wartość 0 wstawiona nieprawidłowo
15:53:16.524 [main] INFO  sudoku.model.SudokuBoard - Bład w kwadracie 0
sudoku.model.SudokuBoard@58e02359[
  size=9
  solver=sudoku.model.BacktrackingSudokuSolver@74fc3fc7
  board={{8,1,2,9,4,7,5,3,6},{4,9,5,2,6,3,7,1,8},{6,7,3,1,5,8,4,9,2},{9,6,7,8,1,2,3,4,5},{2,8,1,4,7,0,0,0,0},{0,0,0,0,0,0,0,0,0},{0,0,0,0,0,0,0,0,0},{0,0,0,0,0,0,0,0,0},{0,0,0,0,0,0,0,0,0}}
]
15:53:16.524 [main] INFO  sudoku.model.SudokuBoard - Wartość 0 wstawiona nieprawidłowo
15:53:16.525 [main] INFO  sudoku.model.SudokuBoard - Bład w kwadracie 0
sudoku.model.SudokuBoard@58e02359[
  size=9
  solver=sudoku.model.BacktrackingSudokuSolver@74fc3fc7
  board={{8,1,2,9,4,7,5,3,6},{4,9,5,2,6,3,7,1,8},{6,7,3,1,5,8,4,9,2},{9,6,7,8,1,2,3,4,5},{2,8,1,4,7,6,0,0,0},{0,0,0,0,0,0,0,0,0},{0,0,0,0,0,0,0,0,0},{0,0,0,0,0,0,0,0,0},{0,0,0,0,0,0,0,0,0}}
]
15:53:16.525 [main] INFO  sudoku.model.SudokuBoard - Wartość 0 wstawiona nieprawidłowo
15:53:16.525 [main] INFO  sudoku.model.SudokuBoard - Bład w kwadracie 0
sudoku.model.SudokuBoard@58e02359[
  size=9
  solver=sudoku.model.BacktrackingSudokuSolver@74fc3fc7
  board={{8,1,2,9,4,7,5,3,6},{4,9,5,2,6,3,7,1,8},{6,7,3,1,5,8,4,9,2},{9,6,7,8,1,2,3,4,5},{2,8,1,4,7,0,0,0,0},{0,0,0,0,0,0,0,0,0},{0,0,0,0,0,0,0,0,0},{0,0,0,0,0,0,0,0,0},{0,0,0,0,0,0,0,0,0}}
]
15:53:16.525 [main] INFO  sudoku.model.SudokuBoard - Wartość 0 wstawiona nieprawidłowo
15:53:16.525 [main] INFO  sudoku.model.SudokuBoard - Bład w kwadracie 0
sudoku.model.SudokuBoard@58e02359[
  size=9
  solver=sudoku.model.BacktrackingSudokuSolver@74fc3fc7
  board={{8,1,2,9,4,7,5,3,6},{4,9,5,2,6,3,7,1,8},{6,7,3,1,5,8,4,9,2},{9,6,7,8,1,2,3,4,5},{2,8,1,4,7,9,0,0,0},{0,0,0,0,0,0,0,0,0},{0,0,0,0,0,0,0,0,0},{0,0,0,0,0,0,0,0,0},{0,0,0,0,0,0,0,0,0}}
]
15:53:16.525 [main] INFO  sudoku.model.SudokuBoard - Wartość 0 wstawiona nieprawidłowo
15:53:16.526 [main] INFO  sudoku.model.SudokuBoard - Bład w kwadracie 0
sudoku.model.SudokuBoard@58e02359[
  size=9
  solver=sudoku.model.BacktrackingSudokuSolver@74fc3fc7
  board={{8,1,2,9,4,7,5,3,6},{4,9,5,2,6,3,7,1,8},{6,7,3,1,5,8,4,9,2},{9,6,7,8,1,2,3,4,5},{2,8,1,4,7,0,0,0,0},{0,0,0,0,0,0,0,0,0},{0,0,0,0,0,0,0,0,0},{0,0,0,0,0,0,0,0,0},{0,0,0,0,0,0,0,0,0}}
]
15:53:16.526 [main] INFO  sudoku.model.SudokuBoard - Wartość 0 wstawiona nieprawidłowo
15:53:16.526 [main] INFO  sudoku.model.SudokuBoard - Bład w kwadracie 0
sudoku.model.SudokuBoard@58e02359[
  size=9
  solver=sudoku.model.BacktrackingSudokuSolver@74fc3fc7
  board={{8,1,2,9,4,7,5,3,6},{4,9,5,2,6,3,7,1,8},{6,7,3,1,5,8,4,9,2},{9,6,7,8,1,2,3,4,5},{2,8,1,4,0,0,0,0,0},{0,0,0,0,0,0,0,0,0},{0,0,0,0,0,0,0,0,0},{0,0,0,0,0,0,0,0,0},{0,0,0,0,0,0,0,0,0}}
]
15:53:16.526 [main] INFO  sudoku.model.SudokuBoard - Wartość 0 wstawiona nieprawidłowo
15:53:16.526 [main] INFO  sudoku.model.SudokuBoard - Bład w kwadracie 0
sudoku.model.SudokuBoard@58e02359[
  size=9
  solver=sudoku.model.BacktrackingSudokuSolver@74fc3fc7
  board={{8,1,2,9,4,7,5,3,6},{4,9,5,2,6,3,7,1,8},{6,7,3,1,5,8,4,9,2},{9,6,7,8,1,2,3,4,5},{2,8,1,4,9,5,6,0,0},{0,0,0,0,0,0,0,0,0},{0,0,0,0,0,0,0,0,0},{0,0,0,0,0,0,0,0,0},{0,0,0,0,0,0,0,0,0}}
]
15:53:16.526 [main] INFO  sudoku.model.SudokuBoard - Wartość 0 wstawiona nieprawidłowo
15:53:16.526 [main] INFO  sudoku.model.SudokuBoard - Bład w kwadracie 0
sudoku.model.SudokuBoard@58e02359[
  size=9
  solver=sudoku.model.BacktrackingSudokuSolver@74fc3fc7
  board={{8,1,2,9,4,7,5,3,6},{4,9,5,2,6,3,7,1,8},{6,7,3,1,5,8,4,9,2},{9,6,7,8,1,2,3,4,5},{2,8,1,4,9,5,0,0,0},{0,0,0,0,0,0,0,0,0},{0,0,0,0,0,0,0,0,0},{0,0,0,0,0,0,0,0,0},{0,0,0,0,0,0,0,0,0}}
]
15:53:16.526 [main] INFO  sudoku.model.SudokuBoard - Wartość 0 wstawiona nieprawidłowo
15:53:16.526 [main] INFO  sudoku.model.SudokuBoard - Bład w kwadracie 0
sudoku.model.SudokuBoard@58e02359[
  size=9
  solver=sudoku.model.BacktrackingSudokuSolver@74fc3fc7
  board={{8,1,2,9,4,7,5,3,6},{4,9,5,2,6,3,7,1,8},{6,7,3,1,5,8,4,9,2},{9,6,7,8,1,2,3,4,5},{2,8,1,4,9,0,0,0,0},{0,0,0,0,0,0,0,0,0},{0,0,0,0,0,0,0,0,0},{0,0,0,0,0,0,0,0,0},{0,0,0,0,0,0,0,0,0}}
]
15:53:16.526 [main] INFO  sudoku.model.SudokuBoard - Wartość 0 wstawiona nieprawidłowo
15:53:16.527 [main] INFO  sudoku.model.SudokuBoard - Bład w kwadracie 0
sudoku.model.SudokuBoard@58e02359[
  size=9
  solver=sudoku.model.BacktrackingSudokuSolver@74fc3fc7
  board={{8,1,2,9,4,7,5,3,6},{4,9,5,2,6,3,7,1,8},{6,7,3,1,5,8,4,9,2},{9,6,7,8,1,2,3,4,5},{2,8,1,4,9,0,0,0,0},{0,0,0,0,0,0,0,0,0},{0,0,0,0,0,0,0,0,0},{0,0,0,0,0,0,0,0,0},{0,0,0,0,0,0,0,0,0}}
]
15:53:16.527 [main] INFO  sudoku.model.SudokuBoard - Wartość 0 wstawiona nieprawidłowo
15:53:16.527 [main] INFO  sudoku.model.SudokuBoard - Bład w kwadracie 0
sudoku.model.SudokuBoard@58e02359[
  size=9
  solver=sudoku.model.BacktrackingSudokuSolver@74fc3fc7
  board={{8,1,2,9,4,7,5,3,6},{4,9,5,2,6,3,7,1,8},{6,7,3,1,5,8,4,9,2},{9,6,7,8,1,2,3,4,5},{2,8,1,4,0,0,0,0,0},{0,0,0,0,0,0,0,0,0},{0,0,0,0,0,0,0,0,0},{0,0,0,0,0,0,0,0,0},{0,0,0,0,0,0,0,0,0}}
]
15:53:16.527 [main] INFO  sudoku.model.SudokuBoard - Wartość 0 wstawiona nieprawidłowo
15:53:16.527 [main] INFO  sudoku.model.SudokuBoard - Bład w kwadracie 0
sudoku.model.SudokuBoard@58e02359[
  size=9
  solver=sudoku.model.BacktrackingSudokuSolver@74fc3fc7
  board={{8,1,2,9,4,7,5,3,6},{4,9,5,2,6,3,7,1,8},{6,7,3,1,5,8,4,9,2},{9,6,7,8,1,2,3,4,5},{2,8,1,4,3,5,6,7,9},{5,3,4,6,7,9,8,2,1},{1,2,6,3,8,4,9,5,7},{3,4,8,5,9,6,0,0,0},{0,0,0,0,0,0,0,0,0}}
]
15:53:16.527 [main] INFO  sudoku.model.SudokuBoard - Wartość 0 wstawiona nieprawidłowo
15:53:16.528 [main] INFO  sudoku.model.SudokuBoard - Bład w kwadracie 0
sudoku.model.SudokuBoard@58e02359[
  size=9
  solver=sudoku.model.BacktrackingSudokuSolver@74fc3fc7
  board={{8,1,2,9,4,7,5,3,6},{4,9,5,2,6,3,7,1,8},{6,7,3,1,5,8,4,9,2},{9,6,7,8,1,2,3,4,5},{2,8,1,4,3,5,6,7,9},{5,3,4,6,7,9,8,2,1},{1,2,6,3,8,4,9,5,7},{3,4,8,5,9,6,0,0,0},{0,0,0,0,0,0,0,0,0}}
]
15:53:16.528 [main] INFO  sudoku.model.SudokuBoard - Wartość 0 wstawiona nieprawidłowo
15:53:16.528 [main] INFO  sudoku.model.SudokuBoard - Bład w kwadracie 0
sudoku.model.SudokuBoard@58e02359[
  size=9
  solver=sudoku.model.BacktrackingSudokuSolver@74fc3fc7
  board={{8,1,2,9,4,7,5,3,6},{4,9,5,2,6,3,7,1,8},{6,7,3,1,5,8,4,9,2},{9,6,7,8,1,2,3,4,5},{2,8,1,4,3,5,6,7,9},{5,3,4,6,7,9,8,2,1},{1,2,6,3,8,4,9,5,7},{3,4,8,5,9,0,0,0,0},{0,0,0,0,0,0,0,0,0}}
]
15:53:16.528 [main] INFO  sudoku.model.SudokuBoard - Wartość 0 wstawiona nieprawidłowo
15:53:16.528 [main] INFO  sudoku.model.SudokuBoard - Bład w kwadracie 0
sudoku.model.SudokuBoard@58e02359[
  size=9
  solver=sudoku.model.BacktrackingSudokuSolver@74fc3fc7
  board={{8,1,2,9,4,7,5,3,6},{4,9,5,2,6,3,7,1,8},{6,7,3,1,5,8,4,9,2},{9,6,7,8,1,2,3,4,5},{2,8,1,4,3,5,6,7,9},{5,3,4,6,7,9,8,2,1},{1,2,6,3,8,4,9,5,7},{3,4,8,5,9,1,2,0,0},{0,0,0,0,0,0,0,0,0}}
]
15:53:16.528 [main] INFO  sudoku.model.SudokuBoard - Wartość 0 wstawiona nieprawidłowo
15:53:16.528 [main] INFO  sudoku.model.SudokuBoard - Bład w kwadracie 0
sudoku.model.SudokuBoard@58e02359[
  size=9
  solver=sudoku.model.BacktrackingSudokuSolver@74fc3fc7
  board={{8,1,2,9,4,7,5,3,6},{4,9,5,2,6,3,7,1,8},{6,7,3,1,5,8,4,9,2},{9,6,7,8,1,2,3,4,5},{2,8,1,4,3,5,6,7,9},{5,3,4,6,7,9,8,2,1},{1,2,6,3,8,4,9,5,7},{3,4,8,5,9,1,0,0,0},{0,0,0,0,0,0,0,0,0}}
]
15:53:16.528 [main] INFO  sudoku.model.SudokuBoard - Wartość 0 wstawiona nieprawidłowo
15:53:16.529 [main] INFO  sudoku.model.SudokuBoard - Bład w kwadracie 0
sudoku.model.SudokuBoard@58e02359[
  size=9
  solver=sudoku.model.BacktrackingSudokuSolver@74fc3fc7
  board={{8,1,2,9,4,7,5,3,6},{4,9,5,2,6,3,7,1,8},{6,7,3,1,5,8,4,9,2},{9,6,7,8,1,2,3,4,5},{2,8,1,4,3,5,6,7,9},{5,3,4,6,7,9,8,2,1},{1,2,6,3,8,4,9,5,7},{3,4,8,5,9,0,0,0,0},{0,0,0,0,0,0,0,0,0}}
]
15:53:16.529 [main] INFO  sudoku.model.SudokuBoard - Wartość 0 wstawiona nieprawidłowo
15:53:16.529 [main] INFO  sudoku.model.SudokuBoard - Bład w kwadracie 0
sudoku.model.SudokuBoard@58e02359[
  size=9
  solver=sudoku.model.BacktrackingSudokuSolver@74fc3fc7
  board={{8,1,2,9,4,7,5,3,6},{4,9,5,2,6,3,7,1,8},{6,7,3,1,5,8,4,9,2},{9,6,7,8,1,2,3,4,5},{2,8,1,4,3,5,6,7,9},{5,3,4,6,7,9,8,2,1},{1,2,6,3,8,4,9,5,7},{3,4,8,5,0,0,0,0,0},{0,0,0,0,0,0,0,0,0}}
]
15:53:16.529 [main] INFO  sudoku.model.SudokuBoard - Wartość 0 wstawiona nieprawidłowo
15:53:16.530 [main] INFO  sudoku.model.SudokuBoard - Bład w kwadracie 0
sudoku.model.SudokuBoard@58e02359[
  size=9
  solver=sudoku.model.BacktrackingSudokuSolver@74fc3fc7
  board={{8,1,2,9,4,7,5,3,6},{4,9,5,2,6,3,7,1,8},{6,7,3,1,5,8,4,9,2},{9,6,7,8,1,2,3,4,5},{2,8,1,4,3,5,6,7,9},{5,3,4,6,7,9,8,2,1},{1,2,6,3,8,4,9,5,7},{3,4,8,5,2,6,0,0,0},{0,0,0,0,0,0,0,0,0}}
]
15:53:16.530 [main] INFO  sudoku.model.SudokuBoard - Wartość 0 wstawiona nieprawidłowo
15:53:16.530 [main] INFO  sudoku.model.SudokuBoard - Bład w kwadracie 0
sudoku.model.SudokuBoard@58e02359[
  size=9
  solver=sudoku.model.BacktrackingSudokuSolver@74fc3fc7
  board={{8,1,2,9,4,7,5,3,6},{4,9,5,2,6,3,7,1,8},{6,7,3,1,5,8,4,9,2},{9,6,7,8,1,2,3,4,5},{2,8,1,4,3,5,6,7,9},{5,3,4,6,7,9,8,2,1},{1,2,6,3,8,4,9,5,7},{3,4,8,5,2,0,0,0,0},{0,0,0,0,0,0,0,0,0}}
]
[...]
  board={{4,1,9,3,5,6,7,2,8},{2,8,5,9,1,7,6,3,4},{3,6,7,4,2,8,5,9,1},{7,9,2,5,6,1,8,4,3},{5,3,6,7,8,4,9,1,2},{8,4,1,2,3,0,0,0,0},{0,0,0,0,0,0,0,0,0},{0,0,0,0,0,0,0,0,0},{0,0,0,0,0,0,0,0,0}}
]
15:53:16.681 [main] INFO  sudoku.model.SudokuBoard - Wartość 0 wstawiona nieprawidłowo
15:53:16.681 [main] INFO  sudoku.model.SudokuBoard - Bład w kwadracie 0
sudoku.model.SudokuBoard@685e6a68[
  size=9
  solver=sudoku.model.BacktrackingSudokuSolver@2fb48970
  board={{4,1,9,3,5,6,7,2,8},{2,8,5,9,1,7,6,3,4},{3,6,7,4,2,8,5,9,1},{7,9,2,5,6,1,8,4,3},{5,3,6,7,8,4,9,1,2},{8,4,1,2,0,0,0,0,0},{0,0,0,0,0,0,0,0,0},{0,0,0,0,0,0,0,0,0},{0,0,0,0,0,0,0,0,0}}
]
15:53:16.681 [main] INFO  sudoku.model.SudokuBoard - Wartość 0 wstawiona nieprawidłowo
15:53:16.681 [main] INFO  sudoku.model.SudokuBoard - Bład w kwadracie 0
sudoku.model.SudokuBoard@685e6a68[
  size=9
  solver=sudoku.model.BacktrackingSudokuSolver@2fb48970
  board={{4,1,9,3,5,6,7,2,8},{2,8,5,9,1,7,6,3,4},{3,6,7,4,2,8,5,9,1},{7,9,2,5,6,1,8,4,3},{5,3,6,7,8,4,9,1,2},{8,4,1,0,0,0,0,0,0},{0,0,0,0,0,0,0,0,0},{0,0,0,0,0,0,0,0,0},{0,0,0,0,0,0,0,0,0}}
]
15:53:16.682 [main] INFO  sudoku.model.SudokuBoard - Wartość 0 wstawiona nieprawidłowo
15:53:16.682 [main] INFO  sudoku.model.SudokuBoard - Bład w kwadracie 0
sudoku.model.SudokuBoard@685e6a68[
  size=9
  solver=sudoku.model.BacktrackingSudokuSolver@2fb48970
  board={{4,1,9,3,5,6,7,2,8},{2,8,5,9,1,7,6,3,4},{3,6,7,4,2,8,5,9,1},{7,9,2,5,6,1,8,4,3},{5,3,6,7,8,4,9,1,2},{8,4,0,0,0,0,0,0,0},{0,0,0,0,0,0,0,0,0},{0,0,0,0,0,0,0,0,0},{0,0,0,0,0,0,0,0,0}}
]
15:53:16.682 [main] INFO  sudoku.model.SudokuBoard - Wartość 0 wstawiona nieprawidłowo
15:53:16.682 [main] INFO  sudoku.model.SudokuBoard - Bład w kwadracie 0
sudoku.model.SudokuBoard@685e6a68[
  size=9
  solver=sudoku.model.BacktrackingSudokuSolver@2fb48970
  board={{4,1,9,3,5,6,7,2,8},{2,8,5,9,1,7,6,3,4},{3,6,7,4,2,8,5,9,1},{7,9,2,5,6,1,8,4,3},{5,3,6,7,8,4,9,1,2},{8,0,0,0,0,0,0,0,0},{0,0,0,0,0,0,0,0,0},{0,0,0,0,0,0,0,0,0},{0,0,0,0,0,0,0,0,0}}
]
15:53:16.682 [main] INFO  sudoku.model.SudokuBoard - Wartość 0 wstawiona nieprawidłowo
15:53:16.682 [main] INFO  sudoku.model.SudokuBoard - Bład w kwadracie 0
sudoku.model.SudokuBoard@685e6a68[
  size=9
  solver=sudoku.model.BacktrackingSudokuSolver@2fb48970
  board={{4,1,9,3,5,6,7,2,8},{2,8,5,9,1,7,6,3,4},{3,6,7,4,2,8,5,9,1},{7,9,2,5,6,1,8,4,3},{5,3,6,7,8,4,9,1,2},{0,0,0,0,0,0,0,0,0},{0,0,0,0,0,0,0,0,0},{0,0,0,0,0,0,0,0,0},{0,0,0,0,0,0,0,0,0}}
]
15:53:16.682 [main] INFO  sudoku.model.SudokuBoard - Wartość 0 wstawiona nieprawidłowo
15:53:16.682 [main] INFO  sudoku.model.SudokuBoard - Bład w kwadracie 0
sudoku.model.SudokuBoard@685e6a68[
  size=9
  solver=sudoku.model.BacktrackingSudokuSolver@2fb48970
  board={{4,1,9,3,5,6,7,2,8},{2,8,5,9,1,7,6,3,4},{3,6,7,4,2,8,5,9,1},{7,9,2,5,6,1,8,4,3},{5,3,6,7,8,4,9,1,2},{1,4,8,2,3,0,0,0,0},{0,0,0,0,0,0,0,0,0},{0,0,0,0,0,0,0,0,0},{0,0,0,0,0,0,0,0,0}}
]
15:53:16.682 [main] INFO  sudoku.model.SudokuBoard - Wartość 0 wstawiona nieprawidłowo
15:53:16.682 [main] INFO  sudoku.model.SudokuBoard - Bład w kwadracie 0
sudoku.model.SudokuBoard@685e6a68[
  size=9
  solver=sudoku.model.BacktrackingSudokuSolver@2fb48970
  board={{4,1,9,3,5,6,7,2,8},{2,8,5,9,1,7,6,3,4},{3,6,7,4,2,8,5,9,1},{7,9,2,5,6,1,8,4,3},{5,3,6,7,8,4,9,1,2},{1,4,8,2,0,0,0,0,0},{0,0,0,0,0,0,0,0,0},{0,0,0,0,0,0,0,0,0},{0,0,0,0,0,0,0,0,0}}
]
15:53:16.682 [main] INFO  sudoku.model.SudokuBoard - Wartość 0 wstawiona nieprawidłowo
15:53:16.682 [main] INFO  sudoku.model.SudokuBoard - Bład w kwadracie 0
sudoku.model.SudokuBoard@685e6a68[
  size=9
  solver=sudoku.model.BacktrackingSudokuSolver@2fb48970
  board={{4,1,9,3,5,6,7,2,8},{2,8,5,9,1,7,6,3,4},{3,6,7,4,2,8,5,9,1},{7,9,2,5,6,1,8,4,3},{5,3,6,7,8,4,9,1,2},{1,4,8,2,9,0,0,0,0},{0,0,0,0,0,0,0,0,0},{0,0,0,0,0,0,0,0,0},{0,0,0,0,0,0,0,0,0}}
]
15:53:16.682 [main] INFO  sudoku.model.SudokuBoard - Wartość 0 wstawiona nieprawidłowo
15:53:16.683 [main] INFO  sudoku.model.SudokuBoard - Bład w kwadracie 0
sudoku.model.SudokuBoard@685e6a68[
  size=9
  solver=sudoku.model.BacktrackingSudokuSolver@2fb48970
  board={{4,1,9,3,5,6,7,2,8},{2,8,5,9,1,7,6,3,4},{3,6,7,4,2,8,5,9,1},{7,9,2,5,6,1,8,4,3},{5,3,6,7,8,4,9,1,2},{1,4,8,2,0,0,0,0,0},{0,0,0,0,0,0,0,0,0},{0,0,0,0,0,0,0,0,0},{0,0,0,0,0,0,0,0,0}}
]
15:53:16.683 [main] INFO  sudoku.model.SudokuBoard - Wartość 0 wstawiona nieprawidłowo
15:53:16.683 [main] INFO  sudoku.model.SudokuBoard - Bład w kwadracie 0
sudoku.model.SudokuBoard@685e6a68[
  size=9
  solver=sudoku.model.BacktrackingSudokuSolver@2fb48970
  board={{4,1,9,3,5,6,7,2,8},{2,8,5,9,1,7,6,3,4},{3,6,7,4,2,8,5,9,1},{7,9,2,5,6,1,8,4,3},{5,3,6,7,8,4,9,1,2},{1,4,8,0,0,0,0,0,0},{0,0,0,0,0,0,0,0,0},{0,0,0,0,0,0,0,0,0},{0,0,0,0,0,0,0,0,0}}
]
15:53:16.683 [main] INFO  sudoku.model.SudokuBoard - Wartość 0 wstawiona nieprawidłowo
15:53:16.683 [main] INFO  sudoku.model.SudokuBoard - Bład w kwadracie 0
sudoku.model.SudokuBoard@685e6a68[
  size=9
  solver=sudoku.model.BacktrackingSudokuSolver@2fb48970
  board={{4,1,9,3,5,6,7,2,8},{2,8,5,9,1,7,6,3,4},{3,6,7,4,2,8,5,9,1},{7,9,2,5,6,1,8,4,3},{5,3,6,7,8,4,9,1,2},{1,4,0,0,0,0,0,0,0},{0,0,0,0,0,0,0,0,0},{0,0,0,0,0,0,0,0,0},{0,0,0,0,0,0,0,0,0}}
]
15:53:16.683 [main] INFO  sudoku.model.SudokuBoard - Wartość 0 wstawiona nieprawidłowo
15:53:16.683 [main] INFO  sudoku.model.SudokuBoard - Bład w kwadracie 0
sudoku.model.SudokuBoard@685e6a68[
  size=9
  solver=sudoku.model.BacktrackingSudokuSolver@2fb48970
  board={{4,1,9,3,5,6,7,2,8},{2,8,5,9,1,7,6,3,4},{3,6,7,4,2,8,5,9,1},{7,9,2,5,6,1,8,4,3},{5,3,6,7,8,4,9,1,2},{1,0,0,0,0,0,0,0,0},{0,0,0,0,0,0,0,0,0},{0,0,0,0,0,0,0,0,0},{0,0,0,0,0,0,0,0,0}}
]
15:53:16.683 [main] INFO  sudoku.model.SudokuBoard - Wartość 0 wstawiona nieprawidłowo
15:53:16.683 [main] INFO  sudoku.model.SudokuBoard - Bład w kwadracie 0
sudoku.model.SudokuBoard@685e6a68[
  size=9
  solver=sudoku.model.BacktrackingSudokuSolver@2fb48970
  board={{4,1,9,3,5,6,7,2,8},{2,8,5,9,1,7,6,3,4},{3,6,7,4,2,8,5,9,1},{7,9,2,5,6,1,8,4,3},{5,3,6,7,8,4,9,1,2},{0,0,0,0,0,0,0,0,0},{0,0,0,0,0,0,0,0,0},{0,0,0,0,0,0,0,0,0},{0,0,0,0,0,0,0,0,0}}
]
15:53:16.683 [main] INFO  sudoku.model.SudokuBoard - Wartość 0 wstawiona nieprawidłowo
15:53:16.684 [main] INFO  sudoku.model.SudokuBoard - Bład w kwadracie 0
sudoku.model.SudokuBoard@685e6a68[
  size=9
  solver=sudoku.model.BacktrackingSudokuSolver@2fb48970
  board={{4,1,9,3,5,6,7,2,8},{2,8,5,9,1,7,6,3,4},{3,6,7,4,2,8,5,9,1},{7,9,2,5,6,1,8,4,3},{5,3,6,7,8,4,9,1,0},{0,0,0,0,0,0,0,0,0},{0,0,0,0,0,0,0,0,0},{0,0,0,0,0,0,0,0,0},{0,0,0,0,0,0,0,0,0}}
]
15:53:16.684 [main] INFO  sudoku.model.SudokuBoard - Wartość 0 wstawiona nieprawidłowo
15:53:16.685 [main] INFO  sudoku.model.SudokuBoard - Bład w kwadracie 0
sudoku.model.SudokuBoard@685e6a68[
  size=9
  solver=sudoku.model.BacktrackingSudokuSolver@2fb48970
  board={{4,1,9,3,5,6,7,2,8},{2,8,5,9,1,7,6,3,4},{3,6,7,4,2,8,5,9,1},{7,9,2,5,6,1,8,4,3},{5,3,6,7,8,4,9,0,0},{0,0,0,0,0,0,0,0,0},{0,0,0,0,0,0,0,0,0},{0,0,0,0,0,0,0,0,0},{0,0,0,0,0,0,0,0,0}}
]
15:53:16.686 [main] INFO  sudoku.model.SudokuBoard - Wartość 0 wstawiona nieprawidłowo
15:53:16.686 [main] INFO  sudoku.model.SudokuBoard - Bład w kwadracie 0
sudoku.model.SudokuBoard@685e6a68[
  size=9
  solver=sudoku.model.BacktrackingSudokuSolver@2fb48970
  board={{4,1,9,3,5,6,7,2,8},{2,8,5,9,1,7,6,3,4},{3,6,7,4,2,8,5,9,1},{7,9,2,5,6,1,8,4,3},{5,3,6,7,8,4,0,0,0},{0,0,0,0,0,0,0,0,0},{0,0,0,0,0,0,0,0,0},{0,0,0,0,0,0,0,0,0},{0,0,0,0,0,0,0,0,0}}
]
15:53:16.686 [main] INFO  sudoku.model.SudokuBoard - Wartość 0 wstawiona nieprawidłowo
15:53:16.686 [main] INFO  sudoku.model.SudokuBoard - Bład w kwadracie 0
sudoku.model.SudokuBoard@685e6a68[
  size=9
  solver=sudoku.model.BacktrackingSudokuSolver@2fb48970
  board={{4,1,9,3,5,6,7,2,8},{2,8,5,9,1,7,6,3,4},{3,6,7,4,2,8,5,9,1},{7,9,2,5,6,1,8,4,3},{5,3,6,7,8,0,0,0,0},{0,0,0,0,0,0,0,0,0},{0,0,0,0,0,0,0,0,0},{0,0,0,0,0,0,0,0,0},{0,0,0,0,0,0,0,0,0}}
]
15:53:16.686 [main] INFO  sudoku.model.SudokuBoard - Wartość 0 wstawiona nieprawidłowo
15:53:16.686 [main] INFO  sudoku.model.SudokuBoard - Bład w kwadracie 0
sudoku.model.SudokuBoard@685e6a68[
  size=9
  solver=sudoku.model.BacktrackingSudokuSolver@2fb48970
  board={{4,1,9,3,5,6,7,2,8},{2,8,5,9,1,7,6,3,4},{3,6,7,4,2,8,5,9,1},{7,9,2,5,6,1,8,4,3},{5,3,6,7,0,0,0,0,0},{0,0,0,0,0,0,0,0,0},{0,0,0,0,0,0,0,0,0},{0,0,0,0,0,0,0,0,0},{0,0,0,0,0,0,0,0,0}}
]
15:53:16.686 [main] INFO  sudoku.model.SudokuBoard - Wartość 0 wstawiona nieprawidłowo
15:53:16.687 [main] INFO  sudoku.model.SudokuBoard - Bład w kwadracie 0
sudoku.model.SudokuBoard@685e6a68[
  size=9
  solver=sudoku.model.BacktrackingSudokuSolver@2fb48970
  board={{4,1,9,3,5,6,7,2,8},{2,8,5,9,1,7,6,3,4},{3,6,7,4,2,8,5,9,1},{7,9,2,5,6,1,8,4,3},{5,3,6,7,9,2,0,0,0},{0,0,0,0,0,0,0,0,0},{0,0,0,0,0,0,0,0,0},{0,0,0,0,0,0,0,0,0},{0,0,0,0,0,0,0,0,0}}
]
15:53:16.687 [main] INFO  sudoku.model.SudokuBoard - Wartość 0 wstawiona nieprawidłowo
15:53:16.687 [main] INFO  sudoku.model.SudokuBoard - Bład w kwadracie 0
sudoku.model.SudokuBoard@685e6a68[
  size=9
  solver=sudoku.model.BacktrackingSudokuSolver@2fb48970
  board={{4,1,9,3,5,6,7,2,8},{2,8,5,9,1,7,6,3,4},{3,6,7,4,2,8,5,9,1},{7,9,2,5,6,1,8,4,3},{5,3,6,7,9,0,0,0,0},{0,0,0,0,0,0,0,0,0},{0,0,0,0,0,0,0,0,0},{0,0,0,0,0,0,0,0,0},{0,0,0,0,0,0,0,0,0}}
]
15:53:16.687 [main] INFO  sudoku.model.SudokuBoard - Wartość 0 wstawiona nieprawidłowo
15:53:16.688 [main] INFO  sudoku.model.SudokuBoard - Bład w kwadracie 0
sudoku.model.SudokuBoard@685e6a68[
  size=9
  solver=sudoku.model.BacktrackingSudokuSolver@2fb48970
  board={{4,1,9,3,5,6,7,2,8},{2,8,5,9,1,7,6,3,4},{3,6,7,4,2,8,5,9,1},{7,9,2,5,6,1,8,4,3},{5,3,6,7,9,4,2,0,0},{0,0,0,0,0,0,0,0,0},{0,0,0,0,0,0,0,0,0},{0,0,0,0,0,0,0,0,0},{0,0,0,0,0,0,0,0,0}}
]
15:53:16.688 [main] INFO  sudoku.model.SudokuBoard - Wartość 0 wstawiona nieprawidłowo
15:53:16.688 [main] INFO  sudoku.model.SudokuBoard - Bład w kwadracie 0
sudoku.model.SudokuBoard@685e6a68[
  size=9
  solver=sudoku.model.BacktrackingSudokuSolver@2fb48970
  board={{4,1,9,3,5,6,7,2,8},{2,8,5,9,1,7,6,3,4},{3,6,7,4,2,8,5,9,1},{7,9,2,5,6,1,8,4,3},{5,3,6,7,9,4,0,0,0},{0,0,0,0,0,0,0,0,0},{0,0,0,0,0,0,0,0,0},{0,0,0,0,0,0,0,0,0},{0,0,0,0,0,0,0,0,0}}
]
15:53:16.688 [main] INFO  sudoku.model.SudokuBoard - Wartość 0 wstawiona nieprawidłowo
15:53:16.688 [main] INFO  sudoku.model.SudokuBoard - Bład w kwadracie 0
sudoku.model.SudokuBoard@685e6a68[
  size=9
  solver=sudoku.model.BacktrackingSudokuSolver@2fb48970
  board={{4,1,9,3,5,6,7,2,8},{2,8,5,9,1,7,6,3,4},{3,6,7,4,2,8,5,9,1},{7,9,2,5,6,1,8,4,3},{5,3,6,7,9,4,0,0,0},{0,0,0,0,0,0,0,0,0},{0,0,0,0,0,0,0,0,0},{0,0,0,0,0,0,0,0,0},{0,0,0,0,0,0,0,0,0}}
]
15:53:16.688 [main] INFO  sudoku.model.SudokuBoard - Wartość 0 wstawiona nieprawidłowo
15:53:16.689 [main] INFO  sudoku.model.SudokuBoard - Bład w kwadracie 0
sudoku.model.SudokuBoard@685e6a68[
  size=9
  solver=sudoku.model.BacktrackingSudokuSolver@2fb48970
  board={{4,1,9,3,5,6,7,2,8},{2,8,5,9,1,7,6,3,4},{3,6,7,4,2,8,5,9,1},{7,9,2,5,6,1,8,4,3},{5,3,6,7,9,0,0,0,0},{0,0,0,0,0,0,0,0,0},{0,0,0,0,0,0,0,0,0},{0,0,0,0,0,0,0,0,0},{0,0,0,0,0,0,0,0,0}}
]
15:53:16.689 [main] INFO  sudoku.model.SudokuBoard - Wartość 0 wstawiona nieprawidłowo
15:53:16.689 [main] INFO  sudoku.model.SudokuBoard - Bład w kwadracie 0
sudoku.model.SudokuBoard@685e6a68[
  size=9
  solver=sudoku.model.BacktrackingSudokuSolver@2fb48970
  board={{4,1,9,3,5,6,7,2,8},{2,8,5,9,1,7,6,3,4},{3,6,7,4,2,8,5,9,1},{7,9,2,5,6,1,8,4,3},{5,3,6,7,0,0,0,0,0},{0,0,0,0,0,0,0,0,0},{0,0,0,0,0,0,0,0,0},{0,0,0,0,0,0,0,0,0},{0,0,0,0,0,0,0,0,0}}
]
15:53:16.689 [main] INFO  sudoku.model.SudokuBoard - Wartość 0 wstawiona nieprawidłowo
15:53:16.689 [main] INFO  sudoku.model.SudokuBoard - Bład w kwadracie 0
sudoku.model.SudokuBoard@685e6a68[
  size=9
  solver=sudoku.model.BacktrackingSudokuSolver@2fb48970
  board={{4,1,9,3,5,6,7,2,8},{2,8,5,9,1,7,6,3,4},{3,6,7,4,2,8,5,9,1},{7,9,2,5,6,1,8,4,3},{5,3,6,7,4,2,9,0,0},{0,0,0,0,0,0,0,0,0},{0,0,0,0,0,0,0,0,0},{0,0,0,0,0,0,0,0,0},{0,0,0,0,0,0,0,0,0}}
]
15:53:16.689 [main] INFO  sudoku.model.SudokuBoard - Wartość 0 wstawiona nieprawidłowo
15:53:16.689 [main] INFO  sudoku.model.SudokuBoard - Bład w kwadracie 0
sudoku.model.SudokuBoard@685e6a68[
  size=9
  solver=sudoku.model.BacktrackingSudokuSolver@2fb48970
  board={{4,1,9,3,5,6,7,2,8},{2,8,5,9,1,7,6,3,4},{3,6,7,4,2,8,5,9,1},{7,9,2,5,6,1,8,4,3},{5,3,6,7,4,2,0,0,0},{0,0,0,0,0,0,0,0,0},{0,0,0,0,0,0,0,0,0},{0,0,0,0,0,0,0,0,0},{0,0,0,0,0,0,0,0,0}}
]
15:53:16.689 [main] INFO  sudoku.model.SudokuBoard - Wartość 0 wstawiona nieprawidłowo
15:53:16.689 [main] INFO  sudoku.model.SudokuBoard - Bład w kwadracie 0
sudoku.model.SudokuBoard@685e6a68[
  size=9
  solver=sudoku.model.BacktrackingSudokuSolver@2fb48970
  board={{4,1,9,3,5,6,7,2,8},{2,8,5,9,1,7,6,3,4},{3,6,7,4,2,8,5,9,1},{7,9,2,5,6,1,8,4,3},{5,3,6,7,4,2,0,0,0},{0,0,0,0,0,0,0,0,0},{0,0,0,0,0,0,0,0,0},{0,0,0,0,0,0,0,0,0},{0,0,0,0,0,0,0,0,0}}
]
15:53:16.689 [main] INFO  sudoku.model.SudokuBoard - Wartość 0 wstawiona nieprawidłowo
15:53:16.690 [main] INFO  sudoku.model.SudokuBoard - Bład w kwadracie 0
sudoku.model.SudokuBoard@685e6a68[
  size=9
  solver=sudoku.model.BacktrackingSudokuSolver@2fb48970
  board={{4,1,9,3,5,6,7,2,8},{2,8,5,9,1,7,6,3,4},{3,6,7,4,2,8,5,9,1},{7,9,2,5,6,1,8,4,3},{5,3,6,7,4,0,0,0,0},{0,0,0,0,0,0,0,0,0},{0,0,0,0,0,0,0,0,0},{0,0,0,0,0,0,0,0,0},{0,0,0,0,0,0,0,0,0}}
]
15:53:16.690 [main] INFO  sudoku.model.SudokuBoard - Wartość 0 wstawiona nieprawidłowo
15:53:16.690 [main] INFO  sudoku.model.SudokuBoard - Bład w kwadracie 0
sudoku.model.SudokuBoard@685e6a68[
  size=9
  solver=sudoku.model.BacktrackingSudokuSolver@2fb48970
  board={{4,1,9,3,5,6,7,2,8},{2,8,5,9,1,7,6,3,4},{3,6,7,4,2,8,5,9,1},{7,9,2,5,6,1,8,4,3},{5,3,6,7,4,9,0,0,0},{0,0,0,0,0,0,0,0,0},{0,0,0,0,0,0,0,0,0},{0,0,0,0,0,0,0,0,0},{0,0,0,0,0,0,0,0,0}}
]
15:53:16.690 [main] INFO  sudoku.model.SudokuBoard - Wartość 0 wstawiona nieprawidłowo
15:53:16.690 [main] INFO  sudoku.model.SudokuBoard - Bład w kwadracie 0
sudoku.model.SudokuBoard@685e6a68[
  size=9
  solver=sudoku.model.BacktrackingSudokuSolver@2fb48970
  board={{4,1,9,3,5,6,7,2,8},{2,8,5,9,1,7,6,3,4},{3,6,7,4,2,8,5,9,1},{7,9,2,5,6,1,8,4,3},{5,3,6,7,4,9,2,0,0},{0,0,0,0,0,0,0,0,0},{0,0,0,0,0,0,0,0,0},{0,0,0,0,0,0,0,0,0},{0,0,0,0,0,0,0,0,0}}
]
15:53:16.690 [main] INFO  sudoku.model.SudokuBoard - Wartość 0 wstawiona nieprawidłowo
15:53:16.690 [main] INFO  sudoku.model.SudokuBoard - Bład w kwadracie 0
sudoku.model.SudokuBoard@685e6a68[
  size=9
  solver=sudoku.model.BacktrackingSudokuSolver@2fb48970
  board={{4,1,9,3,5,6,7,2,8},{2,8,5,9,1,7,6,3,4},{3,6,7,4,2,8,5,9,1},{7,9,2,5,6,1,8,4,3},{5,3,6,7,4,9,0,0,0},{0,0,0,0,0,0,0,0,0},{0,0,0,0,0,0,0,0,0},{0,0,0,0,0,0,0,0,0},{0,0,0,0,0,0,0,0,0}}
]
15:53:16.690 [main] INFO  sudoku.model.SudokuBoard - Wartość 0 wstawiona nieprawidłowo
15:53:16.690 [main] INFO  sudoku.model.SudokuBoard - Bład w kwadracie 0
sudoku.model.SudokuBoard@685e6a68[
  size=9
  solver=sudoku.model.BacktrackingSudokuSolver@2fb48970
  board={{4,1,9,3,5,6,7,2,8},{2,8,5,9,1,7,6,3,4},{3,6,7,4,2,8,5,9,1},{7,9,2,5,6,1,8,4,3},{5,3,6,7,4,0,0,0,0},{0,0,0,0,0,0,0,0,0},{0,0,0,0,0,0,0,0,0},{0,0,0,0,0,0,0,0,0},{0,0,0,0,0,0,0,0,0}}
]
15:53:16.690 [main] INFO  sudoku.model.SudokuBoard - Wartość 0 wstawiona nieprawidłowo
15:53:16.690 [main] INFO  sudoku.model.SudokuBoard - Bład w kwadracie 0
sudoku.model.SudokuBoard@685e6a68[
  size=9
  solver=sudoku.model.BacktrackingSudokuSolver@2fb48970
  board={{4,1,9,3,5,6,7,2,8},{2,8,5,9,1,7,6,3,4},{3,6,7,4,2,8,5,9,1},{7,9,2,5,6,1,8,4,3},{5,3,6,7,0,0,0,0,0},{0,0,0,0,0,0,0,0,0},{0,0,0,0,0,0,0,0,0},{0,0,0,0,0,0,0,0,0},{0,0,0,0,0,0,0,0,0}}
]
15:53:16.690 [main] INFO  sudoku.model.SudokuBoard - Wartość 0 wstawiona nieprawidłowo
15:53:16.690 [main] INFO  sudoku.model.SudokuBoard - Bład w kwadracie 0
sudoku.model.SudokuBoard@685e6a68[
  size=9
  solver=sudoku.model.BacktrackingSudokuSolver@2fb48970
  board={{4,1,9,3,5,6,7,2,8},{2,8,5,9,1,7,6,3,4},{3,6,7,4,2,8,5,9,1},{7,9,2,5,6,1,8,4,3},{5,3,6,0,0,0,0,0,0},{0,0,0,0,0,0,0,0,0},{0,0,0,0,0,0,0,0,0},{0,0,0,0,0,0,0,0,0},{0,0,0,0,0,0,0,0,0}}
]
15:53:16.691 [main] INFO  sudoku.model.SudokuBoard - Wartość 0 wstawiona nieprawidłowo
15:53:16.691 [main] INFO  sudoku.model.SudokuBoard - Bład w kwadracie 0
sudoku.model.SudokuBoard@685e6a68[
  size=9
  solver=sudoku.model.BacktrackingSudokuSolver@2fb48970
  board={{4,1,9,3,5,6,7,2,8},{2,8,5,9,1,7,6,3,4},{3,6,7,4,2,8,5,9,1},{7,9,2,5,6,1,8,4,3},{5,3,6,8,4,9,1,7,2},{8,4,1,7,3,2,9,5,6},{9,2,4,6,7,0,0,0,0},{0,0,0,0,0,0,0,0,0},{0,0,0,0,0,0,0,0,0}}
]
15:53:16.691 [main] INFO  sudoku.model.SudokuBoard - Wartość 0 wstawiona nieprawidłowo
15:53:16.691 [main] INFO  sudoku.model.SudokuBoard - Bład w kwadracie 0
sudoku.model.SudokuBoard@685e6a68[
  size=9
  solver=sudoku.model.BacktrackingSudokuSolver@2fb48970
  board={{4,1,9,3,5,6,7,2,8},{2,8,5,9,1,7,6,3,4},{3,6,7,4,2,8,5,9,1},{7,9,2,5,6,1,8,4,3},{5,3,6,8,4,9,1,7,2},{8,4,1,7,3,2,9,5,6},{9,2,4,6,7,5,3,0,0},{0,0,0,0,0,0,0,0,0},{0,0,0,0,0,0,0,0,0}}
]
15:53:16.691 [main] INFO  sudoku.model.SudokuBoard - Wartość 0 wstawiona nieprawidłowo
15:53:16.691 [main] INFO  sudoku.model.SudokuBoard - Bład w kwadracie 0
sudoku.model.SudokuBoard@685e6a68[
  size=9
  solver=sudoku.model.BacktrackingSudokuSolver@2fb48970
  board={{4,1,9,3,5,6,7,2,8},{2,8,5,9,1,7,6,3,4},{3,6,7,4,2,8,5,9,1},{7,9,2,5,6,1,8,4,3},{5,3,6,8,4,9,1,7,2},{8,4,1,7,3,2,9,5,6},{9,2,4,6,7,5,3,0,0},{0,0,0,0,0,0,0,0,0},{0,0,0,0,0,0,0,0,0}}
]
15:53:16.691 [main] INFO  sudoku.model.SudokuBoard - Wartość 0 wstawiona nieprawidłowo
15:53:16.691 [main] INFO  sudoku.model.SudokuBoard - Bład w kwadracie 0
sudoku.model.SudokuBoard@685e6a68[
  size=9
  solver=sudoku.model.BacktrackingSudokuSolver@2fb48970
  board={{4,1,9,3,5,6,7,2,8},{2,8,5,9,1,7,6,3,4},{3,6,7,4,2,8,5,9,1},{7,9,2,5,6,1,8,4,3},{5,3,6,8,4,9,1,7,2},{8,4,1,7,3,2,9,5,6},{9,2,4,6,7,5,0,0,0},{0,0,0,0,0,0,0,0,0},{0,0,0,0,0,0,0,0,0}}
]
15:53:16.691 [main] INFO  sudoku.model.SudokuBoard - Wartość 0 wstawiona nieprawidłowo
15:53:16.692 [main] INFO  sudoku.model.SudokuBoard - Bład w kwadracie 0
sudoku.model.SudokuBoard@685e6a68[
  size=9
  solver=sudoku.model.BacktrackingSudokuSolver@2fb48970
  board={{4,1,9,3,5,6,7,2,8},{2,8,5,9,1,7,6,3,4},{3,6,7,4,2,8,5,9,1},{7,9,2,5,6,1,8,4,3},{5,3,6,8,4,9,1,7,2},{8,4,1,7,3,2,9,5,6},{9,2,4,6,7,0,0,0,0},{0,0,0,0,0,0,0,0,0},{0,0,0,0,0,0,0,0,0}}
]
15:53:16.692 [main] INFO  sudoku.model.SudokuBoard - Wartość 0 wstawiona nieprawidłowo
15:53:16.692 [main] INFO  sudoku.model.SudokuBoard - Bład w kwadracie 0
sudoku.model.SudokuBoard@685e6a68[
  size=9
  solver=sudoku.model.BacktrackingSudokuSolver@2fb48970
  board={{4,1,9,3,5,6,7,2,8},{2,8,5,9,1,7,6,3,4},{3,6,7,4,2,8,5,9,1},{7,9,2,5,6,1,8,4,3},{5,3,6,8,4,9,1,7,2},{8,4,1,7,3,2,9,5,6},{9,2,4,6,0,0,0,0,0},{0,0,0,0,0,0,0,0,0},{0,0,0,0,0,0,0,0,0}}
]
15:53:16.692 [main] INFO  sudoku.model.SudokuBoard - Wartość 0 wstawiona nieprawidłowo
15:53:16.692 [main] INFO  sudoku.model.SudokuBoard - Bład w kwadracie 0
sudoku.model.SudokuBoard@685e6a68[
  size=9
  solver=sudoku.model.BacktrackingSudokuSolver@2fb48970
  board={{4,1,9,3,5,6,7,2,8},{2,8,5,9,1,7,6,3,4},{3,6,7,4,2,8,5,9,1},{7,9,2,5,6,1,8,4,3},{5,3,6,8,4,9,1,7,2},{8,4,1,7,3,2,9,5,6},{9,2,4,6,8,0,0,0,0},{0,0,0,0,0,0,0,0,0},{0,0,0,0,0,0,0,0,0}}
]
15:53:16.692 [main] INFO  sudoku.model.SudokuBoard - Wartość 0 wstawiona nieprawidłowo
15:53:16.693 [main] INFO  sudoku.model.SudokuBoard - Bład w kwadracie 0
sudoku.model.SudokuBoard@685e6a68[
  size=9
  solver=sudoku.model.BacktrackingSudokuSolver@2fb48970
  board={{0,1,9,3,5,6,7,2,8},{2,8,5,9,1,7,6,3,4},{3,6,7,4,2,8,5,9,1},{7,9,2,5,6,1,8,4,3},{5,3,6,8,4,9,1,7,2},{8,4,1,7,3,2,9,5,6},{9,2,4,6,8,5,3,1,7},{6,7,3,1,9,4,2,8,5},{1,5,8,2,7,3,4,6,9}}
]
15:53:16.693 [main] INFO  sudoku.model.SudokuBoard - Wartość 0 wstawiona nieprawidłowo
]]></system-out>
  </testcase>
</testsuite>