<?xml version="1.0" encoding="UTF-8"?>
<testsuite xmlns:xsi="http://www.w3.org/2001/XMLSchema-instance" xsi:noNamespaceSchemaLocation="https://maven.apache.org/surefire/maven-surefire-plugin/xsd/surefire-test-report-3.0.xsd" version="3.0" name="sudoku.model.SudokuBoardTest" time="0.278" tests="14" errors="0" skipped="0" failures="0">
  <properties>
[...]
</properties>
  <testcase name="ShowBoardTest" classname="sudoku.model.SudokuBoardTest" time="0.001"/>
  <testcase name="testEqualsWrongObject" classname="sudoku.model.SudokuBoardTest" time="0.002"/>
  <testcase name="testToString" classname="sudoku.model.SudokuBoardTest" time="0.053">
    <system-out><![CDATA[Bład w kwadracie 0
sudoku.model.SudokuBoard@1b6e32ee[
  size=9
  solver=sudoku.model.BacktrackingSudokuSolver@798d8247
  board={{2,3,8,4,9,1,7,5,6},{9,5,4,3,6,2,1,0,0},{0,0,0,0,0,0,0,0,0},{0,0,0,0,0,0,0,0,0},{0,0,0,0,0,0,0,0,0},{0,0,0,0,0,0,0,0,0},{0,0,0,0,0,0,0,0,0},{0,0,0,0,0,0,0,0,0},{0,0,0,0,0,0,0,0,0}}
]
Wartość 0 wstawiona nieprawidłowo
Bład w kwadracie 0
sudoku.model.SudokuBoard@1b6e32ee[
  size=9
  solver=sudoku.model.BacktrackingSudokuSolver@798d8247
  board={{2,3,8,4,9,1,7,5,6},{9,5,4,3,6,2,0,0,0},{0,0,0,0,0,0,0,0,0},{0,0,0,0,0,0,0,0,0},{0,0,0,0,0,0,0,0,0},{0,0,0,0,0,0,0,0,0},{0,0,0,0,0,0,0,0,0},{0,0,0,0,0,0,0,0,0},{0,0,0,0,0,0,0,0,0}}
]
Wartość 0 wstawiona nieprawidłowo
Bład w kwadracie 0
sudoku.model.SudokuBoard@1b6e32ee[
  size=9
  solver=sudoku.model.BacktrackingSudokuSolver@798d8247
  board={{2,3,8,4,9,1,7,5,6},{9,5,4,3,6,2,8,0,0},{0,0,0,0,0,0,0,0,0},{0,0,0,0,0,0,0,0,0},{0,0,0,0,0,0,0,0,0},{0,0,0,0,0,0,0,0,0},{0,0,0,0,0,0,0,0,0},{0,0,0,0,0,0,0,0,0},{0,0,0,0,0,0,0,0,0}}
]
Wartość 0 wstawiona nieprawidłowo
Bład w kwadracie 0
sudoku.model.SudokuBoard@1b6e32ee[
  size=9
  solver=sudoku.model.BacktrackingSudokuSolver@798d8247
  board={{2,3,8,4,9,1,7,5,6},{9,5,4,3,6,2,0,0,0},{0,0,0,0,0,0,0,0,0},{0,0,0,0,0,0,0,0,0},{0,0,0,0,0,0,0,0,0},{0,0,0,0,0,0,0,0,0},{0,0,0,0,0,0,0,0,0},{0,0,0,0,0,0,0,0,0},{0,0,0,0,0,0,0,0,0}}
]
Wartość 0 wstawiona nieprawidłowo
Bład w kwadracie 0
sudoku.model.SudokuBoard@1b6e32ee[
  size=9
  solver=sudoku.model.BacktrackingSudokuSolver@798d8247
  board={{2,3,8,4,9,1,7,5,6},{9,5,4,3,6,0,0,0,0},{0,0,0,0,0,0,0,0,0},{0,0,0,0,0,0,0,0,0},{0,0,0,0,0,0,0,0,0},{0,0,0,0,0,0,0,0,0},{0,0,0,0,0,0,0,0,0},{0,0,0,0,0,0,0,0,0},{0,0,0,0,0,0,0,0,0}}
]
Wartość 0 wstawiona nieprawidłowo
Bład w kwadracie 0
sudoku.model.SudokuBoard@1b6e32ee[
  size=9
  solver=sudoku.model.BacktrackingSudokuSolver@798d8247
  board={{2,3,8,4,9,1,7,5,6},{9,5,4,3,6,7,8,1,2},{1,6,7,5,8,2,9,3,4},{3,4,6,9,5,8,1,0,0},{0,0,0,0,0,0,0,0,0},{0,0,0,0,0,0,0,0,0},{0,0,0,0,0,0,0,0,0},{0,0,0,0,0,0,0,0,0},{0,0,0,0,0,0,0,0,0}}
]
Wartość 0 wstawiona nieprawidłowo
Bład w kwadracie 0
sudoku.model.SudokuBoard@1b6e32ee[
  size=9
  solver=sudoku.model.BacktrackingSudokuSolver@798d8247
  board={{2,3,8,4,9,1,7,5,6},{9,5,4,3,6,7,8,1,2},{1,6,7,5,8,2,9,3,4},{3,4,6,9,5,8,1,2,7},{5,8,9,6,4,0,0,0,0},{0,0,0,0,0,0,0,0,0},{0,0,0,0,0,0,0,0,0},{0,0,0,0,0,0,0,0,0},{0,0,0,0,0,0,0,0,0}}
]
Wartość 0 wstawiona nieprawidłowo
Bład w kwadracie 0
sudoku.model.SudokuBoard@1b6e32ee[
  size=9
  solver=sudoku.model.BacktrackingSudokuSolver@798d8247
  board={{2,3,8,4,9,1,7,5,6},{9,5,4,3,6,7,8,1,2},{1,6,7,5,8,2,9,3,4},{3,4,6,9,5,8,1,2,7},{5,8,9,6,0,0,0,0,0},{0,0,0,0,0,0,0,0,0},{0,0,0,0,0,0,0,0,0},{0,0,0,0,0,0,0,0,0},{0,0,0,0,0,0,0,0,0}}
]
Wartość 0 wstawiona nieprawidłowo
Bład w kwadracie 0
sudoku.model.SudokuBoard@1b6e32ee[
  size=9
  solver=sudoku.model.BacktrackingSudokuSolver@798d8247
  board={{2,3,8,4,9,1,7,5,6},{9,5,4,3,6,7,8,1,2},{1,6,7,5,8,2,9,3,4},{3,4,6,9,5,8,1,2,7},{5,8,9,6,7,3,0,0,0},{0,0,0,0,0,0,0,0,0},{0,0,0,0,0,0,0,0,0},{0,0,0,0,0,0,0,0,0},{0,0,0,0,0,0,0,0,0}}
]
Wartość 0 wstawiona nieprawidłowo
Bład w kwadracie 0
sudoku.model.SudokuBoard@1b6e32ee[
  size=9
  solver=sudoku.model.BacktrackingSudokuSolver@798d8247
  board={{2,3,8,4,9,1,7,5,6},{9,5,4,3,6,7,8,1,2},{1,6,7,5,8,2,9,3,4},{3,4,6,9,5,8,1,2,7},{5,8,9,6,7,0,0,0,0},{0,0,0,0,0,0,0,0,0},{0,0,0,0,0,0,0,0,0},{0,0,0,0,0,0,0,0,0},{0,0,0,0,0,0,0,0,0}}
]
Wartość 0 wstawiona nieprawidłowo
Bład w kwadracie 0
sudoku.model.SudokuBoard@1b6e32ee[
  size=9
  solver=sudoku.model.BacktrackingSudokuSolver@798d8247
  board={{2,3,8,4,9,1,7,5,6},{9,5,4,3,6,7,8,1,2},{1,6,7,5,8,2,9,3,4},{3,4,6,9,5,8,1,2,7},{5,8,9,6,7,4,0,0,0},{0,0,0,0,0,0,0,0,0},{0,0,0,0,0,0,0,0,0},{0,0,0,0,0,0,0,0,0},{0,0,0,0,0,0,0,0,0}}
]
Wartość 0 wstawiona nieprawidłowo
Bład w kwadracie 0
sudoku.model.SudokuBoard@1b6e32ee[
  size=9
  solver=sudoku.model.BacktrackingSudokuSolver@798d8247
  board={{2,3,8,4,9,1,7,5,6},{9,5,4,3,6,7,8,1,2},{1,6,7,5,8,2,9,3,4},{3,4,6,9,5,8,1,2,7},{5,8,9,6,7,0,0,0,0},{0,0,0,0,0,0,0,0,0},{0,0,0,0,0,0,0,0,0},{0,0,0,0,0,0,0,0,0},{0,0,0,0,0,0,0,0,0}}
]
Wartość 0 wstawiona nieprawidłowo
Bład w kwadracie 0
sudoku.model.SudokuBoard@1b6e32ee[
  size=9
  solver=sudoku.model.BacktrackingSudokuSolver@798d8247
  board={{2,3,8,4,9,1,7,5,6},{9,5,4,3,6,7,8,1,2},{1,6,7,5,8,2,9,3,4},{3,4,6,9,5,8,1,2,7},{5,8,9,6,0,0,0,0,0},{0,0,0,0,0,0,0,0,0},{0,0,0,0,0,0,0,0,0},{0,0,0,0,0,0,0,0,0},{0,0,0,0,0,0,0,0,0}}
]
Wartość 0 wstawiona nieprawidłowo
Bład w kwadracie 0
sudoku.model.SudokuBoard@1b6e32ee[
  size=9
  solver=sudoku.model.BacktrackingSudokuSolver@798d8247
  board={{2,3,8,4,9,1,7,5,6},{9,5,4,3,6,7,8,1,2},{1,6,7,5,8,2,9,3,4},{3,4,6,9,5,8,1,2,7},{5,8,9,6,1,3,0,0,0},{0,0,0,0,0,0,0,0,0},{0,0,0,0,0,0,0,0,0},{0,0,0,0,0,0,0,0,0},{0,0,0,0,0,0,0,0,0}}
]
Wartość 0 wstawiona nieprawidłowo
Bład w kwadracie 0
sudoku.model.SudokuBoard@1b6e32ee[
  size=9
  solver=sudoku.model.BacktrackingSudokuSolver@798d8247
  board={{2,3,8,4,9,1,7,5,6},{9,5,4,3,6,7,8,1,2},{1,6,7,5,8,2,9,3,4},{3,4,6,9,5,8,1,2,7},{5,8,9,6,1,0,0,0,0},{0,0,0,0,0,0,0,0,0},{0,0,0,0,0,0,0,0,0},{0,0,0,0,0,0,0,0,0},{0,0,0,0,0,0,0,0,0}}
]
Wartość 0 wstawiona nieprawidłowo
Bład w kwadracie 0
sudoku.model.SudokuBoard@1b6e32ee[
  size=9
  solver=sudoku.model.BacktrackingSudokuSolver@798d8247
  board={{2,3,8,4,9,1,7,5,6},{9,5,4,3,6,7,8,1,2},{1,6,7,5,8,2,9,3,4},{3,4,6,9,5,8,1,2,7},{5,8,9,6,1,4,0,0,0},{0,0,0,0,0,0,0,0,0},{0,0,0,0,0,0,0,0,0},{0,0,0,0,0,0,0,0,0},{0,0,0,0,0,0,0,0,0}}
]
Wartość 0 wstawiona nieprawidłowo
Bład w kwadracie 0
sudoku.model.SudokuBoard@1b6e32ee[
  size=9
  solver=sudoku.model.BacktrackingSudokuSolver@798d8247
  board={{2,3,8,4,9,1,7,5,6},{9,5,4,3,6,7,8,1,2},{1,6,7,5,8,2,9,3,4},{3,4,6,9,5,8,1,2,7},{5,8,9,6,1,0,0,0,0},{0,0,0,0,0,0,0,0,0},{0,0,0,0,0,0,0,0,0},{0,0,0,0,0,0,0,0,0},{0,0,0,0,0,0,0,0,0}}
]
Wartość 0 wstawiona nieprawidłowo
Bład w kwadracie 0
sudoku.model.SudokuBoard@1b6e32ee[
  size=9
  solver=sudoku.model.BacktrackingSudokuSolver@798d8247
  board={{2,3,8,4,9,1,7,5,6},{9,5,4,3,6,7,8,1,2},{1,6,7,5,8,2,9,3,4},{3,4,6,9,5,8,1,2,7},{5,8,9,6,0,0,0,0,0},{0,0,0,0,0,0,0,0,0},{0,0,0,0,0,0,0,0,0},{0,0,0,0,0,0,0,0,0},{0,0,0,0,0,0,0,0,0}}
]
Wartość 0 wstawiona nieprawidłowo
Bład w kwadracie 0
sudoku.model.SudokuBoard@1b6e32ee[
  size=9
  solver=sudoku.model.BacktrackingSudokuSolver@798d8247
  board={{2,3,8,4,9,1,7,5,6},{9,5,4,3,6,7,8,1,2},{1,6,7,5,8,2,9,3,4},{3,4,6,9,5,8,1,2,7},{5,8,9,6,2,4,0,0,0},{0,0,0,0,0,0,0,0,0},{0,0,0,0,0,0,0,0,0},{0,0,0,0,0,0,0,0,0},{0,0,0,0,0,0,0,0,0}}
]
Wartość 0 wstawiona nieprawidłowo
Bład w kwadracie 0
sudoku.model.SudokuBoard@1b6e32ee[
  size=9
  solver=sudoku.model.BacktrackingSudokuSolver@798d8247
  board={{2,3,8,4,9,1,7,5,6},{9,5,4,3,6,7,8,1,2},{1,6,7,5,8,2,9,3,4},{3,4,6,9,5,8,1,2,7},{5,8,9,6,2,0,0,0,0},{0,0,0,0,0,0,0,0,0},{0,0,0,0,0,0,0,0,0},{0,0,0,0,0,0,0,0,0},{0,0,0,0,0,0,0,0,0}}
]
Wartość 0 wstawiona nieprawidłowo
Bład w kwadracie 0
sudoku.model.SudokuBoard@1b6e32ee[
  size=9
  solver=sudoku.model.BacktrackingSudokuSolver@798d8247
  board={{2,3,8,4,9,1,7,5,6},{9,5,4,3,6,7,8,1,2},{1,6,7,5,8,2,9,3,4},{3,4,6,9,5,8,1,2,7},{5,8,9,6,2,3,0,0,0},{0,0,0,0,0,0,0,0,0},{0,0,0,0,0,0,0,0,0},{0,0,0,0,0,0,0,0,0},{0,0,0,0,0,0,0,0,0}}
]
Wartość 0 wstawiona nieprawidłowo
Bład w kwadracie 0
sudoku.model.SudokuBoard@1b6e32ee[
  size=9
  solver=sudoku.model.BacktrackingSudokuSolver@798d8247
  board={{2,3,8,4,9,1,7,5,6},{9,5,4,3,6,7,8,1,2},{1,6,7,5,8,2,9,3,4},{3,4,6,9,5,8,1,2,7},{5,8,9,6,2,0,0,0,0},{0,0,0,0,0,0,0,0,0},{0,0,0,0,0,0,0,0,0},{0,0,0,0,0,0,0,0,0},{0,0,0,0,0,0,0,0,0}}
]
Wartość 0 wstawiona nieprawidłowo
Bład w kwadracie 0
sudoku.model.SudokuBoard@1b6e32ee[
  size=9
  solver=sudoku.model.BacktrackingSudokuSolver@798d8247
  board={{2,3,8,4,9,1,7,5,6},{9,5,4,3,6,7,8,1,2},{1,6,7,5,8,2,9,3,4},{3,4,6,9,5,8,1,2,7},{5,8,9,6,0,0,0,0,0},{0,0,0,0,0,0,0,0,0},{0,0,0,0,0,0,0,0,0},{0,0,0,0,0,0,0,0,0},{0,0,0,0,0,0,0,0,0}}
]
Wartość 0 wstawiona nieprawidłowo
Bład w kwadracie 0
sudoku.model.SudokuBoard@1b6e32ee[
  size=9
  solver=sudoku.model.BacktrackingSudokuSolver@798d8247
  board={{2,3,8,4,9,1,7,5,6},{9,5,4,3,6,7,8,1,2},{1,6,7,5,8,2,9,3,4},{3,4,6,9,5,8,1,2,7},{5,8,9,6,3,0,0,0,0},{0,0,0,0,0,0,0,0,0},{0,0,0,0,0,0,0,0,0},{0,0,0,0,0,0,0,0,0},{0,0,0,0,0,0,0,0,0}}
]
Wartość 0 wstawiona nieprawidłowo
Bład w kwadracie 0
sudoku.model.SudokuBoard@1b6e32ee[
  size=9
  solver=sudoku.model.BacktrackingSudokuSolver@798d8247
  board={{2,3,8,4,9,1,7,5,6},{9,5,4,3,6,7,8,1,2},{1,6,7,5,8,2,9,3,4},{3,4,6,9,5,8,1,2,7},{5,8,9,6,0,0,0,0,0},{0,0,0,0,0,0,0,0,0},{0,0,0,0,0,0,0,0,0},{0,0,0,0,0,0,0,0,0},{0,0,0,0,0,0,0,0,0}}
]
Wartość 0 wstawiona nieprawidłowo
Bład w kwadracie 0
sudoku.model.SudokuBoard@1b6e32ee[
  size=9
  solver=sudoku.model.BacktrackingSudokuSolver@798d8247
  board={{2,3,8,4,9,1,7,5,6},{9,5,4,3,6,7,8,1,2},{1,6,7,5,8,2,9,3,4},{3,4,6,9,5,8,1,2,7},{5,8,9,0,0,0,0,0,0},{0,0,0,0,0,0,0,0,0},{0,0,0,0,0,0,0,0,0},{0,0,0,0,0,0,0,0,0},{0,0,0,0,0,0,0,0,0}}
]
Wartość 0 wstawiona nieprawidłowo
Bład w kwadracie 0
sudoku.model.SudokuBoard@1b6e32ee[
  size=9
  solver=sudoku.model.BacktrackingSudokuSolver@798d8247
  board={{2,3,8,4,9,1,7,5,6},{9,5,4,3,6,7,8,1,2},{1,6,7,5,8,2,9,3,4},{3,4,6,9,5,8,1,2,7},{5,8,9,7,1,4,0,0,0},{0,0,0,0,0,0,0,0,0},{0,0,0,0,0,0,0,0,0},{0,0,0,0,0,0,0,0,0},{0,0,0,0,0,0,0,0,0}}
]
Wartość 0 wstawiona nieprawidłowo
Bład w kwadracie 0
sudoku.model.SudokuBoard@1b6e32ee[
  size=9
  solver=sudoku.model.BacktrackingSudokuSolver@798d8247
  board={{2,3,8,4,9,1,7,5,6},{9,5,4,3,6,7,8,1,2},{1,6,7,5,8,2,9,3,4},{3,4,6,9,5,8,1,2,7},{5,8,9,7,1,4,3,0,0},{0,0,0,0,0,0,0,0,0},{0,0,0,0,0,0,0,0,0},{0,0,0,0,0,0,0,0,0},{0,0,0,0,0,0,0,0,0}}
]
Wartość 0 wstawiona nieprawidłowo
Bład w kwadracie 0
sudoku.model.SudokuBoard@1b6e32ee[
  size=9
  solver=sudoku.model.BacktrackingSudokuSolver@798d8247
  board={{2,3,8,4,9,1,7,5,6},{9,5,4,3,6,7,8,1,2},{1,6,7,5,8,2,9,3,4},{3,4,6,9,5,8,1,2,7},{5,8,9,7,1,4,0,0,0},{0,0,0,0,0,0,0,0,0},{0,0,0,0,0,0,0,0,0},{0,0,0,0,0,0,0,0,0},{0,0,0,0,0,0,0,0,0}}
]
Wartość 0 wstawiona nieprawidłowo
Bład w kwadracie 0
sudoku.model.SudokuBoard@1b6e32ee[
  size=9
  solver=sudoku.model.BacktrackingSudokuSolver@798d8247
  board={{2,3,8,4,9,1,7,5,6},{9,5,4,3,6,7,8,1,2},{1,6,7,5,8,2,9,3,4},{3,4,6,9,5,8,1,2,7},{5,8,9,7,1,0,0,0,0},{0,0,0,0,0,0,0,0,0},{0,0,0,0,0,0,0,0,0},{0,0,0,0,0,0,0,0,0},{0,0,0,0,0,0,0,0,0}}
]
Wartość 0 wstawiona nieprawidłowo
Bład w kwadracie 0
sudoku.model.SudokuBoard@1b6e32ee[
  size=9
  solver=sudoku.model.BacktrackingSudokuSolver@798d8247
  board={{2,3,8,4,9,1,7,5,6},{9,5,4,3,6,7,8,1,2},{1,6,7,5,8,2,9,3,4},{3,4,6,9,5,8,1,2,7},{5,8,9,7,1,6,3,0,0},{0,0,0,0,0,0,0,0,0},{0,0,0,0,0,0,0,0,0},{0,0,0,0,0,0,0,0,0},{0,0,0,0,0,0,0,0,0}}
]
Wartość 0 wstawiona nieprawidłowo
Bład w kwadracie 0
sudoku.model.SudokuBoard@1b6e32ee[
  size=9
  solver=sudoku.model.BacktrackingSudokuSolver@798d8247
  board={{2,3,8,4,9,1,7,5,6},{9,5,4,3,6,7,8,1,2},{1,6,7,5,8,2,9,3,4},{3,4,6,9,5,8,1,2,7},{5,8,9,7,1,6,0,0,0},{0,0,0,0,0,0,0,0,0},{0,0,0,0,0,0,0,0,0},{0,0,0,0,0,0,0,0,0},{0,0,0,0,0,0,0,0,0}}
]
Wartość 0 wstawiona nieprawidłowo
Bład w kwadracie 0
sudoku.model.SudokuBoard@1b6e32ee[
  size=9
  solver=sudoku.model.BacktrackingSudokuSolver@798d8247
  board={{2,3,8,4,9,1,7,5,6},{9,5,4,3,6,7,8,1,2},{1,6,7,5,8,2,9,3,4},{3,4,6,9,5,8,1,2,7},{5,8,9,7,1,6,0,0,0},{0,0,0,0,0,0,0,0,0},{0,0,0,0,0,0,0,0,0},{0,0,0,0,0,0,0,0,0},{0,0,0,0,0,0,0,0,0}}
]
Wartość 0 wstawiona nieprawidłowo
Bład w kwadracie 0
sudoku.model.SudokuBoard@1b6e32ee[
  size=9
  solver=sudoku.model.BacktrackingSudokuSolver@798d8247
  board={{2,3,8,4,9,1,7,5,6},{9,5,4,3,6,7,8,1,2},{1,6,7,5,8,2,9,3,4},{3,4,6,9,5,8,1,2,7},{5,8,9,7,1,0,0,0,0},{0,0,0,0,0,0,0,0,0},{0,0,0,0,0,0,0,0,0},{0,0,0,0,0,0,0,0,0},{0,0,0,0,0,0,0,0,0}}
]
Wartość 0 wstawiona nieprawidłowo
Bład w kwadracie 0
sudoku.model.SudokuBoard@1b6e32ee[
  size=9
  solver=sudoku.model.BacktrackingSudokuSolver@798d8247
  board={{2,3,8,4,9,1,7,5,6},{9,5,4,3,6,7,8,1,2},{1,6,7,5,8,2,9,3,4},{3,4,6,9,5,8,1,2,7},{5,8,9,7,1,3,4,0,0},{0,0,0,0,0,0,0,0,0},{0,0,0,0,0,0,0,0,0},{0,0,0,0,0,0,0,0,0},{0,0,0,0,0,0,0,0,0}}
]
Wartość 0 wstawiona nieprawidłowo
Bład w kwadracie 0
sudoku.model.SudokuBoard@1b6e32ee[
  size=9
  solver=sudoku.model.BacktrackingSudokuSolver@798d8247
  board={{2,3,8,4,9,1,7,5,6},{9,5,4,3,6,7,8,1,2},{1,6,7,5,8,2,9,3,4},{3,4,6,9,5,8,1,2,7},{5,8,9,7,1,3,0,0,0},{0,0,0,0,0,0,0,0,0},{0,0,0,0,0,0,0,0,0},{0,0,0,0,0,0,0,0,0},{0,0,0,0,0,0,0,0,0}}
]
Wartość 0 wstawiona nieprawidłowo
Bład w kwadracie 0
sudoku.model.SudokuBoard@1b6e32ee[
  size=9
  solver=sudoku.model.BacktrackingSudokuSolver@798d8247
  board={{2,3,8,4,9,1,7,5,6},{9,5,4,3,6,7,8,1,2},{1,6,7,5,8,2,9,3,4},{3,4,6,9,5,8,1,2,7},{5,8,9,7,1,3,6,0,0},{0,0,0,0,0,0,0,0,0},{0,0,0,0,0,0,0,0,0},{0,0,0,0,0,0,0,0,0},{0,0,0,0,0,0,0,0,0}}
]
Wartość 0 wstawiona nieprawidłowo
Bład w kwadracie 0
sudoku.model.SudokuBoard@1b6e32ee[
  size=9
  solver=sudoku.model.BacktrackingSudokuSolver@798d8247
  board={{2,3,8,4,9,1,7,5,6},{9,5,4,3,6,7,8,1,2},{1,6,7,5,8,2,9,3,4},{3,4,6,9,5,8,1,2,7},{5,8,9,7,1,3,0,0,0},{0,0,0,0,0,0,0,0,0},{0,0,0,0,0,0,0,0,0},{0,0,0,0,0,0,0,0,0},{0,0,0,0,0,0,0,0,0}}
]
Wartość 0 wstawiona nieprawidłowo
Bład w kwadracie 0
sudoku.model.SudokuBoard@1b6e32ee[
  size=9
  solver=sudoku.model.BacktrackingSudokuSolver@798d8247
  board={{2,3,8,4,9,1,7,5,6},{9,5,4,3,6,7,8,1,2},{1,6,7,5,8,2,9,3,4},{3,4,6,9,5,8,1,2,7},{5,8,9,7,1,0,0,0,0},{0,0,0,0,0,0,0,0,0},{0,0,0,0,0,0,0,0,0},{0,0,0,0,0,0,0,0,0},{0,0,0,0,0,0,0,0,0}}
]
Wartość 0 wstawiona nieprawidłowo
Bład w kwadracie 0
sudoku.model.SudokuBoard@1b6e32ee[
  size=9
  solver=sudoku.model.BacktrackingSudokuSolver@798d8247
  board={{2,3,8,4,9,1,7,5,6},{9,5,4,3,6,7,8,1,2},{1,6,7,5,8,2,9,3,4},{3,4,6,9,5,8,1,2,7},{5,8,9,7,0,0,0,0,0},{0,0,0,0,0,0,0,0,0},{0,0,0,0,0,0,0,0,0},{0,0,0,0,0,0,0,0,0},{0,0,0,0,0,0,0,0,0}}
]
Wartość 0 wstawiona nieprawidłowo
Bład w kwadracie 0
sudoku.model.SudokuBoard@1b6e32ee[
  size=9
  solver=sudoku.model.BacktrackingSudokuSolver@798d8247
  board={{2,3,8,4,9,1,7,5,6},{9,5,4,3,6,7,8,1,2},{1,6,7,5,8,2,9,3,4},{3,4,6,9,5,8,1,2,7},{5,8,9,7,2,3,4,0,0},{0,0,0,0,0,0,0,0,0},{0,0,0,0,0,0,0,0,0},{0,0,0,0,0,0,0,0,0},{0,0,0,0,0,0,0,0,0}}
]
Wartość 0 wstawiona nieprawidłowo
Bład w kwadracie 0
sudoku.model.SudokuBoard@1b6e32ee[
  size=9
  solver=sudoku.model.BacktrackingSudokuSolver@798d8247
  board={{2,3,8,4,9,1,7,5,6},{9,5,4,3,6,7,8,1,2},{1,6,7,5,8,2,9,3,4},{3,4,6,9,5,8,1,2,7},{5,8,9,7,2,3,0,0,0},{0,0,0,0,0,0,0,0,0},{0,0,0,0,0,0,0,0,0},{0,0,0,0,0,0,0,0,0},{0,0,0,0,0,0,0,0,0}}
]
Wartość 0 wstawiona nieprawidłowo
Bład w kwadracie 0
sudoku.model.SudokuBoard@1b6e32ee[
  size=9
  solver=sudoku.model.BacktrackingSudokuSolver@798d8247
  board={{2,3,8,4,9,1,7,5,6},{9,5,4,3,6,7,8,1,2},{1,6,7,5,8,2,9,3,4},{3,4,6,9,5,8,1,2,7},{5,8,9,7,2,3,6,0,0},{0,0,0,0,0,0,0,0,0},{0,0,0,0,0,0,0,0,0},{0,0,0,0,0,0,0,0,0},{0,0,0,0,0,0,0,0,0}}
]
Wartość 0 wstawiona nieprawidłowo
Bład w kwadracie 0
sudoku.model.SudokuBoard@1b6e32ee[
  size=9
  solver=sudoku.model.BacktrackingSudokuSolver@798d8247
  board={{2,3,8,4,9,1,7,5,6},{9,5,4,3,6,7,8,1,2},{1,6,7,5,8,2,9,3,4},{3,4,6,9,5,8,1,2,7},{5,8,9,7,2,3,0,0,0},{0,0,0,0,0,0,0,0,0},{0,0,0,0,0,0,0,0,0},{0,0,0,0,0,0,0,0,0},{0,0,0,0,0,0,0,0,0}}
]
Wartość 0 wstawiona nieprawidłowo
Bład w kwadracie 0
sudoku.model.SudokuBoard@1b6e32ee[
  size=9
  solver=sudoku.model.BacktrackingSudokuSolver@798d8247
  board={{2,3,8,4,9,1,7,5,6},{9,5,4,3,6,7,8,1,2},{1,6,7,5,8,2,9,3,4},{3,4,6,9,5,8,1,2,7},{5,8,9,7,2,0,0,0,0},{0,0,0,0,0,0,0,0,0},{0,0,0,0,0,0,0,0,0},{0,0,0,0,0,0,0,0,0},{0,0,0,0,0,0,0,0,0}}
]
Wartość 0 wstawiona nieprawidłowo
Bład w kwadracie 0
sudoku.model.SudokuBoard@1b6e32ee[
  size=9
  solver=sudoku.model.BacktrackingSudokuSolver@798d8247
  board={{2,3,8,4,9,1,7,5,6},{9,5,4,3,6,7,8,1,2},{1,6,7,5,8,2,9,3,4},{3,4,6,9,5,8,1,2,7},{5,8,9,7,2,4,3,0,0},{0,0,0,0,0,0,0,0,0},{0,0,0,0,0,0,0,0,0},{0,0,0,0,0,0,0,0,0},{0,0,0,0,0,0,0,0,0}}
]
Wartość 0 wstawiona nieprawidłowo
Bład w kwadracie 0
sudoku.model.SudokuBoard@1b6e32ee[
  size=9
  solver=sudoku.model.BacktrackingSudokuSolver@798d8247
  board={{2,3,8,4,9,1,7,5,6},{9,5,4,3,6,7,8,1,2},{1,6,7,5,8,2,9,3,4},{3,4,6,9,5,8,1,2,7},{5,8,9,7,2,4,0,0,0},{0,0,0,0,0,0,0,0,0},{0,0,0,0,0,0,0,0,0},{0,0,0,0,0,0,0,0,0},{0,0,0,0,0,0,0,0,0}}
]
Wartość 0 wstawiona nieprawidłowo
Bład w kwadracie 0
sudoku.model.SudokuBoard@1b6e32ee[
  size=9
  solver=sudoku.model.BacktrackingSudokuSolver@798d8247
  board={{2,3,8,4,9,1,7,5,6},{9,5,4,3,6,7,8,1,2},{1,6,7,5,8,2,9,3,4},{3,4,6,9,5,8,1,2,7},{5,8,9,7,2,4,0,0,0},{0,0,0,0,0,0,0,0,0},{0,0,0,0,0,0,0,0,0},{0,0,0,0,0,0,0,0,0},{0,0,0,0,0,0,0,0,0}}
]
Wartość 0 wstawiona nieprawidłowo
Bład w kwadracie 0
sudoku.model.SudokuBoard@1b6e32ee[
  size=9
  solver=sudoku.model.BacktrackingSudokuSolver@798d8247
  board={{2,3,8,4,9,1,7,5,6},{9,5,4,3,6,7,8,1,2},{1,6,7,5,8,2,9,3,4},{3,4,6,9,5,8,1,2,7},{5,8,9,7,2,0,0,0,0},{0,0,0,0,0,0,0,0,0},{0,0,0,0,0,0,0,0,0},{0,0,0,0,0,0,0,0,0},{0,0,0,0,0,0,0,0,0}}
]
Wartość 0 wstawiona nieprawidłowo
Bład w kwadracie 0
sudoku.model.SudokuBoard@1b6e32ee[
  size=9
  solver=sudoku.model.BacktrackingSudokuSolver@798d8247
  board={{2,3,8,4,9,1,7,5,6},{9,5,4,3,6,7,8,1,2},{1,6,7,5,8,2,9,3,4},{3,4,6,9,5,8,1,2,7},{5,8,9,7,2,6,3,0,0},{0,0,0,0,0,0,0,0,0},{0,0,0,0,0,0,0,0,0},{0,0,0,0,0,0,0,0,0},{0,0,0,0,0,0,0,0,0}}
]
Wartość 0 wstawiona nieprawidłowo
Bład w kwadracie 0
sudoku.model.SudokuBoard@1b6e32ee[
  size=9
  solver=sudoku.model.BacktrackingSudokuSolver@798d8247
  board={{2,3,8,4,9,1,7,5,6},{9,5,4,3,6,7,8,1,2},{1,6,7,5,8,2,9,3,4},{3,4,6,9,5,8,1,2,7},{5,8,9,7,2,6,0,0,0},{0,0,0,0,0,0,0,0,0},{0,0,0,0,0,0,0,0,0},{0,0,0,0,0,0,0,0,0},{0,0,0,0,0,0,0,0,0}}
]
Wartość 0 wstawiona nieprawidłowo
Bład w kwadracie 0
sudoku.model.SudokuBoard@1b6e32ee[
  size=9
  solver=sudoku.model.BacktrackingSudokuSolver@798d8247
  board={{2,3,8,4,9,1,7,5,6},{9,5,4,3,6,7,8,1,2},{1,6,7,5,8,2,9,3,4},{3,4,6,9,5,8,1,2,7},{5,8,9,7,2,6,0,0,0},{0,0,0,0,0,0,0,0,0},{0,0,0,0,0,0,0,0,0},{0,0,0,0,0,0,0,0,0},{0,0,0,0,0,0,0,0,0}}
]
Wartość 0 wstawiona nieprawidłowo
Bład w kwadracie 0
sudoku.model.SudokuBoard@1b6e32ee[
  size=9
  solver=sudoku.model.BacktrackingSudokuSolver@798d8247
  board={{2,3,8,4,9,1,7,5,6},{9,5,4,3,6,7,8,1,2},{1,6,7,5,8,2,9,3,4},{3,4,6,9,5,8,1,2,7},{5,8,9,7,2,0,0,0,0},{0,0,0,0,0,0,0,0,0},{0,0,0,0,0,0,0,0,0},{0,0,0,0,0,0,0,0,0},{0,0,0,0,0,0,0,0,0}}
]
Wartość 0 wstawiona nieprawidłowo
Bład w kwadracie 0
sudoku.model.SudokuBoard@1b6e32ee[
  size=9
  solver=sudoku.model.BacktrackingSudokuSolver@798d8247
  board={{2,3,8,4,9,1,7,5,6},{9,5,4,3,6,7,8,1,2},{1,6,7,5,8,2,9,3,4},{3,4,6,9,5,8,1,2,7},{5,8,9,7,0,0,0,0,0},{0,0,0,0,0,0,0,0,0},{0,0,0,0,0,0,0,0,0},{0,0,0,0,0,0,0,0,0},{0,0,0,0,0,0,0,0,0}}
]
Wartość 0 wstawiona nieprawidłowo
Bład w kwadracie 0
sudoku.model.SudokuBoard@1b6e32ee[
  size=9
  solver=sudoku.model.BacktrackingSudokuSolver@798d8247
  board={{2,3,8,4,9,1,7,5,6},{9,5,4,3,6,7,8,1,2},{1,6,7,5,8,2,9,3,4},{3,4,6,9,5,8,1,2,7},{5,8,9,7,3,4,0,0,0},{0,0,0,0,0,0,0,0,0},{0,0,0,0,0,0,0,0,0},{0,0,0,0,0,0,0,0,0},{0,0,0,0,0,0,0,0,0}}
]
Wartość 0 wstawiona nieprawidłowo
Bład w kwadracie 0
sudoku.model.SudokuBoard@1b6e32ee[
  size=9
  solver=sudoku.model.BacktrackingSudokuSolver@798d8247
  board={{2,3,8,4,9,1,7,5,6},{9,5,4,3,6,7,8,1,2},{1,6,7,5,8,2,9,3,4},{3,4,6,9,5,8,1,2,7},{5,8,9,7,3,0,0,0,0},{0,0,0,0,0,0,0,0,0},{0,0,0,0,0,0,0,0,0},{0,0,0,0,0,0,0,0,0},{0,0,0,0,0,0,0,0,0}}
]
Wartość 0 wstawiona nieprawidłowo
Bład w kwadracie 0
sudoku.model.SudokuBoard@1b6e32ee[
  size=9
  solver=sudoku.model.BacktrackingSudokuSolver@798d8247
  board={{2,3,8,4,9,1,7,5,6},{9,5,4,3,6,7,8,1,2},{1,6,7,5,8,2,9,3,4},{3,4,6,9,5,8,1,2,7},{5,8,9,7,3,6,0,0,0},{0,0,0,0,0,0,0,0,0},{0,0,0,0,0,0,0,0,0},{0,0,0,0,0,0,0,0,0},{0,0,0,0,0,0,0,0,0}}
]
Wartość 0 wstawiona nieprawidłowo
Bład w kwadracie 0
sudoku.model.SudokuBoard@1b6e32ee[
  size=9
  solver=sudoku.model.BacktrackingSudokuSolver@798d8247
  board={{2,3,8,4,9,1,7,5,6},{9,5,4,3,6,7,8,1,2},{1,6,7,5,8,2,9,3,4},{3,4,6,9,5,8,1,2,7},{5,8,9,7,3,0,0,0,0},{0,0,0,0,0,0,0,0,0},{0,0,0,0,0,0,0,0,0},{0,0,0,0,0,0,0,0,0},{0,0,0,0,0,0,0,0,0}}
]
Wartość 0 wstawiona nieprawidłowo
Bład w kwadracie 0
sudoku.model.SudokuBoard@1b6e32ee[
  size=9
  solver=sudoku.model.BacktrackingSudokuSolver@798d8247
  board={{2,3,8,4,9,1,7,5,6},{9,5,4,3,6,7,8,1,2},{1,6,7,5,8,2,9,3,4},{3,4,6,9,5,8,1,2,7},{5,8,9,7,0,0,0,0,0},{0,0,0,0,0,0,0,0,0},{0,0,0,0,0,0,0,0,0},{0,0,0,0,0,0,0,0,0},{0,0,0,0,0,0,0,0,0}}
]
Wartość 0 wstawiona nieprawidłowo
Bład w kwadracie 0
sudoku.model.SudokuBoard@1b6e32ee[
  size=9
  solver=sudoku.model.BacktrackingSudokuSolver@798d8247
  board={{2,3,8,4,9,1,7,5,6},{9,5,4,3,6,7,8,1,2},{1,6,7,5,8,2,9,3,4},{3,4,6,9,5,8,1,2,7},{5,8,9,7,4,6,0,0,0},{0,0,0,0,0,0,0,0,0},{0,0,0,0,0,0,0,0,0},{0,0,0,0,0,0,0,0,0},{0,0,0,0,0,0,0,0,0}}
]
Wartość 0 wstawiona nieprawidłowo
Bład w kwadracie 0
sudoku.model.SudokuBoard@1b6e32ee[
  size=9
  solver=sudoku.model.BacktrackingSudokuSolver@798d8247
  board={{2,3,8,4,9,1,7,5,6},{9,5,4,3,6,7,8,1,2},{1,6,7,5,8,2,9,3,4},{3,4,6,9,5,8,1,2,7},{5,8,9,7,4,0,0,0,0},{0,0,0,0,0,0,0,0,0},{0,0,0,0,0,0,0,0,0},{0,0,0,0,0,0,0,0,0},{0,0,0,0,0,0,0,0,0}}
]
Wartość 0 wstawiona nieprawidłowo
Bład w kwadracie 0
sudoku.model.SudokuBoard@1b6e32ee[
  size=9
  solver=sudoku.model.BacktrackingSudokuSolver@798d8247
  board={{2,3,8,4,9,1,7,5,6},{9,5,4,3,6,7,8,1,2},{1,6,7,5,8,2,9,3,4},{3,4,6,9,5,8,1,2,7},{5,8,9,7,4,3,0,0,0},{0,0,0,0,0,0,0,0,0},{0,0,0,0,0,0,0,0,0},{0,0,0,0,0,0,0,0,0},{0,0,0,0,0,0,0,0,0}}
]
Wartość 0 wstawiona nieprawidłowo
Bład w kwadracie 0
sudoku.model.SudokuBoard@1b6e32ee[
  size=9
  solver=sudoku.model.BacktrackingSudokuSolver@798d8247
  board={{2,3,8,4,9,1,7,5,6},{9,5,4,3,6,7,8,1,2},{1,6,7,5,8,2,9,3,4},{3,4,6,9,5,8,1,2,7},{5,8,9,7,4,0,0,0,0},{0,0,0,0,0,0,0,0,0},{0,0,0,0,0,0,0,0,0},{0,0,0,0,0,0,0,0,0},{0,0,0,0,0,0,0,0,0}}
]
Wartość 0 wstawiona nieprawidłowo
Bład w kwadracie 0
sudoku.model.SudokuBoard@1b6e32ee[
  size=9
  solver=sudoku.model.BacktrackingSudokuSolver@798d8247
  board={{2,3,8,4,9,1,7,5,6},{9,5,4,3,6,7,8,1,2},{1,6,7,5,8,2,9,3,4},{3,4,6,9,5,8,1,2,7},{5,8,9,7,0,0,0,0,0},{0,0,0,0,0,0,0,0,0},{0,0,0,0,0,0,0,0,0},{0,0,0,0,0,0,0,0,0},{0,0,0,0,0,0,0,0,0}}
]
Wartość 0 wstawiona nieprawidłowo
Bład w kwadracie 0
sudoku.model.SudokuBoard@1b6e32ee[
  size=9
  solver=sudoku.model.BacktrackingSudokuSolver@798d8247
  board={{2,3,8,4,9,1,7,5,6},{9,5,4,3,6,7,8,1,2},{1,6,7,5,8,2,9,3,4},{3,4,6,9,5,8,1,2,7},{5,8,9,0,0,0,0,0,0},{0,0,0,0,0,0,0,0,0},{0,0,0,0,0,0,0,0,0},{0,0,0,0,0,0,0,0,0},{0,0,0,0,0,0,0,0,0}}
]
Wartość 0 wstawiona nieprawidłowo
Bład w kwadracie 0
sudoku.model.SudokuBoard@1b6e32ee[
  size=9
  solver=sudoku.model.BacktrackingSudokuSolver@798d8247
  board={{2,3,8,4,9,1,7,5,6},{9,5,4,3,6,7,8,1,2},{1,6,7,5,8,2,9,3,4},{3,4,6,9,5,8,1,2,7},{5,8,9,1,2,6,3,0,0},{0,0,0,0,0,0,0,0,0},{0,0,0,0,0,0,0,0,0},{0,0,0,0,0,0,0,0,0},{0,0,0,0,0,0,0,0,0}}
]
Wartość 0 wstawiona nieprawidłowo
Bład w kwadracie 0
sudoku.model.SudokuBoard@1b6e32ee[
  size=9
  solver=sudoku.model.BacktrackingSudokuSolver@798d8247
  board={{2,3,8,4,9,1,7,5,6},{9,5,4,3,6,7,8,1,2},{1,6,7,5,8,2,9,3,4},{3,4,6,9,5,8,1,2,7},{5,8,9,1,2,6,0,0,0},{0,0,0,0,0,0,0,0,0},{0,0,0,0,0,0,0,0,0},{0,0,0,0,0,0,0,0,0},{0,0,0,0,0,0,0,0,0}}
]
Wartość 0 wstawiona nieprawidłowo
Bład w kwadracie 0
sudoku.model.SudokuBoard@1b6e32ee[
  size=9
  solver=sudoku.model.BacktrackingSudokuSolver@798d8247
  board={{2,3,8,4,9,1,7,5,6},{9,5,4,3,6,7,8,1,2},{1,6,7,5,8,2,9,3,4},{3,4,6,9,5,8,1,2,7},{5,8,9,1,2,6,0,0,0},{0,0,0,0,0,0,0,0,0},{0,0,0,0,0,0,0,0,0},{0,0,0,0,0,0,0,0,0},{0,0,0,0,0,0,0,0,0}}
]
Wartość 0 wstawiona nieprawidłowo
Bład w kwadracie 0
sudoku.model.SudokuBoard@1b6e32ee[
  size=9
  solver=sudoku.model.BacktrackingSudokuSolver@798d8247
  board={{2,3,8,4,9,1,7,5,6},{9,5,4,3,6,7,8,1,2},{1,6,7,5,8,2,9,3,4},{3,4,6,9,5,8,1,2,7},{5,8,9,1,2,0,0,0,0},{0,0,0,0,0,0,0,0,0},{0,0,0,0,0,0,0,0,0},{0,0,0,0,0,0,0,0,0},{0,0,0,0,0,0,0,0,0}}
]
Wartość 0 wstawiona nieprawidłowo
Bład w kwadracie 0
sudoku.model.SudokuBoard@1b6e32ee[
  size=9
  solver=sudoku.model.BacktrackingSudokuSolver@798d8247
  board={{2,3,8,4,9,1,7,5,6},{9,5,4,3,6,7,8,1,2},{1,6,7,5,8,2,9,3,4},{3,4,6,9,5,8,1,2,7},{5,8,9,1,2,3,6,0,0},{0,0,0,0,0,0,0,0,0},{0,0,0,0,0,0,0,0,0},{0,0,0,0,0,0,0,0,0},{0,0,0,0,0,0,0,0,0}}
]
Wartość 0 wstawiona nieprawidłowo
Bład w kwadracie 0
sudoku.model.SudokuBoard@1b6e32ee[
  size=9
  solver=sudoku.model.BacktrackingSudokuSolver@798d8247
  board={{2,3,8,4,9,1,7,5,6},{9,5,4,3,6,7,8,1,2},{1,6,7,5,8,2,9,3,4},{3,4,6,9,5,8,1,2,7},{5,8,9,1,2,3,0,0,0},{0,0,0,0,0,0,0,0,0},{0,0,0,0,0,0,0,0,0},{0,0,0,0,0,0,0,0,0},{0,0,0,0,0,0,0,0,0}}
]
Wartość 0 wstawiona nieprawidłowo
Bład w kwadracie 0
sudoku.model.SudokuBoard@1b6e32ee[
  size=9
  solver=sudoku.model.BacktrackingSudokuSolver@798d8247
  board={{2,3,8,4,9,1,7,5,6},{9,5,4,3,6,7,8,1,2},{1,6,7,5,8,2,9,3,4},{3,4,6,9,5,8,1,2,7},{5,8,9,1,2,3,4,0,0},{0,0,0,0,0,0,0,0,0},{0,0,0,0,0,0,0,0,0},{0,0,0,0,0,0,0,0,0},{0,0,0,0,0,0,0,0,0}}
]
Wartość 0 wstawiona nieprawidłowo
Bład w kwadracie 0
sudoku.model.SudokuBoard@1b6e32ee[
  size=9
  solver=sudoku.model.BacktrackingSudokuSolver@798d8247
  board={{2,3,8,4,9,1,7,5,6},{9,5,4,3,6,7,8,1,2},{1,6,7,5,8,2,9,3,4},{3,4,6,9,5,8,1,2,7},{5,8,9,1,2,3,0,0,0},{0,0,0,0,0,0,0,0,0},{0,0,0,0,0,0,0,0,0},{0,0,0,0,0,0,0,0,0},{0,0,0,0,0,0,0,0,0}}
]
Wartość 0 wstawiona nieprawidłowo
Bład w kwadracie 0
sudoku.model.SudokuBoard@1b6e32ee[
  size=9
  solver=sudoku.model.BacktrackingSudokuSolver@798d8247
  board={{2,3,8,4,9,1,7,5,6},{9,5,4,3,6,7,8,1,2},{1,6,7,5,8,2,9,3,4},{3,4,6,9,5,8,1,2,7},{5,8,9,1,2,0,0,0,0},{0,0,0,0,0,0,0,0,0},{0,0,0,0,0,0,0,0,0},{0,0,0,0,0,0,0,0,0},{0,0,0,0,0,0,0,0,0}}
]
Wartość 0 wstawiona nieprawidłowo
Bład w kwadracie 0
sudoku.model.SudokuBoard@1b6e32ee[
  size=9
  solver=sudoku.model.BacktrackingSudokuSolver@798d8247
  board={{2,3,8,4,9,1,7,5,6},{9,5,4,3,6,7,8,1,2},{1,6,7,5,8,2,9,3,4},{3,4,6,9,5,8,1,2,7},{5,8,9,1,2,4,3,0,0},{0,0,0,0,0,0,0,0,0},{0,0,0,0,0,0,0,0,0},{0,0,0,0,0,0,0,0,0},{0,0,0,0,0,0,0,0,0}}
]
Wartość 0 wstawiona nieprawidłowo
Bład w kwadracie 0
sudoku.model.SudokuBoard@1b6e32ee[
  size=9
  solver=sudoku.model.BacktrackingSudokuSolver@798d8247
  board={{2,3,8,4,9,1,7,5,6},{9,5,4,3,6,7,8,1,2},{1,6,7,5,8,2,9,3,4},{3,4,6,9,5,8,1,2,7},{5,8,9,1,2,4,0,0,0},{0,0,0,0,0,0,0,0,0},{0,0,0,0,0,0,0,0,0},{0,0,0,0,0,0,0,0,0},{0,0,0,0,0,0,0,0,0}}
]
Wartość 0 wstawiona nieprawidłowo
Bład w kwadracie 0
sudoku.model.SudokuBoard@1b6e32ee[
  size=9
  solver=sudoku.model.BacktrackingSudokuSolver@798d8247
  board={{2,3,8,4,9,1,7,5,6},{9,5,4,3,6,7,8,1,2},{1,6,7,5,8,2,9,3,4},{3,4,6,9,5,8,1,2,7},{5,8,9,1,2,4,0,0,0},{0,0,0,0,0,0,0,0,0},{0,0,0,0,0,0,0,0,0},{0,0,0,0,0,0,0,0,0},{0,0,0,0,0,0,0,0,0}}
]
Wartość 0 wstawiona nieprawidłowo
Bład w kwadracie 0
sudoku.model.SudokuBoard@1b6e32ee[
  size=9
  solver=sudoku.model.BacktrackingSudokuSolver@798d8247
  board={{2,3,8,4,9,1,7,5,6},{9,5,4,3,6,7,8,1,2},{1,6,7,5,8,2,9,3,4},{3,4,6,9,5,8,1,2,7},{5,8,9,1,2,0,0,0,0},{0,0,0,0,0,0,0,0,0},{0,0,0,0,0,0,0,0,0},{0,0,0,0,0,0,0,0,0},{0,0,0,0,0,0,0,0,0}}
]
Wartość 0 wstawiona nieprawidłowo
Bład w kwadracie 0
sudoku.model.SudokuBoard@1b6e32ee[
  size=9
  solver=sudoku.model.BacktrackingSudokuSolver@798d8247
  board={{2,3,8,4,9,1,7,5,6},{9,5,4,3,6,7,8,1,2},{1,6,7,5,8,2,9,3,4},{3,4,6,9,5,8,1,2,7},{5,8,9,1,0,0,0,0,0},{0,0,0,0,0,0,0,0,0},{0,0,0,0,0,0,0,0,0},{0,0,0,0,0,0,0,0,0},{0,0,0,0,0,0,0,0,0}}
]
Wartość 0 wstawiona nieprawidłowo
Bład w kwadracie 0
sudoku.model.SudokuBoard@1b6e32ee[
  size=9
  solver=sudoku.model.BacktrackingSudokuSolver@798d8247
  board={{2,3,8,4,9,1,7,5,6},{9,5,4,3,6,7,8,1,2},{1,6,7,5,8,2,9,3,4},{3,4,6,9,5,8,1,2,7},{5,8,9,1,3,4,0,0,0},{0,0,0,0,0,0,0,0,0},{0,0,0,0,0,0,0,0,0},{0,0,0,0,0,0,0,0,0},{0,0,0,0,0,0,0,0,0}}
]
Wartość 0 wstawiona nieprawidłowo
Bład w kwadracie 0
sudoku.model.SudokuBoard@1b6e32ee[
  size=9
  solver=sudoku.model.BacktrackingSudokuSolver@798d8247
  board={{2,3,8,4,9,1,7,5,6},{9,5,4,3,6,7,8,1,2},{1,6,7,5,8,2,9,3,4},{3,4,6,9,5,8,1,2,7},{5,8,9,1,3,0,0,0,0},{0,0,0,0,0,0,0,0,0},{0,0,0,0,0,0,0,0,0},{0,0,0,0,0,0,0,0,0},{0,0,0,0,0,0,0,0,0}}
]
Wartość 0 wstawiona nieprawidłowo
Bład w kwadracie 0
sudoku.model.SudokuBoard@1b6e32ee[
  size=9
  solver=sudoku.model.BacktrackingSudokuSolver@798d8247
  board={{2,3,8,4,9,1,7,5,6},{9,5,4,3,6,7,8,1,2},{1,6,7,5,8,2,9,3,4},{3,4,6,9,5,8,1,2,7},{5,8,9,1,3,6,0,0,0},{0,0,0,0,0,0,0,0,0},{0,0,0,0,0,0,0,0,0},{0,0,0,0,0,0,0,0,0},{0,0,0,0,0,0,0,0,0}}
]
Wartość 0 wstawiona nieprawidłowo
Bład w kwadracie 0
sudoku.model.SudokuBoard@1b6e32ee[
  size=9
  solver=sudoku.model.BacktrackingSudokuSolver@798d8247
  board={{2,3,8,4,9,1,7,5,6},{9,5,4,3,6,7,8,1,2},{1,6,7,5,8,2,9,3,4},{3,4,6,9,5,8,1,2,7},{5,8,9,1,3,0,0,0,0},{0,0,0,0,0,0,0,0,0},{0,0,0,0,0,0,0,0,0},{0,0,0,0,0,0,0,0,0},{0,0,0,0,0,0,0,0,0}}
]
Wartość 0 wstawiona nieprawidłowo
Bład w kwadracie 0
sudoku.model.SudokuBoard@1b6e32ee[
  size=9
  solver=sudoku.model.BacktrackingSudokuSolver@798d8247
  board={{2,3,8,4,9,1,7,5,6},{9,5,4,3,6,7,8,1,2},{1,6,7,5,8,2,9,3,4},{3,4,6,9,5,8,1,2,7},{5,8,9,1,0,0,0,0,0},{0,0,0,0,0,0,0,0,0},{0,0,0,0,0,0,0,0,0},{0,0,0,0,0,0,0,0,0},{0,0,0,0,0,0,0,0,0}}
]
Wartość 0 wstawiona nieprawidłowo
Bład w kwadracie 0
sudoku.model.SudokuBoard@1b6e32ee[
  size=9
  solver=sudoku.model.BacktrackingSudokuSolver@798d8247
  board={{2,3,8,4,9,1,7,5,6},{9,5,4,3,6,7,8,1,2},{1,6,7,5,8,2,9,3,4},{3,4,6,9,5,8,1,2,7},{5,8,9,1,4,3,0,0,0},{0,0,0,0,0,0,0,0,0},{0,0,0,0,0,0,0,0,0},{0,0,0,0,0,0,0,0,0},{0,0,0,0,0,0,0,0,0}}
]
Wartość 0 wstawiona nieprawidłowo
Bład w kwadracie 0
sudoku.model.SudokuBoard@1b6e32ee[
  size=9
  solver=sudoku.model.BacktrackingSudokuSolver@798d8247
  board={{2,3,8,4,9,1,7,5,6},{9,5,4,3,6,7,8,1,2},{1,6,7,5,8,2,9,3,4},{3,4,6,9,5,8,1,2,7},{5,8,9,1,4,0,0,0,0},{0,0,0,0,0,0,0,0,0},{0,0,0,0,0,0,0,0,0},{0,0,0,0,0,0,0,0,0},{0,0,0,0,0,0,0,0,0}}
]
Wartość 0 wstawiona nieprawidłowo
Bład w kwadracie 0
sudoku.model.SudokuBoard@1b6e32ee[
  size=9
  solver=sudoku.model.BacktrackingSudokuSolver@798d8247
  board={{2,3,8,4,9,1,7,5,6},{9,5,4,3,6,7,8,1,2},{1,6,7,5,8,2,9,3,4},{3,4,6,9,5,8,1,2,7},{5,8,9,1,4,6,0,0,0},{0,0,0,0,0,0,0,0,0},{0,0,0,0,0,0,0,0,0},{0,0,0,0,0,0,0,0,0},{0,0,0,0,0,0,0,0,0}}
]
Wartość 0 wstawiona nieprawidłowo
Bład w kwadracie 0
sudoku.model.SudokuBoard@1b6e32ee[
  size=9
  solver=sudoku.model.BacktrackingSudokuSolver@798d8247
  board={{2,3,8,4,9,1,7,5,6},{9,5,4,3,6,7,8,1,2},{1,6,7,5,8,2,9,3,4},{3,4,6,9,5,8,1,2,7},{5,8,9,1,4,0,0,0,0},{0,0,0,0,0,0,0,0,0},{0,0,0,0,0,0,0,0,0},{0,0,0,0,0,0,0,0,0},{0,0,0,0,0,0,0,0,0}}
]
Wartość 0 wstawiona nieprawidłowo
Bład w kwadracie 0
sudoku.model.SudokuBoard@1b6e32ee[
  size=9
  solver=sudoku.model.BacktrackingSudokuSolver@798d8247
  board={{2,3,8,4,9,1,7,5,6},{9,5,4,3,6,7,8,1,2},{1,6,7,5,8,2,9,3,4},{3,4,6,9,5,8,1,2,7},{5,8,9,1,0,0,0,0,0},{0,0,0,0,0,0,0,0,0},{0,0,0,0,0,0,0,0,0},{0,0,0,0,0,0,0,0,0},{0,0,0,0,0,0,0,0,0}}
]
Wartość 0 wstawiona nieprawidłowo
Bład w kwadracie 0
sudoku.model.SudokuBoard@1b6e32ee[
  size=9
  solver=sudoku.model.BacktrackingSudokuSolver@798d8247
  board={{2,3,8,4,9,1,7,5,6},{9,5,4,3,6,7,8,1,2},{1,6,7,5,8,2,9,3,4},{3,4,6,9,5,8,1,2,7},{5,8,9,1,7,3,4,0,0},{0,0,0,0,0,0,0,0,0},{0,0,0,0,0,0,0,0,0},{0,0,0,0,0,0,0,0,0},{0,0,0,0,0,0,0,0,0}}
]
Wartość 0 wstawiona nieprawidłowo
Bład w kwadracie 0
sudoku.model.SudokuBoard@1b6e32ee[
  size=9
  solver=sudoku.model.BacktrackingSudokuSolver@798d8247
  board={{2,3,8,4,9,1,7,5,6},{9,5,4,3,6,7,8,1,2},{1,6,7,5,8,2,9,3,4},{3,4,6,9,5,8,1,2,7},{5,8,9,1,7,3,0,0,0},{0,0,0,0,0,0,0,0,0},{0,0,0,0,0,0,0,0,0},{0,0,0,0,0,0,0,0,0},{0,0,0,0,0,0,0,0,0}}
]
Wartość 0 wstawiona nieprawidłowo
Bład w kwadracie 0
sudoku.model.SudokuBoard@1b6e32ee[
  size=9
  solver=sudoku.model.BacktrackingSudokuSolver@798d8247
  board={{2,3,8,4,9,1,7,5,6},{9,5,4,3,6,7,8,1,2},{1,6,7,5,8,2,9,3,4},{3,4,6,9,5,8,1,2,7},{5,8,9,1,7,3,6,0,0},{0,0,0,0,0,0,0,0,0},{0,0,0,0,0,0,0,0,0},{0,0,0,0,0,0,0,0,0},{0,0,0,0,0,0,0,0,0}}
]
Wartość 0 wstawiona nieprawidłowo
Bład w kwadracie 0
sudoku.model.SudokuBoard@1b6e32ee[
  size=9
  solver=sudoku.model.BacktrackingSudokuSolver@798d8247
  board={{2,3,8,4,9,1,7,5,6},{9,5,4,3,6,7,8,1,2},{1,6,7,5,8,2,9,3,4},{3,4,6,9,5,8,1,2,7},{5,8,9,1,7,3,0,0,0},{0,0,0,0,0,0,0,0,0},{0,0,0,0,0,0,0,0,0},{0,0,0,0,0,0,0,0,0},{0,0,0,0,0,0,0,0,0}}
]
Wartość 0 wstawiona nieprawidłowo
Bład w kwadracie 0
sudoku.model.SudokuBoard@1b6e32ee[
  size=9
  solver=sudoku.model.BacktrackingSudokuSolver@798d8247
  board={{2,3,8,4,9,1,7,5,6},{9,5,4,3,6,7,8,1,2},{1,6,7,5,8,2,9,3,4},{3,4,6,9,5,8,1,2,7},{5,8,9,1,7,0,0,0,0},{0,0,0,0,0,0,0,0,0},{0,0,0,0,0,0,0,0,0},{0,0,0,0,0,0,0,0,0},{0,0,0,0,0,0,0,0,0}}
]
Wartość 0 wstawiona nieprawidłowo
Bład w kwadracie 0
sudoku.model.SudokuBoard@1b6e32ee[
  size=9
  solver=sudoku.model.BacktrackingSudokuSolver@798d8247
  board={{2,3,8,4,9,1,7,5,6},{9,5,4,3,6,7,8,1,2},{1,6,7,5,8,2,9,3,4},{3,4,6,9,5,8,1,2,7},{5,8,9,1,7,4,3,0,0},{0,0,0,0,0,0,0,0,0},{0,0,0,0,0,0,0,0,0},{0,0,0,0,0,0,0,0,0},{0,0,0,0,0,0,0,0,0}}
]
Wartość 0 wstawiona nieprawidłowo
Bład w kwadracie 0
sudoku.model.SudokuBoard@1b6e32ee[
  size=9
  solver=sudoku.model.BacktrackingSudokuSolver@798d8247
  board={{2,3,8,4,9,1,7,5,6},{9,5,4,3,6,7,8,1,2},{1,6,7,5,8,2,9,3,4},{3,4,6,9,5,8,1,2,7},{5,8,9,1,7,4,0,0,0},{0,0,0,0,0,0,0,0,0},{0,0,0,0,0,0,0,0,0},{0,0,0,0,0,0,0,0,0},{0,0,0,0,0,0,0,0,0}}
]
Wartość 0 wstawiona nieprawidłowo
Bład w kwadracie 0
sudoku.model.SudokuBoard@1b6e32ee[
  size=9
  solver=sudoku.model.BacktrackingSudokuSolver@798d8247
  board={{2,3,8,4,9,1,7,5,6},{9,5,4,3,6,7,8,1,2},{1,6,7,5,8,2,9,3,4},{3,4,6,9,5,8,1,2,7},{5,8,9,1,7,4,0,0,0},{0,0,0,0,0,0,0,0,0},{0,0,0,0,0,0,0,0,0},{0,0,0,0,0,0,0,0,0},{0,0,0,0,0,0,0,0,0}}
]
Wartość 0 wstawiona nieprawidłowo
Bład w kwadracie 0
sudoku.model.SudokuBoard@1b6e32ee[
  size=9
  solver=sudoku.model.BacktrackingSudokuSolver@798d8247
  board={{2,3,8,4,9,1,7,5,6},{9,5,4,3,6,7,8,1,2},{1,6,7,5,8,2,9,3,4},{3,4,6,9,5,8,1,2,7},{5,8,9,1,7,0,0,0,0},{0,0,0,0,0,0,0,0,0},{0,0,0,0,0,0,0,0,0},{0,0,0,0,0,0,0,0,0},{0,0,0,0,0,0,0,0,0}}
]
Wartość 0 wstawiona nieprawidłowo
Bład w kwadracie 0
sudoku.model.SudokuBoard@1b6e32ee[
  size=9
  solver=sudoku.model.BacktrackingSudokuSolver@798d8247
  board={{2,3,8,4,9,1,7,5,6},{9,5,4,3,6,7,8,1,2},{1,6,7,5,8,2,9,3,4},{3,4,6,9,5,8,1,2,7},{5,8,9,1,7,6,0,0,0},{0,0,0,0,0,0,0,0,0},{0,0,0,0,0,0,0,0,0},{0,0,0,0,0,0,0,0,0},{0,0,0,0,0,0,0,0,0}}
]
Wartość 0 wstawiona nieprawidłowo
Bład w kwadracie 0
sudoku.model.SudokuBoard@1b6e32ee[
  size=9
  solver=sudoku.model.BacktrackingSudokuSolver@798d8247
  board={{2,3,8,4,9,1,7,5,6},{9,5,4,3,6,7,8,1,2},{1,6,7,5,8,2,9,3,4},{3,4,6,9,5,8,1,2,7},{5,8,9,1,7,6,3,0,0},{0,0,0,0,0,0,0,0,0},{0,0,0,0,0,0,0,0,0},{0,0,0,0,0,0,0,0,0},{0,0,0,0,0,0,0,0,0}}
]
Wartość 0 wstawiona nieprawidłowo
Bład w kwadracie 0
sudoku.model.SudokuBoard@1b6e32ee[
  size=9
  solver=sudoku.model.BacktrackingSudokuSolver@798d8247
  board={{2,3,8,4,9,1,7,5,6},{9,5,4,3,6,7,8,1,2},{1,6,7,5,8,2,9,3,4},{3,4,6,9,5,8,1,2,7},{5,8,9,1,7,6,0,0,0},{0,0,0,0,0,0,0,0,0},{0,0,0,0,0,0,0,0,0},{0,0,0,0,0,0,0,0,0},{0,0,0,0,0,0,0,0,0}}
]
Wartość 0 wstawiona nieprawidłowo
Bład w kwadracie 0
sudoku.model.SudokuBoard@1b6e32ee[
  size=9
  solver=sudoku.model.BacktrackingSudokuSolver@798d8247
  board={{2,3,8,4,9,1,7,5,6},{9,5,4,3,6,7,8,1,2},{1,6,7,5,8,2,9,3,4},{3,4,6,9,5,8,1,2,7},{5,8,9,1,7,0,0,0,0},{0,0,0,0,0,0,0,0,0},{0,0,0,0,0,0,0,0,0},{0,0,0,0,0,0,0,0,0},{0,0,0,0,0,0,0,0,0}}
]
Wartość 0 wstawiona nieprawidłowo
Bład w kwadracie 0
sudoku.model.SudokuBoard@1b6e32ee[
  size=9
  solver=sudoku.model.BacktrackingSudokuSolver@798d8247
  board={{2,3,8,4,9,1,7,5,6},{9,5,4,3,6,7,8,1,2},{1,6,7,5,8,2,9,3,4},{3,4,6,9,5,8,1,2,7},{5,8,9,1,0,0,0,0,0},{0,0,0,0,0,0,0,0,0},{0,0,0,0,0,0,0,0,0},{0,0,0,0,0,0,0,0,0},{0,0,0,0,0,0,0,0,0}}
]
Wartość 0 wstawiona nieprawidłowo
Bład w kwadracie 0
sudoku.model.SudokuBoard@1b6e32ee[
  size=9
  solver=sudoku.model.BacktrackingSudokuSolver@798d8247
  board={{2,3,8,4,9,1,7,5,6},{9,5,4,3,6,7,8,1,2},{1,6,7,5,8,2,9,3,4},{3,4,6,9,5,8,1,2,7},{5,8,9,0,0,0,0,0,0},{0,0,0,0,0,0,0,0,0},{0,0,0,0,0,0,0,0,0},{0,0,0,0,0,0,0,0,0},{0,0,0,0,0,0,0,0,0}}
]
Wartość 0 wstawiona nieprawidłowo
Bład w kwadracie 0
sudoku.model.SudokuBoard@1b6e32ee[
  size=9
  solver=sudoku.model.BacktrackingSudokuSolver@798d8247
  board={{2,3,8,4,9,1,7,5,6},{9,5,4,3,6,7,8,1,2},{1,6,7,5,8,2,9,3,4},{3,4,6,9,5,8,1,2,7},{5,8,9,2,1,3,4,0,0},{0,0,0,0,0,0,0,0,0},{0,0,0,0,0,0,0,0,0},{0,0,0,0,0,0,0,0,0},{0,0,0,0,0,0,0,0,0}}
]
Wartość 0 wstawiona nieprawidłowo
Bład w kwadracie 0
sudoku.model.SudokuBoard@1b6e32ee[
  size=9
  solver=sudoku.model.BacktrackingSudokuSolver@798d8247
  board={{2,3,8,4,9,1,7,5,6},{9,5,4,3,6,7,8,1,2},{1,6,7,5,8,2,9,3,4},{3,4,6,9,5,8,1,2,7},{5,8,9,2,1,3,0,0,0},{0,0,0,0,0,0,0,0,0},{0,0,0,0,0,0,0,0,0},{0,0,0,0,0,0,0,0,0},{0,0,0,0,0,0,0,0,0}}
]
Wartość 0 wstawiona nieprawidłowo
Bład w kwadracie 0
sudoku.model.SudokuBoard@1b6e32ee[
  size=9
  solver=sudoku.model.BacktrackingSudokuSolver@798d8247
  board={{2,3,8,4,9,1,7,5,6},{9,5,4,3,6,7,8,1,2},{1,6,7,5,8,2,9,3,4},{3,4,6,9,5,8,1,2,7},{5,8,9,2,1,3,6,0,0},{0,0,0,0,0,0,0,0,0},{0,0,0,0,0,0,0,0,0},{0,0,0,0,0,0,0,0,0},{0,0,0,0,0,0,0,0,0}}
]
Wartość 0 wstawiona nieprawidłowo
Bład w kwadracie 0
sudoku.model.SudokuBoard@1b6e32ee[
  size=9
  solver=sudoku.model.BacktrackingSudokuSolver@798d8247
  board={{2,3,8,4,9,1,7,5,6},{9,5,4,3,6,7,8,1,2},{1,6,7,5,8,2,9,3,4},{3,4,6,9,5,8,1,2,7},{5,8,9,2,1,3,0,0,0},{0,0,0,0,0,0,0,0,0},{0,0,0,0,0,0,0,0,0},{0,0,0,0,0,0,0,0,0},{0,0,0,0,0,0,0,0,0}}
]
Wartość 0 wstawiona nieprawidłowo
Bład w kwadracie 0
sudoku.model.SudokuBoard@1b6e32ee[
  size=9
  solver=sudoku.model.BacktrackingSudokuSolver@798d8247
  board={{2,3,8,4,9,1,7,5,6},{9,5,4,3,6,7,8,1,2},{1,6,7,5,8,2,9,3,4},{3,4,6,9,5,8,1,2,7},{5,8,9,2,1,0,0,0,0},{0,0,0,0,0,0,0,0,0},{0,0,0,0,0,0,0,0,0},{0,0,0,0,0,0,0,0,0},{0,0,0,0,0,0,0,0,0}}
]
Wartość 0 wstawiona nieprawidłowo
Bład w kwadracie 0
sudoku.model.SudokuBoard@1b6e32ee[
  size=9
  solver=sudoku.model.BacktrackingSudokuSolver@798d8247
  board={{2,3,8,4,9,1,7,5,6},{9,5,4,3,6,7,8,1,2},{1,6,7,5,8,2,9,3,4},{3,4,6,9,5,8,1,2,7},{5,8,9,2,1,4,0,0,0},{0,0,0,0,0,0,0,0,0},{0,0,0,0,0,0,0,0,0},{0,0,0,0,0,0,0,0,0},{0,0,0,0,0,0,0,0,0}}
]
Wartość 0 wstawiona nieprawidłowo
Bład w kwadracie 0
sudoku.model.SudokuBoard@1b6e32ee[
  size=9
  solver=sudoku.model.BacktrackingSudokuSolver@798d8247
  board={{2,3,8,4,9,1,7,5,6},{9,5,4,3,6,7,8,1,2},{1,6,7,5,8,2,9,3,4},{3,4,6,9,5,8,1,2,7},{5,8,9,2,1,4,3,0,0},{0,0,0,0,0,0,0,0,0},{0,0,0,0,0,0,0,0,0},{0,0,0,0,0,0,0,0,0},{0,0,0,0,0,0,0,0,0}}
]
Wartość 0 wstawiona nieprawidłowo
Bład w kwadracie 0
sudoku.model.SudokuBoard@1b6e32ee[
  size=9
  solver=sudoku.model.BacktrackingSudokuSolver@798d8247
  board={{2,3,8,4,9,1,7,5,6},{9,5,4,3,6,7,8,1,2},{1,6,7,5,8,2,9,3,4},{3,4,6,9,5,8,1,2,7},{5,8,9,2,1,4,0,0,0},{0,0,0,0,0,0,0,0,0},{0,0,0,0,0,0,0,0,0},{0,0,0,0,0,0,0,0,0},{0,0,0,0,0,0,0,0,0}}
]
Wartość 0 wstawiona nieprawidłowo
Bład w kwadracie 0
sudoku.model.SudokuBoard@1b6e32ee[
  size=9
  solver=sudoku.model.BacktrackingSudokuSolver@798d8247
  board={{2,3,8,4,9,1,7,5,6},{9,5,4,3,6,7,8,1,2},{1,6,7,5,8,2,9,3,4},{3,4,6,9,5,8,1,2,7},{5,8,9,2,1,0,0,0,0},{0,0,0,0,0,0,0,0,0},{0,0,0,0,0,0,0,0,0},{0,0,0,0,0,0,0,0,0},{0,0,0,0,0,0,0,0,0}}
]
Wartość 0 wstawiona nieprawidłowo
Bład w kwadracie 0
sudoku.model.SudokuBoard@1b6e32ee[
  size=9
  solver=sudoku.model.BacktrackingSudokuSolver@798d8247
  board={{2,3,8,4,9,1,7,5,6},{9,5,4,3,6,7,8,1,2},{1,6,7,5,8,2,9,3,4},{3,4,6,9,5,8,1,2,7},{5,8,9,2,1,6,3,0,0},{0,0,0,0,0,0,0,0,0},{0,0,0,0,0,0,0,0,0},{0,0,0,0,0,0,0,0,0},{0,0,0,0,0,0,0,0,0}}
]
Wartość 0 wstawiona nieprawidłowo
Bład w kwadracie 0
sudoku.model.SudokuBoard@1b6e32ee[
  size=9
  solver=sudoku.model.BacktrackingSudokuSolver@798d8247
  board={{2,3,8,4,9,1,7,5,6},{9,5,4,3,6,7,8,1,2},{1,6,7,5,8,2,9,3,4},{3,4,6,9,5,8,1,2,7},{5,8,9,2,1,6,0,0,0},{0,0,0,0,0,0,0,0,0},{0,0,0,0,0,0,0,0,0},{0,0,0,0,0,0,0,0,0},{0,0,0,0,0,0,0,0,0}}
]
Wartość 0 wstawiona nieprawidłowo
Bład w kwadracie 0
sudoku.model.SudokuBoard@1b6e32ee[
  size=9
  solver=sudoku.model.BacktrackingSudokuSolver@798d8247
  board={{2,3,8,4,9,1,7,5,6},{9,5,4,3,6,7,8,1,2},{1,6,7,5,8,2,9,3,4},{3,4,6,9,5,8,1,2,7},{5,8,9,2,1,6,0,0,0},{0,0,0,0,0,0,0,0,0},{0,0,0,0,0,0,0,0,0},{0,0,0,0,0,0,0,0,0},{0,0,0,0,0,0,0,0,0}}
]
Wartość 0 wstawiona nieprawidłowo
Bład w kwadracie 0
sudoku.model.SudokuBoard@1b6e32ee[
  size=9
  solver=sudoku.model.BacktrackingSudokuSolver@798d8247
  board={{2,3,8,4,9,1,7,5,6},{9,5,4,3,6,7,8,1,2},{1,6,7,5,8,2,9,3,4},{3,4,6,9,5,8,1,2,7},{5,8,9,2,1,0,0,0,0},{0,0,0,0,0,0,0,0,0},{0,0,0,0,0,0,0,0,0},{0,0,0,0,0,0,0,0,0},{0,0,0,0,0,0,0,0,0}}
]
Wartość 0 wstawiona nieprawidłowo
Bład w kwadracie 0
sudoku.model.SudokuBoard@1b6e32ee[
  size=9
  solver=sudoku.model.BacktrackingSudokuSolver@798d8247
  board={{2,3,8,4,9,1,7,5,6},{9,5,4,3,6,7,8,1,2},{1,6,7,5,8,2,9,3,4},{3,4,6,9,5,8,1,2,7},{5,8,9,2,0,0,0,0,0},{0,0,0,0,0,0,0,0,0},{0,0,0,0,0,0,0,0,0},{0,0,0,0,0,0,0,0,0},{0,0,0,0,0,0,0,0,0}}
]
Wartość 0 wstawiona nieprawidłowo
Bład w kwadracie 0
sudoku.model.SudokuBoard@1b6e32ee[
  size=9
  solver=sudoku.model.BacktrackingSudokuSolver@798d8247
  board={{2,3,8,4,9,1,7,5,6},{9,5,4,3,6,7,8,1,2},{1,6,7,5,8,2,9,3,4},{3,4,6,9,5,8,1,2,7},{5,8,9,2,3,4,0,0,0},{0,0,0,0,0,0,0,0,0},{0,0,0,0,0,0,0,0,0},{0,0,0,0,0,0,0,0,0},{0,0,0,0,0,0,0,0,0}}
]
Wartość 0 wstawiona nieprawidłowo
Bład w kwadracie 0
sudoku.model.SudokuBoard@1b6e32ee[
  size=9
  solver=sudoku.model.BacktrackingSudokuSolver@798d8247
  board={{2,3,8,4,9,1,7,5,6},{9,5,4,3,6,7,8,1,2},{1,6,7,5,8,2,9,3,4},{3,4,6,9,5,8,1,2,7},{5,8,9,2,3,0,0,0,0},{0,0,0,0,0,0,0,0,0},{0,0,0,0,0,0,0,0,0},{0,0,0,0,0,0,0,0,0},{0,0,0,0,0,0,0,0,0}}
]
Wartość 0 wstawiona nieprawidłowo
Bład w kwadracie 0
sudoku.model.SudokuBoard@1b6e32ee[
  size=9
  solver=sudoku.model.BacktrackingSudokuSolver@798d8247
  board={{2,3,8,4,9,1,7,5,6},{9,5,4,3,6,7,8,1,2},{1,6,7,5,8,2,9,3,4},{3,4,6,9,5,8,1,2,7},{5,8,9,2,3,6,0,0,0},{0,0,0,0,0,0,0,0,0},{0,0,0,0,0,0,0,0,0},{0,0,0,0,0,0,0,0,0},{0,0,0,0,0,0,0,0,0}}
]
Wartość 0 wstawiona nieprawidłowo
Bład w kwadracie 0
sudoku.model.SudokuBoard@1b6e32ee[
  size=9
  solver=sudoku.model.BacktrackingSudokuSolver@798d8247
  board={{2,3,8,4,9,1,7,5,6},{9,5,4,3,6,7,8,1,2},{1,6,7,5,8,2,9,3,4},{3,4,6,9,5,8,1,2,7},{5,8,9,2,3,0,0,0,0},{0,0,0,0,0,0,0,0,0},{0,0,0,0,0,0,0,0,0},{0,0,0,0,0,0,0,0,0},{0,0,0,0,0,0,0,0,0}}
]
Wartość 0 wstawiona nieprawidłowo
Bład w kwadracie 0
sudoku.model.SudokuBoard@1b6e32ee[
  size=9
  solver=sudoku.model.BacktrackingSudokuSolver@798d8247
  board={{2,3,8,4,9,1,7,5,6},{9,5,4,3,6,7,8,1,2},{1,6,7,5,8,2,9,3,4},{3,4,6,9,5,8,1,2,7},{5,8,9,2,0,0,0,0,0},{0,0,0,0,0,0,0,0,0},{0,0,0,0,0,0,0,0,0},{0,0,0,0,0,0,0,0,0},{0,0,0,0,0,0,0,0,0}}
]
Wartość 0 wstawiona nieprawidłowo
Bład w kwadracie 0
sudoku.model.SudokuBoard@1b6e32ee[
  size=9
  solver=sudoku.model.BacktrackingSudokuSolver@798d8247
  board={{2,3,8,4,9,1,7,5,6},{9,5,4,3,6,7,8,1,2},{1,6,7,5,8,2,9,3,4},{3,4,6,9,5,8,1,2,7},{5,8,9,2,4,3,0,0,0},{0,0,0,0,0,0,0,0,0},{0,0,0,0,0,0,0,0,0},{0,0,0,0,0,0,0,0,0},{0,0,0,0,0,0,0,0,0}}
]
Wartość 0 wstawiona nieprawidłowo
Bład w kwadracie 0
sudoku.model.SudokuBoard@1b6e32ee[
  size=9
  solver=sudoku.model.BacktrackingSudokuSolver@798d8247
  board={{2,3,8,4,9,1,7,5,6},{9,5,4,3,6,7,8,1,2},{1,6,7,5,8,2,9,3,4},{3,4,6,9,5,8,1,2,7},{5,8,9,2,4,0,0,0,0},{0,0,0,0,0,0,0,0,0},{0,0,0,0,0,0,0,0,0},{0,0,0,0,0,0,0,0,0},{0,0,0,0,0,0,0,0,0}}
]
Wartość 0 wstawiona nieprawidłowo
Bład w kwadracie 0
sudoku.model.SudokuBoard@1b6e32ee[
  size=9
  solver=sudoku.model.BacktrackingSudokuSolver@798d8247
  board={{2,3,8,4,9,1,7,5,6},{9,5,4,3,6,7,8,1,2},{1,6,7,5,8,2,9,3,4},{3,4,6,9,5,8,1,2,7},{5,8,9,2,4,6,0,0,0},{0,0,0,0,0,0,0,0,0},{0,0,0,0,0,0,0,0,0},{0,0,0,0,0,0,0,0,0},{0,0,0,0,0,0,0,0,0}}
]
Wartość 0 wstawiona nieprawidłowo
Bład w kwadracie 0
sudoku.model.SudokuBoard@1b6e32ee[
  size=9
  solver=sudoku.model.BacktrackingSudokuSolver@798d8247
  board={{2,3,8,4,9,1,7,5,6},{9,5,4,3,6,7,8,1,2},{1,6,7,5,8,2,9,3,4},{3,4,6,9,5,8,1,2,7},{5,8,9,2,4,0,0,0,0},{0,0,0,0,0,0,0,0,0},{0,0,0,0,0,0,0,0,0},{0,0,0,0,0,0,0,0,0},{0,0,0,0,0,0,0,0,0}}
]
Wartość 0 wstawiona nieprawidłowo
Bład w kwadracie 0
sudoku.model.SudokuBoard@1b6e32ee[
  size=9
  solver=sudoku.model.BacktrackingSudokuSolver@798d8247
  board={{2,3,8,4,9,1,7,5,6},{9,5,4,3,6,7,8,1,2},{1,6,7,5,8,2,9,3,4},{3,4,6,9,5,8,1,2,7},{5,8,9,2,0,0,0,0,0},{0,0,0,0,0,0,0,0,0},{0,0,0,0,0,0,0,0,0},{0,0,0,0,0,0,0,0,0},{0,0,0,0,0,0,0,0,0}}
]
Wartość 0 wstawiona nieprawidłowo
Bład w kwadracie 0
sudoku.model.SudokuBoard@1b6e32ee[
  size=9
  solver=sudoku.model.BacktrackingSudokuSolver@798d8247
  board={{2,3,8,4,9,1,7,5,6},{9,5,4,3,6,7,8,1,2},{1,6,7,5,8,2,9,3,4},{3,4,6,9,5,8,1,2,7},{5,8,9,2,7,3,6,0,0},{0,0,0,0,0,0,0,0,0},{0,0,0,0,0,0,0,0,0},{0,0,0,0,0,0,0,0,0},{0,0,0,0,0,0,0,0,0}}
]
Wartość 0 wstawiona nieprawidłowo
Bład w kwadracie 0
sudoku.model.SudokuBoard@1b6e32ee[
  size=9
  solver=sudoku.model.BacktrackingSudokuSolver@798d8247
  board={{2,3,8,4,9,1,7,5,6},{9,5,4,3,6,7,8,1,2},{1,6,7,5,8,2,9,3,4},{3,4,6,9,5,8,1,2,7},{5,8,9,2,7,3,0,0,0},{0,0,0,0,0,0,0,0,0},{0,0,0,0,0,0,0,0,0},{0,0,0,0,0,0,0,0,0},{0,0,0,0,0,0,0,0,0}}
]
Wartość 0 wstawiona nieprawidłowo
Bład w kwadracie 0
sudoku.model.SudokuBoard@1b6e32ee[
  size=9
  solver=sudoku.model.BacktrackingSudokuSolver@798d8247
  board={{2,3,8,4,9,1,7,5,6},{9,5,4,3,6,7,8,1,2},{1,6,7,5,8,2,9,3,4},{3,4,6,9,5,8,1,2,7},{5,8,9,2,7,3,4,0,0},{0,0,0,0,0,0,0,0,0},{0,0,0,0,0,0,0,0,0},{0,0,0,0,0,0,0,0,0},{0,0,0,0,0,0,0,0,0}}
]
Wartość 0 wstawiona nieprawidłowo
Bład w kwadracie 0
sudoku.model.SudokuBoard@1b6e32ee[
  size=9
  solver=sudoku.model.BacktrackingSudokuSolver@798d8247
  board={{2,3,8,4,9,1,7,5,6},{9,5,4,3,6,7,8,1,2},{1,6,7,5,8,2,9,3,4},{3,4,6,9,5,8,1,2,7},{5,8,9,2,7,3,0,0,0},{0,0,0,0,0,0,0,0,0},{0,0,0,0,0,0,0,0,0},{0,0,0,0,0,0,0,0,0},{0,0,0,0,0,0,0,0,0}}
]
Wartość 0 wstawiona nieprawidłowo
Bład w kwadracie 0
sudoku.model.SudokuBoard@1b6e32ee[
  size=9
  solver=sudoku.model.BacktrackingSudokuSolver@798d8247
  board={{2,3,8,4,9,1,7,5,6},{9,5,4,3,6,7,8,1,2},{1,6,7,5,8,2,9,3,4},{3,4,6,9,5,8,1,2,7},{5,8,9,2,7,0,0,0,0},{0,0,0,0,0,0,0,0,0},{0,0,0,0,0,0,0,0,0},{0,0,0,0,0,0,0,0,0},{0,0,0,0,0,0,0,0,0}}
]
Wartość 0 wstawiona nieprawidłowo
Bład w kwadracie 0
sudoku.model.SudokuBoard@1b6e32ee[
  size=9
  solver=sudoku.model.BacktrackingSudokuSolver@798d8247
  board={{2,3,8,4,9,1,7,5,6},{9,5,4,3,6,7,8,1,2},{1,6,7,5,8,2,9,3,4},{3,4,6,9,5,8,1,2,7},{5,8,9,2,7,4,3,0,0},{0,0,0,0,0,0,0,0,0},{0,0,0,0,0,0,0,0,0},{0,0,0,0,0,0,0,0,0},{0,0,0,0,0,0,0,0,0}}
]
Wartość 0 wstawiona nieprawidłowo
Bład w kwadracie 0
sudoku.model.SudokuBoard@1b6e32ee[
  size=9
  solver=sudoku.model.BacktrackingSudokuSolver@798d8247
  board={{2,3,8,4,9,1,7,5,6},{9,5,4,3,6,7,8,1,2},{1,6,7,5,8,2,9,3,4},{3,4,6,9,5,8,1,2,7},{5,8,9,2,7,4,0,0,0},{0,0,0,0,0,0,0,0,0},{0,0,0,0,0,0,0,0,0},{0,0,0,0,0,0,0,0,0},{0,0,0,0,0,0,0,0,0}}
]
Wartość 0 wstawiona nieprawidłowo
Bład w kwadracie 0
sudoku.model.SudokuBoard@1b6e32ee[
  size=9
  solver=sudoku.model.BacktrackingSudokuSolver@798d8247
  board={{2,3,8,4,9,1,7,5,6},{9,5,4,3,6,7,8,1,2},{1,6,7,5,8,2,9,3,4},{3,4,6,9,5,8,1,2,7},{5,8,9,2,7,4,0,0,0},{0,0,0,0,0,0,0,0,0},{0,0,0,0,0,0,0,0,0},{0,0,0,0,0,0,0,0,0},{0,0,0,0,0,0,0,0,0}}
]
Wartość 0 wstawiona nieprawidłowo
Bład w kwadracie 0
sudoku.model.SudokuBoard@1b6e32ee[
  size=9
  solver=sudoku.model.BacktrackingSudokuSolver@798d8247
  board={{2,3,8,4,9,1,7,5,6},{9,5,4,3,6,7,8,1,2},{1,6,7,5,8,2,9,3,4},{3,4,6,9,5,8,1,2,7},{5,8,9,2,7,0,0,0,0},{0,0,0,0,0,0,0,0,0},{0,0,0,0,0,0,0,0,0},{0,0,0,0,0,0,0,0,0},{0,0,0,0,0,0,0,0,0}}
]
Wartość 0 wstawiona nieprawidłowo
Bład w kwadracie 0
sudoku.model.SudokuBoard@1b6e32ee[
  size=9
  solver=sudoku.model.BacktrackingSudokuSolver@798d8247
  board={{2,3,8,4,9,1,7,5,6},{9,5,4,3,6,7,8,1,2},{1,6,7,5,8,2,9,3,4},{3,4,6,9,5,8,1,2,7},{5,8,9,2,7,6,3,0,0},{0,0,0,0,0,0,0,0,0},{0,0,0,0,0,0,0,0,0},{0,0,0,0,0,0,0,0,0},{0,0,0,0,0,0,0,0,0}}
]
Wartość 0 wstawiona nieprawidłowo
Bład w kwadracie 0
sudoku.model.SudokuBoard@1b6e32ee[
  size=9
  solver=sudoku.model.BacktrackingSudokuSolver@798d8247
  board={{2,3,8,4,9,1,7,5,6},{9,5,4,3,6,7,8,1,2},{1,6,7,5,8,2,9,3,4},{3,4,6,9,5,8,1,2,7},{5,8,9,2,7,6,0,0,0},{0,0,0,0,0,0,0,0,0},{0,0,0,0,0,0,0,0,0},{0,0,0,0,0,0,0,0,0},{0,0,0,0,0,0,0,0,0}}
]
Wartość 0 wstawiona nieprawidłowo
Bład w kwadracie 0
sudoku.model.SudokuBoard@1b6e32ee[
  size=9
  solver=sudoku.model.BacktrackingSudokuSolver@798d8247
  board={{2,3,8,4,9,1,7,5,6},{9,5,4,3,6,7,8,1,2},{1,6,7,5,8,2,9,3,4},{3,4,6,9,5,8,1,2,7},{5,8,9,2,7,6,0,0,0},{0,0,0,0,0,0,0,0,0},{0,0,0,0,0,0,0,0,0},{0,0,0,0,0,0,0,0,0},{0,0,0,0,0,0,0,0,0}}
]
Wartość 0 wstawiona nieprawidłowo
Bład w kwadracie 0
sudoku.model.SudokuBoard@1b6e32ee[
  size=9
  solver=sudoku.model.BacktrackingSudokuSolver@798d8247
  board={{2,3,8,4,9,1,7,5,6},{9,5,4,3,6,7,8,1,2},{1,6,7,5,8,2,9,3,4},{3,4,6,9,5,8,1,2,7},{5,8,9,2,7,0,0,0,0},{0,0,0,0,0,0,0,0,0},{0,0,0,0,0,0,0,0,0},{0,0,0,0,0,0,0,0,0},{0,0,0,0,0,0,0,0,0}}
]
Wartość 0 wstawiona nieprawidłowo
Bład w kwadracie 0
sudoku.model.SudokuBoard@1b6e32ee[
  size=9
  solver=sudoku.model.BacktrackingSudokuSolver@798d8247
  board={{2,3,8,4,9,1,7,5,6},{9,5,4,3,6,7,8,1,2},{1,6,7,5,8,2,9,3,4},{3,4,6,9,5,8,1,2,7},{5,8,9,2,0,0,0,0,0},{0,0,0,0,0,0,0,0,0},{0,0,0,0,0,0,0,0,0},{0,0,0,0,0,0,0,0,0},{0,0,0,0,0,0,0,0,0}}
]
Wartość 0 wstawiona nieprawidłowo
Bład w kwadracie 0
sudoku.model.SudokuBoard@1b6e32ee[
  size=9
  solver=sudoku.model.BacktrackingSudokuSolver@798d8247
  board={{2,3,8,4,9,1,7,5,6},{9,5,4,3,6,7,8,1,2},{1,6,7,5,8,2,9,3,4},{3,4,6,9,5,8,1,2,7},{5,8,9,0,0,0,0,0,0},{0,0,0,0,0,0,0,0,0},{0,0,0,0,0,0,0,0,0},{0,0,0,0,0,0,0,0,0},{0,0,0,0,0,0,0,0,0}}
]
Wartość 0 wstawiona nieprawidłowo
Bład w kwadracie 0
sudoku.model.SudokuBoard@1b6e32ee[
  size=9
  solver=sudoku.model.BacktrackingSudokuSolver@798d8247
  board={{2,3,8,4,9,1,7,5,6},{9,5,4,3,6,7,8,1,2},{1,6,7,5,8,2,9,3,4},{3,4,6,9,5,8,1,2,7},{5,8,0,0,0,0,0,0,0},{0,0,0,0,0,0,0,0,0},{0,0,0,0,0,0,0,0,0},{0,0,0,0,0,0,0,0,0},{0,0,0,0,0,0,0,0,0}}
]
Wartość 0 wstawiona nieprawidłowo
Bład w kwadracie 0
sudoku.model.SudokuBoard@1b6e32ee[
  size=9
  solver=sudoku.model.BacktrackingSudokuSolver@798d8247
  board={{2,3,8,4,9,1,7,5,6},{9,5,4,3,6,7,8,1,2},{1,6,7,5,8,2,9,3,4},{3,4,6,9,5,8,1,2,7},{5,8,1,6,7,3,4,0,0},{0,0,0,0,0,0,0,0,0},{0,0,0,0,0,0,0,0,0},{0,0,0,0,0,0,0,0,0},{0,0,0,0,0,0,0,0,0}}
]
Wartość 0 wstawiona nieprawidłowo
Bład w kwadracie 0
sudoku.model.SudokuBoard@1b6e32ee[
  size=9
  solver=sudoku.model.BacktrackingSudokuSolver@798d8247
  board={{2,3,8,4,9,1,7,5,6},{9,5,4,3,6,7,8,1,2},{1,6,7,5,8,2,9,3,4},{3,4,6,9,5,8,1,2,7},{5,8,1,6,7,3,0,0,0},{0,0,0,0,0,0,0,0,0},{0,0,0,0,0,0,0,0,0},{0,0,0,0,0,0,0,0,0},{0,0,0,0,0,0,0,0,0}}
]
Wartość 0 wstawiona nieprawidłowo
Bład w kwadracie 0
sudoku.model.SudokuBoard@1b6e32ee[
  size=9
  solver=sudoku.model.BacktrackingSudokuSolver@798d8247
  board={{2,3,8,4,9,1,7,5,6},{9,5,4,3,6,7,8,1,2},{1,6,7,5,8,2,9,3,4},{3,4,6,9,5,8,1,2,7},{5,8,1,6,7,0,0,0,0},{0,0,0,0,0,0,0,0,0},{0,0,0,0,0,0,0,0,0},{0,0,0,0,0,0,0,0,0},{0,0,0,0,0,0,0,0,0}}
]
Wartość 0 wstawiona nieprawidłowo
Bład w kwadracie 0
sudoku.model.SudokuBoard@1b6e32ee[
  size=9
  solver=sudoku.model.BacktrackingSudokuSolver@798d8247
  board={{2,3,8,4,9,1,7,5,6},{9,5,4,3,6,7,8,1,2},{1,6,7,5,8,2,9,3,4},{3,4,6,9,5,8,1,2,7},{5,8,1,6,7,4,3,0,0},{0,0,0,0,0,0,0,0,0},{0,0,0,0,0,0,0,0,0},{0,0,0,0,0,0,0,0,0},{0,0,0,0,0,0,0,0,0}}
]
Wartość 0 wstawiona nieprawidłowo
Bład w kwadracie 0
sudoku.model.SudokuBoard@1b6e32ee[
  size=9
  solver=sudoku.model.BacktrackingSudokuSolver@798d8247
  board={{2,3,8,4,9,1,7,5,6},{9,5,4,3,6,7,8,1,2},{1,6,7,5,8,2,9,3,4},{3,4,6,9,5,8,1,2,7},{5,8,1,6,7,4,0,0,0},{0,0,0,0,0,0,0,0,0},{0,0,0,0,0,0,0,0,0},{0,0,0,0,0,0,0,0,0},{0,0,0,0,0,0,0,0,0}}
]
Wartość 0 wstawiona nieprawidłowo
Bład w kwadracie 0
sudoku.model.SudokuBoard@1b6e32ee[
  size=9
  solver=sudoku.model.BacktrackingSudokuSolver@798d8247
  board={{2,3,8,4,9,1,7,5,6},{9,5,4,3,6,7,8,1,2},{1,6,7,5,8,2,9,3,4},{3,4,6,9,5,8,1,2,7},{5,8,1,6,7,0,0,0,0},{0,0,0,0,0,0,0,0,0},{0,0,0,0,0,0,0,0,0},{0,0,0,0,0,0,0,0,0},{0,0,0,0,0,0,0,0,0}}
]
Wartość 0 wstawiona nieprawidłowo
Bład w kwadracie 0
sudoku.model.SudokuBoard@1b6e32ee[
  size=9
  solver=sudoku.model.BacktrackingSudokuSolver@798d8247
  board={{2,3,8,4,9,1,7,5,6},{9,5,4,3,6,7,8,1,2},{1,6,7,5,8,2,9,3,4},{3,4,6,9,5,8,1,2,7},{5,8,1,6,0,0,0,0,0},{0,0,0,0,0,0,0,0,0},{0,0,0,0,0,0,0,0,0},{0,0,0,0,0,0,0,0,0},{0,0,0,0,0,0,0,0,0}}
]
Wartość 0 wstawiona nieprawidłowo
Bład w kwadracie 0
sudoku.model.SudokuBoard@1b6e32ee[
  size=9
  solver=sudoku.model.BacktrackingSudokuSolver@798d8247
  board={{2,3,8,4,9,1,7,5,6},{9,5,4,3,6,7,8,1,2},{1,6,7,5,8,2,9,3,4},{3,4,6,9,5,8,1,2,7},{5,8,1,6,2,3,4,0,0},{0,0,0,0,0,0,0,0,0},{0,0,0,0,0,0,0,0,0},{0,0,0,0,0,0,0,0,0},{0,0,0,0,0,0,0,0,0}}
]
Wartość 0 wstawiona nieprawidłowo
Bład w kwadracie 0
sudoku.model.SudokuBoard@1b6e32ee[
  size=9
  solver=sudoku.model.BacktrackingSudokuSolver@798d8247
  board={{2,3,8,4,9,1,7,5,6},{9,5,4,3,6,7,8,1,2},{1,6,7,5,8,2,9,3,4},{3,4,6,9,5,8,1,2,7},{5,8,1,6,2,3,0,0,0},{0,0,0,0,0,0,0,0,0},{0,0,0,0,0,0,0,0,0},{0,0,0,0,0,0,0,0,0},{0,0,0,0,0,0,0,0,0}}
]
Wartość 0 wstawiona nieprawidłowo
Bład w kwadracie 0
sudoku.model.SudokuBoard@1b6e32ee[
  size=9
  solver=sudoku.model.BacktrackingSudokuSolver@798d8247
  board={{2,3,8,4,9,1,7,5,6},{9,5,4,3,6,7,8,1,2},{1,6,7,5,8,2,9,3,4},{3,4,6,9,5,8,1,2,7},{5,8,1,6,2,0,0,0,0},{0,0,0,0,0,0,0,0,0},{0,0,0,0,0,0,0,0,0},{0,0,0,0,0,0,0,0,0},{0,0,0,0,0,0,0,0,0}}
]
Wartość 0 wstawiona nieprawidłowo
Bład w kwadracie 0
sudoku.model.SudokuBoard@1b6e32ee[
  size=9
  solver=sudoku.model.BacktrackingSudokuSolver@798d8247
  board={{2,3,8,4,9,1,7,5,6},{9,5,4,3,6,7,8,1,2},{1,6,7,5,8,2,9,3,4},{3,4,6,9,5,8,1,2,7},{5,8,1,6,2,4,3,0,0},{0,0,0,0,0,0,0,0,0},{0,0,0,0,0,0,0,0,0},{0,0,0,0,0,0,0,0,0},{0,0,0,0,0,0,0,0,0}}
]
Wartość 0 wstawiona nieprawidłowo
Bład w kwadracie 0
sudoku.model.SudokuBoard@1b6e32ee[
  size=9
  solver=sudoku.model.BacktrackingSudokuSolver@798d8247
  board={{2,3,8,4,9,1,7,5,6},{9,5,4,3,6,7,8,1,2},{1,6,7,5,8,2,9,3,4},{3,4,6,9,5,8,1,2,7},{5,8,1,6,2,4,0,0,0},{0,0,0,0,0,0,0,0,0},{0,0,0,0,0,0,0,0,0},{0,0,0,0,0,0,0,0,0},{0,0,0,0,0,0,0,0,0}}
]
Wartość 0 wstawiona nieprawidłowo
Bład w kwadracie 0
sudoku.model.SudokuBoard@1b6e32ee[
  size=9
  solver=sudoku.model.BacktrackingSudokuSolver@798d8247
  board={{2,3,8,4,9,1,7,5,6},{9,5,4,3,6,7,8,1,2},{1,6,7,5,8,2,9,3,4},{3,4,6,9,5,8,1,2,7},{5,8,1,6,2,0,0,0,0},{0,0,0,0,0,0,0,0,0},{0,0,0,0,0,0,0,0,0},{0,0,0,0,0,0,0,0,0},{0,0,0,0,0,0,0,0,0}}
]
Wartość 0 wstawiona nieprawidłowo
Bład w kwadracie 0
sudoku.model.SudokuBoard@1b6e32ee[
  size=9
  solver=sudoku.model.BacktrackingSudokuSolver@798d8247
  board={{2,3,8,4,9,1,7,5,6},{9,5,4,3,6,7,8,1,2},{1,6,7,5,8,2,9,3,4},{3,4,6,9,5,8,1,2,7},{5,8,1,6,0,0,0,0,0},{0,0,0,0,0,0,0,0,0},{0,0,0,0,0,0,0,0,0},{0,0,0,0,0,0,0,0,0},{0,0,0,0,0,0,0,0,0}}
]
Wartość 0 wstawiona nieprawidłowo
Bład w kwadracie 0
sudoku.model.SudokuBoard@1b6e32ee[
  size=9
  solver=sudoku.model.BacktrackingSudokuSolver@798d8247
  board={{2,3,8,4,9,1,7,5,6},{9,5,4,3,6,7,8,1,2},{1,6,7,5,8,2,9,3,4},{3,4,6,9,5,8,1,2,7},{5,8,1,6,3,0,0,0,0},{0,0,0,0,0,0,0,0,0},{0,0,0,0,0,0,0,0,0},{0,0,0,0,0,0,0,0,0},{0,0,0,0,0,0,0,0,0}}
]
Wartość 0 wstawiona nieprawidłowo
Bład w kwadracie 0
sudoku.model.SudokuBoard@1b6e32ee[
  size=9
  solver=sudoku.model.BacktrackingSudokuSolver@798d8247
  board={{2,3,8,4,9,1,7,5,6},{9,5,4,3,6,7,8,1,2},{1,6,7,5,8,2,9,3,4},{3,4,6,9,5,8,1,2,7},{5,8,1,6,0,0,0,0,0},{0,0,0,0,0,0,0,0,0},{0,0,0,0,0,0,0,0,0},{0,0,0,0,0,0,0,0,0},{0,0,0,0,0,0,0,0,0}}
]
Wartość 0 wstawiona nieprawidłowo
Bład w kwadracie 0
sudoku.model.SudokuBoard@1b6e32ee[
  size=9
  solver=sudoku.model.BacktrackingSudokuSolver@798d8247
  board={{2,3,8,4,9,1,7,5,6},{9,5,4,3,6,7,8,1,2},{1,6,7,5,8,2,9,3,4},{3,4,6,9,5,8,1,2,7},{5,8,1,6,4,0,0,0,0},{0,0,0,0,0,0,0,0,0},{0,0,0,0,0,0,0,0,0},{0,0,0,0,0,0,0,0,0},{0,0,0,0,0,0,0,0,0}}
]
Wartość 0 wstawiona nieprawidłowo
Bład w kwadracie 0
sudoku.model.SudokuBoard@1b6e32ee[
  size=9
  solver=sudoku.model.BacktrackingSudokuSolver@798d8247
  board={{2,3,8,4,9,1,7,5,6},{9,5,4,3,6,7,8,1,2},{1,6,7,5,8,2,9,3,4},{3,4,6,9,5,8,1,2,7},{5,8,1,6,0,0,0,0,0},{0,0,0,0,0,0,0,0,0},{0,0,0,0,0,0,0,0,0},{0,0,0,0,0,0,0,0,0},{0,0,0,0,0,0,0,0,0}}
]
Wartość 0 wstawiona nieprawidłowo
Bład w kwadracie 0
sudoku.model.SudokuBoard@1b6e32ee[
  size=9
  solver=sudoku.model.BacktrackingSudokuSolver@798d8247
  board={{2,3,8,4,9,1,7,5,6},{9,5,4,3,6,7,8,1,2},{1,6,7,5,8,2,9,3,4},{3,4,6,9,5,8,1,2,7},{5,8,1,0,0,0,0,0,0},{0,0,0,0,0,0,0,0,0},{0,0,0,0,0,0,0,0,0},{0,0,0,0,0,0,0,0,0},{0,0,0,0,0,0,0,0,0}}
]
Wartość 0 wstawiona nieprawidłowo
Bład w kwadracie 0
sudoku.model.SudokuBoard@1b6e32ee[
  size=9
  solver=sudoku.model.BacktrackingSudokuSolver@798d8247
  board={{2,3,8,4,9,1,7,5,6},{9,5,4,3,6,7,8,1,2},{1,6,7,5,8,2,9,3,4},{3,4,6,9,5,8,1,2,7},{5,8,1,7,2,3,4,0,0},{0,0,0,0,0,0,0,0,0},{0,0,0,0,0,0,0,0,0},{0,0,0,0,0,0,0,0,0},{0,0,0,0,0,0,0,0,0}}
]
Wartość 0 wstawiona nieprawidłowo
Bład w kwadracie 0
sudoku.model.SudokuBoard@1b6e32ee[
  size=9
  solver=sudoku.model.BacktrackingSudokuSolver@798d8247
  board={{2,3,8,4,9,1,7,5,6},{9,5,4,3,6,7,8,1,2},{1,6,7,5,8,2,9,3,4},{3,4,6,9,5,8,1,2,7},{5,8,1,7,2,3,4,6,9},{7,9,2,1,4,6,3,8,5},{4,1,9,6,3,5,2,7,8},{8,7,3,2,1,9,6,0,0},{0,0,0,0,0,0,0,0,0}}
]
Wartość 0 wstawiona nieprawidłowo
Bład w kwadracie 0
sudoku.model.SudokuBoard@1b6e32ee[
  size=9
  solver=sudoku.model.BacktrackingSudokuSolver@798d8247
  board={{2,3,8,4,9,1,7,5,6},{9,5,4,3,6,7,8,1,2},{1,6,7,5,8,2,9,3,4},{3,4,6,9,5,8,1,2,7},{5,8,1,7,2,3,4,6,9},{7,9,2,1,4,6,3,8,5},{4,1,9,6,3,5,2,7,8},{8,7,3,2,1,9,0,0,0},{0,0,0,0,0,0,0,0,0}}
]
Wartość 0 wstawiona nieprawidłowo
Bład w kwadracie 0
sudoku.model.SudokuBoard@1b6e32ee[
  size=9
  solver=sudoku.model.BacktrackingSudokuSolver@798d8247
  board={{2,3,8,4,9,1,7,5,6},{9,5,4,3,6,7,8,1,2},{1,6,7,5,8,2,9,3,4},{3,4,6,9,5,8,1,2,7},{5,8,1,7,2,3,4,6,9},{7,9,2,1,4,6,3,8,5},{4,1,9,6,3,5,2,7,8},{8,7,3,2,1,9,5,0,0},{0,0,0,0,0,0,0,0,0}}
]
Wartość 0 wstawiona nieprawidłowo
Bład w kwadracie 0
sudoku.model.SudokuBoard@1b6e32ee[
  size=9
  solver=sudoku.model.BacktrackingSudokuSolver@798d8247
  board={{2,3,8,4,9,1,7,5,6},{9,5,4,3,6,7,8,1,2},{1,6,7,5,8,2,9,3,4},{3,4,6,9,5,8,1,2,7},{5,8,1,7,2,3,4,6,9},{7,9,2,1,4,6,3,8,5},{4,1,9,6,3,5,2,7,8},{8,7,3,2,1,9,0,0,0},{0,0,0,0,0,0,0,0,0}}
]
Wartość 0 wstawiona nieprawidłowo
Bład w kwadracie 0
sudoku.model.SudokuBoard@1b6e32ee[
  size=9
  solver=sudoku.model.BacktrackingSudokuSolver@798d8247
  board={{2,3,8,4,9,1,7,5,6},{9,5,4,3,6,7,8,1,2},{1,6,7,5,8,2,9,3,4},{3,4,6,9,5,8,1,2,7},{5,8,1,7,2,3,4,6,9},{7,9,2,1,4,6,3,8,5},{4,1,9,6,3,5,2,7,8},{8,7,3,2,1,0,0,0,0},{0,0,0,0,0,0,0,0,0}}
]
Wartość 0 wstawiona nieprawidłowo
Bład w kwadracie 0
sudoku.model.SudokuBoard@1b6e32ee[
  size=9
  solver=sudoku.model.BacktrackingSudokuSolver@798d8247
  board={{2,3,8,4,9,1,7,5,6},{9,5,4,3,6,7,8,1,2},{1,6,7,5,8,2,9,3,4},{3,4,6,9,5,8,1,2,7},{5,8,1,7,2,3,4,6,9},{7,9,2,1,4,6,3,8,5},{4,1,9,6,3,5,2,7,8},{8,7,3,2,1,4,6,0,0},{0,0,0,0,0,0,0,0,0}}
]
Wartość 0 wstawiona nieprawidłowo
Bład w kwadracie 0
sudoku.model.SudokuBoard@1b6e32ee[
  size=9
  solver=sudoku.model.BacktrackingSudokuSolver@798d8247
  board={{2,3,8,4,9,1,7,5,6},{9,5,4,3,6,7,8,1,2},{1,6,7,5,8,2,9,3,4},{3,4,6,9,5,8,1,2,7},{5,8,1,7,2,3,4,6,9},{7,9,2,1,4,6,3,8,5},{4,1,9,6,3,5,2,7,8},{8,7,3,2,1,4,0,0,0},{0,0,0,0,0,0,0,0,0}}
]
Wartość 0 wstawiona nieprawidłowo
Bład w kwadracie 0
sudoku.model.SudokuBoard@1b6e32ee[
  size=9
  solver=sudoku.model.BacktrackingSudokuSolver@798d8247
  board={{2,3,8,4,9,1,7,5,6},{9,5,4,3,6,7,8,1,2},{1,6,7,5,8,2,9,3,4},{3,4,6,9,5,8,1,2,7},{5,8,1,7,2,3,4,6,9},{7,9,2,1,4,6,3,8,5},{4,1,9,6,3,5,2,7,8},{8,7,3,2,1,4,5,0,0},{0,0,0,0,0,0,0,0,0}}
]
Wartość 0 wstawiona nieprawidłowo
Bład w kwadracie 0
sudoku.model.SudokuBoard@1b6e32ee[
  size=9
  solver=sudoku.model.BacktrackingSudokuSolver@798d8247
  board={{2,3,8,4,9,1,7,5,6},{9,5,4,3,6,7,8,1,2},{1,6,7,5,8,2,9,3,4},{3,4,6,9,5,8,1,2,7},{5,8,1,7,2,3,4,6,9},{7,9,2,1,4,6,3,8,5},{4,1,9,6,3,5,2,7,8},{8,7,3,2,1,4,0,0,0},{0,0,0,0,0,0,0,0,0}}
]
Wartość 0 wstawiona nieprawidłowo
Bład w kwadracie 0
sudoku.model.SudokuBoard@1b6e32ee[
  size=9
  solver=sudoku.model.BacktrackingSudokuSolver@798d8247
  board={{2,3,8,4,9,1,7,5,6},{9,5,4,3,6,7,8,1,2},{1,6,7,5,8,2,9,3,4},{3,4,6,9,5,8,1,2,7},{5,8,1,7,2,3,4,6,9},{7,9,2,1,4,6,3,8,5},{4,1,9,6,3,5,2,7,8},{8,7,3,2,1,0,0,0,0},{0,0,0,0,0,0,0,0,0}}
]
Wartość 0 wstawiona nieprawidłowo
Bład w kwadracie 0
sudoku.model.SudokuBoard@1b6e32ee[
  size=9
  solver=sudoku.model.BacktrackingSudokuSolver@798d8247
  board={{2,3,8,4,9,1,7,5,6},{9,5,4,3,6,7,8,1,2},{1,6,7,5,8,2,9,3,4},{3,4,6,9,5,8,1,2,7},{5,8,1,7,2,3,4,6,9},{7,9,2,1,4,6,3,8,5},{4,1,9,6,3,5,2,7,8},{8,7,3,2,0,0,0,0,0},{0,0,0,0,0,0,0,0,0}}
]
Wartość 0 wstawiona nieprawidłowo
Bład w kwadracie 0
sudoku.model.SudokuBoard@1b6e32ee[
  size=9
  solver=sudoku.model.BacktrackingSudokuSolver@798d8247
  board={{2,3,8,4,9,1,7,5,6},{9,5,4,3,6,7,8,1,2},{1,6,7,5,8,2,9,3,4},{3,4,6,9,5,8,1,2,7},{5,8,1,7,2,3,4,6,9},{7,9,2,1,4,6,3,8,5},{4,1,9,6,3,5,2,7,8},{8,7,3,0,0,0,0,0,0},{0,0,0,0,0,0,0,0,0}}
]
Wartość 0 wstawiona nieprawidłowo
Bład w kwadracie 0
sudoku.model.SudokuBoard@1b6e32ee[
  size=9
  solver=sudoku.model.BacktrackingSudokuSolver@798d8247
  board={{2,3,8,4,9,1,7,5,6},{9,5,4,3,6,7,8,1,2},{1,6,7,5,8,2,9,3,4},{3,4,6,9,5,8,1,2,7},{5,8,1,7,2,3,4,6,9},{7,9,2,1,4,6,3,8,5},{4,1,9,6,3,5,2,7,8},{8,7,0,0,0,0,0,0,0},{0,0,0,0,0,0,0,0,0}}
]
Wartość 0 wstawiona nieprawidłowo
sudoku.model.SudokuBoard@41623694[
  size=9
  solver=sudoku.model.BacktrackingSudokuSolver@798d8247
  board={{2,3,8,4,9,1,7,5,6},{9,5,4,3,6,7,8,1,2},{1,6,7,5,8,2,9,3,4},{3,4,6,9,5,8,1,2,7},{5,8,1,7,2,3,4,6,9},{7,9,2,1,4,6,3,8,5},{4,1,9,6,3,5,2,7,8},{8,7,5,2,1,9,6,4,3},{6,2,3,8,7,4,5,9,1}}
]
]]></system-out>
  </testcase>
  <testcase name="checkBoardTestRowFalse" classname="sudoku.model.SudokuBoardTest" time="0.038">
    <system-out><![CDATA[Bład w kwadracie 0
sudoku.model.SudokuBoard@46d83ec4[
  size=9
  solver=sudoku.model.BacktrackingSudokuSolver@2ccb8db3
  board={{8,5,6,7,9,1,4,2,3},{9,7,3,4,2,5,6,1,8},{4,1,2,6,8,3,9,5,7},{2,6,7,8,3,9,1,4,5},{3,8,9,1,6,4,0,0,0},{0,0,0,0,0,0,0,0,0},{0,0,0,0,0,0,0,0,0},{0,0,0,0,0,0,0,0,0},{0,0,0,0,0,0,0,0,0}}
]
Wartość 0 wstawiona nieprawidłowo
Bład w kwadracie 0
sudoku.model.SudokuBoard@46d83ec4[
  size=9
  solver=sudoku.model.BacktrackingSudokuSolver@2ccb8db3
  board={{8,5,6,7,9,1,4,2,3},{9,7,3,4,2,5,6,1,8},{4,1,2,6,8,3,9,5,7},{2,6,7,8,3,9,1,4,5},{3,8,9,1,6,4,2,0,0},{0,0,0,0,0,0,0,0,0},{0,0,0,0,0,0,0,0,0},{0,0,0,0,0,0,0,0,0},{0,0,0,0,0,0,0,0,0}}
]
Wartość 0 wstawiona nieprawidłowo
Bład w kwadracie 0
sudoku.model.SudokuBoard@46d83ec4[
  size=9
  solver=sudoku.model.BacktrackingSudokuSolver@2ccb8db3
  board={{8,5,6,7,9,1,4,2,3},{9,7,3,4,2,5,6,1,8},{4,1,2,6,8,3,9,5,7},{2,6,7,8,3,9,1,4,5},{3,8,9,1,6,4,0,0,0},{0,0,0,0,0,0,0,0,0},{0,0,0,0,0,0,0,0,0},{0,0,0,0,0,0,0,0,0},{0,0,0,0,0,0,0,0,0}}
]
Wartość 0 wstawiona nieprawidłowo
Bład w kwadracie 0
sudoku.model.SudokuBoard@46d83ec4[
  size=9
  solver=sudoku.model.BacktrackingSudokuSolver@2ccb8db3
  board={{8,5,6,7,9,1,4,2,3},{9,7,3,4,2,5,6,1,8},{4,1,2,6,8,3,9,5,7},{2,6,7,8,3,9,1,4,5},{3,8,9,1,6,0,0,0,0},{0,0,0,0,0,0,0,0,0},{0,0,0,0,0,0,0,0,0},{0,0,0,0,0,0,0,0,0},{0,0,0,0,0,0,0,0,0}}
]
Wartość 0 wstawiona nieprawidłowo
Bład w kwadracie 0
sudoku.model.SudokuBoard@46d83ec4[
  size=9
  solver=sudoku.model.BacktrackingSudokuSolver@2ccb8db3
  board={{8,5,6,7,9,1,4,2,3},{9,7,3,4,2,5,6,1,8},{4,1,2,6,8,3,9,5,7},{2,6,7,8,3,9,1,4,5},{3,8,9,1,6,7,0,0,0},{0,0,0,0,0,0,0,0,0},{0,0,0,0,0,0,0,0,0},{0,0,0,0,0,0,0,0,0},{0,0,0,0,0,0,0,0,0}}
]
Wartość 0 wstawiona nieprawidłowo
Bład w kwadracie 0
sudoku.model.SudokuBoard@46d83ec4[
  size=9
  solver=sudoku.model.BacktrackingSudokuSolver@2ccb8db3
  board={{8,5,6,7,9,1,4,2,3},{9,7,3,4,2,5,6,1,8},{4,1,2,6,8,3,9,5,7},{2,6,7,8,3,9,1,4,5},{3,8,9,1,6,0,0,0,0},{0,0,0,0,0,0,0,0,0},{0,0,0,0,0,0,0,0,0},{0,0,0,0,0,0,0,0,0},{0,0,0,0,0,0,0,0,0}}
]
Wartość 0 wstawiona nieprawidłowo
Bład w kwadracie 0
sudoku.model.SudokuBoard@46d83ec4[
  size=9
  solver=sudoku.model.BacktrackingSudokuSolver@2ccb8db3
  board={{8,5,6,7,9,1,4,2,3},{9,7,3,4,2,5,6,1,8},{4,1,2,6,8,3,9,5,7},{2,6,7,8,3,9,1,4,5},{3,8,9,1,6,2,0,0,0},{0,0,0,0,0,0,0,0,0},{0,0,0,0,0,0,0,0,0},{0,0,0,0,0,0,0,0,0},{0,0,0,0,0,0,0,0,0}}
]
Wartość 0 wstawiona nieprawidłowo
Bład w kwadracie 0
sudoku.model.SudokuBoard@46d83ec4[
  size=9
  solver=sudoku.model.BacktrackingSudokuSolver@2ccb8db3
  board={{8,5,6,7,9,1,4,2,3},{9,7,3,4,2,5,6,1,8},{4,1,2,6,8,3,9,5,7},{2,6,7,8,3,9,1,4,5},{3,8,9,1,6,0,0,0,0},{0,0,0,0,0,0,0,0,0},{0,0,0,0,0,0,0,0,0},{0,0,0,0,0,0,0,0,0},{0,0,0,0,0,0,0,0,0}}
]
Wartość 0 wstawiona nieprawidłowo
Bład w kwadracie 0
sudoku.model.SudokuBoard@46d83ec4[
  size=9
  solver=sudoku.model.BacktrackingSudokuSolver@2ccb8db3
  board={{8,5,6,7,9,1,4,2,3},{9,7,3,4,2,5,6,1,8},{4,1,2,6,8,3,9,5,7},{2,6,7,8,3,9,1,4,5},{3,8,9,1,0,0,0,0,0},{0,0,0,0,0,0,0,0,0},{0,0,0,0,0,0,0,0,0},{0,0,0,0,0,0,0,0,0},{0,0,0,0,0,0,0,0,0}}
]
Wartość 0 wstawiona nieprawidłowo
Bład w kwadracie 0
sudoku.model.SudokuBoard@46d83ec4[
  size=9
  solver=sudoku.model.BacktrackingSudokuSolver@2ccb8db3
  board={{8,5,6,7,9,1,4,2,3},{9,7,3,4,2,5,6,1,8},{4,1,2,6,8,3,9,5,7},{2,6,7,8,3,9,1,4,5},{3,8,9,1,7,0,0,0,0},{0,0,0,0,0,0,0,0,0},{0,0,0,0,0,0,0,0,0},{0,0,0,0,0,0,0,0,0},{0,0,0,0,0,0,0,0,0}}
]
Wartość 0 wstawiona nieprawidłowo
Bład w kwadracie 0
sudoku.model.SudokuBoard@46d83ec4[
  size=9
  solver=sudoku.model.BacktrackingSudokuSolver@2ccb8db3
  board={{8,5,6,7,9,1,4,2,3},{9,7,3,4,2,5,6,1,8},{4,1,2,6,8,3,9,5,7},{2,6,7,8,3,9,1,4,5},{3,8,9,1,7,4,2,0,0},{0,0,0,0,0,0,0,0,0},{0,0,0,0,0,0,0,0,0},{0,0,0,0,0,0,0,0,0},{0,0,0,0,0,0,0,0,0}}
]
Wartość 0 wstawiona nieprawidłowo
Bład w kwadracie 0
sudoku.model.SudokuBoard@46d83ec4[
  size=9
  solver=sudoku.model.BacktrackingSudokuSolver@2ccb8db3
  board={{8,5,6,7,9,1,4,2,3},{9,7,3,4,2,5,6,1,8},{4,1,2,6,8,3,9,5,7},{2,6,7,8,3,9,1,4,5},{3,8,9,1,7,4,0,0,0},{0,0,0,0,0,0,0,0,0},{0,0,0,0,0,0,0,0,0},{0,0,0,0,0,0,0,0,0},{0,0,0,0,0,0,0,0,0}}
]
Wartość 0 wstawiona nieprawidłowo
Bład w kwadracie 0
sudoku.model.SudokuBoard@46d83ec4[
  size=9
  solver=sudoku.model.BacktrackingSudokuSolver@2ccb8db3
  board={{8,5,6,7,9,1,4,2,3},{9,7,3,4,2,5,6,1,8},{4,1,2,6,8,3,9,5,7},{2,6,7,8,3,9,1,4,5},{3,8,9,1,7,0,0,0,0},{0,0,0,0,0,0,0,0,0},{0,0,0,0,0,0,0,0,0},{0,0,0,0,0,0,0,0,0},{0,0,0,0,0,0,0,0,0}}
]
Wartość 0 wstawiona nieprawidłowo
Bład w kwadracie 0
sudoku.model.SudokuBoard@46d83ec4[
  size=9
  solver=sudoku.model.BacktrackingSudokuSolver@2ccb8db3
  board={{8,5,6,7,9,1,4,2,3},{9,7,3,4,2,5,6,1,8},{4,1,2,6,8,3,9,5,7},{2,6,7,8,3,9,1,4,5},{3,8,9,1,7,6,0,0,0},{0,0,0,0,0,0,0,0,0},{0,0,0,0,0,0,0,0,0},{0,0,0,0,0,0,0,0,0},{0,0,0,0,0,0,0,0,0}}
]
Wartość 0 wstawiona nieprawidłowo
Bład w kwadracie 0
sudoku.model.SudokuBoard@46d83ec4[
  size=9
  solver=sudoku.model.BacktrackingSudokuSolver@2ccb8db3
  board={{8,5,6,7,9,1,4,2,3},{9,7,3,4,2,5,6,1,8},{4,1,2,6,8,3,9,5,7},{2,6,7,8,3,9,1,4,5},{3,8,9,1,7,0,0,0,0},{0,0,0,0,0,0,0,0,0},{0,0,0,0,0,0,0,0,0},{0,0,0,0,0,0,0,0,0},{0,0,0,0,0,0,0,0,0}}
]
Wartość 0 wstawiona nieprawidłowo
Bład w kwadracie 0
sudoku.model.SudokuBoard@46d83ec4[
  size=9
  solver=sudoku.model.BacktrackingSudokuSolver@2ccb8db3
  board={{8,5,6,7,9,1,4,2,3},{9,7,3,4,2,5,6,1,8},{4,1,2,6,8,3,9,5,7},{2,6,7,8,3,9,1,4,5},{3,8,9,1,0,0,0,0,0},{0,0,0,0,0,0,0,0,0},{0,0,0,0,0,0,0,0,0},{0,0,0,0,0,0,0,0,0},{0,0,0,0,0,0,0,0,0}}
]
Wartość 0 wstawiona nieprawidłowo
Bład w kwadracie 0
sudoku.model.SudokuBoard@46d83ec4[
  size=9
  solver=sudoku.model.BacktrackingSudokuSolver@2ccb8db3
  board={{8,5,6,7,9,1,4,2,3},{9,7,3,4,2,5,6,1,8},{4,1,2,6,8,3,9,5,7},{2,6,7,8,3,9,1,4,5},{3,8,9,1,4,6,2,0,0},{0,0,0,0,0,0,0,0,0},{0,0,0,0,0,0,0,0,0},{0,0,0,0,0,0,0,0,0},{0,0,0,0,0,0,0,0,0}}
]
Wartość 0 wstawiona nieprawidłowo
Bład w kwadracie 0
sudoku.model.SudokuBoard@46d83ec4[
  size=9
  solver=sudoku.model.BacktrackingSudokuSolver@2ccb8db3
  board={{8,5,6,7,9,1,4,2,3},{9,7,3,4,2,5,6,1,8},{4,1,2,6,8,3,9,5,7},{2,6,7,8,3,9,1,4,5},{3,8,9,1,4,6,0,0,0},{0,0,0,0,0,0,0,0,0},{0,0,0,0,0,0,0,0,0},{0,0,0,0,0,0,0,0,0},{0,0,0,0,0,0,0,0,0}}
]
Wartość 0 wstawiona nieprawidłowo
Bład w kwadracie 0
sudoku.model.SudokuBoard@46d83ec4[
  size=9
  solver=sudoku.model.BacktrackingSudokuSolver@2ccb8db3
  board={{8,5,6,7,9,1,4,2,3},{9,7,3,4,2,5,6,1,8},{4,1,2,6,8,3,9,5,7},{2,6,7,8,3,9,1,4,5},{3,8,9,1,4,6,0,0,0},{0,0,0,0,0,0,0,0,0},{0,0,0,0,0,0,0,0,0},{0,0,0,0,0,0,0,0,0},{0,0,0,0,0,0,0,0,0}}
]
Wartość 0 wstawiona nieprawidłowo
Bład w kwadracie 0
sudoku.model.SudokuBoard@46d83ec4[
  size=9
  solver=sudoku.model.BacktrackingSudokuSolver@2ccb8db3
  board={{8,5,6,7,9,1,4,2,3},{9,7,3,4,2,5,6,1,8},{4,1,2,6,8,3,9,5,7},{2,6,7,8,3,9,1,4,5},{3,8,9,1,4,0,0,0,0},{0,0,0,0,0,0,0,0,0},{0,0,0,0,0,0,0,0,0},{0,0,0,0,0,0,0,0,0},{0,0,0,0,0,0,0,0,0}}
]
Wartość 0 wstawiona nieprawidłowo
Bład w kwadracie 0
sudoku.model.SudokuBoard@46d83ec4[
  size=9
  solver=sudoku.model.BacktrackingSudokuSolver@2ccb8db3
  board={{8,5,6,7,9,1,4,2,3},{9,7,3,4,2,5,6,1,8},{4,1,2,6,8,3,9,5,7},{2,6,7,8,3,9,1,4,5},{3,8,9,1,4,7,2,0,0},{0,0,0,0,0,0,0,0,0},{0,0,0,0,0,0,0,0,0},{0,0,0,0,0,0,0,0,0},{0,0,0,0,0,0,0,0,0}}
]
Wartość 0 wstawiona nieprawidłowo
Bład w kwadracie 0
sudoku.model.SudokuBoard@46d83ec4[
  size=9
  solver=sudoku.model.BacktrackingSudokuSolver@2ccb8db3
  board={{8,5,6,7,9,1,4,2,3},{9,7,3,4,2,5,6,1,8},{4,1,2,6,8,3,9,5,7},{2,6,7,8,3,9,1,4,5},{3,8,9,1,4,7,0,0,0},{0,0,0,0,0,0,0,0,0},{0,0,0,0,0,0,0,0,0},{0,0,0,0,0,0,0,0,0},{0,0,0,0,0,0,0,0,0}}
]
Wartość 0 wstawiona nieprawidłowo
Bład w kwadracie 0
sudoku.model.SudokuBoard@46d83ec4[
  size=9
  solver=sudoku.model.BacktrackingSudokuSolver@2ccb8db3
  board={{8,5,6,7,9,1,4,2,3},{9,7,3,4,2,5,6,1,8},{4,1,2,6,8,3,9,5,7},{2,6,7,8,3,9,1,4,5},{3,8,9,1,4,0,0,0,0},{0,0,0,0,0,0,0,0,0},{0,0,0,0,0,0,0,0,0},{0,0,0,0,0,0,0,0,0},{0,0,0,0,0,0,0,0,0}}
]
Wartość 0 wstawiona nieprawidłowo
Bład w kwadracie 0
sudoku.model.SudokuBoard@46d83ec4[
  size=9
  solver=sudoku.model.BacktrackingSudokuSolver@2ccb8db3
  board={{8,5,6,7,9,1,4,2,3},{9,7,3,4,2,5,6,1,8},{4,1,2,6,8,3,9,5,7},{2,6,7,8,3,9,1,4,5},{3,8,9,1,4,2,7,0,0},{0,0,0,0,0,0,0,0,0},{0,0,0,0,0,0,0,0,0},{0,0,0,0,0,0,0,0,0},{0,0,0,0,0,0,0,0,0}}
]
Wartość 0 wstawiona nieprawidłowo
Bład w kwadracie 0
sudoku.model.SudokuBoard@46d83ec4[
  size=9
  solver=sudoku.model.BacktrackingSudokuSolver@2ccb8db3
  board={{8,5,6,7,9,1,4,2,3},{9,7,3,4,2,5,6,1,8},{4,1,2,6,8,3,9,5,7},{2,6,7,8,3,9,1,4,5},{3,8,9,1,4,2,0,0,0},{0,0,0,0,0,0,0,0,0},{0,0,0,0,0,0,0,0,0},{0,0,0,0,0,0,0,0,0},{0,0,0,0,0,0,0,0,0}}
]
Wartość 0 wstawiona nieprawidłowo
Bład w kwadracie 0
sudoku.model.SudokuBoard@46d83ec4[
  size=9
  solver=sudoku.model.BacktrackingSudokuSolver@2ccb8db3
  board={{8,5,6,7,9,1,4,2,3},{9,7,3,4,2,5,6,1,8},{4,1,2,6,8,3,9,5,7},{2,6,7,8,3,9,1,4,5},{3,8,9,1,4,0,0,0,0},{0,0,0,0,0,0,0,0,0},{0,0,0,0,0,0,0,0,0},{0,0,0,0,0,0,0,0,0},{0,0,0,0,0,0,0,0,0}}
]
Wartość 0 wstawiona nieprawidłowo
Bład w kwadracie 0
sudoku.model.SudokuBoard@46d83ec4[
  size=9
  solver=sudoku.model.BacktrackingSudokuSolver@2ccb8db3
  board={{8,5,6,7,9,1,4,2,3},{9,7,3,4,2,5,6,1,8},{4,1,2,6,8,3,9,5,7},{2,6,7,8,3,9,1,4,5},{3,8,9,1,0,0,0,0,0},{0,0,0,0,0,0,0,0,0},{0,0,0,0,0,0,0,0,0},{0,0,0,0,0,0,0,0,0},{0,0,0,0,0,0,0,0,0}}
]
Wartość 0 wstawiona nieprawidłowo
Bład w kwadracie 0
sudoku.model.SudokuBoard@46d83ec4[
  size=9
  solver=sudoku.model.BacktrackingSudokuSolver@2ccb8db3
  board={{8,5,6,7,9,1,4,2,3},{9,7,3,4,2,5,6,1,8},{4,1,2,6,8,3,9,5,7},{2,6,7,8,3,9,1,4,5},{3,8,9,1,5,2,7,0,0},{0,0,0,0,0,0,0,0,0},{0,0,0,0,0,0,0,0,0},{0,0,0,0,0,0,0,0,0},{0,0,0,0,0,0,0,0,0}}
]
Wartość 0 wstawiona nieprawidłowo
Bład w kwadracie 0
sudoku.model.SudokuBoard@46d83ec4[
  size=9
  solver=sudoku.model.BacktrackingSudokuSolver@2ccb8db3
  board={{8,5,6,7,9,1,4,2,3},{9,7,3,4,2,5,6,1,8},{4,1,2,6,8,3,9,5,7},{2,6,7,8,3,9,1,4,5},{3,8,9,1,5,2,0,0,0},{0,0,0,0,0,0,0,0,0},{0,0,0,0,0,0,0,0,0},{0,0,0,0,0,0,0,0,0},{0,0,0,0,0,0,0,0,0}}
]
Wartość 0 wstawiona nieprawidłowo
Bład w kwadracie 0
sudoku.model.SudokuBoard@46d83ec4[
  size=9
  solver=sudoku.model.BacktrackingSudokuSolver@2ccb8db3
  board={{8,5,6,7,9,1,4,2,3},{9,7,3,4,2,5,6,1,8},{4,1,2,6,8,3,9,5,7},{2,6,7,8,3,9,1,4,5},{3,8,9,1,5,0,0,0,0},{0,0,0,0,0,0,0,0,0},{0,0,0,0,0,0,0,0,0},{0,0,0,0,0,0,0,0,0},{0,0,0,0,0,0,0,0,0}}
]
Wartość 0 wstawiona nieprawidłowo
Bład w kwadracie 0
sudoku.model.SudokuBoard@46d83ec4[
  size=9
  solver=sudoku.model.BacktrackingSudokuSolver@2ccb8db3
  board={{8,5,6,7,9,1,4,2,3},{9,7,3,4,2,5,6,1,8},{4,1,2,6,8,3,9,5,7},{2,6,7,8,3,9,1,4,5},{3,8,9,1,5,4,7,6,2},{1,4,5,2,6,7,3,8,9},{5,9,8,3,4,0,0,0,0},{0,0,0,0,0,0,0,0,0},{0,0,0,0,0,0,0,0,0}}
]
Wartość 0 wstawiona nieprawidłowo
Bład w kwadracie 0
sudoku.model.SudokuBoard@46d83ec4[
  size=9
  solver=sudoku.model.BacktrackingSudokuSolver@2ccb8db3
  board={{8,5,6,7,9,1,4,2,3},{9,7,3,4,2,5,6,1,8},{4,1,2,6,8,3,9,5,7},{2,6,7,8,3,9,1,4,5},{3,8,9,1,5,4,7,6,2},{1,4,5,2,6,7,3,8,9},{5,9,8,3,4,6,2,7,1},{6,2,1,5,7,0,0,0,0},{0,0,0,0,0,0,0,0,0}}
]
Wartość 0 wstawiona nieprawidłowo
Bład w kwadracie 0
sudoku.model.SudokuBoard@46d83ec4[
  size=9
  solver=sudoku.model.BacktrackingSudokuSolver@2ccb8db3
  board={{8,5,6,7,9,1,4,2,3},{9,7,3,4,2,5,6,1,8},{4,1,2,6,8,3,9,5,7},{2,6,7,8,3,9,1,4,5},{3,8,9,1,5,4,7,6,2},{1,4,5,2,6,7,3,8,9},{5,9,8,3,4,6,2,7,1},{6,2,1,5,0,0,0,0,0},{0,0,0,0,0,0,0,0,0}}
]
Wartość 0 wstawiona nieprawidłowo
Bład w kwadracie 0
sudoku.model.SudokuBoard@46d83ec4[
  size=9
  solver=sudoku.model.BacktrackingSudokuSolver@2ccb8db3
  board={{8,5,6,7,9,1,4,2,3},{9,7,3,4,2,5,6,1,8},{4,1,2,6,8,3,9,5,7},{2,6,7,8,3,9,1,4,5},{3,8,9,1,5,4,7,6,2},{1,4,5,2,6,7,3,8,9},{5,9,8,3,4,6,2,7,1},{6,2,1,0,0,0,0,0,0},{0,0,0,0,0,0,0,0,0}}
]
Wartość 0 wstawiona nieprawidłowo
Bład w kwadracie 0
sudoku.model.SudokuBoard@46d83ec4[
  size=9
  solver=sudoku.model.BacktrackingSudokuSolver@2ccb8db3
  board={{1,5,6,7,9,1,4,2,3},{9,7,3,4,2,5,6,1,8},{4,1,2,6,8,3,9,5,7},{2,6,7,8,3,9,1,4,5},{3,8,9,1,5,4,7,6,2},{1,4,5,2,6,7,3,8,9},{5,9,8,3,4,6,2,7,1},{6,2,1,9,7,8,5,3,4},{7,3,4,5,1,2,8,9,6}}
]
Wartość 1 wstawiona nieprawidłowo
Bład w kwadracie 0
sudoku.model.SudokuBoard@46d83ec4[
  size=9
  solver=sudoku.model.BacktrackingSudokuSolver@2ccb8db3
  board={{1,1,6,7,9,1,4,2,3},{9,7,3,4,2,5,6,1,8},{4,1,2,6,8,3,9,5,7},{2,6,7,8,3,9,1,4,5},{3,8,9,1,5,4,7,6,2},{1,4,5,2,6,7,3,8,9},{5,9,8,3,4,6,2,7,1},{6,2,1,9,7,8,5,3,4},{7,3,4,5,1,2,8,9,6}}
]
Wartość 1 wstawiona nieprawidłowo
Bład w kwadracie 0
sudoku.model.SudokuBoard@3941bdd7[
  size=9
  solver=sudoku.model.BacktrackingSudokuSolver@2ccb8db3
  board={{1,1,6,7,9,1,4,2,3},{9,7,3,4,2,5,6,1,8},{4,1,2,6,8,3,9,5,7},{2,6,7,8,3,9,1,4,5},{3,8,9,1,5,4,7,6,2},{1,4,5,2,6,7,3,8,9},{5,9,8,3,4,6,2,7,1},{6,2,1,9,7,8,5,3,4},{7,3,4,5,1,2,8,9,6}}
]
]]></system-out>
  </testcase>
  <testcase name="testEqualsDiffrentInstance" classname="sudoku.model.SudokuBoardTest" time="0.003"/>
  <testcase name="cloneTest" classname="sudoku.model.SudokuBoardTest" time="0.013">
    <system-out><![CDATA[Bład w kwadracie 0
sudoku.model.SudokuBoard@69c7eafd[
  size=9
  solver=sudoku.model.BacktrackingSudokuSolver@6e6ec71f
  board={{2,7,9,4,1,3,5,6,8},{1,3,8,2,5,6,7,4,9},{4,5,6,7,8,9,1,2,3},{3,8,4,5,6,1,2,0,0},{0,0,0,0,0,0,0,0,0},{0,0,0,0,0,0,0,0,0},{0,0,0,0,0,0,0,0,0},{0,0,0,0,0,0,0,0,0},{0,0,0,0,0,0,0,0,0}}
]
Wartość 0 wstawiona nieprawidłowo
Bład w kwadracie 0
sudoku.model.SudokuBoard@69c7eafd[
  size=9
  solver=sudoku.model.BacktrackingSudokuSolver@6e6ec71f
  board={{2,7,9,4,1,3,5,6,8},{1,3,8,2,5,6,7,4,9},{4,5,6,7,8,9,1,2,3},{3,8,4,5,6,1,2,9,7},{9,2,7,8,3,4,6,1,5},{5,0,0,0,0,0,0,0,0},{0,0,0,0,0,0,0,0,0},{0,0,0,0,0,0,0,0,0},{0,0,0,0,0,0,0,0,0}}
]
Wartość 0 wstawiona nieprawidłowo
Bład w kwadracie 0
sudoku.model.SudokuBoard@69c7eafd[
  size=9
  solver=sudoku.model.BacktrackingSudokuSolver@6e6ec71f
  board={{2,7,9,4,1,3,5,6,8},{1,3,8,2,5,6,7,4,9},{4,5,6,7,8,9,1,2,3},{3,8,4,5,6,1,2,9,7},{9,2,7,8,3,4,6,1,5},{5,6,1,9,7,2,8,3,4},{6,4,2,1,9,7,3,0,0},{0,0,0,0,0,0,0,0,0},{0,0,0,0,0,0,0,0,0}}
]
Wartość 0 wstawiona nieprawidłowo
Bład w kwadracie 0
sudoku.model.SudokuBoard@69c7eafd[
  size=9
  solver=sudoku.model.BacktrackingSudokuSolver@6e6ec71f
  board={{2,7,9,4,1,3,5,6,8},{1,3,8,2,5,6,7,4,9},{4,5,6,7,8,9,1,2,3},{3,8,4,5,6,1,2,9,7},{9,2,7,8,3,4,6,1,5},{5,6,1,9,7,2,8,3,4},{6,4,2,1,9,7,3,0,0},{0,0,0,0,0,0,0,0,0},{0,0,0,0,0,0,0,0,0}}
]
Wartość 0 wstawiona nieprawidłowo
Bład w kwadracie 0
sudoku.model.SudokuBoard@69c7eafd[
  size=9
  solver=sudoku.model.BacktrackingSudokuSolver@6e6ec71f
  board={{2,7,9,4,1,3,5,6,8},{1,3,8,2,5,6,7,4,9},{4,5,6,7,8,9,1,2,3},{3,8,4,5,6,1,2,9,7},{9,2,7,8,3,4,6,1,5},{5,6,1,9,7,2,8,3,4},{6,4,2,1,9,7,0,0,0},{0,0,0,0,0,0,0,0,0},{0,0,0,0,0,0,0,0,0}}
]
Wartość 0 wstawiona nieprawidłowo
Bład w kwadracie 0
sudoku.model.SudokuBoard@69c7eafd[
  size=9
  solver=sudoku.model.BacktrackingSudokuSolver@6e6ec71f
  board={{2,7,9,4,1,3,5,6,8},{1,3,8,2,5,6,7,4,9},{4,5,6,7,8,9,1,2,3},{3,8,4,5,6,1,2,9,7},{9,2,7,8,3,4,6,1,5},{5,6,1,9,7,2,8,3,4},{6,4,2,1,9,0,0,0,0},{0,0,0,0,0,0,0,0,0},{0,0,0,0,0,0,0,0,0}}
]
Wartość 0 wstawiona nieprawidłowo
Bład w kwadracie 0
sudoku.model.SudokuBoard@69c7eafd[
  size=9
  solver=sudoku.model.BacktrackingSudokuSolver@6e6ec71f
  board={{2,7,9,4,1,3,5,6,8},{1,3,8,2,5,6,7,4,9},{4,5,6,7,8,9,1,2,3},{3,8,4,5,6,1,2,9,7},{9,2,7,8,3,4,6,1,5},{5,6,1,9,7,2,8,3,4},{6,4,2,1,9,8,3,0,0},{0,0,0,0,0,0,0,0,0},{0,0,0,0,0,0,0,0,0}}
]
Wartość 0 wstawiona nieprawidłowo
Bład w kwadracie 0
sudoku.model.SudokuBoard@69c7eafd[
  size=9
  solver=sudoku.model.BacktrackingSudokuSolver@6e6ec71f
  board={{2,7,9,4,1,3,5,6,8},{1,3,8,2,5,6,7,4,9},{4,5,6,7,8,9,1,2,3},{3,8,4,5,6,1,2,9,7},{9,2,7,8,3,4,6,1,5},{5,6,1,9,7,2,8,3,4},{6,4,2,1,9,8,3,0,0},{0,0,0,0,0,0,0,0,0},{0,0,0,0,0,0,0,0,0}}
]
Wartość 0 wstawiona nieprawidłowo
Bład w kwadracie 0
sudoku.model.SudokuBoard@69c7eafd[
  size=9
  solver=sudoku.model.BacktrackingSudokuSolver@6e6ec71f
  board={{2,7,9,4,1,3,5,6,8},{1,3,8,2,5,6,7,4,9},{4,5,6,7,8,9,1,2,3},{3,8,4,5,6,1,2,9,7},{9,2,7,8,3,4,6,1,5},{5,6,1,9,7,2,8,3,4},{6,4,2,1,9,8,0,0,0},{0,0,0,0,0,0,0,0,0},{0,0,0,0,0,0,0,0,0}}
]
Wartość 0 wstawiona nieprawidłowo
Bład w kwadracie 0
sudoku.model.SudokuBoard@69c7eafd[
  size=9
  solver=sudoku.model.BacktrackingSudokuSolver@6e6ec71f
  board={{2,7,9,4,1,3,5,6,8},{1,3,8,2,5,6,7,4,9},{4,5,6,7,8,9,1,2,3},{3,8,4,5,6,1,2,9,7},{9,2,7,8,3,4,6,1,5},{5,6,1,9,7,2,8,3,4},{6,4,2,1,9,0,0,0,0},{0,0,0,0,0,0,0,0,0},{0,0,0,0,0,0,0,0,0}}
]
Wartość 0 wstawiona nieprawidłowo
Bład w kwadracie 0
[...]
]
Wartość 0 wstawiona nieprawidłowo
Bład w kwadracie 0
sudoku.model.SudokuBoard@5b9ca528[
  size=9
  solver=sudoku.model.BacktrackingSudokuSolver@66011fbc
  board={{2,4,6,8,7,3,9,1,5},{1,3,5,9,2,4,6,7,8},{7,8,9,5,6,1,2,3,4},{8,9,1,2,3,6,4,5,7},{5,2,7,1,4,8,3,6,9},{3,6,4,7,5,9,1,8,2},{4,1,2,3,8,5,7,9,6},{9,7,3,4,0,0,0,0,0},{0,0,0,0,0,0,0,0,0}}
]
Wartość 0 wstawiona nieprawidłowo
Bład w kwadracie 0
sudoku.model.SudokuBoard@5b9ca528[
  size=9
  solver=sudoku.model.BacktrackingSudokuSolver@66011fbc
  board={{2,4,6,8,7,3,9,1,5},{1,3,5,9,2,4,6,7,8},{7,8,9,5,6,1,2,3,4},{8,9,1,2,3,6,4,5,7},{5,2,7,1,4,8,3,6,9},{3,6,4,7,5,9,1,8,2},{4,1,2,3,8,5,7,9,6},{9,7,3,0,0,0,0,0,0},{0,0,0,0,0,0,0,0,0}}
]
Wartość 0 wstawiona nieprawidłowo
Bład w kwadracie 0
sudoku.model.SudokuBoard@5b9ca528[
  size=9
  solver=sudoku.model.BacktrackingSudokuSolver@66011fbc
  board={{2,4,6,8,7,3,9,1,5},{1,3,5,9,2,4,6,7,8},{7,8,9,5,6,1,2,3,4},{8,9,1,2,3,6,4,5,7},{5,2,7,1,4,8,3,6,9},{3,6,4,7,5,9,1,8,2},{4,1,2,3,8,5,7,9,6},{9,7,3,6,1,2,5,0,0},{0,0,0,0,0,0,0,0,0}}
]
Wartość 0 wstawiona nieprawidłowo
Bład w kwadracie 0
sudoku.model.SudokuBoard@5b9ca528[
  size=9
  solver=sudoku.model.BacktrackingSudokuSolver@66011fbc
  board={{2,4,6,8,7,3,9,1,5},{1,3,5,9,2,4,6,7,8},{7,8,9,5,6,1,2,3,4},{8,9,1,2,3,6,4,5,7},{5,2,7,1,4,8,3,6,9},{3,6,4,7,5,9,1,8,2},{4,1,2,3,8,5,7,9,6},{9,7,3,6,1,2,0,0,0},{0,0,0,0,0,0,0,0,0}}
]
Wartość 0 wstawiona nieprawidłowo
Bład w kwadracie 0
sudoku.model.SudokuBoard@5b9ca528[
  size=9
  solver=sudoku.model.BacktrackingSudokuSolver@66011fbc
  board={{2,4,6,8,7,3,9,1,5},{1,3,5,9,2,4,6,7,8},{7,8,9,5,6,1,2,3,4},{8,9,1,2,3,6,4,5,7},{5,2,7,1,4,8,3,6,9},{3,6,4,7,5,9,1,8,2},{4,1,2,3,8,5,7,9,6},{9,7,3,6,1,2,8,0,0},{0,0,0,0,0,0,0,0,0}}
]
Wartość 0 wstawiona nieprawidłowo
Bład w kwadracie 0
sudoku.model.SudokuBoard@5b9ca528[
  size=9
  solver=sudoku.model.BacktrackingSudokuSolver@66011fbc
  board={{2,4,6,8,7,3,9,1,5},{1,3,5,9,2,4,6,7,8},{7,8,9,5,6,1,2,3,4},{8,9,1,2,3,6,4,5,7},{5,2,7,1,4,8,3,6,9},{3,6,4,7,5,9,1,8,2},{4,1,2,3,8,5,7,9,6},{9,7,3,6,1,2,0,0,0},{0,0,0,0,0,0,0,0,0}}
]
Wartość 0 wstawiona nieprawidłowo
Bład w kwadracie 0
sudoku.model.SudokuBoard@5b9ca528[
  size=9
  solver=sudoku.model.BacktrackingSudokuSolver@66011fbc
  board={{2,4,6,8,7,3,9,1,5},{1,3,5,9,2,4,6,7,8},{7,8,9,5,6,1,2,3,4},{8,9,1,2,3,6,4,5,7},{5,2,7,1,4,8,3,6,9},{3,6,4,7,5,9,1,8,2},{4,1,2,3,8,5,7,9,6},{9,7,3,6,1,0,0,0,0},{0,0,0,0,0,0,0,0,0}}
]
Wartość 0 wstawiona nieprawidłowo
Bład w kwadracie 0
sudoku.model.SudokuBoard@5b9ca528[
  size=9
  solver=sudoku.model.BacktrackingSudokuSolver@66011fbc
  board={{2,4,6,8,7,3,9,1,5},{1,3,5,9,2,4,6,7,8},{7,8,9,5,6,1,2,3,4},{8,9,1,2,3,6,4,5,7},{5,2,7,1,4,8,3,6,9},{3,6,4,7,5,9,1,8,2},{4,1,2,3,8,5,7,9,6},{9,7,3,6,0,0,0,0,0},{0,0,0,0,0,0,0,0,0}}
]
Wartość 0 wstawiona nieprawidłowo
Bład w kwadracie 0
sudoku.model.SudokuBoard@5b9ca528[
  size=9
  solver=sudoku.model.BacktrackingSudokuSolver@66011fbc
  board={{2,4,6,8,7,3,9,1,5},{1,3,5,9,2,4,6,7,8},{7,8,9,5,6,1,2,3,4},{8,9,1,2,3,6,4,5,7},{5,2,7,1,4,8,3,6,9},{3,6,4,7,5,9,1,8,2},{4,1,2,3,8,5,7,9,6},{9,7,3,0,0,0,0,0,0},{0,0,0,0,0,0,0,0,0}}
]
Wartość 0 wstawiona nieprawidłowo
Bład w kwadracie 0
sudoku.model.SudokuBoard@5b9ca528[
  size=9
  solver=sudoku.model.BacktrackingSudokuSolver@66011fbc
  board={{2,4,6,8,7,3,9,1,5},{1,3,5,9,2,4,6,7,8},{7,8,9,5,6,1,2,3,4},{8,9,1,2,3,6,4,5,7},{5,2,7,1,4,8,3,6,9},{3,6,4,7,5,9,1,8,2},{4,1,2,3,8,5,7,9,6},{9,7,0,0,0,0,0,0,0},{0,0,0,0,0,0,0,0,0}}
]
Wartość 0 wstawiona nieprawidłowo
Bład w kwadracie 0
sudoku.model.SudokuBoard@5b9ca528[
  size=9
  solver=sudoku.model.BacktrackingSudokuSolver@66011fbc
  board={{2,4,6,8,7,3,9,1,5},{1,3,5,9,2,4,6,7,8},{7,8,9,5,6,1,2,3,4},{8,9,1,2,3,6,4,5,7},{5,2,7,1,4,8,3,6,9},{3,6,4,7,5,9,1,8,2},{4,1,2,3,8,5,7,9,6},{9,7,8,4,1,2,0,0,0},{0,0,0,0,0,0,0,0,0}}
]
Wartość 0 wstawiona nieprawidłowo
Bład w kwadracie 0
sudoku.model.SudokuBoard@5b9ca528[
  size=9
  solver=sudoku.model.BacktrackingSudokuSolver@66011fbc
  board={{2,4,6,8,7,3,9,1,5},{1,3,5,9,2,4,6,7,8},{7,8,9,5,6,1,2,3,4},{8,9,1,2,3,6,4,5,7},{5,2,7,1,4,8,3,6,9},{3,6,4,7,5,9,1,8,2},{4,1,2,3,8,5,7,9,6},{9,7,8,4,1,0,0,0,0},{0,0,0,0,0,0,0,0,0}}
]
Wartość 0 wstawiona nieprawidłowo
Bład w kwadracie 0
sudoku.model.SudokuBoard@5b9ca528[
  size=9
  solver=sudoku.model.BacktrackingSudokuSolver@66011fbc
  board={{2,4,6,8,7,3,9,1,5},{1,3,5,9,2,4,6,7,8},{7,8,9,5,6,1,2,3,4},{8,9,1,2,3,6,4,5,7},{5,2,7,1,4,8,3,6,9},{3,6,4,7,5,9,1,8,2},{4,1,2,3,8,5,7,9,6},{9,7,8,4,0,0,0,0,0},{0,0,0,0,0,0,0,0,0}}
]
Wartość 0 wstawiona nieprawidłowo
Bład w kwadracie 0
sudoku.model.SudokuBoard@5b9ca528[
  size=9
  solver=sudoku.model.BacktrackingSudokuSolver@66011fbc
  board={{2,4,6,8,7,3,9,1,5},{1,3,5,9,2,4,6,7,8},{7,8,9,5,6,1,2,3,4},{8,9,1,2,3,6,4,5,7},{5,2,7,1,4,8,3,6,9},{3,6,4,7,5,9,1,8,2},{4,1,2,3,8,5,7,9,6},{9,7,8,0,0,0,0,0,0},{0,0,0,0,0,0,0,0,0}}
]
Wartość 0 wstawiona nieprawidłowo
Bład w kwadracie 0
sudoku.model.SudokuBoard@757ad227[
  size=9
  solver=sudoku.model.BacktrackingSudokuSolver@66011fbc
  board={{6,3,4,5,7,8,9,1,2},{2,7,9,1,3,4,5,6,8},{8,5,1,9,6,2,3,4,7},{9,1,2,3,8,5,4,7,6},{3,4,7,6,1,9,8,0,0},{0,0,0,0,0,0,0,0,0},{0,0,0,0,0,0,0,0,0},{0,0,0,0,0,0,0,0,0},{0,0,0,0,0,0,0,0,0}}
]
Wartość 0 wstawiona nieprawidłowo
Bład w kwadracie 0
sudoku.model.SudokuBoard@757ad227[
  size=9
  solver=sudoku.model.BacktrackingSudokuSolver@66011fbc
  board={{6,3,4,5,7,8,9,1,2},{2,7,9,1,3,4,5,6,8},{8,5,1,9,6,2,3,4,7},{9,1,2,3,8,5,4,7,6},{3,4,7,6,1,9,8,2,5},{5,6,8,7,0,0,0,0,0},{0,0,0,0,0,0,0,0,0},{0,0,0,0,0,0,0,0,0},{0,0,0,0,0,0,0,0,0}}
]
Wartość 0 wstawiona nieprawidłowo
Bład w kwadracie 0
sudoku.model.SudokuBoard@757ad227[
  size=9
  solver=sudoku.model.BacktrackingSudokuSolver@66011fbc
  board={{6,3,4,5,7,8,9,1,2},{2,7,9,1,3,4,5,6,8},{8,5,1,9,6,2,3,4,7},{9,1,2,3,8,5,4,7,6},{3,4,7,6,1,9,8,2,5},{5,6,8,7,0,0,0,0,0},{0,0,0,0,0,0,0,0,0},{0,0,0,0,0,0,0,0,0},{0,0,0,0,0,0,0,0,0}}
]
Wartość 0 wstawiona nieprawidłowo
Bład w kwadracie 0
sudoku.model.SudokuBoard@757ad227[
  size=9
  solver=sudoku.model.BacktrackingSudokuSolver@66011fbc
  board={{6,3,4,5,7,8,9,1,2},{2,7,9,1,3,4,5,6,8},{8,5,1,9,6,2,3,4,7},{9,1,2,3,8,5,4,7,6},{3,4,7,6,1,9,8,2,5},{5,6,8,0,0,0,0,0,0},{0,0,0,0,0,0,0,0,0},{0,0,0,0,0,0,0,0,0},{0,0,0,0,0,0,0,0,0}}
]
Wartość 0 wstawiona nieprawidłowo
Tablice maja inny uklad liczb]]></system-out>
  </testcase>
  <testcase name="checkFillBoardTest" classname="sudoku.model.SudokuBoardTest" time="0.002">
    <system-out><![CDATA[Bład w kwadracie 0
sudoku.model.SudokuBoard@4b718c45[
  size=9
  solver=sudoku.model.BacktrackingSudokuSolver@25639668
  board={{7,4,8,2,1,5,6,9,3},{9,1,2,6,3,7,4,8,5},{3,5,6,4,9,8,1,7,2},{1,7,9,5,2,3,8,6,4},{8,2,3,7,4,6,9,0,0},{0,0,0,0,0,0,0,0,0},{0,0,0,0,0,0,0,0,0},{0,0,0,0,0,0,0,0,0},{0,0,0,0,0,0,0,0,0}}
]
Wartość 0 wstawiona nieprawidłowo
Bład w kwadracie 0
sudoku.model.SudokuBoard@4b718c45[
  size=9
  solver=sudoku.model.BacktrackingSudokuSolver@25639668
  board={{7,4,8,2,1,5,6,9,3},{9,1,2,6,3,7,4,8,5},{3,5,6,4,9,8,1,7,2},{1,7,9,5,2,3,8,6,4},{8,2,3,7,4,6,9,5,1},{4,6,5,0,0,0,0,0,0},{0,0,0,0,0,0,0,0,0},{0,0,0,0,0,0,0,0,0},{0,0,0,0,0,0,0,0,0}}
]
Wartość 0 wstawiona nieprawidłowo
Bład w kwadracie 0
sudoku.model.SudokuBoard@4b718c45[
  size=9
  solver=sudoku.model.BacktrackingSudokuSolver@25639668
  board={{7,4,8,2,1,5,6,9,3},{9,1,2,6,3,7,4,8,5},{3,5,6,4,9,8,1,7,2},{1,7,9,5,2,3,8,6,4},{8,2,3,7,4,6,9,5,1},{4,6,5,9,8,1,3,2,7},{2,3,1,8,5,9,7,4,6},{5,8,4,1,6,0,0,0,0},{0,0,0,0,0,0,0,0,0}}
]
Wartość 0 wstawiona nieprawidłowo
Bład w kwadracie 0
sudoku.model.SudokuBoard@4b718c45[
  size=9
  solver=sudoku.model.BacktrackingSudokuSolver@25639668
  board={{7,4,8,2,1,5,6,9,3},{9,1,2,6,3,7,4,8,5},{3,5,6,4,9,8,1,7,2},{1,7,9,5,2,3,8,6,4},{8,2,3,7,4,6,9,5,1},{4,6,5,9,8,1,3,2,7},{2,3,1,8,5,9,7,4,6},{5,8,4,1,0,0,0,0,0},{0,0,0,0,0,0,0,0,0}}
]
Wartość 0 wstawiona nieprawidłowo
Bład w kwadracie 0
sudoku.model.SudokuBoard@4b718c45[
  size=9
  solver=sudoku.model.BacktrackingSudokuSolver@25639668
  board={{7,4,8,2,1,5,6,9,3},{9,1,2,6,3,7,4,8,5},{3,5,6,4,9,8,1,7,2},{1,7,9,5,2,3,8,6,4},{8,2,3,7,4,6,9,5,1},{4,6,5,9,8,1,3,2,7},{2,3,1,8,5,9,7,4,6},{5,8,4,1,7,0,0,0,0},{0,0,0,0,0,0,0,0,0}}
]
Wartość 0 wstawiona nieprawidłowo
Bład w kwadracie 0
sudoku.model.SudokuBoard@4b718c45[
  size=9
  solver=sudoku.model.BacktrackingSudokuSolver@25639668
  board={{7,4,8,2,1,5,6,9,3},{9,1,2,6,3,7,4,8,5},{3,5,6,4,9,8,1,7,2},{1,7,9,5,2,3,8,6,4},{8,2,3,7,4,6,9,5,1},{4,6,5,9,8,1,3,2,7},{2,3,1,8,5,9,7,4,6},{5,8,4,1,0,0,0,0,0},{0,0,0,0,0,0,0,0,0}}
]
Wartość 0 wstawiona nieprawidłowo
Bład w kwadracie 0
sudoku.model.SudokuBoard@4b718c45[
  size=9
  solver=sudoku.model.BacktrackingSudokuSolver@25639668
  board={{7,4,8,2,1,5,6,9,3},{9,1,2,6,3,7,4,8,5},{3,5,6,4,9,8,1,7,2},{1,7,9,5,2,3,8,6,4},{8,2,3,7,4,6,9,5,1},{4,6,5,9,8,1,3,2,7},{2,3,1,8,5,9,7,4,6},{5,8,4,0,0,0,0,0,0},{0,0,0,0,0,0,0,0,0}}
]
Wartość 0 wstawiona nieprawidłowo
Bład w kwadracie 0
sudoku.model.SudokuBoard@4b718c45[
  size=9
  solver=sudoku.model.BacktrackingSudokuSolver@25639668
  board={{7,4,8,2,1,5,6,9,3},{9,1,2,6,3,7,4,8,5},{3,5,6,4,9,8,1,7,2},{1,7,9,5,2,3,8,6,4},{8,2,3,7,4,6,9,5,1},{4,6,5,9,8,1,3,2,7},{2,3,1,8,5,9,7,4,6},{5,8,4,3,7,0,0,0,0},{0,0,0,0,0,0,0,0,0}}
]
Wartość 0 wstawiona nieprawidłowo
Bład w kwadracie 0
sudoku.model.SudokuBoard@4b718c45[
  size=9
  solver=sudoku.model.BacktrackingSudokuSolver@25639668
  board={{7,4,8,2,1,5,6,9,3},{9,1,2,6,3,7,4,8,5},{3,5,6,4,9,8,1,7,2},{1,7,9,5,2,3,8,6,4},{8,2,3,7,4,6,9,5,1},{4,6,5,9,8,1,3,2,7},{2,3,1,8,5,9,7,4,6},{5,8,4,3,0,0,0,0,0},{0,0,0,0,0,0,0,0,0}}
]
Wartość 0 wstawiona nieprawidłowo
Bład w kwadracie 0
sudoku.model.SudokuBoard@4b718c45[
  size=9
  solver=sudoku.model.BacktrackingSudokuSolver@25639668
  board={{7,4,8,2,1,5,6,9,3},{9,1,2,6,3,7,4,8,5},{3,5,6,4,9,8,1,7,2},{1,7,9,5,2,3,8,6,4},{8,2,3,7,4,6,9,5,1},{4,6,5,9,8,1,3,2,7},{2,3,1,8,5,9,7,4,6},{5,8,4,3,6,0,0,0,0},{0,0,0,0,0,0,0,0,0}}
]
Wartość 0 wstawiona nieprawidłowo
Bład w kwadracie 0
sudoku.model.SudokuBoard@4b718c45[
  size=9
  solver=sudoku.model.BacktrackingSudokuSolver@25639668
  board={{7,4,8,2,1,5,6,9,3},{9,1,2,6,3,7,4,8,5},{3,5,6,4,9,8,1,7,2},{1,7,9,5,2,3,8,6,4},{8,2,3,7,4,6,9,5,1},{4,6,5,9,8,1,3,2,7},{2,3,1,8,5,9,7,4,6},{5,8,4,3,0,0,0,0,0},{0,0,0,0,0,0,0,0,0}}
]
Wartość 0 wstawiona nieprawidłowo
Bład w kwadracie 0
sudoku.model.SudokuBoard@4b718c45[
  size=9
  solver=sudoku.model.BacktrackingSudokuSolver@25639668
  board={{7,4,8,2,1,5,6,9,3},{9,1,2,6,3,7,4,8,5},{3,5,6,4,9,8,1,7,2},{1,7,9,5,2,3,8,6,4},{8,2,3,7,4,6,9,5,1},{4,6,5,9,8,1,3,2,7},{2,3,1,8,5,9,7,4,6},{5,8,4,0,0,0,0,0,0},{0,0,0,0,0,0,0,0,0}}
]
Wartość 0 wstawiona nieprawidłowo
Bład w kwadracie 0
sudoku.model.SudokuBoard@4b718c45[
  size=9
  solver=sudoku.model.BacktrackingSudokuSolver@25639668
  board={{7,4,8,2,1,5,6,9,3},{9,1,2,6,3,7,4,8,5},{3,5,6,4,9,8,1,7,2},{1,7,9,5,2,3,8,6,4},{8,2,3,7,4,6,9,5,1},{4,6,5,9,8,1,3,2,7},{2,3,1,8,5,9,7,4,6},{5,8,0,0,0,0,0,0,0},{0,0,0,0,0,0,0,0,0}}
]
Wartość 0 wstawiona nieprawidłowo
Bład w kwadracie 0
sudoku.model.SudokuBoard@4b718c45[
  size=9
  solver=sudoku.model.BacktrackingSudokuSolver@25639668
  board={{7,4,8,2,1,5,6,9,3},{9,1,2,6,3,7,4,8,5},{3,5,6,4,9,8,1,7,2},{1,7,9,5,2,3,8,6,4},{8,2,3,7,4,6,9,5,1},{4,6,5,9,8,1,3,2,7},{2,3,1,8,5,9,7,4,6},{5,8,7,1,6,0,0,0,0},{0,0,0,0,0,0,0,0,0}}
]
Wartość 0 wstawiona nieprawidłowo
Nie wykryto bledu]]></system-out>
  </testcase>
  <testcase name="checkBoardTestBoxFalse" classname="sudoku.model.SudokuBoardTest" time="0.003">
    <system-out><![CDATA[Bład w kwadracie 0
sudoku.model.SudokuBoard@f5314bc[
  size=9
  solver=sudoku.model.BacktrackingSudokuSolver@4807b2b7
  board={{2,5,6,9,3,8,1,4,7},{3,4,7,1,5,6,8,9,2},{8,9,1,4,2,7,3,5,6},{9,1,2,7,8,3,4,6,5},{4,3,5,6,9,1,2,7,8},{6,7,8,2,4,5,9,1,3},{1,6,3,5,7,0,0,0,0},{0,0,0,0,0,0,0,0,0},{0,0,0,0,0,0,0,0,0}}
]
Wartość 0 wstawiona nieprawidłowo
Bład w kwadracie 0
sudoku.model.SudokuBoard@f5314bc[
  size=9
  solver=sudoku.model.BacktrackingSudokuSolver@4807b2b7
  board={{2,5,6,9,3,8,1,4,7},{3,4,7,1,5,6,8,9,2},{8,9,1,4,2,7,3,5,6},{9,1,2,7,8,3,4,6,5},{4,3,5,6,9,1,2,7,8},{6,7,8,2,4,5,9,1,3},{1,6,3,5,7,0,0,0,0},{0,0,0,0,0,0,0,0,0},{0,0,0,0,0,0,0,0,0}}
]
Wartość 0 wstawiona nieprawidłowo
Bład w kwadracie 0
sudoku.model.SudokuBoard@f5314bc[
  size=9
  solver=sudoku.model.BacktrackingSudokuSolver@4807b2b7
  board={{2,5,6,9,3,8,1,4,7},{3,4,7,1,5,6,8,9,2},{8,9,1,4,2,7,3,5,6},{9,1,2,7,8,3,4,6,5},{4,3,5,6,9,1,2,7,8},{6,7,8,2,4,5,9,1,3},{1,6,3,5,7,0,0,0,0},{0,0,0,0,0,0,0,0,0},{0,0,0,0,0,0,0,0,0}}
]
Wartość 0 wstawiona nieprawidłowo
Bład w kwadracie 0
sudoku.model.SudokuBoard@f5314bc[
  size=9
  solver=sudoku.model.BacktrackingSudokuSolver@4807b2b7
  board={{2,5,6,9,3,8,1,4,7},{3,4,7,1,5,6,8,9,2},{8,9,1,4,2,7,3,5,6},{9,1,2,7,8,3,4,6,5},{4,3,5,6,9,1,2,7,8},{6,7,8,2,4,5,9,1,3},{1,6,3,5,0,0,0,0,0},{0,0,0,0,0,0,0,0,0},{0,0,0,0,0,0,0,0,0}}
]
Wartość 0 wstawiona nieprawidłowo
Bład w kwadracie 0
sudoku.model.SudokuBoard@f5314bc[
  size=9
  solver=sudoku.model.BacktrackingSudokuSolver@4807b2b7
  board={{2,5,6,9,3,8,1,4,7},{3,4,7,1,5,6,8,9,2},{8,9,1,4,2,7,3,5,6},{9,1,2,7,8,3,4,6,5},{4,3,5,6,9,1,2,7,8},{6,7,8,2,4,5,9,1,3},{1,6,3,0,0,0,0,0,0},{0,0,0,0,0,0,0,0,0},{0,0,0,0,0,0,0,0,0}}
]
Wartość 0 wstawiona nieprawidłowo
Bład w kwadracie 0
sudoku.model.SudokuBoard@f5314bc[
  size=9
  solver=sudoku.model.BacktrackingSudokuSolver@4807b2b7
  board={{2,5,6,9,3,8,1,4,7},{3,4,7,1,5,6,8,9,2},{8,9,1,4,2,7,3,5,6},{9,1,2,7,8,3,4,6,5},{4,3,5,6,9,1,2,7,8},{6,7,8,2,4,5,9,1,3},{1,6,3,8,7,4,5,2,9},{5,2,9,3,0,0,0,0,0},{0,0,0,0,0,0,0,0,0}}
]
Wartość 0 wstawiona nieprawidłowo
Bład w kwadracie 0
sudoku.model.SudokuBoard@f5314bc[
  size=9
  solver=sudoku.model.BacktrackingSudokuSolver@4807b2b7
  board={{2,5,6,9,3,8,1,4,7},{3,4,7,1,5,6,8,9,2},{8,9,1,4,2,7,3,5,6},{9,1,2,7,8,3,4,6,5},{4,3,5,6,9,1,2,7,8},{6,7,8,2,4,5,9,1,3},{1,6,3,8,7,4,5,2,9},{5,2,9,3,0,0,0,0,0},{0,0,0,0,0,0,0,0,0}}
]
Wartość 0 wstawiona nieprawidłowo
Bład w kwadracie 0
sudoku.model.SudokuBoard@f5314bc[
  size=9
  solver=sudoku.model.BacktrackingSudokuSolver@4807b2b7
  board={{2,5,6,9,3,8,1,4,7},{3,4,7,1,5,6,8,9,2},{8,9,1,4,2,7,3,5,6},{9,1,2,7,8,3,4,6,5},{4,3,5,6,9,1,2,7,8},{6,7,8,2,4,5,9,1,3},{1,6,3,8,7,4,5,2,9},{5,2,9,0,0,0,0,0,0},{0,0,0,0,0,0,0,0,0}}
]
Wartość 0 wstawiona nieprawidłowo
Bład w kwadracie 0
sudoku.model.SudokuBoard@f5314bc[
  size=9
  solver=sudoku.model.BacktrackingSudokuSolver@4807b2b7
  board={{2,5,6,9,3,8,1,4,7},{3,4,7,1,5,6,8,9,2},{8,9,1,4,2,7,3,5,6},{9,1,2,7,8,3,4,6,5},{4,3,5,6,9,1,2,7,8},{6,7,8,2,4,5,9,1,3},{1,6,3,8,7,4,5,2,9},{5,2,0,0,0,0,0,0,0},{0,0,0,0,0,0,0,0,0}}
]
Wartość 0 wstawiona nieprawidłowo
Bład w kwadracie 0
sudoku.model.SudokuBoard@f5314bc[
  size=9
  solver=sudoku.model.BacktrackingSudokuSolver@4807b2b7
  board={{2,5,6,9,3,8,1,4,7},{3,2,7,1,5,6,8,9,2},{8,9,1,4,2,7,3,5,6},{9,1,2,7,8,3,4,6,5},{4,3,5,6,9,1,2,7,8},{6,7,8,2,4,5,9,1,3},{1,6,3,8,7,4,5,2,9},{5,2,4,3,6,9,7,8,1},{7,8,9,5,1,2,6,3,4}}
]
Wartość 2 wstawiona nieprawidłowo
Bład w kwadracie 0
sudoku.model.SudokuBoard@71eead09[
  size=9
  solver=sudoku.model.BacktrackingSudokuSolver@4807b2b7
  board={{2,5,6,9,3,8,1,4,7},{3,2,7,1,5,6,8,9,2},{8,9,1,4,2,7,3,5,6},{9,1,2,7,8,3,4,6,5},{4,3,5,6,9,1,2,7,8},{6,7,8,2,4,5,9,1,3},{1,6,3,8,7,4,5,2,9},{5,2,4,3,6,9,7,8,1},{7,8,9,5,1,2,6,3,4}}
]
]]></system-out>
  </testcase>
  <testcase name="checkCellBox1" classname="sudoku.model.SudokuBoardTest" time="0.003">
    <system-out><![CDATA[Bład w kwadracie 0
sudoku.model.SudokuBoard@586af46[
  size=9
  solver=sudoku.model.BacktrackingSudokuSolver@1267adbe
  board={{5,6,4,1,7,8,3,2,9},{3,7,8,2,5,4,6,0,0},{0,0,0,0,0,0,0,0,0},{0,0,0,0,0,0,0,0,0},{0,0,0,0,0,0,0,0,0},{0,0,0,0,0,0,0,0,0},{0,0,0,0,0,0,0,0,0},{0,0,0,0,0,0,0,0,0},{0,0,0,0,0,0,0,0,0}}
]
Wartość 0 wstawiona nieprawidłowo
Bład w kwadracie 0
sudoku.model.SudokuBoard@586af46[
  size=9
  solver=sudoku.model.BacktrackingSudokuSolver@1267adbe
  board={{5,6,4,1,7,8,3,2,9},{3,7,8,2,5,4,0,0,0},{0,0,0,0,0,0,0,0,0},{0,0,0,0,0,0,0,0,0},{0,0,0,0,0,0,0,0,0},{0,0,0,0,0,0,0,0,0},{0,0,0,0,0,0,0,0,0},{0,0,0,0,0,0,0,0,0},{0,0,0,0,0,0,0,0,0}}
]
Wartość 0 wstawiona nieprawidłowo
Bład w kwadracie 0
sudoku.model.SudokuBoard@586af46[
  size=9
  solver=sudoku.model.BacktrackingSudokuSolver@1267adbe
  board={{5,6,4,1,7,8,3,2,9},{3,7,8,2,5,4,1,0,0},{0,0,0,0,0,0,0,0,0},{0,0,0,0,0,0,0,0,0},{0,0,0,0,0,0,0,0,0},{0,0,0,0,0,0,0,0,0},{0,0,0,0,0,0,0,0,0},{0,0,0,0,0,0,0,0,0},{0,0,0,0,0,0,0,0,0}}
]
Wartość 0 wstawiona nieprawidłowo
Bład w kwadracie 0
sudoku.model.SudokuBoard@586af46[
  size=9
  solver=sudoku.model.BacktrackingSudokuSolver@1267adbe
  board={{5,6,4,1,7,8,3,2,9},{3,7,8,2,5,4,0,0,0},{0,0,0,0,0,0,0,0,0},{0,0,0,0,0,0,0,0,0},{0,0,0,0,0,0,0,0,0},{0,0,0,0,0,0,0,0,0},{0,0,0,0,0,0,0,0,0},{0,0,0,0,0,0,0,0,0},{0,0,0,0,0,0,0,0,0}}
]
Wartość 0 wstawiona nieprawidłowo
Bład w kwadracie 0
sudoku.model.SudokuBoard@586af46[
  size=9
  solver=sudoku.model.BacktrackingSudokuSolver@1267adbe
  board={{5,6,4,1,7,8,3,2,9},{3,7,8,2,5,0,0,0,0},{0,0,0,0,0,0,0,0,0},{0,0,0,0,0,0,0,0,0},{0,0,0,0,0,0,0,0,0},{0,0,0,0,0,0,0,0,0},{0,0,0,0,0,0,0,0,0},{0,0,0,0,0,0,0,0,0},{0,0,0,0,0,0,0,0,0}}
]
Wartość 0 wstawiona nieprawidłowo
Bład w kwadracie 0
sudoku.model.SudokuBoard@586af46[
  size=9
  solver=sudoku.model.BacktrackingSudokuSolver@1267adbe
  board={{5,6,4,1,7,8,3,2,9},{3,7,8,2,5,6,4,0,0},{0,0,0,0,0,0,0,0,0},{0,0,0,0,0,0,0,0,0},{0,0,0,0,0,0,0,0,0},{0,0,0,0,0,0,0,0,0},{0,0,0,0,0,0,0,0,0},{0,0,0,0,0,0,0,0,0},{0,0,0,0,0,0,0,0,0}}
]
Wartość 0 wstawiona nieprawidłowo
Bład w kwadracie 0
sudoku.model.SudokuBoard@586af46[
  size=9
  solver=sudoku.model.BacktrackingSudokuSolver@1267adbe
  board={{5,6,4,1,7,8,3,2,9},{3,7,8,2,5,6,0,0,0},{0,0,0,0,0,0,0,0,0},{0,0,0,0,0,0,0,0,0},{0,0,0,0,0,0,0,0,0},{0,0,0,0,0,0,0,0,0},{0,0,0,0,0,0,0,0,0},{0,0,0,0,0,0,0,0,0},{0,0,0,0,0,0,0,0,0}}
]
Wartość 0 wstawiona nieprawidłowo
Bład w kwadracie 0
sudoku.model.SudokuBoard@586af46[
  size=9
  solver=sudoku.model.BacktrackingSudokuSolver@1267adbe
  board={{5,6,4,1,7,8,3,2,9},{3,7,8,2,5,6,1,0,0},{0,0,0,0,0,0,0,0,0},{0,0,0,0,0,0,0,0,0},{0,0,0,0,0,0,0,0,0},{0,0,0,0,0,0,0,0,0},{0,0,0,0,0,0,0,0,0},{0,0,0,0,0,0,0,0,0},{0,0,0,0,0,0,0,0,0}}
]
Wartość 0 wstawiona nieprawidłowo
Bład w kwadracie 0
sudoku.model.SudokuBoard@586af46[
  size=9
  solver=sudoku.model.BacktrackingSudokuSolver@1267adbe
  board={{5,6,4,1,7,8,3,2,9},{3,7,8,2,5,6,0,0,0},{0,0,0,0,0,0,0,0,0},{0,0,0,0,0,0,0,0,0},{0,0,0,0,0,0,0,0,0},{0,0,0,0,0,0,0,0,0},{0,0,0,0,0,0,0,0,0},{0,0,0,0,0,0,0,0,0},{0,0,0,0,0,0,0,0,0}}
]
Wartość 0 wstawiona nieprawidłowo
Bład w kwadracie 0
sudoku.model.SudokuBoard@586af46[
  size=9
  solver=sudoku.model.BacktrackingSudokuSolver@1267adbe
  board={{5,6,4,1,7,8,3,2,9},{3,7,8,2,5,0,0,0,0},{0,0,0,0,0,0,0,0,0},{0,0,0,0,0,0,0,0,0},{0,0,0,0,0,0,0,0,0},{0,0,0,0,0,0,0,0,0},{0,0,0,0,0,0,0,0,0},{0,0,0,0,0,0,0,0,0},{0,0,0,0,0,0,0,0,0}}
]
Wartość 0 wstawiona nieprawidłowo
Bład w kwadracie 0
sudoku.model.SudokuBoard@586af46[
  size=9
  solver=sudoku.model.BacktrackingSudokuSolver@1267adbe
  board={{5,6,4,1,7,8,3,2,9},{3,7,8,2,5,9,6,1,4},{9,1,2,6,3,4,5,7,8},{6,8,3,4,9,7,1,5,2},{4,2,9,5,6,1,7,8,3},{7,5,1,8,2,3,4,9,6},{8,9,5,3,1,0,0,0,0},{0,0,0,0,0,0,0,0,0},{0,0,0,0,0,0,0,0,0}}
]
Wartość 0 wstawiona nieprawidłowo
Bład w kwadracie 0
sudoku.model.SudokuBoard@586af46[
  size=9
  solver=sudoku.model.BacktrackingSudokuSolver@1267adbe
  board={{0,6,4,1,7,8,3,2,9},{3,7,8,2,5,9,6,1,4},{9,1,2,6,3,4,5,7,8},{6,8,3,4,9,7,1,5,2},{4,2,9,5,6,1,7,8,3},{7,5,1,8,2,3,4,9,6},{8,9,5,3,1,6,2,4,7},{1,3,7,9,4,2,8,6,5},{2,4,6,7,8,5,9,3,1}}
]
Wartość 0 wstawiona nieprawidłowo
]]></system-out>
  </testcase>
</testsuite>