<?xml version="1.0" encoding="UTF-8"?>
<testsuite xmlns:xsi="http://www.w3.org/2001/XMLSchema-instance" xsi:noNamespaceSchemaLocation="https://maven.apache.org/surefire/maven-surefire-plugin/xsd/surefire-test-report-3.0.xsd" version="3.0" name="sudoku.model.SudokuFieldTest" time="0.017" tests="11" errors="0" skipped="0" failures="0">
  <properties>
    <property name="java.specification.version" value="14"/>
    <property name="sun.cpu.isalist" value="amd64"/>
    <property name="sun.jnu.encoding" value="Cp1250"/>
    <property name="java.class.path" value="E:\studia\Sem-3\Programowanie komponentowe (07 72 3060 19)_pliki\ProjektKompo\an_pn_1145_03\Model\target\test-classes;E:\studia\Sem-3\Programowanie komponentowe (07 72 3060 19)_pliki\Projekty\Projektnr1\org\junit\jupiter\junit-jupiter-engine\5.6.2\junit-jupiter-engine-5.6.2.jar;E:\studia\Sem-3\Programowanie komponentowe (07 72 3060 19)_pliki\Projekty\Projektnr1\org\apiguardian\apiguardian-api\1.1.0\apiguardian-api-1.1.0.jar;E:\studia\Sem-3\Programowanie komponentowe (07 72 3060 19)_pliki\Projekty\Projektnr1\org\junit\platform\junit-platform-engine\1.6.2\junit-platform-engine-1.6.2.jar;E:\studia\Sem-3\Programowanie komponentowe (07 72 3060 19)_pliki\Projekty\Projektnr1\org\opentest4j\opentest4j\1.2.0\opentest4j-1.2.0.jar;E:\studia\Sem-3\Programowanie komponentowe (07 72 3060 19)_pliki\Projekty\Projektnr1\org\junit\platform\junit-platform-commons\1.6.2\junit-platform-commons-1.6.2.jar;E:\studia\Sem-3\Programowanie komponentowe (07 72 3060 19)_pliki\Projekty\Projektnr1\org\junit\jupiter\junit-jupiter-api\5.6.2\junit-jupiter-api-5.6.2.jar;E:\studia\Sem-3\Programowanie komponentowe (07 72 3060 19)_pliki\Projekty\Projektnr1\org\projectlombok\lombok\1.18.16\lombok-1.18.16.jar;E:\studia\Sem-3\Programowanie komponentowe (07 72 3060 19)_pliki\Projekty\Projektnr1\org\hibernate\hibernate-core\5.4.27.Final\hibernate-core-5.4.27.Final.jar;E:\studia\Sem-3\Programowanie komponentowe (07 72 3060 19)_pliki\Projekty\Projektnr1\org\jboss\logging\jboss-logging\3.4.1.Final\jboss-logging-3.4.1.Final.jar;E:\studia\Sem-3\Programowanie komponentowe (07 72 3060 19)_pliki\Projekty\Projektnr1\org\javassist\javassist\3.27.0-GA\javassist-3.27.0-GA.jar;E:\studia\Sem-3\Programowanie komponentowe (07 72 3060 19)_pliki\Projekty\Projektnr1\net\bytebuddy\byte-buddy\1.10.17\byte-buddy-1.10.17.jar;E:\studia\Sem-3\Programowanie komponentowe (07 72 3060 19)_pliki\Projekty\Projektnr1\antlr\antlr\2.7.7\antlr-2.7.7.jar;E:\studia\Sem-3\Programowanie komponentowe (07 72 3060 19)_pliki\Projekty\Projektnr1\org\jboss\spec\javax\transaction\jboss-transaction-api_1.2_spec\1.1.1.Final\jboss-transaction-api_1.2_spec-1.1.1.Final.jar;E:\studia\Sem-3\Programowanie komponentowe (07 72 3060 19)_pliki\Projekty\Projektnr1\org\jboss\jandex\2.1.3.Final\jandex-2.1.3.Final.jar;E:\studia\Sem-3\Programowanie komponentowe (07 72 3060 19)_pliki\Projekty\Projektnr1\com\fasterxml\classmate\1.5.1\classmate-1.5.1.jar;E:\studia\Sem-3\Programowanie komponentowe (07 72 3060 19)_pliki\Projekty\Projektnr1\javax\activation\javax.activation-api\1.2.0\javax.activation-api-1.2.0.jar;E:\studia\Sem-3\Programowanie komponentowe (07 72 3060 19)_pliki\Projekty\Projektnr1\org\dom4j\dom4j\2.1.3\dom4j-2.1.3.jar;E:\studia\Sem-3\Programowanie komponentowe (07 72 3060 19)_pliki\Projekty\Projektnr1\javax\xml\bind\jaxb-api\2.3.1\jaxb-api-2.3.1.jar;E:\studia\Sem-3\Programowanie komponentowe (07 72 3060 19)_pliki\Projekty\Projektnr1\com\h2database\h2\1.4.200\h2-1.4.200.jar;E:\studia\Sem-3\Programowanie komponentowe (07 72 3060 19)_pliki\Projekty\Projektnr1\jakarta\xml\bind\jakarta.xml.bind-api\3.0.0\jakarta.xml.bind-api-3.0.0.jar;E:\studia\Sem-3\Programowanie komponentowe (07 72 3060 19)_pliki\Projekty\Projektnr1\com\sun\activation\jakarta.activation\2.0.0\jakarta.activation-2.0.0.jar;E:\studia\Sem-3\Programowanie komponentowe (07 72 3060 19)_pliki\Projekty\Projektnr1\org\glassfish\jaxb\jaxb-runtime\3.0.0\jaxb-runtime-3.0.0.jar;E:\studia\Sem-3\Programowanie komponentowe (07 72 3060 19)_pliki\Projekty\Projektnr1\org\glassfish\jaxb\jaxb-core\3.0.0\jaxb-core-3.0.0.jar;E:\studia\Sem-3\Programowanie komponentowe (07 72 3060 19)_pliki\Projekty\Projektnr1\org\glassfish\jaxb\txw2\3.0.0\txw2-3.0.0.jar;E:\studia\Sem-3\Programowanie komponentowe (07 72 3060 19)_pliki\Projekty\Projektnr1\com\sun\istack\istack-commons-runtime\4.0.0\istack-commons-runtime-4.0.0.jar;E:\studia\Sem-3\Programowanie komponentowe (07 72 3060 19)_pliki\Projekty\Projektnr1\ch\qos\logback\logback-classic\1.1.7\logback-classic-1.1.7.jar;E:\studia\Sem-3\Programowanie komponentowe (07 72 3060 19)_pliki\Projekty\Projektnr1\ch\qos\logback\logback-core\1.1.7\logback-core-1.1.7.jar;E:\studia\Sem-3\Programowanie komponentowe (07 72 3060 19)_pliki\Projekty\Projektnr1\org\openjfx\javafx-controls\13\javafx-controls-13.jar;E:\studia\Sem-3\Programowanie komponentowe (07 72 3060 19)_pliki\Projekty\Projektnr1\org\openjfx\javafx-controls\13\javafx-controls-13-win.jar;E:\studia\Sem-3\Programowanie komponentowe (07 72 3060 19)_pliki\Projekty\Projektnr1\org\openjfx\javafx-graphics\13\javafx-graphics-13.jar;E:\studia\Sem-3\Programowanie komponentowe (07 72 3060 19)_pliki\Projekty\Projektnr1\org\openjfx\javafx-graphics\13\javafx-graphics-13-win.jar;E:\studia\Sem-3\Programowanie komponentowe (07 72 3060 19)_pliki\Projekty\Projektnr1\org\openjfx\javafx-base\13\javafx-base-13.jar;E:\studia\Sem-3\Programowanie komponentowe (07 72 3060 19)_pliki\Projekty\Projektnr1\org\openjfx\javafx-fxml\13\javafx-fxml-13.jar;E:\studia\Sem-3\Programowanie komponentowe (07 72 3060 19)_pliki\Projekty\Projektnr1\org\openjfx\javafx-fxml\13\javafx-fxml-13-win.jar;"/>
    <property name="java.vm.vendor" value="Oracle Corporation"/>
    <property name="sun.arch.data.model" value="64"/>
    <property name="user.variant" value=""/>
    <property name="java.vendor.url" value="https://java.oracle.com/"/>
    <property name="user.timezone" value="Europe/Warsaw"/>
    <property name="os.name" value="Windows 10"/>
    <property name="java.vm.specification.version" value="14"/>
    <property name="sun.java.launcher" value="SUN_STANDARD"/>
    <property name="user.country" value="PL"/>
    <property name="sun.boot.library.path" value="C:\Program Files\Java\jdk-14.0.2\bin"/>
    <property name="sun.java.command" value="org.apache.maven.surefire.booter.ForkedBooter C:\Users\maldo\AppData\Local\Temp\surefire3046397512356889653 2021-01-25T13-19-09_875-jvmRun1 surefire14311975682698004921tmp surefire_016868164260762344545tmp"/>
    <property name="jdk.debug" value="release"/>
    <property name="surefire.test.class.path" value="E:\studia\Sem-3\Programowanie komponentowe (07 72 3060 19)_pliki\ProjektKompo\an_pn_1145_03\Model\target\test-classes;E:\studia\Sem-3\Programowanie komponentowe (07 72 3060 19)_pliki\Projekty\Projektnr1\org\junit\jupiter\junit-jupiter-engine\5.6.2\junit-jupiter-engine-5.6.2.jar;E:\studia\Sem-3\Programowanie komponentowe (07 72 3060 19)_pliki\Projekty\Projektnr1\org\apiguardian\apiguardian-api\1.1.0\apiguardian-api-1.1.0.jar;E:\studia\Sem-3\Programowanie komponentowe (07 72 3060 19)_pliki\Projekty\Projektnr1\org\junit\platform\junit-platform-engine\1.6.2\junit-platform-engine-1.6.2.jar;E:\studia\Sem-3\Programowanie komponentowe (07 72 3060 19)_pliki\Projekty\Projektnr1\org\opentest4j\opentest4j\1.2.0\opentest4j-1.2.0.jar;E:\studia\Sem-3\Programowanie komponentowe (07 72 3060 19)_pliki\Projekty\Projektnr1\org\junit\platform\junit-platform-commons\1.6.2\junit-platform-commons-1.6.2.jar;E:\studia\Sem-3\Programowanie komponentowe (07 72 3060 19)_pliki\Projekty\Projektnr1\org\junit\jupiter\junit-jupiter-api\5.6.2\junit-jupiter-api-5.6.2.jar;E:\studia\Sem-3\Programowanie komponentowe (07 72 3060 19)_pliki\Projekty\Projektnr1\org\projectlombok\lombok\1.18.16\lombok-1.18.16.jar;E:\studia\Sem-3\Programowanie komponentowe (07 72 3060 19)_pliki\Projekty\Projektnr1\org\hibernate\hibernate-core\5.4.27.Final\hibernate-core-5.4.27.Final.jar;E:\studia\Sem-3\Programowanie komponentowe (07 72 3060 19)_pliki\Projekty\Projektnr1\org\jboss\logging\jboss-logging\3.4.1.Final\jboss-logging-3.4.1.Final.jar;E:\studia\Sem-3\Programowanie komponentowe (07 72 3060 19)_pliki\Projekty\Projektnr1\org\javassist\javassist\3.27.0-GA\javassist-3.27.0-GA.jar;E:\studia\Sem-3\Programowanie komponentowe (07 72 3060 19)_pliki\Projekty\Projektnr1\net\bytebuddy\byte-buddy\1.10.17\byte-buddy-1.10.17.jar;E:\studia\Sem-3\Programowanie komponentowe (07 72 3060 19)_pliki\Projekty\Projektnr1\antlr\antlr\2.7.7\antlr-2.7.7.jar;E:\studia\Sem-3\Programowanie komponentowe (07 72 3060 19)_pliki\Projekty\Projektnr1\org\jboss\spec\javax\transaction\jboss-transaction-api_1.2_spec\1.1.1.Final\jboss-transaction-api_1.2_spec-1.1.1.Final.jar;E:\studia\Sem-3\Programowanie komponentowe (07 72 3060 19)_pliki\Projekty\Projektnr1\org\jboss\jandex\2.1.3.Final\jandex-2.1.3.Final.jar;E:\studia\Sem-3\Programowanie komponentowe (07 72 3060 19)_pliki\Projekty\Projektnr1\com\fasterxml\classmate\1.5.1\classmate-1.5.1.jar;E:\studia\Sem-3\Programowanie komponentowe (07 72 3060 19)_pliki\Projekty\Projektnr1\javax\activation\javax.activation-api\1.2.0\javax.activation-api-1.2.0.jar;E:\studia\Sem-3\Programowanie komponentowe (07 72 3060 19)_pliki\Projekty\Projektnr1\org\dom4j\dom4j\2.1.3\dom4j-2.1.3.jar;E:\studia\Sem-3\Programowanie komponentowe (07 72 3060 19)_pliki\Projekty\Projektnr1\javax\xml\bind\jaxb-api\2.3.1\jaxb-api-2.3.1.jar;E:\studia\Sem-3\Programowanie komponentowe (07 72 3060 19)_pliki\Projekty\Projektnr1\com\h2database\h2\1.4.200\h2-1.4.200.jar;E:\studia\Sem-3\Programowanie komponentowe (07 72 3060 19)_pliki\Projekty\Projektnr1\jakarta\xml\bind\jakarta.xml.bind-api\3.0.0\jakarta.xml.bind-api-3.0.0.jar;E:\studia\Sem-3\Programowanie komponentowe (07 72 3060 19)_pliki\Projekty\Projektnr1\com\sun\activation\jakarta.activation\2.0.0\jakarta.activation-2.0.0.jar;E:\studia\Sem-3\Programowanie komponentowe (07 72 3060 19)_pliki\Projekty\Projektnr1\org\glassfish\jaxb\jaxb-runtime\3.0.0\jaxb-runtime-3.0.0.jar;E:\studia\Sem-3\Programowanie komponentowe (07 72 3060 19)_pliki\Projekty\Projektnr1\org\glassfish\jaxb\jaxb-core\3.0.0\jaxb-core-3.0.0.jar;E:\studia\Sem-3\Programowanie komponentowe (07 72 3060 19)_pliki\Projekty\Projektnr1\org\glassfish\jaxb\txw2\3.0.0\txw2-3.0.0.jar;E:\studia\Sem-3\Programowanie komponentowe (07 72 3060 19)_pliki\Projekty\Projektnr1\com\sun\istack\istack-commons-runtime\4.0.0\istack-commons-runtime-4.0.0.jar;E:\studia\Sem-3\Programowanie komponentowe (07 72 3060 19)_pliki\Projekty\Projektnr1\ch\qos\logback\logback-classic\1.1.7\logback-classic-1.1.7.jar;E:\studia\Sem-3\Programowanie komponentowe (07 72 3060 19)_pliki\Projekty\Projektnr1\ch\qos\logback\logback-core\1.1.7\logback-core-1.1.7.jar;E:\studia\Sem-3\Programowanie komponentowe (07 72 3060 19)_pliki\Projekty\Projektnr1\org\openjfx\javafx-controls\13\javafx-controls-13.jar;E:\studia\Sem-3\Programowanie komponentowe (07 72 3060 19)_pliki\Projekty\Projektnr1\org\openjfx\javafx-controls\13\javafx-controls-13-win.jar;E:\studia\Sem-3\Programowanie komponentowe (07 72 3060 19)_pliki\Projekty\Projektnr1\org\openjfx\javafx-graphics\13\javafx-graphics-13.jar;E:\studia\Sem-3\Programowanie komponentowe (07 72 3060 19)_pliki\Projekty\Projektnr1\org\openjfx\javafx-graphics\13\javafx-graphics-13-win.jar;E:\studia\Sem-3\Programowanie komponentowe (07 72 3060 19)_pliki\Projekty\Projektnr1\org\openjfx\javafx-base\13\javafx-base-13.jar;E:\studia\Sem-3\Programowanie komponentowe (07 72 3060 19)_pliki\Projekty\Projektnr1\org\openjfx\javafx-fxml\13\javafx-fxml-13.jar;E:\studia\Sem-3\Programowanie komponentowe (07 72 3060 19)_pliki\Projekty\Projektnr1\org\openjfx\javafx-fxml\13\javafx-fxml-13-win.jar;"/>
    <property name="sun.cpu.endian" value="little"/>
    <property name="user.home" value="C:\Users\maldo"/>
    <property name="user.language" value="pl"/>
    <property name="java.specification.vendor" value="Oracle Corporation"/>
    <property name="jdk.module.path" value="E:\studia\Sem-3\Programowanie komponentowe (07 72 3060 19)_pliki\ProjektKompo\an_pn_1145_03\Model\target\classes;E:\studia\Sem-3\Programowanie komponentowe (07 72 3060 19)_pliki\Projekty\Projektnr1\org\apache\commons\commons-lang3\3.11\commons-lang3-3.11.jar;E:\studia\Sem-3\Programowanie komponentowe (07 72 3060 19)_pliki\Projekty\Projektnr1\javax\persistence\javax.persistence-api\2.2\javax.persistence-api-2.2.jar;E:\studia\Sem-3\Programowanie komponentowe (07 72 3060 19)_pliki\Projekty\Projektnr1\org\hibernate\common\hibernate-commons-annotations\5.1.2.Final\hibernate-commons-annotations-5.1.2.Final.jar;E:\studia\Sem-3\Programowanie komponentowe (07 72 3060 19)_pliki\Projekty\Projektnr1\org\hibernate\hibernate-entitymanager\5.4.27.Final\hibernate-entitymanager-5.4.27.Final.jar;E:\studia\Sem-3\Programowanie komponentowe (07 72 3060 19)_pliki\Projekty\Projektnr1\org\slf4j\slf4j-api\1.7.30\slf4j-api-1.7.30.jar;E:\studia\Sem-3\Programowanie komponentowe (07 72 3060 19)_pliki\Projekty\Projektnr1\org\openjfx\javafx-base\13\javafx-base-13-win.jar"/>
    <property name="java.version.date" value="2020-07-14"/>
    <property name="java.home" value="C:\Program Files\Java\jdk-14.0.2"/>
    <property name="file.separator" value="\"/>
    <property name="basedir" value="E:\studia\Sem-3\Programowanie komponentowe (07 72 3060 19)_pliki\ProjektKompo\an_pn_1145_03\Model"/>
    <property name="java.vm.compressedOopsMode" value="Zero based"/>
    <property name="line.separator" value="&#10;"/>
    <property name="java.vm.specification.vendor" value="Oracle Corporation"/>
    <property name="java.specification.name" value="Java Platform API Specification"/>
    <property name="surefire.real.class.path" value="E:\studia\Sem-3\Programowanie komponentowe (07 72 3060 19)_pliki\Projekty\Projektnr1\org\apache\maven\surefire\surefire-booter\3.0.0-M5\surefire-booter-3.0.0-M5.jar;E:\studia\Sem-3\Programowanie komponentowe (07 72 3060 19)_pliki\Projekty\Projektnr1\org\apache\maven\surefire\surefire-api\3.0.0-M5\surefire-api-3.0.0-M5.jar;E:\studia\Sem-3\Programowanie komponentowe (07 72 3060 19)_pliki\Projekty\Projektnr1\org\apache\maven\surefire\surefire-logger-api\3.0.0-M5\surefire-logger-api-3.0.0-M5.jar;E:\studia\Sem-3\Programowanie komponentowe (07 72 3060 19)_pliki\Projekty\Projektnr1\org\apache\maven\surefire\surefire-shared-utils\3.0.0-M4\surefire-shared-utils-3.0.0-M4.jar;E:\studia\Sem-3\Programowanie komponentowe (07 72 3060 19)_pliki\Projekty\Projektnr1\org\apache\maven\surefire\surefire-extensions-spi\3.0.0-M5\surefire-extensions-spi-3.0.0-M5.jar;E:\studia\Sem-3\Programowanie komponentowe (07 72 3060 19)_pliki\ProjektKompo\an_pn_1145_03\Model\target\test-classes;E:\studia\Sem-3\Programowanie komponentowe (07 72 3060 19)_pliki\Projekty\Projektnr1\org\junit\jupiter\junit-jupiter-engine\5.6.2\junit-jupiter-engine-5.6.2.jar;E:\studia\Sem-3\Programowanie komponentowe (07 72 3060 19)_pliki\Projekty\Projektnr1\org\apiguardian\apiguardian-api\1.1.0\apiguardian-api-1.1.0.jar;E:\studia\Sem-3\Programowanie komponentowe (07 72 3060 19)_pliki\Projekty\Projektnr1\org\junit\platform\junit-platform-engine\1.6.2\junit-platform-engine-1.6.2.jar;E:\studia\Sem-3\Programowanie komponentowe (07 72 3060 19)_pliki\Projekty\Projektnr1\org\opentest4j\opentest4j\1.2.0\opentest4j-1.2.0.jar;E:\studia\Sem-3\Programowanie komponentowe (07 72 3060 19)_pliki\Projekty\Projektnr1\org\junit\platform\junit-platform-commons\1.6.2\junit-platform-commons-1.6.2.jar;E:\studia\Sem-3\Programowanie komponentowe (07 72 3060 19)_pliki\Projekty\Projektnr1\org\junit\jupiter\junit-jupiter-api\5.6.2\junit-jupiter-api-5.6.2.jar;E:\studia\Sem-3\Programowanie komponentowe (07 72 3060 19)_pliki\Projekty\Projektnr1\org\projectlombok\lombok\1.18.16\lombok-1.18.16.jar;E:\studia\Sem-3\Programowanie komponentowe (07 72 3060 19)_pliki\Projekty\Projektnr1\org\hibernate\hibernate-core\5.4.27.Final\hibernate-core-5.4.27.Final.jar;E:\studia\Sem-3\Programowanie komponentowe (07 72 3060 19)_pliki\Projekty\Projektnr1\org\jboss\logging\jboss-logging\3.4.1.Final\jboss-logging-3.4.1.Final.jar;E:\studia\Sem-3\Programowanie komponentowe (07 72 3060 19)_pliki\Projekty\Projektnr1\org\javassist\javassist\3.27.0-GA\javassist-3.27.0-GA.jar;E:\studia\Sem-3\Programowanie komponentowe (07 72 3060 19)_pliki\Projekty\Projektnr1\net\bytebuddy\byte-buddy\1.10.17\byte-buddy-1.10.17.jar;E:\studia\Sem-3\Programowanie komponentowe (07 72 3060 19)_pliki\Projekty\Projektnr1\antlr\antlr\2.7.7\antlr-2.7.7.jar;E:\studia\Sem-3\Programowanie komponentowe (07 72 3060 19)_pliki\Projekty\Projektnr1\org\jboss\spec\javax\transaction\jboss-transaction-api_1.2_spec\1.1.1.Final\jboss-transaction-api_1.2_spec-1.1.1.Final.jar;E:\studia\Sem-3\Programowanie komponentowe (07 72 3060 19)_pliki\Projekty\Projektnr1\org\jboss\jandex\2.1.3.Final\jandex-2.1.3.Final.jar;E:\studia\Sem-3\Programowanie komponentowe (07 72 3060 19)_pliki\Projekty\Projektnr1\com\fasterxml\classmate\1.5.1\classmate-1.5.1.jar;E:\studia\Sem-3\Programowanie komponentowe (07 72 3060 19)_pliki\Projekty\Projektnr1\javax\activation\javax.activation-api\1.2.0\javax.activation-api-1.2.0.jar;E:\studia\Sem-3\Programowanie komponentowe (07 72 3060 19)_pliki\Projekty\Projektnr1\org\dom4j\dom4j\2.1.3\dom4j-2.1.3.jar;E:\studia\Sem-3\Programowanie komponentowe (07 72 3060 19)_pliki\Projekty\Projektnr1\javax\xml\bind\jaxb-api\2.3.1\jaxb-api-2.3.1.jar;E:\studia\Sem-3\Programowanie komponentowe (07 72 3060 19)_pliki\Projekty\Projektnr1\com\h2database\h2\1.4.200\h2-1.4.200.jar;E:\studia\Sem-3\Programowanie komponentowe (07 72 3060 19)_pliki\Projekty\Projektnr1\jakarta\xml\bind\jakarta.xml.bind-api\3.0.0\jakarta.xml.bind-api-3.0.0.jar;E:\studia\Sem-3\Programowanie komponentowe (07 72 3060 19)_pliki\Projekty\Projektnr1\com\sun\activation\jakarta.activation\2.0.0\jakarta.activation-2.0.0.jar;E:\studia\Sem-3\Programowanie komponentowe (07 72 3060 19)_pliki\Projekty\Projektnr1\org\glassfish\jaxb\jaxb-runtime\3.0.0\jaxb-runtime-3.0.0.jar;E:\studia\Sem-3\Programowanie komponentowe (07 72 3060 19)_pliki\Projekty\Projektnr1\org\glassfish\jaxb\jaxb-core\3.0.0\jaxb-core-3.0.0.jar;E:\studia\Sem-3\Programowanie komponentowe (07 72 3060 19)_pliki\Projekty\Projektnr1\org\glassfish\jaxb\txw2\3.0.0\txw2-3.0.0.jar;E:\studia\Sem-3\Programowanie komponentowe (07 72 3060 19)_pliki\Projekty\Projektnr1\com\sun\istack\istack-commons-runtime\4.0.0\istack-commons-runtime-4.0.0.jar;E:\studia\Sem-3\Programowanie komponentowe (07 72 3060 19)_pliki\Projekty\Projektnr1\ch\qos\logback\logback-classic\1.1.7\logback-classic-1.1.7.jar;E:\studia\Sem-3\Programowanie komponentowe (07 72 3060 19)_pliki\Projekty\Projektnr1\ch\qos\logback\logback-core\1.1.7\logback-core-1.1.7.jar;E:\studia\Sem-3\Programowanie komponentowe (07 72 3060 19)_pliki\Projekty\Projektnr1\org\openjfx\javafx-controls\13\javafx-controls-13.jar;E:\studia\Sem-3\Programowanie komponentowe (07 72 3060 19)_pliki\Projekty\Projektnr1\org\openjfx\javafx-controls\13\javafx-controls-13-win.jar;E:\studia\Sem-3\Programowanie komponentowe (07 72 3060 19)_pliki\Projekty\Projektnr1\org\openjfx\javafx-graphics\13\javafx-graphics-13.jar;E:\studia\Sem-3\Programowanie komponentowe (07 72 3060 19)_pliki\Projekty\Projektnr1\org\openjfx\javafx-graphics\13\javafx-graphics-13-win.jar;E:\studia\Sem-3\Programowanie komponentowe (07 72 3060 19)_pliki\Projekty\Projektnr1\org\openjfx\javafx-base\13\javafx-base-13.jar;E:\studia\Sem-3\Programowanie komponentowe (07 72 3060 19)_pliki\Projekty\Projektnr1\org\openjfx\javafx-fxml\13\javafx-fxml-13.jar;E:\studia\Sem-3\Programowanie komponentowe (07 72 3060 19)_pliki\Projekty\Projektnr1\org\openjfx\javafx-fxml\13\javafx-fxml-13-win.jar;E:\studia\Sem-3\Programowanie komponentowe (07 72 3060 19)_pliki\Projekty\Projektnr1\org\apache\maven\surefire\surefire-junit-platform\3.0.0-M5\surefire-junit-platform-3.0.0-M5.jar;E:\studia\Sem-3\Programowanie komponentowe (07 72 3060 19)_pliki\Projekty\Projektnr1\org\apache\maven\surefire\common-java5\3.0.0-M5\common-java5-3.0.0-M5.jar;E:\studia\Sem-3\Programowanie komponentowe (07 72 3060 19)_pliki\Projekty\Projektnr1\org\junit\platform\junit-platform-launcher\1.6.2\junit-platform-launcher-1.6.2.jar"/>
    <property name="user.script" value=""/>
    <property name="sun.management.compiler" value="HotSpot 64-Bit Tiered Compilers"/>
    <property name="java.runtime.version" value="14.0.2+12-46"/>
    <property name="user.name" value="maldo"/>
    <property name="path.separator" value=";"/>
    <property name="os.version" value="10.0"/>
    <property name="java.runtime.name" value="Java(TM) SE Runtime Environment"/>
    <property name="file.encoding" value="Cp1250"/>
    <property name="java.vm.name" value="Java HotSpot(TM) 64-Bit Server VM"/>
    <property name="localRepository" value="E:\studia\Sem-3\Programowanie komponentowe (07 72 3060 19)_pliki\Projekty\Projektnr1"/>
    <property name="java.vendor.url.bug" value="https://bugreport.java.com/bugreport/"/>
    <property name="java.io.tmpdir" value="C:\Users\maldo\AppData\Local\Temp\"/>
    <property name="java.version" value="14.0.2"/>
    <property name="user.dir" value="E:\studia\Sem-3\Programowanie komponentowe (07 72 3060 19)_pliki\ProjektKompo\an_pn_1145_03\Model"/>
    <property name="os.arch" value="amd64"/>
    <property name="java.vm.specification.name" value="Java Virtual Machine Specification"/>
    <property name="sun.os.patch.level" value=""/>
    <property name="java.library.path" value="C:\Program Files\Java\jdk-14.0.2\bin;C:\WINDOWS\Sun\Java\bin;C:\WINDOWS\system32;C:\WINDOWS;C:\Program Files (x86)\Razer Chroma SDK\bin;C:\Program Files\Razer Chroma SDK\bin;C:\Python\Scripts\;C:\Python\;C:\Program Files (x86)\Intel\iCLS Client\;C:\Program Files\Intel\iCLS Client\;C:\Windows\system32;C:\Windows;C:\Windows\System32\Wbem;C:\Windows\System32\WindowsPowerShell\v1.0\;C:\Windows\System32\OpenSSH\;C:\Program Files (x86)\NVIDIA Corporation\PhysX\Common;C:\Program Files (x86)\Intel\Intel(R) Management Engine Components\DAL;C:\Program Files\Intel\Intel(R) Management Engine Components\DAL;C:\Program Files (x86)\Intel\Intel(R) Management Engine Components\IPT;C:\Program Files\Intel\Intel(R) Management Engine Components\IPT;C:\Program Files\Intel\WiFi\bin\;C:\Program Files\Common Files\Intel\WirelessCommon\;C:\Program Files (x86)\Windows Kits\8.1\Windows Performance Toolkit\;C:\Users\maldo\AppData\Local\Microsoft\WindowsApps;C:\Program Files\NVIDIA Corporation\NVIDIA NvDLISR;C:\Program Files (x86)\MKVToolNix;C:\WINDOWS\system32;C:\WINDOWS;C:\WINDOWS\System32\Wbem;C:\WINDOWS\System32\WindowsPowerShell\v1.0\;C:\WINDOWS\System32\OpenSSH\;E:\studia\Sem-3\Programowanie komponentowe (07 72 3060 19)_pliki\apache-maven-3.6.3\bin;C:\msys64\usr\bin;C:\Program Files\Java\jdk-14.0.2\bin;C:\Program Files (x86)\Calibre2\;C:\Users\maldo\AppData\Local\Microsoft\WindowsApps;C:\Program Files\Intel\WiFi\bin\;C:\Program Files\Common Files\Intel\WirelessCommon\;C:\Program Files\JetBrains\CLion 2019.3.3\bin;;C:\Users\maldo\AppData\Local\Programs\Microsoft VS Code\bin;C:\Users\maldo\AppData\Local\GitHubDesktop\bin;."/>
    <property name="java.vm.info" value="mixed mode"/>
    <property name="java.vendor" value="Oracle Corporation"/>
    <property name="java.vm.version" value="14.0.2+12-46"/>
    <property name="sun.io.unicode.encoding" value="UnicodeLittle"/>
    <property name="java.class.version" value="58.0"/>
  </properties>
  <testcase name="testEqualsFalse" classname="sudoku.model.SudokuFieldTest" time="0"/>
  <testcase name="listenerTest" classname="sudoku.model.SudokuFieldTest" time="0"/>
  <testcase name="testToString" classname="sudoku.model.SudokuFieldTest" time="0.001">
    <system-out><![CDATA[5
]]></system-out>
  </testcase>
  <testcase name="cloneTest" classname="sudoku.model.SudokuFieldTest" time="0"/>
  <testcase name="testListeners" classname="sudoku.model.SudokuFieldTest" time="0.001"/>
  <testcase name="testEqualsDiffrentClass" classname="sudoku.model.SudokuFieldTest" time="0"/>
  <testcase name="testEqualsNull" classname="sudoku.model.SudokuFieldTest" time="0"/>
  <testcase name="testEqualsSame" classname="sudoku.model.SudokuFieldTest" time="0"/>
  <testcase name="setFieldValue" classname="sudoku.model.SudokuFieldTest" time="0.002">
    <system-err><![CDATA[sudoku.model.exception.WrongFieldValueException: Field value must be 1-9 inclusive
	at sudoku.model@2.0-SNAPSHOT/sudoku.model.SudokuField.setFieldValue(SudokuField.java:118)
	at sudoku.model@2.0-SNAPSHOT/sudoku.model.SudokuFieldTest.setFieldValue(SudokuFieldTest.java:24)
	at java.base/jdk.internal.reflect.NativeMethodAccessorImpl.invoke0(Native Method)
	at java.base/jdk.internal.reflect.NativeMethodAccessorImpl.invoke(NativeMethodAccessorImpl.java:62)
	at java.base/jdk.internal.reflect.DelegatingMethodAccessorImpl.invoke(DelegatingMethodAccessorImpl.java:43)
	at java.base/java.lang.reflect.Method.invoke(Method.java:564)
	at org.junit.platform.commons.util.ReflectionUtils.invokeMethod(ReflectionUtils.java:686)
	at org.junit.jupiter.engine.execution.MethodInvocation.proceed(MethodInvocation.java:60)
	at org.junit.jupiter.engine.execution.InvocationInterceptorChain$ValidatingInvocation.proceed(InvocationInterceptorChain.java:131)
	at org.junit.jupiter.engine.extension.TimeoutExtension.intercept(TimeoutExtension.java:149)
	at org.junit.jupiter.engine.extension.TimeoutExtension.interceptTestableMethod(TimeoutExtension.java:140)
	at org.junit.jupiter.engine.extension.TimeoutExtension.interceptTestMethod(TimeoutExtension.java:84)
	at org.junit.jupiter.engine.execution.ExecutableInvoker$ReflectiveInterceptorCall.lambda$ofVoidMethod$0(ExecutableInvoker.java:115)
	at org.junit.jupiter.engine.execution.ExecutableInvoker.lambda$invoke$0(ExecutableInvoker.java:105)
	at org.junit.jupiter.engine.execution.InvocationInterceptorChain$InterceptedInvocation.proceed(InvocationInterceptorChain.java:106)
	at org.junit.jupiter.engine.execution.InvocationInterceptorChain.proceed(InvocationInterceptorChain.java:64)
	at org.junit.jupiter.engine.execution.InvocationInterceptorChain.chainAndInvoke(InvocationInterceptorChain.java:45)
	at org.junit.jupiter.engine.execution.InvocationInterceptorChain.invoke(InvocationInterceptorChain.java:37)
	at org.junit.jupiter.engine.execution.ExecutableInvoker.invoke(ExecutableInvoker.java:104)
	at org.junit.jupiter.engine.execution.ExecutableInvoker.invoke(ExecutableInvoker.java:98)
	at org.junit.jupiter.engine.descriptor.TestMethodTestDescriptor.lambda$invokeTestMethod$6(TestMethodTestDescriptor.java:212)
	at org.junit.platform.engine.support.hierarchical.ThrowableCollector.execute(ThrowableCollector.java:73)
	at org.junit.jupiter.engine.descriptor.TestMethodTestDescriptor.invokeTestMethod(TestMethodTestDescriptor.java:208)
	at org.junit.jupiter.engine.descriptor.TestMethodTestDescriptor.execute(TestMethodTestDescriptor.java:137)
	at org.junit.jupiter.engine.descriptor.TestMethodTestDescriptor.execute(TestMethodTestDescriptor.java:71)
	at org.junit.platform.engine.support.hierarchical.NodeTestTask.lambda$executeRecursively$5(NodeTestTask.java:135)
	at org.junit.platform.engine.support.hierarchical.ThrowableCollector.execute(ThrowableCollector.java:73)
	at org.junit.platform.engine.support.hierarchical.NodeTestTask.lambda$executeRecursively$7(NodeTestTask.java:125)
	at org.junit.platform.engine.support.hierarchical.Node.around(Node.java:135)
	at org.junit.platform.engine.support.hierarchical.NodeTestTask.lambda$executeRecursively$8(NodeTestTask.java:123)
	at org.junit.platform.engine.support.hierarchical.ThrowableCollector.execute(ThrowableCollector.java:73)
	at org.junit.platform.engine.support.hierarchical.NodeTestTask.executeRecursively(NodeTestTask.java:122)
	at org.junit.platform.engine.support.hierarchical.NodeTestTask.execute(NodeTestTask.java:80)
	at java.base/java.util.ArrayList.forEach(ArrayList.java:1511)
	at org.junit.platform.engine.support.hierarchical.SameThreadHierarchicalTestExecutorService.invokeAll(SameThreadHierarchicalTestExecutorService.java:38)
	at org.junit.platform.engine.support.hierarchical.NodeTestTask.lambda$executeRecursively$5(NodeTestTask.java:139)
	at org.junit.platform.engine.support.hierarchical.ThrowableCollector.execute(ThrowableCollector.java:73)
	at org.junit.platform.engine.support.hierarchical.NodeTestTask.lambda$executeRecursively$7(NodeTestTask.java:125)
	at org.junit.platform.engine.support.hierarchical.Node.around(Node.java:135)
	at org.junit.platform.engine.support.hierarchical.NodeTestTask.lambda$executeRecursively$8(NodeTestTask.java:123)
	at org.junit.platform.engine.support.hierarchical.ThrowableCollector.execute(ThrowableCollector.java:73)
	at org.junit.platform.engine.support.hierarchical.NodeTestTask.executeRecursively(NodeTestTask.java:122)
	at org.junit.platform.engine.support.hierarchical.NodeTestTask.execute(NodeTestTask.java:80)
	at java.base/java.util.ArrayList.forEach(ArrayList.java:1511)
	at org.junit.platform.engine.support.hierarchical.SameThreadHierarchicalTestExecutorService.invokeAll(SameThreadHierarchicalTestExecutorService.java:38)
	at org.junit.platform.engine.support.hierarchical.NodeTestTask.lambda$executeRecursively$5(NodeTestTask.java:139)
	at org.junit.platform.engine.support.hierarchical.ThrowableCollector.execute(ThrowableCollector.java:73)
	at org.junit.platform.engine.support.hierarchical.NodeTestTask.lambda$executeRecursively$7(NodeTestTask.java:125)
	at org.junit.platform.engine.support.hierarchical.Node.around(Node.java:135)
	at org.junit.platform.engine.support.hierarchical.NodeTestTask.lambda$executeRecursively$8(NodeTestTask.java:123)
	at org.junit.platform.engine.support.hierarchical.ThrowableCollector.execute(ThrowableCollector.java:73)
	at org.junit.platform.engine.support.hierarchical.NodeTestTask.executeRecursively(NodeTestTask.java:122)
	at org.junit.platform.engine.support.hierarchical.NodeTestTask.execute(NodeTestTask.java:80)
	at org.junit.platform.engine.support.hierarchical.SameThreadHierarchicalTestExecutorService.submit(SameThreadHierarchicalTestExecutorService.java:32)
	at org.junit.platform.engine.support.hierarchical.HierarchicalTestExecutor.execute(HierarchicalTestExecutor.java:57)
	at org.junit.platform.engine.support.hierarchical.HierarchicalTestEngine.execute(HierarchicalTestEngine.java:51)
	at org.junit.platform.launcher.core.DefaultLauncher.execute(DefaultLauncher.java:248)
	at org.junit.platform.launcher.core.DefaultLauncher.lambda$execute$5(DefaultLauncher.java:211)
	at org.junit.platform.launcher.core.DefaultLauncher.withInterceptedStreams(DefaultLauncher.java:226)
	at org.junit.platform.launcher.core.DefaultLauncher.execute(DefaultLauncher.java:199)
	at org.junit.platform.launcher.core.DefaultLauncher.execute(DefaultLauncher.java:132)
	at org.apache.maven.surefire.junitplatform.JUnitPlatformProvider.execute(JUnitPlatformProvider.java:188)
	at org.apache.maven.surefire.junitplatform.JUnitPlatformProvider.invokeAllTests(JUnitPlatformProvider.java:154)
	at org.apache.maven.surefire.junitplatform.JUnitPlatformProvider.invoke(JUnitPlatformProvider.java:128)
	at org.apache.maven.surefire.booter.ForkedBooter.runSuitesInProcess(ForkedBooter.java:428)
	at org.apache.maven.surefire.booter.ForkedBooter.execute(ForkedBooter.java:162)
	at org.apache.maven.surefire.booter.ForkedBooter.run(ForkedBooter.java:562)
	at org.apache.maven.surefire.booter.ForkedBooter.main(ForkedBooter.java:548)
]]></system-err>
  </testcase>
  <testcase name="testEquals" classname="sudoku.model.SudokuFieldTest" time="0.006"/>
  <testcase name="setFieldValueNegative" classname="sudoku.model.SudokuFieldTest" time="0.001">
    <system-err><![CDATA[sudoku.model.exception.WrongFieldValueException: Field value must be 1-9 inclusive
	at sudoku.model@2.0-SNAPSHOT/sudoku.model.SudokuField.setFieldValue(SudokuField.java:118)
	at sudoku.model@2.0-SNAPSHOT/sudoku.model.SudokuFieldTest.setFieldValueNegative(SudokuFieldTest.java:36)
	at java.base/jdk.internal.reflect.NativeMethodAccessorImpl.invoke0(Native Method)
	at java.base/jdk.internal.reflect.NativeMethodAccessorImpl.invoke(NativeMethodAccessorImpl.java:62)
	at java.base/jdk.internal.reflect.DelegatingMethodAccessorImpl.invoke(DelegatingMethodAccessorImpl.java:43)
	at java.base/java.lang.reflect.Method.invoke(Method.java:564)
	at org.junit.platform.commons.util.ReflectionUtils.invokeMethod(ReflectionUtils.java:686)
	at org.junit.jupiter.engine.execution.MethodInvocation.proceed(MethodInvocation.java:60)
	at org.junit.jupiter.engine.execution.InvocationInterceptorChain$ValidatingInvocation.proceed(InvocationInterceptorChain.java:131)
	at org.junit.jupiter.engine.extension.TimeoutExtension.intercept(TimeoutExtension.java:149)
	at org.junit.jupiter.engine.extension.TimeoutExtension.interceptTestableMethod(TimeoutExtension.java:140)
	at org.junit.jupiter.engine.extension.TimeoutExtension.interceptTestMethod(TimeoutExtension.java:84)
	at org.junit.jupiter.engine.execution.ExecutableInvoker$ReflectiveInterceptorCall.lambda$ofVoidMethod$0(ExecutableInvoker.java:115)
	at org.junit.jupiter.engine.execution.ExecutableInvoker.lambda$invoke$0(ExecutableInvoker.java:105)
	at org.junit.jupiter.engine.execution.InvocationInterceptorChain$InterceptedInvocation.proceed(InvocationInterceptorChain.java:106)
	at org.junit.jupiter.engine.execution.InvocationInterceptorChain.proceed(InvocationInterceptorChain.java:64)
	at org.junit.jupiter.engine.execution.InvocationInterceptorChain.chainAndInvoke(InvocationInterceptorChain.java:45)
	at org.junit.jupiter.engine.execution.InvocationInterceptorChain.invoke(InvocationInterceptorChain.java:37)
	at org.junit.jupiter.engine.execution.ExecutableInvoker.invoke(ExecutableInvoker.java:104)
	at org.junit.jupiter.engine.execution.ExecutableInvoker.invoke(ExecutableInvoker.java:98)
	at org.junit.jupiter.engine.descriptor.TestMethodTestDescriptor.lambda$invokeTestMethod$6(TestMethodTestDescriptor.java:212)
	at org.junit.platform.engine.support.hierarchical.ThrowableCollector.execute(ThrowableCollector.java:73)
	at org.junit.jupiter.engine.descriptor.TestMethodTestDescriptor.invokeTestMethod(TestMethodTestDescriptor.java:208)
	at org.junit.jupiter.engine.descriptor.TestMethodTestDescriptor.execute(TestMethodTestDescriptor.java:137)
	at org.junit.jupiter.engine.descriptor.TestMethodTestDescriptor.execute(TestMethodTestDescriptor.java:71)
	at org.junit.platform.engine.support.hierarchical.NodeTestTask.lambda$executeRecursively$5(NodeTestTask.java:135)
	at org.junit.platform.engine.support.hierarchical.ThrowableCollector.execute(ThrowableCollector.java:73)
	at org.junit.platform.engine.support.hierarchical.NodeTestTask.lambda$executeRecursively$7(NodeTestTask.java:125)
	at org.junit.platform.engine.support.hierarchical.Node.around(Node.java:135)
	at org.junit.platform.engine.support.hierarchical.NodeTestTask.lambda$executeRecursively$8(NodeTestTask.java:123)
	at org.junit.platform.engine.support.hierarchical.ThrowableCollector.execute(ThrowableCollector.java:73)
	at org.junit.platform.engine.support.hierarchical.NodeTestTask.executeRecursively(NodeTestTask.java:122)
	at org.junit.platform.engine.support.hierarchical.NodeTestTask.execute(NodeTestTask.java:80)
	at java.base/java.util.ArrayList.forEach(ArrayList.java:1511)
	at org.junit.platform.engine.support.hierarchical.SameThreadHierarchicalTestExecutorService.invokeAll(SameThreadHierarchicalTestExecutorService.java:38)
	at org.junit.platform.engine.support.hierarchical.NodeTestTask.lambda$executeRecursively$5(NodeTestTask.java:139)
	at org.junit.platform.engine.support.hierarchical.ThrowableCollector.execute(ThrowableCollector.java:73)
	at org.junit.platform.engine.support.hierarchical.NodeTestTask.lambda$executeRecursively$7(NodeTestTask.java:125)
	at org.junit.platform.engine.support.hierarchical.Node.around(Node.java:135)
	at org.junit.platform.engine.support.hierarchical.NodeTestTask.lambda$executeRecursively$8(NodeTestTask.java:123)
	at org.junit.platform.engine.support.hierarchical.ThrowableCollector.execute(ThrowableCollector.java:73)
	at org.junit.platform.engine.support.hierarchical.NodeTestTask.executeRecursively(NodeTestTask.java:122)
	at org.junit.platform.engine.support.hierarchical.NodeTestTask.execute(NodeTestTask.java:80)
	at java.base/java.util.ArrayList.forEach(ArrayList.java:1511)
	at org.junit.platform.engine.support.hierarchical.SameThreadHierarchicalTestExecutorService.invokeAll(SameThreadHierarchicalTestExecutorService.java:38)
	at org.junit.platform.engine.support.hierarchical.NodeTestTask.lambda$executeRecursively$5(NodeTestTask.java:139)
	at org.junit.platform.engine.support.hierarchical.ThrowableCollector.execute(ThrowableCollector.java:73)
	at org.junit.platform.engine.support.hierarchical.NodeTestTask.lambda$executeRecursively$7(NodeTestTask.java:125)
	at org.junit.platform.engine.support.hierarchical.Node.around(Node.java:135)
	at org.junit.platform.engine.support.hierarchical.NodeTestTask.lambda$executeRecursively$8(NodeTestTask.java:123)
	at org.junit.platform.engine.support.hierarchical.ThrowableCollector.execute(ThrowableCollector.java:73)
	at org.junit.platform.engine.support.hierarchical.NodeTestTask.executeRecursively(NodeTestTask.java:122)
	at org.junit.platform.engine.support.hierarchical.NodeTestTask.execute(NodeTestTask.java:80)
	at org.junit.platform.engine.support.hierarchical.SameThreadHierarchicalTestExecutorService.submit(SameThreadHierarchicalTestExecutorService.java:32)
	at org.junit.platform.engine.support.hierarchical.HierarchicalTestExecutor.execute(HierarchicalTestExecutor.java:57)
	at org.junit.platform.engine.support.hierarchical.HierarchicalTestEngine.execute(HierarchicalTestEngine.java:51)
	at org.junit.platform.launcher.core.DefaultLauncher.execute(DefaultLauncher.java:248)
	at org.junit.platform.launcher.core.DefaultLauncher.lambda$execute$5(DefaultLauncher.java:211)
	at org.junit.platform.launcher.core.DefaultLauncher.withInterceptedStreams(DefaultLauncher.java:226)
	at org.junit.platform.launcher.core.DefaultLauncher.execute(DefaultLauncher.java:199)
	at org.junit.platform.launcher.core.DefaultLauncher.execute(DefaultLauncher.java:132)
	at org.apache.maven.surefire.junitplatform.JUnitPlatformProvider.execute(JUnitPlatformProvider.java:188)
	at org.apache.maven.surefire.junitplatform.JUnitPlatformProvider.invokeAllTests(JUnitPlatformProvider.java:154)
	at org.apache.maven.surefire.junitplatform.JUnitPlatformProvider.invoke(JUnitPlatformProvider.java:128)
	at org.apache.maven.surefire.booter.ForkedBooter.runSuitesInProcess(ForkedBooter.java:428)
	at org.apache.maven.surefire.booter.ForkedBooter.execute(ForkedBooter.java:162)
	at org.apache.maven.surefire.booter.ForkedBooter.run(ForkedBooter.java:562)
	at org.apache.maven.surefire.booter.ForkedBooter.main(ForkedBooter.java:548)
]]></system-err>
  </testcase>
</testsuite>