-------------------------------------------------------------------------------
Test set: sudoku.FileSudokuBoardDaoTest
-------------------------------------------------------------------------------
Tests run: 1, Failures: 1, Errors: 0, Skipped: 0, Time elapsed: 0.137 s <<< FAILURE! - in sudoku.FileSudokuBoardDaoTest
sudoku.FileSudokuBoardDaoTest.writeReadTest  Time elapsed: 0.122 s  <<< FAILURE!
org.opentest4j.AssertionFailedError: expected: <true> but was: <false>
	at sudoku.FileSudokuBoardDaoTest.writeReadTest(FileSudokuBoardDaoTest.java:21)

