-------------------------------------------------------------------------------
Test set: sudoku.SudokuBoardTest
-------------------------------------------------------------------------------
Tests run: 8, Failures: 1, Errors: 0, Skipped: 0, Time elapsed: 0.142 s <<< FAILURE! - in sudoku.SudokuBoardTest
sudoku.SudokuBoardTest.checkBoardTest  Time elapsed: 0.017 s  <<< FAILURE!
org.opentest4j.AssertionFailedError: expected: <true> but was: <false>
	at sudoku.SudokuBoardTest.checkBoardTest(SudokuBoardTest.java:114)

