<?xml version="1.0" encoding="UTF-8"?>
<testsuite xmlns:xsi="http://www.w3.org/2001/XMLSchema-instance" xsi:noNamespaceSchemaLocation="https://maven.apache.org/surefire/maven-surefire-plugin/xsd/surefire-test-report-3.0.xsd" version="3.0" name="sudoku.SudokuBoardTest" time="0.32" tests="13" errors="0" skipped="0" failures="0">
  <properties>
[...]
</properties>
  <testcase name="ShowBoardTest" classname="sudoku.SudokuBoardTest" time="0.032"/>
  <testcase name="testEqualsWrongObject" classname="sudoku.SudokuBoardTest" time="0.002"/>
  <testcase name="testToString" classname="sudoku.SudokuBoardTest" time="0.004">
    <system-out><![CDATA[Bład w kwadracie 0
sudoku.SudokuBoard@76889e60[
  size=9
  solver=sudoku.BacktrackingSudokuSolver@1d75e7af
  board={{1,5,2,7,8,9,3,4,6},{9,3,4,5,2,6,7,8,1},{6,7,8,1,3,4,9,2,5},{8,6,3,4,7,2,1,0,0},{0,0,0,0,0,0,0,0,0},{0,0,0,0,0,0,0,0,0},{0,0,0,0,0,0,0,0,0},{0,0,0,0,0,0,0,0,0},{0,0,0,0,0,0,0,0,0}}
]
Wartość 0 wstawiona nieprawidłowo
Bład w kwadracie 0
sudoku.SudokuBoard@76889e60[
  size=9
  solver=sudoku.BacktrackingSudokuSolver@1d75e7af
  board={{1,5,2,7,8,9,3,4,6},{9,3,4,5,2,6,7,8,1},{6,7,8,1,3,4,9,2,5},{8,6,3,4,7,2,1,5,9},{5,9,1,3,6,8,2,7,4},{2,4,7,9,5,1,6,3,8},{3,8,9,6,1,7,0,0,0},{0,0,0,0,0,0,0,0,0},{0,0,0,0,0,0,0,0,0}}
]
Wartość 0 wstawiona nieprawidłowo
Bład w kwadracie 0
sudoku.SudokuBoard@76889e60[
  size=9
  solver=sudoku.BacktrackingSudokuSolver@1d75e7af
  board={{1,5,2,7,8,9,3,4,6},{9,3,4,5,2,6,7,8,1},{6,7,8,1,3,4,9,2,5},{8,6,3,4,7,2,1,5,9},{5,9,1,3,6,8,2,7,4},{2,4,7,9,5,1,6,3,8},{3,8,9,6,1,7,0,0,0},{0,0,0,0,0,0,0,0,0},{0,0,0,0,0,0,0,0,0}}
]
Wartość 0 wstawiona nieprawidłowo
Bład w kwadracie 0
sudoku.SudokuBoard@76889e60[
  size=9
  solver=sudoku.BacktrackingSudokuSolver@1d75e7af
  board={{1,5,2,7,8,9,3,4,6},{9,3,4,5,2,6,7,8,1},{6,7,8,1,3,4,9,2,5},{8,6,3,4,7,2,1,5,9},{5,9,1,3,6,8,2,7,4},{2,4,7,9,5,1,6,3,8},{3,8,9,6,1,0,0,0,0},{0,0,0,0,0,0,0,0,0},{0,0,0,0,0,0,0,0,0}}
]
Wartość 0 wstawiona nieprawidłowo
Bład w kwadracie 0
sudoku.SudokuBoard@76889e60[
  size=9
  solver=sudoku.BacktrackingSudokuSolver@1d75e7af
  board={{1,5,2,7,8,9,3,4,6},{9,3,4,5,2,6,7,8,1},{6,7,8,1,3,4,9,2,5},{8,6,3,4,7,2,1,5,9},{5,9,1,3,6,8,2,7,4},{2,4,7,9,5,1,6,3,8},{3,8,9,6,1,5,0,0,0},{0,0,0,0,0,0,0,0,0},{0,0,0,0,0,0,0,0,0}}
]
Wartość 0 wstawiona nieprawidłowo
Bład w kwadracie 0
sudoku.SudokuBoard@76889e60[
  size=9
  solver=sudoku.BacktrackingSudokuSolver@1d75e7af
  board={{1,5,2,7,8,9,3,4,6},{9,3,4,5,2,6,7,8,1},{6,7,8,1,3,4,9,2,5},{8,6,3,4,7,2,1,5,9},{5,9,1,3,6,8,2,7,4},{2,4,7,9,5,1,6,3,8},{3,8,9,6,1,0,0,0,0},{0,0,0,0,0,0,0,0,0},{0,0,0,0,0,0,0,0,0}}
]
Wartość 0 wstawiona nieprawidłowo
Bład w kwadracie 0
sudoku.SudokuBoard@76889e60[
  size=9
  solver=sudoku.BacktrackingSudokuSolver@1d75e7af
  board={{1,5,2,7,8,9,3,4,6},{9,3,4,5,2,6,7,8,1},{6,7,8,1,3,4,9,2,5},{8,6,3,4,7,2,1,5,9},{5,9,1,3,6,8,2,7,4},{2,4,7,9,5,1,6,3,8},{3,8,9,6,0,0,0,0,0},{0,0,0,0,0,0,0,0,0},{0,0,0,0,0,0,0,0,0}}
]
Wartość 0 wstawiona nieprawidłowo
Bład w kwadracie 0
sudoku.SudokuBoard@76889e60[
  size=9
  solver=sudoku.BacktrackingSudokuSolver@1d75e7af
  board={{1,5,2,7,8,9,3,4,6},{9,3,4,5,2,6,7,8,1},{6,7,8,1,3,4,9,2,5},{8,6,3,4,7,2,1,5,9},{5,9,1,3,6,8,2,7,4},{2,4,7,9,5,1,6,3,8},{3,8,9,6,4,7,5,1,2},{4,1,5,8,9,0,0,0,0},{0,0,0,0,0,0,0,0,0}}
]
Wartość 0 wstawiona nieprawidłowo
Bład w kwadracie 0
sudoku.SudokuBoard@76889e60[
  size=9
  solver=sudoku.BacktrackingSudokuSolver@1d75e7af
  board={{1,5,2,7,8,9,3,4,6},{9,3,4,5,2,6,7,8,1},{6,7,8,1,3,4,9,2,5},{8,6,3,4,7,2,1,5,9},{5,9,1,3,6,8,2,7,4},{2,4,7,9,5,1,6,3,8},{3,8,9,6,4,7,5,1,2},{4,1,5,8,0,0,0,0,0},{0,0,0,0,0,0,0,0,0}}
]
Wartość 0 wstawiona nieprawidłowo
Bład w kwadracie 0
sudoku.SudokuBoard@76889e60[
  size=9
  solver=sudoku.BacktrackingSudokuSolver@1d75e7af
  board={{1,5,2,7,8,9,3,4,6},{9,3,4,5,2,6,7,8,1},{6,7,8,1,3,4,9,2,5},{8,6,3,4,7,2,1,5,9},{5,9,1,3,6,8,2,7,4},{2,4,7,9,5,1,6,3,8},{3,8,9,6,4,7,5,1,2},{4,1,5,0,0,0,0,0,0},{0,0,0,0,0,0,0,0,0}}
]
Wartość 0 wstawiona nieprawidłowo
sudoku.SudokuBoard@706fe5c6[
  size=9
  solver=sudoku.BacktrackingSudokuSolver@1d75e7af
  board={{1,5,2,7,8,9,3,4,6},{9,3,4,5,2,6,7,8,1},{6,7,8,1,3,4,9,2,5},{8,6,3,4,7,2,1,5,9},{5,9,1,3,6,8,2,7,4},{2,4,7,9,5,1,6,3,8},{3,8,9,6,4,7,5,1,2},{4,1,5,2,9,3,8,6,7},{7,2,6,8,1,5,4,9,3}}
]
]]></system-out>
  </testcase>
  <testcase name="checkBoardTestRowFalse" classname="sudoku.SudokuBoardTest" time="0.014">
    <system-out><![CDATA[Bład w kwadracie 0
sudoku.SudokuBoard@2b037cfc[
  size=9
  solver=sudoku.BacktrackingSudokuSolver@6c15e8c7
  board={{7,2,8,6,9,1,3,4,5},{3,9,6,7,8,2,0,0,0},{0,0,0,0,0,0,0,0,0},{0,0,0,0,0,0,0,0,0},{0,0,0,0,0,0,0,0,0},{0,0,0,0,0,0,0,0,0},{0,0,0,0,0,0,0,0,0},{0,0,0,0,0,0,0,0,0},{0,0,0,0,0,0,0,0,0}}
]
Wartość 0 wstawiona nieprawidłowo
Bład w kwadracie 0
sudoku.SudokuBoard@2b037cfc[
  size=9
  solver=sudoku.BacktrackingSudokuSolver@6c15e8c7
  board={{7,2,8,6,9,1,3,4,5},{3,9,6,7,8,0,0,0,0},{0,0,0,0,0,0,0,0,0},{0,0,0,0,0,0,0,0,0},{0,0,0,0,0,0,0,0,0},{0,0,0,0,0,0,0,0,0},{0,0,0,0,0,0,0,0,0},{0,0,0,0,0,0,0,0,0},{0,0,0,0,0,0,0,0,0}}
]
Wartość 0 wstawiona nieprawidłowo
Bład w kwadracie 0
sudoku.SudokuBoard@2b037cfc[
  size=9
  solver=sudoku.BacktrackingSudokuSolver@6c15e8c7
  board={{7,2,8,6,9,1,3,4,5},{3,9,6,7,8,4,1,0,0},{0,0,0,0,0,0,0,0,0},{0,0,0,0,0,0,0,0,0},{0,0,0,0,0,0,0,0,0},{0,0,0,0,0,0,0,0,0},{0,0,0,0,0,0,0,0,0},{0,0,0,0,0,0,0,0,0},{0,0,0,0,0,0,0,0,0}}
]
Wartość 0 wstawiona nieprawidłowo
Bład w kwadracie 0
sudoku.SudokuBoard@2b037cfc[
  size=9
  solver=sudoku.BacktrackingSudokuSolver@6c15e8c7
  board={{7,2,8,6,9,1,3,4,5},{3,9,6,7,8,4,0,0,0},{0,0,0,0,0,0,0,0,0},{0,0,0,0,0,0,0,0,0},{0,0,0,0,0,0,0,0,0},{0,0,0,0,0,0,0,0,0},{0,0,0,0,0,0,0,0,0},{0,0,0,0,0,0,0,0,0},{0,0,0,0,0,0,0,0,0}}
]
Wartość 0 wstawiona nieprawidłowo
Bład w kwadracie 0
sudoku.SudokuBoard@2b037cfc[
  size=9
  solver=sudoku.BacktrackingSudokuSolver@6c15e8c7
  board={{7,2,8,6,9,1,3,4,5},{3,9,6,7,8,4,2,0,0},{0,0,0,0,0,0,0,0,0},{0,0,0,0,0,0,0,0,0},{0,0,0,0,0,0,0,0,0},{0,0,0,0,0,0,0,0,0},{0,0,0,0,0,0,0,0,0},{0,0,0,0,0,0,0,0,0},{0,0,0,0,0,0,0,0,0}}
]
Wartość 0 wstawiona nieprawidłowo
Bład w kwadracie 0
sudoku.SudokuBoard@2b037cfc[
  size=9
  solver=sudoku.BacktrackingSudokuSolver@6c15e8c7
  board={{7,2,8,6,9,1,3,4,5},{3,9,6,7,8,4,0,0,0},{0,0,0,0,0,0,0,0,0},{0,0,0,0,0,0,0,0,0},{0,0,0,0,0,0,0,0,0},{0,0,0,0,0,0,0,0,0},{0,0,0,0,0,0,0,0,0},{0,0,0,0,0,0,0,0,0},{0,0,0,0,0,0,0,0,0}}
]
Wartość 0 wstawiona nieprawidłowo
Bład w kwadracie 0
sudoku.SudokuBoard@2b037cfc[
  size=9
  solver=sudoku.BacktrackingSudokuSolver@6c15e8c7
  board={{7,2,8,6,9,1,3,4,5},{3,9,6,7,8,0,0,0,0},{0,0,0,0,0,0,0,0,0},{0,0,0,0,0,0,0,0,0},{0,0,0,0,0,0,0,0,0},{0,0,0,0,0,0,0,0,0},{0,0,0,0,0,0,0,0,0},{0,0,0,0,0,0,0,0,0},{0,0,0,0,0,0,0,0,0}}
]
Wartość 0 wstawiona nieprawidłowo
Bład w kwadracie 0
sudoku.SudokuBoard@2b037cfc[
  size=9
  solver=sudoku.BacktrackingSudokuSolver@6c15e8c7
  board={{7,2,8,6,9,1,3,4,5},{3,9,6,7,8,5,1,0,0},{0,0,0,0,0,0,0,0,0},{0,0,0,0,0,0,0,0,0},{0,0,0,0,0,0,0,0,0},{0,0,0,0,0,0,0,0,0},{0,0,0,0,0,0,0,0,0},{0,0,0,0,0,0,0,0,0},{0,0,0,0,0,0,0,0,0}}
]
Wartość 0 wstawiona nieprawidłowo
Bład w kwadracie 0
sudoku.SudokuBoard@2b037cfc[
  size=9
  solver=sudoku.BacktrackingSudokuSolver@6c15e8c7
  board={{7,2,8,6,9,1,3,4,5},{3,9,6,7,8,5,0,0,0},{0,0,0,0,0,0,0,0,0},{0,0,0,0,0,0,0,0,0},{0,0,0,0,0,0,0,0,0},{0,0,0,0,0,0,0,0,0},{0,0,0,0,0,0,0,0,0},{0,0,0,0,0,0,0,0,0},{0,0,0,0,0,0,0,0,0}}
]
Wartość 0 wstawiona nieprawidłowo
Bład w kwadracie 0
sudoku.SudokuBoard@2b037cfc[
  size=9
  solver=sudoku.BacktrackingSudokuSolver@6c15e8c7
  board={{7,2,8,6,9,1,3,4,5},{3,9,6,7,8,5,2,0,0},{0,0,0,0,0,0,0,0,0},{0,0,0,0,0,0,0,0,0},{0,0,0,0,0,0,0,0,0},{0,0,0,0,0,0,0,0,0},{0,0,0,0,0,0,0,0,0},{0,0,0,0,0,0,0,0,0},{0,0,0,0,0,0,0,0,0}}
]
Wartość 0 wstawiona nieprawidłowo
Bład w kwadracie 0
sudoku.SudokuBoard@2b037cfc[
  size=9
  solver=sudoku.BacktrackingSudokuSolver@6c15e8c7
  board={{7,2,8,6,9,1,3,4,5},{3,9,6,7,8,5,0,0,0},{0,0,0,0,0,0,0,0,0},{0,0,0,0,0,0,0,0,0},{0,0,0,0,0,0,0,0,0},{0,0,0,0,0,0,0,0,0},{0,0,0,0,0,0,0,0,0},{0,0,0,0,0,0,0,0,0},{0,0,0,0,0,0,0,0,0}}
]
Wartość 0 wstawiona nieprawidłowo
Bład w kwadracie 0
sudoku.SudokuBoard@2b037cfc[
  size=9
  solver=sudoku.BacktrackingSudokuSolver@6c15e8c7
  board={{7,2,8,6,9,1,3,4,5},{3,9,6,7,8,0,0,0,0},{0,0,0,0,0,0,0,0,0},{0,0,0,0,0,0,0,0,0},{0,0,0,0,0,0,0,0,0},{0,0,0,0,0,0,0,0,0},{0,0,0,0,0,0,0,0,0},{0,0,0,0,0,0,0,0,0},{0,0,0,0,0,0,0,0,0}}
]
Wartość 0 wstawiona nieprawidłowo
Bład w kwadracie 0
sudoku.SudokuBoard@2b037cfc[
  size=9
  solver=sudoku.BacktrackingSudokuSolver@6c15e8c7
  board={{7,2,8,6,9,1,3,4,5},{3,9,6,7,0,0,0,0,0},{0,0,0,0,0,0,0,0,0},{0,0,0,0,0,0,0,0,0},{0,0,0,0,0,0,0,0,0},{0,0,0,0,0,0,0,0,0},{0,0,0,0,0,0,0,0,0},{0,0,0,0,0,0,0,0,0},{0,0,0,0,0,0,0,0,0}}
]
Wartość 0 wstawiona nieprawidłowo
Bład w kwadracie 0
sudoku.SudokuBoard@2b037cfc[
  size=9
  solver=sudoku.BacktrackingSudokuSolver@6c15e8c7
  board={{7,2,8,6,9,1,3,4,5},{3,9,6,7,2,8,0,0,0},{0,0,0,0,0,0,0,0,0},{0,0,0,0,0,0,0,0,0},{0,0,0,0,0,0,0,0,0},{0,0,0,0,0,0,0,0,0},{0,0,0,0,0,0,0,0,0},{0,0,0,0,0,0,0,0,0},{0,0,0,0,0,0,0,0,0}}
]
Wartość 0 wstawiona nieprawidłowo
Bład w kwadracie 0
sudoku.SudokuBoard@2b037cfc[
  size=9
  solver=sudoku.BacktrackingSudokuSolver@6c15e8c7
  board={{7,2,8,6,9,1,3,4,5},{3,9,6,7,2,0,0,0,0},{0,0,0,0,0,0,0,0,0},{0,0,0,0,0,0,0,0,0},{0,0,0,0,0,0,0,0,0},{0,0,0,0,0,0,0,0,0},{0,0,0,0,0,0,0,0,0},{0,0,0,0,0,0,0,0,0},{0,0,0,0,0,0,0,0,0}}
]
Wartość 0 wstawiona nieprawidłowo
Bład w kwadracie 0
sudoku.SudokuBoard@2b037cfc[
  size=9
  solver=sudoku.BacktrackingSudokuSolver@6c15e8c7
  board={{7,2,8,6,9,1,3,4,5},{3,9,6,7,2,4,8,0,0},{0,0,0,0,0,0,0,0,0},{0,0,0,0,0,0,0,0,0},{0,0,0,0,0,0,0,0,0},{0,0,0,0,0,0,0,0,0},{0,0,0,0,0,0,0,0,0},{0,0,0,0,0,0,0,0,0},{0,0,0,0,0,0,0,0,0}}
]
Wartość 0 wstawiona nieprawidłowo
Bład w kwadracie 0
sudoku.SudokuBoard@2b037cfc[
  size=9
  solver=sudoku.BacktrackingSudokuSolver@6c15e8c7
  board={{7,2,8,6,9,1,3,4,5},{3,9,6,7,2,4,0,0,0},{0,0,0,0,0,0,0,0,0},{0,0,0,0,0,0,0,0,0},{0,0,0,0,0,0,0,0,0},{0,0,0,0,0,0,0,0,0},{0,0,0,0,0,0,0,0,0},{0,0,0,0,0,0,0,0,0},{0,0,0,0,0,0,0,0,0}}
]
Wartość 0 wstawiona nieprawidłowo
Bład w kwadracie 0
sudoku.SudokuBoard@2b037cfc[
  size=9
  solver=sudoku.BacktrackingSudokuSolver@6c15e8c7
  board={{7,2,8,6,9,1,3,4,5},{3,9,6,7,2,4,1,0,0},{0,0,0,0,0,0,0,0,0},{0,0,0,0,0,0,0,0,0},{0,0,0,0,0,0,0,0,0},{0,0,0,0,0,0,0,0,0},{0,0,0,0,0,0,0,0,0},{0,0,0,0,0,0,0,0,0},{0,0,0,0,0,0,0,0,0}}
]
Wartość 0 wstawiona nieprawidłowo
Bład w kwadracie 0
sudoku.SudokuBoard@2b037cfc[
  size=9
  solver=sudoku.BacktrackingSudokuSolver@6c15e8c7
  board={{7,2,8,6,9,1,3,4,5},{3,9,6,7,2,4,0,0,0},{0,0,0,0,0,0,0,0,0},{0,0,0,0,0,0,0,0,0},{0,0,0,0,0,0,0,0,0},{0,0,0,0,0,0,0,0,0},{0,0,0,0,0,0,0,0,0},{0,0,0,0,0,0,0,0,0},{0,0,0,0,0,0,0,0,0}}
]
Wartość 0 wstawiona nieprawidłowo
Bład w kwadracie 0
sudoku.SudokuBoard@2b037cfc[
  size=9
  solver=sudoku.BacktrackingSudokuSolver@6c15e8c7
  board={{7,2,8,6,9,1,3,4,5},{3,9,6,7,2,0,0,0,0},{0,0,0,0,0,0,0,0,0},{0,0,0,0,0,0,0,0,0},{0,0,0,0,0,0,0,0,0},{0,0,0,0,0,0,0,0,0},{0,0,0,0,0,0,0,0,0},{0,0,0,0,0,0,0,0,0},{0,0,0,0,0,0,0,0,0}}
]
Wartość 0 wstawiona nieprawidłowo
Bład w kwadracie 0
sudoku.SudokuBoard@2b037cfc[
  size=9
  solver=sudoku.BacktrackingSudokuSolver@6c15e8c7
  board={{7,2,8,6,9,1,3,4,5},{3,9,6,7,2,5,8,0,0},{0,0,0,0,0,0,0,0,0},{0,0,0,0,0,0,0,0,0},{0,0,0,0,0,0,0,0,0},{0,0,0,0,0,0,0,0,0},{0,0,0,0,0,0,0,0,0},{0,0,0,0,0,0,0,0,0},{0,0,0,0,0,0,0,0,0}}
]
Wartość 0 wstawiona nieprawidłowo
Bład w kwadracie 0
sudoku.SudokuBoard@2b037cfc[
  size=9
  solver=sudoku.BacktrackingSudokuSolver@6c15e8c7
  board={{7,2,8,6,9,1,3,4,5},{3,9,6,7,2,5,0,0,0},{0,0,0,0,0,0,0,0,0},{0,0,0,0,0,0,0,0,0},{0,0,0,0,0,0,0,0,0},{0,0,0,0,0,0,0,0,0},{0,0,0,0,0,0,0,0,0},{0,0,0,0,0,0,0,0,0},{0,0,0,0,0,0,0,0,0}}
]
Wartość 0 wstawiona nieprawidłowo
Bład w kwadracie 0
sudoku.SudokuBoard@2b037cfc[
  size=9
  solver=sudoku.BacktrackingSudokuSolver@6c15e8c7
  board={{7,2,8,6,9,1,3,4,5},{3,9,6,7,2,5,1,0,0},{0,0,0,0,0,0,0,0,0},{0,0,0,0,0,0,0,0,0},{0,0,0,0,0,0,0,0,0},{0,0,0,0,0,0,0,0,0},{0,0,0,0,0,0,0,0,0},{0,0,0,0,0,0,0,0,0},{0,0,0,0,0,0,0,0,0}}
]
Wartość 0 wstawiona nieprawidłowo
Bład w kwadracie 0
sudoku.SudokuBoard@2b037cfc[
  size=9
  solver=sudoku.BacktrackingSudokuSolver@6c15e8c7
  board={{7,2,8,6,9,1,3,4,5},{3,9,6,7,2,5,0,0,0},{0,0,0,0,0,0,0,0,0},{0,0,0,0,0,0,0,0,0},{0,0,0,0,0,0,0,0,0},{0,0,0,0,0,0,0,0,0},{0,0,0,0,0,0,0,0,0},{0,0,0,0,0,0,0,0,0},{0,0,0,0,0,0,0,0,0}}
]
Wartość 0 wstawiona nieprawidłowo
Bład w kwadracie 0
sudoku.SudokuBoard@2b037cfc[
  size=9
  solver=sudoku.BacktrackingSudokuSolver@6c15e8c7
  board={{7,2,8,6,9,1,3,4,5},{3,9,6,7,2,0,0,0,0},{0,0,0,0,0,0,0,0,0},{0,0,0,0,0,0,0,0,0},{0,0,0,0,0,0,0,0,0},{0,0,0,0,0,0,0,0,0},{0,0,0,0,0,0,0,0,0},{0,0,0,0,0,0,0,0,0},{0,0,0,0,0,0,0,0,0}}
]
Wartość 0 wstawiona nieprawidłowo
Bład w kwadracie 0
sudoku.SudokuBoard@2b037cfc[
  size=9
  solver=sudoku.BacktrackingSudokuSolver@6c15e8c7
  board={{7,2,8,6,9,1,3,4,5},{3,9,6,7,0,0,0,0,0},{0,0,0,0,0,0,0,0,0},{0,0,0,0,0,0,0,0,0},{0,0,0,0,0,0,0,0,0},{0,0,0,0,0,0,0,0,0},{0,0,0,0,0,0,0,0,0},{0,0,0,0,0,0,0,0,0},{0,0,0,0,0,0,0,0,0}}
]
Wartość 0 wstawiona nieprawidłowo
Bład w kwadracie 0
sudoku.SudokuBoard@2b037cfc[
  size=9
  solver=sudoku.BacktrackingSudokuSolver@6c15e8c7
  board={{7,2,8,6,9,1,3,4,5},{3,9,6,7,4,8,2,0,0},{0,0,0,0,0,0,0,0,0},{0,0,0,0,0,0,0,0,0},{0,0,0,0,0,0,0,0,0},{0,0,0,0,0,0,0,0,0},{0,0,0,0,0,0,0,0,0},{0,0,0,0,0,0,0,0,0},{0,0,0,0,0,0,0,0,0}}
]
Wartość 0 wstawiona nieprawidłowo
Bład w kwadracie 0
sudoku.SudokuBoard@2b037cfc[
  size=9
  solver=sudoku.BacktrackingSudokuSolver@6c15e8c7
  board={{7,2,8,6,9,1,3,4,5},{3,9,6,7,4,8,0,0,0},{0,0,0,0,0,0,0,0,0},{0,0,0,0,0,0,0,0,0},{0,0,0,0,0,0,0,0,0},{0,0,0,0,0,0,0,0,0},{0,0,0,0,0,0,0,0,0},{0,0,0,0,0,0,0,0,0},{0,0,0,0,0,0,0,0,0}}
]
Wartość 0 wstawiona nieprawidłowo
Bład w kwadracie 0
sudoku.SudokuBoard@2b037cfc[
  size=9
  solver=sudoku.BacktrackingSudokuSolver@6c15e8c7
  board={{7,2,8,6,9,1,3,4,5},{3,9,6,7,4,8,1,0,0},{0,0,0,0,0,0,0,0,0},{0,0,0,0,0,0,0,0,0},{0,0,0,0,0,0,0,0,0},{0,0,0,0,0,0,0,0,0},{0,0,0,0,0,0,0,0,0},{0,0,0,0,0,0,0,0,0},{0,0,0,0,0,0,0,0,0}}
]
Wartość 0 wstawiona nieprawidłowo
Bład w kwadracie 0
sudoku.SudokuBoard@2b037cfc[
  size=9
  solver=sudoku.BacktrackingSudokuSolver@6c15e8c7
  board={{7,2,8,6,9,1,3,4,5},{3,9,6,7,4,8,0,0,0},{0,0,0,0,0,0,0,0,0},{0,0,0,0,0,0,0,0,0},{0,0,0,0,0,0,0,0,0},{0,0,0,0,0,0,0,0,0},{0,0,0,0,0,0,0,0,0},{0,0,0,0,0,0,0,0,0},{0,0,0,0,0,0,0,0,0}}
]
Wartość 0 wstawiona nieprawidłowo
Bład w kwadracie 0
sudoku.SudokuBoard@2b037cfc[
  size=9
  solver=sudoku.BacktrackingSudokuSolver@6c15e8c7
  board={{7,2,8,6,9,1,3,4,5},{3,9,6,7,4,0,0,0,0},{0,0,0,0,0,0,0,0,0},{0,0,0,0,0,0,0,0,0},{0,0,0,0,0,0,0,0,0},{0,0,0,0,0,0,0,0,0},{0,0,0,0,0,0,0,0,0},{0,0,0,0,0,0,0,0,0},{0,0,0,0,0,0,0,0,0}}
]
Wartość 0 wstawiona nieprawidłowo
Bład w kwadracie 0
sudoku.SudokuBoard@2b037cfc[
  size=9
  solver=sudoku.BacktrackingSudokuSolver@6c15e8c7
  board={{7,2,8,6,9,1,3,4,5},{3,9,6,7,4,2,1,0,0},{0,0,0,0,0,0,0,0,0},{0,0,0,0,0,0,0,0,0},{0,0,0,0,0,0,0,0,0},{0,0,0,0,0,0,0,0,0},{0,0,0,0,0,0,0,0,0},{0,0,0,0,0,0,0,0,0},{0,0,0,0,0,0,0,0,0}}
]
Wartość 0 wstawiona nieprawidłowo
Bład w kwadracie 0
sudoku.SudokuBoard@2b037cfc[
  size=9
  solver=sudoku.BacktrackingSudokuSolver@6c15e8c7
  board={{7,2,8,6,9,1,3,4,5},{3,9,6,7,4,2,0,0,0},{0,0,0,0,0,0,0,0,0},{0,0,0,0,0,0,0,0,0},{0,0,0,0,0,0,0,0,0},{0,0,0,0,0,0,0,0,0},{0,0,0,0,0,0,0,0,0},{0,0,0,0,0,0,0,0,0},{0,0,0,0,0,0,0,0,0}}
]
Wartość 0 wstawiona nieprawidłowo
Bład w kwadracie 0
sudoku.SudokuBoard@2b037cfc[
  size=9
  solver=sudoku.BacktrackingSudokuSolver@6c15e8c7
  board={{7,2,8,6,9,1,3,4,5},{3,9,6,7,4,2,8,0,0},{0,0,0,0,0,0,0,0,0},{0,0,0,0,0,0,0,0,0},{0,0,0,0,0,0,0,0,0},{0,0,0,0,0,0,0,0,0},{0,0,0,0,0,0,0,0,0},{0,0,0,0,0,0,0,0,0},{0,0,0,0,0,0,0,0,0}}
]
Wartość 0 wstawiona nieprawidłowo
Bład w kwadracie 0
sudoku.SudokuBoard@2b037cfc[
  size=9
  solver=sudoku.BacktrackingSudokuSolver@6c15e8c7
  board={{7,2,8,6,9,1,3,4,5},{3,9,6,7,4,2,0,0,0},{0,0,0,0,0,0,0,0,0},{0,0,0,0,0,0,0,0,0},{0,0,0,0,0,0,0,0,0},{0,0,0,0,0,0,0,0,0},{0,0,0,0,0,0,0,0,0},{0,0,0,0,0,0,0,0,0},{0,0,0,0,0,0,0,0,0}}
]
Wartość 0 wstawiona nieprawidłowo
Bład w kwadracie 0
sudoku.SudokuBoard@2b037cfc[
  size=9
  solver=sudoku.BacktrackingSudokuSolver@6c15e8c7
  board={{7,2,8,6,9,1,3,4,5},{3,9,6,7,4,0,0,0,0},{0,0,0,0,0,0,0,0,0},{0,0,0,0,0,0,0,0,0},{0,0,0,0,0,0,0,0,0},{0,0,0,0,0,0,0,0,0},{0,0,0,0,0,0,0,0,0},{0,0,0,0,0,0,0,0,0},{0,0,0,0,0,0,0,0,0}}
]
Wartość 0 wstawiona nieprawidłowo
Bład w kwadracie 0
sudoku.SudokuBoard@2b037cfc[
  size=9
  solver=sudoku.BacktrackingSudokuSolver@6c15e8c7
  board={{7,2,8,6,9,1,3,4,5},{3,9,6,7,4,5,8,1,2},{1,4,5,8,3,2,9,6,7},{2,3,7,4,5,6,1,8,9},{8,5,9,1,7,3,4,2,6},{4,6,1,9,2,8,7,0,0},{0,0,0,0,0,0,0,0,0},{0,0,0,0,0,0,0,0,0},{0,0,0,0,0,0,0,0,0}}
]
Wartość 0 wstawiona nieprawidłowo
Bład w kwadracie 0
sudoku.SudokuBoard@2b037cfc[
  size=9
  solver=sudoku.BacktrackingSudokuSolver@6c15e8c7
  board={{7,2,8,6,9,1,3,4,5},{3,9,6,7,4,5,8,1,2},{1,4,5,8,3,2,9,6,7},{2,3,7,4,5,6,1,8,9},{8,5,9,1,7,3,4,2,6},{4,6,1,9,2,8,7,5,3},{9,7,2,5,1,4,6,3,8},{5,8,3,2,6,0,0,0,0},{0,0,0,0,0,0,0,0,0}}
]
Wartość 0 wstawiona nieprawidłowo
Bład w kwadracie 0
sudoku.SudokuBoard@2b037cfc[
  size=9
  solver=sudoku.BacktrackingSudokuSolver@6c15e8c7
  board={{7,2,8,6,9,1,3,4,5},{3,9,6,7,4,5,8,1,2},{1,4,5,8,3,2,9,6,7},{2,3,7,4,5,6,1,8,9},{8,5,9,1,7,3,4,2,6},{4,6,1,9,2,8,7,5,3},{9,7,2,5,1,4,6,3,8},{5,8,3,2,6,0,0,0,0},{0,0,0,0,0,0,0,0,0}}
]
Wartość 0 wstawiona nieprawidłowo
Bład w kwadracie 0
sudoku.SudokuBoard@2b037cfc[
  size=9
  solver=sudoku.BacktrackingSudokuSolver@6c15e8c7
  board={{7,2,8,6,9,1,3,4,5},{3,9,6,7,4,5,8,1,2},{1,4,5,8,3,2,9,6,7},{2,3,7,4,5,6,1,8,9},{8,5,9,1,7,3,4,2,6},{4,6,1,9,2,8,7,5,3},{9,7,2,5,1,4,6,3,8},{5,8,3,2,0,0,0,0,0},{0,0,0,0,0,0,0,0,0}}
]
Wartość 0 wstawiona nieprawidłowo
Bład w kwadracie 0
sudoku.SudokuBoard@2b037cfc[
  size=9
  solver=sudoku.BacktrackingSudokuSolver@6c15e8c7
  board={{7,2,8,6,9,1,3,4,5},{3,9,6,7,4,5,8,1,2},{1,4,5,8,3,2,9,6,7},{2,3,7,4,5,6,1,8,9},{8,5,9,1,7,3,4,2,6},{4,6,1,9,2,8,7,5,3},{9,7,2,5,1,4,6,3,8},{5,8,3,0,0,0,0,0,0},{0,0,0,0,0,0,0,0,0}}
]
Wartość 0 wstawiona nieprawidłowo
Bład w kwadracie 0
sudoku.SudokuBoard@2b037cfc[
  size=9
  solver=sudoku.BacktrackingSudokuSolver@6c15e8c7
  board={{7,2,8,6,9,1,3,4,5},{3,9,6,7,4,5,8,1,2},{1,4,5,8,3,2,9,6,7},{2,3,7,4,5,6,1,8,9},{8,5,9,1,7,3,4,2,6},{4,6,1,9,2,8,7,5,3},{9,7,2,5,1,4,6,3,8},{5,8,0,0,0,0,0,0,0},{0,0,0,0,0,0,0,0,0}}
]
Wartość 0 wstawiona nieprawidłowo
Bład w kwadracie 0
sudoku.SudokuBoard@2b037cfc[
  size=9
  solver=sudoku.BacktrackingSudokuSolver@6c15e8c7
  board={{7,2,8,6,9,1,3,4,5},{3,9,6,7,4,5,8,1,2},{1,4,5,8,3,2,9,6,7},{2,3,7,4,5,6,1,8,9},{8,5,9,1,7,3,4,2,6},{4,6,1,9,2,8,7,5,3},{9,7,2,5,1,4,6,3,8},{5,8,4,2,6,0,0,0,0},{0,0,0,0,0,0,0,0,0}}
]
Wartość 0 wstawiona nieprawidłowo
Bład w kwadracie 0
sudoku.SudokuBoard@2b037cfc[
  size=9
  solver=sudoku.BacktrackingSudokuSolver@6c15e8c7
  board={{7,2,8,6,9,1,3,4,5},{3,9,6,7,4,5,8,1,2},{1,4,5,8,3,2,9,6,7},{2,3,7,4,5,6,1,8,9},{8,5,9,1,7,3,4,2,6},{4,6,1,9,2,8,7,5,3},{9,7,2,5,1,4,6,3,8},{5,8,4,2,6,0,0,0,0},{0,0,0,0,0,0,0,0,0}}
]
Wartość 0 wstawiona nieprawidłowo
Bład w kwadracie 0
sudoku.SudokuBoard@2b037cfc[
  size=9
  solver=sudoku.BacktrackingSudokuSolver@6c15e8c7
  board={{7,2,8,6,9,1,3,4,5},{3,9,6,7,4,5,8,1,2},{1,4,5,8,3,2,9,6,7},{2,3,7,4,5,6,1,8,9},{8,5,9,1,7,3,4,2,6},{4,6,1,9,2,8,7,5,3},{9,7,2,5,1,4,6,3,8},{5,8,4,2,0,0,0,0,0},{0,0,0,0,0,0,0,0,0}}
]
Wartość 0 wstawiona nieprawidłowo
Bład w kwadracie 0
sudoku.SudokuBoard@2b037cfc[
  size=9
  solver=sudoku.BacktrackingSudokuSolver@6c15e8c7
  board={{7,2,8,6,9,1,3,4,5},{3,9,6,7,4,5,8,1,2},{1,4,5,8,3,2,9,6,7},{2,3,7,4,5,6,1,8,9},{8,5,9,1,7,3,4,2,6},{4,6,1,9,2,8,7,5,3},{9,7,2,5,1,4,6,3,8},{5,8,4,0,0,0,0,0,0},{0,0,0,0,0,0,0,0,0}}
]
Wartość 0 wstawiona nieprawidłowo
Bład w kwadracie 0
sudoku.SudokuBoard@2b037cfc[
  size=9
  solver=sudoku.BacktrackingSudokuSolver@6c15e8c7
  board={{1,2,8,6,9,1,3,4,5},{3,9,6,7,4,5,8,1,2},{1,4,5,8,3,2,9,6,7},{2,3,7,4,5,6,1,8,9},{8,5,9,1,7,3,4,2,6},{4,6,1,9,2,8,7,5,3},{9,7,2,5,1,4,6,3,8},{5,8,4,3,6,7,2,9,1},{6,1,3,2,8,9,5,7,4}}
]
Wartość 1 wstawiona nieprawidłowo
Bład w kwadracie 0
sudoku.SudokuBoard@2b037cfc[
  size=9
  solver=sudoku.BacktrackingSudokuSolver@6c15e8c7
  board={{1,1,8,6,9,1,3,4,5},{3,9,6,7,4,5,8,1,2},{1,4,5,8,3,2,9,6,7},{2,3,7,4,5,6,1,8,9},{8,5,9,1,7,3,4,2,6},{4,6,1,9,2,8,7,5,3},{9,7,2,5,1,4,6,3,8},{5,8,4,3,6,7,2,9,1},{6,1,3,2,8,9,5,7,4}}
]
Wartość 1 wstawiona nieprawidłowo
Bład w kwadracie 0
sudoku.SudokuBoard@44924587[
  size=9
  solver=sudoku.BacktrackingSudokuSolver@6c15e8c7
  board={{1,1,8,6,9,1,3,4,5},{3,9,6,7,4,5,8,1,2},{1,4,5,8,3,2,9,6,7},{2,3,7,4,5,6,1,8,9},{8,5,9,1,7,3,4,2,6},{4,6,1,9,2,8,7,5,3},{9,7,2,5,1,4,6,3,8},{5,8,4,3,6,7,2,9,1},{6,1,3,2,8,9,5,7,4}}
]
]]></system-out>
  </testcase>
  <testcase name="testEqualsDiffrentInstance" classname="sudoku.SudokuBoardTest" time="0.001"/>
  <testcase name="checkBoardTestColumnFalse" classname="sudoku.SudokuBoardTest" time="0.052">
    <system-out><![CDATA[Bład w kwadracie 0
sudoku.SudokuBoard@10823d72[
  size=9
  solver=sudoku.BacktrackingSudokuSolver@18460128
  board={{3,5,9,1,2,4,6,7,8},{4,1,2,3,5,6,0,0,0},{0,0,0,0,0,0,0,0,0},{0,0,0,0,0,0,0,0,0},{0,0,0,0,0,0,0,0,0},{0,0,0,0,0,0,0,0,0},{0,0,0,0,0,0,0,0,0},{0,0,0,0,0,0,0,0,0},{0,0,0,0,0,0,0,0,0}}
]
Wartość 0 wstawiona nieprawidłowo
Bład w kwadracie 0
sudoku.SudokuBoard@10823d72[
  size=9
  solver=sudoku.BacktrackingSudokuSolver@18460128
  board={{3,5,9,1,2,4,6,7,8},{4,1,2,3,5,0,0,0,0},{0,0,0,0,0,0,0,0,0},{0,0,0,0,0,0,0,0,0},{0,0,0,0,0,0,0,0,0},{0,0,0,0,0,0,0,0,0},{0,0,0,0,0,0,0,0,0},{0,0,0,0,0,0,0,0,0},{0,0,0,0,0,0,0,0,0}}
]
Wartość 0 wstawiona nieprawidłowo
Bład w kwadracie 0
sudoku.SudokuBoard@10823d72[
  size=9
  solver=sudoku.BacktrackingSudokuSolver@18460128
  board={{3,5,9,1,2,4,6,7,8},{4,1,2,3,5,7,0,0,0},{0,0,0,0,0,0,0,0,0},{0,0,0,0,0,0,0,0,0},{0,0,0,0,0,0,0,0,0},{0,0,0,0,0,0,0,0,0},{0,0,0,0,0,0,0,0,0},{0,0,0,0,0,0,0,0,0},{0,0,0,0,0,0,0,0,0}}
]
Wartość 0 wstawiona nieprawidłowo
Bład w kwadracie 0
sudoku.SudokuBoard@10823d72[
  size=9
  solver=sudoku.BacktrackingSudokuSolver@18460128
  board={{3,5,9,1,2,4,6,7,8},{4,1,2,3,5,0,0,0,0},{0,0,0,0,0,0,0,0,0},{0,0,0,0,0,0,0,0,0},{0,0,0,0,0,0,0,0,0},{0,0,0,0,0,0,0,0,0},{0,0,0,0,0,0,0,0,0},{0,0,0,0,0,0,0,0,0},{0,0,0,0,0,0,0,0,0}}
]
Wartość 0 wstawiona nieprawidłowo
Bład w kwadracie 0
sudoku.SudokuBoard@10823d72[
  size=9
  solver=sudoku.BacktrackingSudokuSolver@18460128
  board={{3,5,9,1,2,4,6,7,8},{4,1,2,3,5,8,0,0,0},{0,0,0,0,0,0,0,0,0},{0,0,0,0,0,0,0,0,0},{0,0,0,0,0,0,0,0,0},{0,0,0,0,0,0,0,0,0},{0,0,0,0,0,0,0,0,0},{0,0,0,0,0,0,0,0,0},{0,0,0,0,0,0,0,0,0}}
]
Wartość 0 wstawiona nieprawidłowo
Bład w kwadracie 0
sudoku.SudokuBoard@10823d72[
  size=9
  solver=sudoku.BacktrackingSudokuSolver@18460128
  board={{3,5,9,1,2,4,6,7,8},{4,1,2,3,5,0,0,0,0},{0,0,0,0,0,0,0,0,0},{0,0,0,0,0,0,0,0,0},{0,0,0,0,0,0,0,0,0},{0,0,0,0,0,0,0,0,0},{0,0,0,0,0,0,0,0,0},{0,0,0,0,0,0,0,0,0},{0,0,0,0,0,0,0,0,0}}
]
Wartość 0 wstawiona nieprawidłowo
Bład w kwadracie 0
sudoku.SudokuBoard@10823d72[
  size=9
  solver=sudoku.BacktrackingSudokuSolver@18460128
  board={{3,5,9,1,2,4,6,7,8},{4,1,2,3,5,0,0,0,0},{0,0,0,0,0,0,0,0,0},{0,0,0,0,0,0,0,0,0},{0,0,0,0,0,0,0,0,0},{0,0,0,0,0,0,0,0,0},{0,0,0,0,0,0,0,0,0},{0,0,0,0,0,0,0,0,0},{0,0,0,0,0,0,0,0,0}}
]
Wartość 0 wstawiona nieprawidłowo
Bład w kwadracie 0
sudoku.SudokuBoard@10823d72[
  size=9
  solver=sudoku.BacktrackingSudokuSolver@18460128
  board={{3,5,9,1,2,4,6,7,8},{4,1,2,3,0,0,0,0,0},{0,0,0,0,0,0,0,0,0},{0,0,0,0,0,0,0,0,0},{0,0,0,0,0,0,0,0,0},{0,0,0,0,0,0,0,0,0},{0,0,0,0,0,0,0,0,0},{0,0,0,0,0,0,0,0,0},{0,0,0,0,0,0,0,0,0}}
]
Wartość 0 wstawiona nieprawidłowo
Bład w kwadracie 0
sudoku.SudokuBoard@10823d72[
  size=9
  solver=sudoku.BacktrackingSudokuSolver@18460128
  board={{3,5,9,1,2,4,6,7,8},{4,1,2,3,6,5,0,0,0},{0,0,0,0,0,0,0,0,0},{0,0,0,0,0,0,0,0,0},{0,0,0,0,0,0,0,0,0},{0,0,0,0,0,0,0,0,0},{0,0,0,0,0,0,0,0,0},{0,0,0,0,0,0,0,0,0},{0,0,0,0,0,0,0,0,0}}
]
Wartość 0 wstawiona nieprawidłowo
Bład w kwadracie 0
sudoku.SudokuBoard@10823d72[
  size=9
  solver=sudoku.BacktrackingSudokuSolver@18460128
  board={{3,5,9,1,2,4,6,7,8},{4,1,2,3,6,0,0,0,0},{0,0,0,0,0,0,0,0,0},{0,0,0,0,0,0,0,0,0},{0,0,0,0,0,0,0,0,0},{0,0,0,0,0,0,0,0,0},{0,0,0,0,0,0,0,0,0},{0,0,0,0,0,0,0,0,0},{0,0,0,0,0,0,0,0,0}}
]
Wartość 0 wstawiona nieprawidłowo
Bład w kwadracie 0
sudoku.SudokuBoard@10823d72[
  size=9
  solver=sudoku.BacktrackingSudokuSolver@18460128
  board={{3,5,9,1,2,4,6,7,8},{4,1,2,3,6,7,5,0,0},{0,0,0,0,0,0,0,0,0},{0,0,0,0,0,0,0,0,0},{0,0,0,0,0,0,0,0,0},{0,0,0,0,0,0,0,0,0},{0,0,0,0,0,0,0,0,0},{0,0,0,0,0,0,0,0,0},{0,0,0,0,0,0,0,0,0}}
]
Wartość 0 wstawiona nieprawidłowo
Bład w kwadracie 0
sudoku.SudokuBoard@10823d72[
  size=9
  solver=sudoku.BacktrackingSudokuSolver@18460128
  board={{3,5,9,1,2,4,6,7,8},{4,1,2,3,6,7,0,0,0},{0,0,0,0,0,0,0,0,0},{0,0,0,0,0,0,0,0,0},{0,0,0,0,0,0,0,0,0},{0,0,0,0,0,0,0,0,0},{0,0,0,0,0,0,0,0,0},{0,0,0,0,0,0,0,0,0},{0,0,0,0,0,0,0,0,0}}
]
Wartość 0 wstawiona nieprawidłowo
Bład w kwadracie 0
sudoku.SudokuBoard@10823d72[
  size=9
  solver=sudoku.BacktrackingSudokuSolver@18460128
  board={{3,5,9,1,2,4,6,7,8},{4,1,2,3,6,7,9,0,0},{0,0,0,0,0,0,0,0,0},{0,0,0,0,0,0,0,0,0},{0,0,0,0,0,0,0,0,0},{0,0,0,0,0,0,0,0,0},{0,0,0,0,0,0,0,0,0},{0,0,0,0,0,0,0,0,0},{0,0,0,0,0,0,0,0,0}}
]
Wartość 0 wstawiona nieprawidłowo
Bład w kwadracie 0
sudoku.SudokuBoard@10823d72[
  size=9
  solver=sudoku.BacktrackingSudokuSolver@18460128
  board={{3,5,9,1,2,4,6,7,8},{4,1,2,3,6,7,0,0,0},{0,0,0,0,0,0,0,0,0},{0,0,0,0,0,0,0,0,0},{0,0,0,0,0,0,0,0,0},{0,0,0,0,0,0,0,0,0},{0,0,0,0,0,0,0,0,0},{0,0,0,0,0,0,0,0,0},{0,0,0,0,0,0,0,0,0}}
]
Wartość 0 wstawiona nieprawidłowo
Bład w kwadracie 0
sudoku.SudokuBoard@10823d72[
  size=9
  solver=sudoku.BacktrackingSudokuSolver@18460128
  board={{3,5,9,1,2,4,6,7,8},{4,1,2,3,6,0,0,0,0},{0,0,0,0,0,0,0,0,0},{0,0,0,0,0,0,0,0,0},{0,0,0,0,0,0,0,0,0},{0,0,0,0,0,0,0,0,0},{0,0,0,0,0,0,0,0,0},{0,0,0,0,0,0,0,0,0},{0,0,0,0,0,0,0,0,0}}
]
Wartość 0 wstawiona nieprawidłowo
Bład w kwadracie 0
sudoku.SudokuBoard@10823d72[
  size=9
  solver=sudoku.BacktrackingSudokuSolver@18460128
  board={{3,5,9,1,2,4,6,7,8},{4,1,2,3,6,8,5,0,0},{0,0,0,0,0,0,0,0,0},{0,0,0,0,0,0,0,0,0},{0,0,0,0,0,0,0,0,0},{0,0,0,0,0,0,0,0,0},{0,0,0,0,0,0,0,0,0},{0,0,0,0,0,0,0,0,0},{0,0,0,0,0,0,0,0,0}}
]
Wartość 0 wstawiona nieprawidłowo
Bład w kwadracie 0
sudoku.SudokuBoard@10823d72[
  size=9
  solver=sudoku.BacktrackingSudokuSolver@18460128
  board={{3,5,9,1,2,4,6,7,8},{4,1,2,3,6,8,0,0,0},{0,0,0,0,0,0,0,0,0},{0,0,0,0,0,0,0,0,0},{0,0,0,0,0,0,0,0,0},{0,0,0,0,0,0,0,0,0},{0,0,0,0,0,0,0,0,0},{0,0,0,0,0,0,0,0,0},{0,0,0,0,0,0,0,0,0}}
]
Wartość 0 wstawiona nieprawidłowo
Bład w kwadracie 0
sudoku.SudokuBoard@10823d72[
  size=9
  solver=sudoku.BacktrackingSudokuSolver@18460128
  board={{3,5,9,1,2,4,6,7,8},{4,1,2,3,6,8,9,0,0},{0,0,0,0,0,0,0,0,0},{0,0,0,0,0,0,0,0,0},{0,0,0,0,0,0,0,0,0},{0,0,0,0,0,0,0,0,0},{0,0,0,0,0,0,0,0,0},{0,0,0,0,0,0,0,0,0},{0,0,0,0,0,0,0,0,0}}
]
Wartość 0 wstawiona nieprawidłowo
Bład w kwadracie 0
sudoku.SudokuBoard@10823d72[
  size=9
  solver=sudoku.BacktrackingSudokuSolver@18460128
  board={{3,5,9,1,2,4,6,7,8},{4,1,2,3,6,8,0,0,0},{0,0,0,0,0,0,0,0,0},{0,0,0,0,0,0,0,0,0},{0,0,0,0,0,0,0,0,0},{0,0,0,0,0,0,0,0,0},{0,0,0,0,0,0,0,0,0},{0,0,0,0,0,0,0,0,0},{0,0,0,0,0,0,0,0,0}}
]
Wartość 0 wstawiona nieprawidłowo
Bład w kwadracie 0
sudoku.SudokuBoard@10823d72[
  size=9
  solver=sudoku.BacktrackingSudokuSolver@18460128
  board={{3,5,9,1,2,4,6,7,8},{4,1,2,3,6,0,0,0,0},{0,0,0,0,0,0,0,0,0},{0,0,0,0,0,0,0,0,0},{0,0,0,0,0,0,0,0,0},{0,0,0,0,0,0,0,0,0},{0,0,0,0,0,0,0,0,0},{0,0,0,0,0,0,0,0,0},{0,0,0,0,0,0,0,0,0}}
]
Wartość 0 wstawiona nieprawidłowo
Bład w kwadracie 0
sudoku.SudokuBoard@10823d72[
  size=9
  solver=sudoku.BacktrackingSudokuSolver@18460128
  board={{3,5,9,1,2,4,6,7,8},{4,1,2,3,6,9,0,0,0},{0,0,0,0,0,0,0,0,0},{0,0,0,0,0,0,0,0,0},{0,0,0,0,0,0,0,0,0},{0,0,0,0,0,0,0,0,0},{0,0,0,0,0,0,0,0,0},{0,0,0,0,0,0,0,0,0},{0,0,0,0,0,0,0,0,0}}
]
Wartość 0 wstawiona nieprawidłowo
Bład w kwadracie 0
sudoku.SudokuBoard@10823d72[
  size=9
  solver=sudoku.BacktrackingSudokuSolver@18460128
  board={{3,5,9,1,2,4,6,7,8},{4,1,2,3,6,0,0,0,0},{0,0,0,0,0,0,0,0,0},{0,0,0,0,0,0,0,0,0},{0,0,0,0,0,0,0,0,0},{0,0,0,0,0,0,0,0,0},{0,0,0,0,0,0,0,0,0},{0,0,0,0,0,0,0,0,0},{0,0,0,0,0,0,0,0,0}}
]
Wartość 0 wstawiona nieprawidłowo
Bład w kwadracie 0
sudoku.SudokuBoard@10823d72[
  size=9
  solver=sudoku.BacktrackingSudokuSolver@18460128
  board={{3,5,9,1,2,4,6,7,8},{4,1,2,3,0,0,0,0,0},{0,0,0,0,0,0,0,0,0},{0,0,0,0,0,0,0,0,0},{0,0,0,0,0,0,0,0,0},{0,0,0,0,0,0,0,0,0},{0,0,0,0,0,0,0,0,0},{0,0,0,0,0,0,0,0,0},{0,0,0,0,0,0,0,0,0}}
]
Wartość 0 wstawiona nieprawidłowo
Bład w kwadracie 0
sudoku.SudokuBoard@10823d72[
  size=9
  solver=sudoku.BacktrackingSudokuSolver@18460128
  board={{3,5,9,1,2,4,6,7,8},{4,1,2,3,7,5,0,0,0},{0,0,0,0,0,0,0,0,0},{0,0,0,0,0,0,0,0,0},{0,0,0,0,0,0,0,0,0},{0,0,0,0,0,0,0,0,0},{0,0,0,0,0,0,0,0,0},{0,0,0,0,0,0,0,0,0},{0,0,0,0,0,0,0,0,0}}
]
Wartość 0 wstawiona nieprawidłowo
Bład w kwadracie 0
sudoku.SudokuBoard@10823d72[
  size=9
  solver=sudoku.BacktrackingSudokuSolver@18460128
  board={{3,5,9,1,2,4,6,7,8},{4,1,2,3,7,0,0,0,0},{0,0,0,0,0,0,0,0,0},{0,0,0,0,0,0,0,0,0},{0,0,0,0,0,0,0,0,0},{0,0,0,0,0,0,0,0,0},{0,0,0,0,0,0,0,0,0},{0,0,0,0,0,0,0,0,0},{0,0,0,0,0,0,0,0,0}}
]
Wartość 0 wstawiona nieprawidłowo
Bład w kwadracie 0
sudoku.SudokuBoard@10823d72[
  size=9
  solver=sudoku.BacktrackingSudokuSolver@18460128
  board={{3,5,9,1,2,4,6,7,8},{4,1,2,3,7,6,9,0,0},{0,0,0,0,0,0,0,0,0},{0,0,0,0,0,0,0,0,0},{0,0,0,0,0,0,0,0,0},{0,0,0,0,0,0,0,0,0},{0,0,0,0,0,0,0,0,0},{0,0,0,0,0,0,0,0,0},{0,0,0,0,0,0,0,0,0}}
]
Wartość 0 wstawiona nieprawidłowo
Bład w kwadracie 0
sudoku.SudokuBoard@10823d72[
  size=9
  solver=sudoku.BacktrackingSudokuSolver@18460128
  board={{3,5,9,1,2,4,6,7,8},{4,1,2,3,7,6,0,0,0},{0,0,0,0,0,0,0,0,0},{0,0,0,0,0,0,0,0,0},{0,0,0,0,0,0,0,0,0},{0,0,0,0,0,0,0,0,0},{0,0,0,0,0,0,0,0,0},{0,0,0,0,0,0,0,0,0},{0,0,0,0,0,0,0,0,0}}
]
Wartość 0 wstawiona nieprawidłowo
Bład w kwadracie 0
sudoku.SudokuBoard@10823d72[
  size=9
  solver=sudoku.BacktrackingSudokuSolver@18460128
  board={{3,5,9,1,2,4,6,7,8},{4,1,2,3,7,6,5,0,0},{0,0,0,0,0,0,0,0,0},{0,0,0,0,0,0,0,0,0},{0,0,0,0,0,0,0,0,0},{0,0,0,0,0,0,0,0,0},{0,0,0,0,0,0,0,0,0},{0,0,0,0,0,0,0,0,0},{0,0,0,0,0,0,0,0,0}}
]
Wartość 0 wstawiona nieprawidłowo
Bład w kwadracie 0
sudoku.SudokuBoard@10823d72[
  size=9
  solver=sudoku.BacktrackingSudokuSolver@18460128
  board={{3,5,9,1,2,4,6,7,8},{4,1,2,3,7,6,0,0,0},{0,0,0,0,0,0,0,0,0},{0,0,0,0,0,0,0,0,0},{0,0,0,0,0,0,0,0,0},{0,0,0,0,0,0,0,0,0},{0,0,0,0,0,0,0,0,0},{0,0,0,0,0,0,0,0,0},{0,0,0,0,0,0,0,0,0}}
]
Wartość 0 wstawiona nieprawidłowo
Bład w kwadracie 0
sudoku.SudokuBoard@10823d72[
  size=9
  solver=sudoku.BacktrackingSudokuSolver@18460128
  board={{3,5,9,1,2,4,6,7,8},{4,1,2,3,7,0,0,0,0},{0,0,0,0,0,0,0,0,0},{0,0,0,0,0,0,0,0,0},{0,0,0,0,0,0,0,0,0},{0,0,0,0,0,0,0,0,0},{0,0,0,0,0,0,0,0,0},{0,0,0,0,0,0,0,0,0},{0,0,0,0,0,0,0,0,0}}
]
Wartość 0 wstawiona nieprawidłowo
Bład w kwadracie 0
sudoku.SudokuBoard@10823d72[
  size=9
  solver=sudoku.BacktrackingSudokuSolver@18460128
  board={{3,5,9,1,2,4,6,7,8},{4,1,2,3,7,8,5,0,0},{0,0,0,0,0,0,0,0,0},{0,0,0,0,0,0,0,0,0},{0,0,0,0,0,0,0,0,0},{0,0,0,0,0,0,0,0,0},{0,0,0,0,0,0,0,0,0},{0,0,0,0,0,0,0,0,0},{0,0,0,0,0,0,0,0,0}}
]
Wartość 0 wstawiona nieprawidłowo
Bład w kwadracie 0
sudoku.SudokuBoard@10823d72[
  size=9
  solver=sudoku.BacktrackingSudokuSolver@18460128
  board={{3,5,9,1,2,4,6,7,8},{4,1,2,3,7,8,0,0,0},{0,0,0,0,0,0,0,0,0},{0,0,0,0,0,0,0,0,0},{0,0,0,0,0,0,0,0,0},{0,0,0,0,0,0,0,0,0},{0,0,0,0,0,0,0,0,0},{0,0,0,0,0,0,0,0,0},{0,0,0,0,0,0,0,0,0}}
]
Wartość 0 wstawiona nieprawidłowo
Bład w kwadracie 0
sudoku.SudokuBoard@10823d72[
  size=9
  solver=sudoku.BacktrackingSudokuSolver@18460128
  board={{3,5,9,1,2,4,6,7,8},{4,1,2,3,7,8,9,0,0},{0,0,0,0,0,0,0,0,0},{0,0,0,0,0,0,0,0,0},{0,0,0,0,0,0,0,0,0},{0,0,0,0,0,0,0,0,0},{0,0,0,0,0,0,0,0,0},{0,0,0,0,0,0,0,0,0},{0,0,0,0,0,0,0,0,0}}
]
Wartość 0 wstawiona nieprawidłowo
Bład w kwadracie 0
sudoku.SudokuBoard@10823d72[
  size=9
  solver=sudoku.BacktrackingSudokuSolver@18460128
  board={{3,5,9,1,2,4,6,7,8},{4,1,2,3,7,8,0,0,0},{0,0,0,0,0,0,0,0,0},{0,0,0,0,0,0,0,0,0},{0,0,0,0,0,0,0,0,0},{0,0,0,0,0,0,0,0,0},{0,0,0,0,0,0,0,0,0},{0,0,0,0,0,0,0,0,0},{0,0,0,0,0,0,0,0,0}}
]
Wartość 0 wstawiona nieprawidłowo
Bład w kwadracie 0
sudoku.SudokuBoard@10823d72[
  size=9
  solver=sudoku.BacktrackingSudokuSolver@18460128
  board={{3,5,9,1,2,4,6,7,8},{4,1,2,3,7,0,0,0,0},{0,0,0,0,0,0,0,0,0},{0,0,0,0,0,0,0,0,0},{0,0,0,0,0,0,0,0,0},{0,0,0,0,0,0,0,0,0},{0,0,0,0,0,0,0,0,0},{0,0,0,0,0,0,0,0,0},{0,0,0,0,0,0,0,0,0}}
]
Wartość 0 wstawiona nieprawidłowo
Bład w kwadracie 0
sudoku.SudokuBoard@10823d72[
  size=9
  solver=sudoku.BacktrackingSudokuSolver@18460128
  board={{3,5,9,1,2,4,6,7,8},{4,1,2,3,7,9,0,0,0},{0,0,0,0,0,0,0,0,0},{0,0,0,0,0,0,0,0,0},{0,0,0,0,0,0,0,0,0},{0,0,0,0,0,0,0,0,0},{0,0,0,0,0,0,0,0,0},{0,0,0,0,0,0,0,0,0},{0,0,0,0,0,0,0,0,0}}
]
Wartość 0 wstawiona nieprawidłowo
Bład w kwadracie 0
sudoku.SudokuBoard@10823d72[
  size=9
  solver=sudoku.BacktrackingSudokuSolver@18460128
  board={{3,5,9,1,2,4,6,7,8},{4,1,2,3,7,0,0,0,0},{0,0,0,0,0,0,0,0,0},{0,0,0,0,0,0,0,0,0},{0,0,0,0,0,0,0,0,0},{0,0,0,0,0,0,0,0,0},{0,0,0,0,0,0,0,0,0},{0,0,0,0,0,0,0,0,0},{0,0,0,0,0,0,0,0,0}}
]
Wartość 0 wstawiona nieprawidłowo
Bład w kwadracie 0
sudoku.SudokuBoard@10823d72[
  size=9
  solver=sudoku.BacktrackingSudokuSolver@18460128
  board={{3,5,9,1,2,4,6,7,8},{4,1,2,3,0,0,0,0,0},{0,0,0,0,0,0,0,0,0},{0,0,0,0,0,0,0,0,0},{0,0,0,0,0,0,0,0,0},{0,0,0,0,0,0,0,0,0},{0,0,0,0,0,0,0,0,0},{0,0,0,0,0,0,0,0,0},{0,0,0,0,0,0,0,0,0}}
]
Wartość 0 wstawiona nieprawidłowo
Bład w kwadracie 0
sudoku.SudokuBoard@10823d72[
  size=9
  solver=sudoku.BacktrackingSudokuSolver@18460128
  board={{3,5,9,1,2,4,6,7,8},{4,1,2,3,8,7,9,0,0},{0,0,0,0,0,0,0,0,0},{0,0,0,0,0,0,0,0,0},{0,0,0,0,0,0,0,0,0},{0,0,0,0,0,0,0,0,0},{0,0,0,0,0,0,0,0,0},{0,0,0,0,0,0,0,0,0},{0,0,0,0,0,0,0,0,0}}
]
Wartość 0 wstawiona nieprawidłowo
Bład w kwadracie 0
sudoku.SudokuBoard@10823d72[
  size=9
  solver=sudoku.BacktrackingSudokuSolver@18460128
  board={{3,5,9,1,2,4,6,7,8},{4,1,2,3,8,7,0,0,0},{0,0,0,0,0,0,0,0,0},{0,0,0,0,0,0,0,0,0},{0,0,0,0,0,0,0,0,0},{0,0,0,0,0,0,0,0,0},{0,0,0,0,0,0,0,0,0},{0,0,0,0,0,0,0,0,0},{0,0,0,0,0,0,0,0,0}}
]
Wartość 0 wstawiona nieprawidłowo
Bład w kwadracie 0
sudoku.SudokuBoard@10823d72[
  size=9
  solver=sudoku.BacktrackingSudokuSolver@18460128
  board={{3,5,9,1,2,4,6,7,8},{4,1,2,3,8,7,5,0,0},{0,0,0,0,0,0,0,0,0},{0,0,0,0,0,0,0,0,0},{0,0,0,0,0,0,0,0,0},{0,0,0,0,0,0,0,0,0},{0,0,0,0,0,0,0,0,0},{0,0,0,0,0,0,0,0,0},{0,0,0,0,0,0,0,0,0}}
]
Wartość 0 wstawiona nieprawidłowo
Bład w kwadracie 0
sudoku.SudokuBoard@10823d72[
  size=9
  solver=sudoku.BacktrackingSudokuSolver@18460128
  board={{3,5,9,1,2,4,6,7,8},{4,1,2,3,8,7,0,0,0},{0,0,0,0,0,0,0,0,0},{0,0,0,0,0,0,0,0,0},{0,0,0,0,0,0,0,0,0},{0,0,0,0,0,0,0,0,0},{0,0,0,0,0,0,0,0,0},{0,0,0,0,0,0,0,0,0},{0,0,0,0,0,0,0,0,0}}
]
Wartość 0 wstawiona nieprawidłowo
Bład w kwadracie 0
sudoku.SudokuBoard@10823d72[
  size=9
  solver=sudoku.BacktrackingSudokuSolver@18460128
  board={{3,5,9,1,2,4,6,7,8},{4,1,2,3,8,0,0,0,0},{0,0,0,0,0,0,0,0,0},{0,0,0,0,0,0,0,0,0},{0,0,0,0,0,0,0,0,0},{0,0,0,0,0,0,0,0,0},{0,0,0,0,0,0,0,0,0},{0,0,0,0,0,0,0,0,0},{0,0,0,0,0,0,0,0,0}}
]
Wartość 0 wstawiona nieprawidłowo
Bład w kwadracie 0
sudoku.SudokuBoard@10823d72[
  size=9
  solver=sudoku.BacktrackingSudokuSolver@18460128
  board={{3,5,9,1,2,4,6,7,8},{4,1,2,3,8,9,0,0,0},{0,0,0,0,0,0,0,0,0},{0,0,0,0,0,0,0,0,0},{0,0,0,0,0,0,0,0,0},{0,0,0,0,0,0,0,0,0},{0,0,0,0,0,0,0,0,0},{0,0,0,0,0,0,0,0,0},{0,0,0,0,0,0,0,0,0}}
]
Wartość 0 wstawiona nieprawidłowo
Bład w kwadracie 0
sudoku.SudokuBoard@10823d72[
  size=9
  solver=sudoku.BacktrackingSudokuSolver@18460128
  board={{3,5,9,1,2,4,6,7,8},{4,1,2,3,8,0,0,0,0},{0,0,0,0,0,0,0,0,0},{0,0,0,0,0,0,0,0,0},{0,0,0,0,0,0,0,0,0},{0,0,0,0,0,0,0,0,0},{0,0,0,0,0,0,0,0,0},{0,0,0,0,0,0,0,0,0},{0,0,0,0,0,0,0,0,0}}
]
Wartość 0 wstawiona nieprawidłowo
Bład w kwadracie 0
sudoku.SudokuBoard@10823d72[
  size=9
  solver=sudoku.BacktrackingSudokuSolver@18460128
  board={{3,5,9,1,2,4,6,7,8},{4,1,2,3,8,5,0,0,0},{0,0,0,0,0,0,0,0,0},{0,0,0,0,0,0,0,0,0},{0,0,0,0,0,0,0,0,0},{0,0,0,0,0,0,0,0,0},{0,0,0,0,0,0,0,0,0},{0,0,0,0,0,0,0,0,0},{0,0,0,0,0,0,0,0,0}}
]
Wartość 0 wstawiona nieprawidłowo
Bład w kwadracie 0
sudoku.SudokuBoard@10823d72[
  size=9
  solver=sudoku.BacktrackingSudokuSolver@18460128
  board={{3,5,9,1,2,4,6,7,8},{4,1,2,3,8,0,0,0,0},{0,0,0,0,0,0,0,0,0},{0,0,0,0,0,0,0,0,0},{0,0,0,0,0,0,0,0,0},{0,0,0,0,0,0,0,0,0},{0,0,0,0,0,0,0,0,0},{0,0,0,0,0,0,0,0,0},{0,0,0,0,0,0,0,0,0}}
]
Wartość 0 wstawiona nieprawidłowo
Bład w kwadracie 0
sudoku.SudokuBoard@10823d72[
  size=9
  solver=sudoku.BacktrackingSudokuSolver@18460128
  board={{3,5,9,1,2,4,6,7,8},{4,1,2,3,8,6,9,0,0},{0,0,0,0,0,0,0,0,0},{0,0,0,0,0,0,0,0,0},{0,0,0,0,0,0,0,0,0},{0,0,0,0,0,0,0,0,0},{0,0,0,0,0,0,0,0,0},{0,0,0,0,0,0,0,0,0},{0,0,0,0,0,0,0,0,0}}
]
Wartość 0 wstawiona nieprawidłowo
Bład w kwadracie 0
sudoku.SudokuBoard@10823d72[
  size=9
  solver=sudoku.BacktrackingSudokuSolver@18460128
  board={{3,5,9,1,2,4,6,7,8},{4,1,2,3,8,6,0,0,0},{0,0,0,0,0,0,0,0,0},{0,0,0,0,0,0,0,0,0},{0,0,0,0,0,0,0,0,0},{0,0,0,0,0,0,0,0,0},{0,0,0,0,0,0,0,0,0},{0,0,0,0,0,0,0,0,0},{0,0,0,0,0,0,0,0,0}}
]
Wartość 0 wstawiona nieprawidłowo
Bład w kwadracie 0
sudoku.SudokuBoard@10823d72[
  size=9
  solver=sudoku.BacktrackingSudokuSolver@18460128
  board={{3,5,9,1,2,4,6,7,8},{4,1,2,3,8,6,5,0,0},{0,0,0,0,0,0,0,0,0},{0,0,0,0,0,0,0,0,0},{0,0,0,0,0,0,0,0,0},{0,0,0,0,0,0,0,0,0},{0,0,0,0,0,0,0,0,0},{0,0,0,0,0,0,0,0,0},{0,0,0,0,0,0,0,0,0}}
]
Wartość 0 wstawiona nieprawidłowo
Bład w kwadracie 0
sudoku.SudokuBoard@10823d72[
  size=9
  solver=sudoku.BacktrackingSudokuSolver@18460128
  board={{3,5,9,1,2,4,6,7,8},{4,1,2,3,8,6,0,0,0},{0,0,0,0,0,0,0,0,0},{0,0,0,0,0,0,0,0,0},{0,0,0,0,0,0,0,0,0},{0,0,0,0,0,0,0,0,0},{0,0,0,0,0,0,0,0,0},{0,0,0,0,0,0,0,0,0},{0,0,0,0,0,0,0,0,0}}
]
Wartość 0 wstawiona nieprawidłowo
Bład w kwadracie 0
sudoku.SudokuBoard@10823d72[
  size=9
  solver=sudoku.BacktrackingSudokuSolver@18460128
  board={{3,5,9,1,2,4,6,7,8},{4,1,2,3,8,0,0,0,0},{0,0,0,0,0,0,0,0,0},{0,0,0,0,0,0,0,0,0},{0,0,0,0,0,0,0,0,0},{0,0,0,0,0,0,0,0,0},{0,0,0,0,0,0,0,0,0},{0,0,0,0,0,0,0,0,0},{0,0,0,0,0,0,0,0,0}}
]
Wartość 0 wstawiona nieprawidłowo
Bład w kwadracie 0
sudoku.SudokuBoard@10823d72[
  size=9
  solver=sudoku.BacktrackingSudokuSolver@18460128
  board={{3,5,9,1,2,4,6,7,8},{4,1,2,3,0,0,0,0,0},{0,0,0,0,0,0,0,0,0},{0,0,0,0,0,0,0,0,0},{0,0,0,0,0,0,0,0,0},{0,0,0,0,0,0,0,0,0},{0,0,0,0,0,0,0,0,0},{0,0,0,0,0,0,0,0,0},{0,0,0,0,0,0,0,0,0}}
]
Wartość 0 wstawiona nieprawidłowo
Bład w kwadracie 0
sudoku.SudokuBoard@10823d72[
  size=9
  solver=sudoku.BacktrackingSudokuSolver@18460128
  board={{3,5,9,1,2,4,6,7,8},{4,1,2,3,9,0,0,0,0},{0,0,0,0,0,0,0,0,0},{0,0,0,0,0,0,0,0,0},{0,0,0,0,0,0,0,0,0},{0,0,0,0,0,0,0,0,0},{0,0,0,0,0,0,0,0,0},{0,0,0,0,0,0,0,0,0},{0,0,0,0,0,0,0,0,0}}
]
Wartość 0 wstawiona nieprawidłowo
Bład w kwadracie 0
sudoku.SudokuBoard@10823d72[
  size=9
  solver=sudoku.BacktrackingSudokuSolver@18460128
  board={{3,5,9,1,2,4,6,7,8},{4,1,2,3,9,6,0,0,0},{0,0,0,0,0,0,0,0,0},{0,0,0,0,0,0,0,0,0},{0,0,0,0,0,0,0,0,0},{0,0,0,0,0,0,0,0,0},{0,0,0,0,0,0,0,0,0},{0,0,0,0,0,0,0,0,0},{0,0,0,0,0,0,0,0,0}}
]
Wartość 0 wstawiona nieprawidłowo
Bład w kwadracie 0
sudoku.SudokuBoard@10823d72[
  size=9
  solver=sudoku.BacktrackingSudokuSolver@18460128
  board={{3,5,9,1,2,4,6,7,8},{4,1,2,3,9,0,0,0,0},{0,0,0,0,0,0,0,0,0},{0,0,0,0,0,0,0,0,0},{0,0,0,0,0,0,0,0,0},{0,0,0,0,0,0,0,0,0},{0,0,0,0,0,0,0,0,0},{0,0,0,0,0,0,0,0,0},{0,0,0,0,0,0,0,0,0}}
]
Wartość 0 wstawiona nieprawidłowo
Bład w kwadracie 0
sudoku.SudokuBoard@10823d72[
  size=9
  solver=sudoku.BacktrackingSudokuSolver@18460128
  board={{3,5,9,1,2,4,6,7,8},{4,1,2,3,9,7,0,0,0},{0,0,0,0,0,0,0,0,0},{0,0,0,0,0,0,0,0,0},{0,0,0,0,0,0,0,0,0},{0,0,0,0,0,0,0,0,0},{0,0,0,0,0,0,0,0,0},{0,0,0,0,0,0,0,0,0},{0,0,0,0,0,0,0,0,0}}
]
Wartość 0 wstawiona nieprawidłowo
Bład w kwadracie 0
sudoku.SudokuBoard@10823d72[
  size=9
  solver=sudoku.BacktrackingSudokuSolver@18460128
  board={{3,5,9,1,2,4,6,7,8},{4,1,2,3,9,0,0,0,0},{0,0,0,0,0,0,0,0,0},{0,0,0,0,0,0,0,0,0},{0,0,0,0,0,0,0,0,0},{0,0,0,0,0,0,0,0,0},{0,0,0,0,0,0,0,0,0},{0,0,0,0,0,0,0,0,0},{0,0,0,0,0,0,0,0,0}}
]
Wartość 0 wstawiona nieprawidłowo
Bład w kwadracie 0
sudoku.SudokuBoard@10823d72[
  size=9
  solver=sudoku.BacktrackingSudokuSolver@18460128
  board={{3,5,9,1,2,4,6,7,8},{4,1,2,3,9,8,0,0,0},{0,0,0,0,0,0,0,0,0},{0,0,0,0,0,0,0,0,0},{0,0,0,0,0,0,0,0,0},{0,0,0,0,0,0,0,0,0},{0,0,0,0,0,0,0,0,0},{0,0,0,0,0,0,0,0,0},{0,0,0,0,0,0,0,0,0}}
]
Wartość 0 wstawiona nieprawidłowo
Bład w kwadracie 0
sudoku.SudokuBoard@10823d72[
  size=9
  solver=sudoku.BacktrackingSudokuSolver@18460128
  board={{3,5,9,1,2,4,6,7,8},{4,1,2,3,9,0,0,0,0},{0,0,0,0,0,0,0,0,0},{0,0,0,0,0,0,0,0,0},{0,0,0,0,0,0,0,0,0},{0,0,0,0,0,0,0,0,0},{0,0,0,0,0,0,0,0,0},{0,0,0,0,0,0,0,0,0},{0,0,0,0,0,0,0,0,0}}
]
Wartość 0 wstawiona nieprawidłowo
Bład w kwadracie 0
sudoku.SudokuBoard@10823d72[
  size=9
  solver=sudoku.BacktrackingSudokuSolver@18460128
  board={{3,5,9,1,2,4,6,7,8},{4,1,2,3,0,0,0,0,0},{0,0,0,0,0,0,0,0,0},{0,0,0,0,0,0,0,0,0},{0,0,0,0,0,0,0,0,0},{0,0,0,0,0,0,0,0,0},{0,0,0,0,0,0,0,0,0},{0,0,0,0,0,0,0,0,0},{0,0,0,0,0,0,0,0,0}}
]
Wartość 0 wstawiona nieprawidłowo
Bład w kwadracie 0
sudoku.SudokuBoard@10823d72[
  size=9
  solver=sudoku.BacktrackingSudokuSolver@18460128
  board={{3,5,9,1,2,4,6,7,8},{4,1,2,0,0,0,0,0,0},{0,0,0,0,0,0,0,0,0},{0,0,0,0,0,0,0,0,0},{0,0,0,0,0,0,0,0,0},{0,0,0,0,0,0,0,0,0},{0,0,0,0,0,0,0,0,0},{0,0,0,0,0,0,0,0,0},{0,0,0,0,0,0,0,0,0}}
]
Wartość 0 wstawiona nieprawidłowo
Bład w kwadracie 0
sudoku.SudokuBoard@10823d72[
  size=9
  solver=sudoku.BacktrackingSudokuSolver@18460128
  board={{3,5,9,1,2,4,6,7,8},{4,1,2,5,7,3,0,0,0},{0,0,0,0,0,0,0,0,0},{0,0,0,0,0,0,0,0,0},{0,0,0,0,0,0,0,0,0},{0,0,0,0,0,0,0,0,0},{0,0,0,0,0,0,0,0,0},{0,0,0,0,0,0,0,0,0},{0,0,0,0,0,0,0,0,0}}
]
Wartość 0 wstawiona nieprawidłowo
Bład w kwadracie 0
sudoku.SudokuBoard@10823d72[
  size=9
  solver=sudoku.BacktrackingSudokuSolver@18460128
  board={{3,5,9,1,2,4,6,7,8},{4,1,2,5,7,0,0,0,0},{0,0,0,0,0,0,0,0,0},{0,0,0,0,0,0,0,0,0},{0,0,0,0,0,0,0,0,0},{0,0,0,0,0,0,0,0,0},{0,0,0,0,0,0,0,0,0},{0,0,0,0,0,0,0,0,0},{0,0,0,0,0,0,0,0,0}}
]
Wartość 0 wstawiona nieprawidłowo
Bład w kwadracie 0
sudoku.SudokuBoard@10823d72[
  size=9
  solver=sudoku.BacktrackingSudokuSolver@18460128
  board={{3,5,9,1,2,4,6,7,8},{4,1,2,5,7,6,3,0,0},{0,0,0,0,0,0,0,0,0},{0,0,0,0,0,0,0,0,0},{0,0,0,0,0,0,0,0,0},{0,0,0,0,0,0,0,0,0},{0,0,0,0,0,0,0,0,0},{0,0,0,0,0,0,0,0,0},{0,0,0,0,0,0,0,0,0}}
]
Wartość 0 wstawiona nieprawidłowo
Bład w kwadracie 0
sudoku.SudokuBoard@10823d72[
  size=9
  solver=sudoku.BacktrackingSudokuSolver@18460128
  board={{3,5,9,1,2,4,6,7,8},{4,1,2,5,7,6,0,0,0},{0,0,0,0,0,0,0,0,0},{0,0,0,0,0,0,0,0,0},{0,0,0,0,0,0,0,0,0},{0,0,0,0,0,0,0,0,0},{0,0,0,0,0,0,0,0,0},{0,0,0,0,0,0,0,0,0},{0,0,0,0,0,0,0,0,0}}
]
Wartość 0 wstawiona nieprawidłowo
Bład w kwadracie 0
sudoku.SudokuBoard@10823d72[
  size=9
  solver=sudoku.BacktrackingSudokuSolver@18460128
  board={{3,5,9,1,2,4,6,7,8},{4,1,2,5,7,6,9,0,0},{0,0,0,0,0,0,0,0,0},{0,0,0,0,0,0,0,0,0},{0,0,0,0,0,0,0,0,0},{0,0,0,0,0,0,0,0,0},{0,0,0,0,0,0,0,0,0},{0,0,0,0,0,0,0,0,0},{0,0,0,0,0,0,0,0,0}}
]
Wartość 0 wstawiona nieprawidłowo
Bład w kwadracie 0
sudoku.SudokuBoard@10823d72[
  size=9
  solver=sudoku.BacktrackingSudokuSolver@18460128
  board={{3,5,9,1,2,4,6,7,8},{4,1,2,5,7,6,0,0,0},{0,0,0,0,0,0,0,0,0},{0,0,0,0,0,0,0,0,0},{0,0,0,0,0,0,0,0,0},{0,0,0,0,0,0,0,0,0},{0,0,0,0,0,0,0,0,0},{0,0,0,0,0,0,0,0,0},{0,0,0,0,0,0,0,0,0}}
]
Wartość 0 wstawiona nieprawidłowo
Bład w kwadracie 0
sudoku.SudokuBoard@10823d72[
  size=9
  solver=sudoku.BacktrackingSudokuSolver@18460128
  board={{3,5,9,1,2,4,6,7,8},{4,1,2,5,7,0,0,0,0},{0,0,0,0,0,0,0,0,0},{0,0,0,0,0,0,0,0,0},{0,0,0,0,0,0,0,0,0},{0,0,0,0,0,0,0,0,0},{0,0,0,0,0,0,0,0,0},{0,0,0,0,0,0,0,0,0},{0,0,0,0,0,0,0,0,0}}
]
Wartość 0 wstawiona nieprawidłowo
Bład w kwadracie 0
sudoku.SudokuBoard@10823d72[
  size=9
  solver=sudoku.BacktrackingSudokuSolver@18460128
  board={{3,5,9,1,2,4,6,7,8},{4,1,2,5,7,8,3,0,0},{0,0,0,0,0,0,0,0,0},{0,0,0,0,0,0,0,0,0},{0,0,0,0,0,0,0,0,0},{0,0,0,0,0,0,0,0,0},{0,0,0,0,0,0,0,0,0},{0,0,0,0,0,0,0,0,0},{0,0,0,0,0,0,0,0,0}}
]
Wartość 0 wstawiona nieprawidłowo
Bład w kwadracie 0
sudoku.SudokuBoard@10823d72[
  size=9
  solver=sudoku.BacktrackingSudokuSolver@18460128
  board={{3,5,9,1,2,4,6,7,8},{4,1,2,5,7,8,0,0,0},{0,0,0,0,0,0,0,0,0},{0,0,0,0,0,0,0,0,0},{0,0,0,0,0,0,0,0,0},{0,0,0,0,0,0,0,0,0},{0,0,0,0,0,0,0,0,0},{0,0,0,0,0,0,0,0,0},{0,0,0,0,0,0,0,0,0}}
]
Wartość 0 wstawiona nieprawidłowo
Bład w kwadracie 0
sudoku.SudokuBoard@10823d72[
  size=9
  solver=sudoku.BacktrackingSudokuSolver@18460128
  board={{3,5,9,1,2,4,6,7,8},{4,1,2,5,7,8,9,0,0},{0,0,0,0,0,0,0,0,0},{0,0,0,0,0,0,0,0,0},{0,0,0,0,0,0,0,0,0},{0,0,0,0,0,0,0,0,0},{0,0,0,0,0,0,0,0,0},{0,0,0,0,0,0,0,0,0},{0,0,0,0,0,0,0,0,0}}
]
Wartość 0 wstawiona nieprawidłowo
Bład w kwadracie 0
sudoku.SudokuBoard@10823d72[
  size=9
  solver=sudoku.BacktrackingSudokuSolver@18460128
  board={{3,5,9,1,2,4,6,7,8},{4,1,2,5,7,8,0,0,0},{0,0,0,0,0,0,0,0,0},{0,0,0,0,0,0,0,0,0},{0,0,0,0,0,0,0,0,0},{0,0,0,0,0,0,0,0,0},{0,0,0,0,0,0,0,0,0},{0,0,0,0,0,0,0,0,0},{0,0,0,0,0,0,0,0,0}}
]
Wartość 0 wstawiona nieprawidłowo
Bład w kwadracie 0
sudoku.SudokuBoard@10823d72[
  size=9
  solver=sudoku.BacktrackingSudokuSolver@18460128
  board={{3,5,9,1,2,4,6,7,8},{4,1,2,5,7,0,0,0,0},{0,0,0,0,0,0,0,0,0},{0,0,0,0,0,0,0,0,0},{0,0,0,0,0,0,0,0,0},{0,0,0,0,0,0,0,0,0},{0,0,0,0,0,0,0,0,0},{0,0,0,0,0,0,0,0,0},{0,0,0,0,0,0,0,0,0}}
]
Wartość 0 wstawiona nieprawidłowo
Bład w kwadracie 0
sudoku.SudokuBoard@10823d72[
  size=9
  solver=sudoku.BacktrackingSudokuSolver@18460128
  board={{3,5,9,1,2,4,6,7,8},{4,1,2,5,7,9,0,0,0},{0,0,0,0,0,0,0,0,0},{0,0,0,0,0,0,0,0,0},{0,0,0,0,0,0,0,0,0},{0,0,0,0,0,0,0,0,0},{0,0,0,0,0,0,0,0,0},{0,0,0,0,0,0,0,0,0},{0,0,0,0,0,0,0,0,0}}
]
Wartość 0 wstawiona nieprawidłowo
Bład w kwadracie 0
sudoku.SudokuBoard@10823d72[
  size=9
  solver=sudoku.BacktrackingSudokuSolver@18460128
  board={{3,5,9,1,2,4,6,7,8},{4,1,2,5,7,0,0,0,0},{0,0,0,0,0,0,0,0,0},{0,0,0,0,0,0,0,0,0},{0,0,0,0,0,0,0,0,0},{0,0,0,0,0,0,0,0,0},{0,0,0,0,0,0,0,0,0},{0,0,0,0,0,0,0,0,0},{0,0,0,0,0,0,0,0,0}}
]
Wartość 0 wstawiona nieprawidłowo
Bład w kwadracie 0
sudoku.SudokuBoard@10823d72[
  size=9
  solver=sudoku.BacktrackingSudokuSolver@18460128
  board={{3,5,9,1,2,4,6,7,8},{4,1,2,5,0,0,0,0,0},{0,0,0,0,0,0,0,0,0},{0,0,0,0,0,0,0,0,0},{0,0,0,0,0,0,0,0,0},{0,0,0,0,0,0,0,0,0},{0,0,0,0,0,0,0,0,0},{0,0,0,0,0,0,0,0,0},{0,0,0,0,0,0,0,0,0}}
]
Wartość 0 wstawiona nieprawidłowo
Bład w kwadracie 0
sudoku.SudokuBoard@10823d72[
  size=9
  solver=sudoku.BacktrackingSudokuSolver@18460128
  board={{3,5,9,1,2,4,6,7,8},{4,1,2,5,8,9,0,0,0},{0,0,0,0,0,0,0,0,0},{0,0,0,0,0,0,0,0,0},{0,0,0,0,0,0,0,0,0},{0,0,0,0,0,0,0,0,0},{0,0,0,0,0,0,0,0,0},{0,0,0,0,0,0,0,0,0},{0,0,0,0,0,0,0,0,0}}
]
Wartość 0 wstawiona nieprawidłowo
Bład w kwadracie 0
sudoku.SudokuBoard@10823d72[
  size=9
  solver=sudoku.BacktrackingSudokuSolver@18460128
  board={{3,5,9,1,2,4,6,7,8},{4,1,2,5,8,0,0,0,0},{0,0,0,0,0,0,0,0,0},{0,0,0,0,0,0,0,0,0},{0,0,0,0,0,0,0,0,0},{0,0,0,0,0,0,0,0,0},{0,0,0,0,0,0,0,0,0},{0,0,0,0,0,0,0,0,0},{0,0,0,0,0,0,0,0,0}}
]
Wartość 0 wstawiona nieprawidłowo
Bład w kwadracie 0
sudoku.SudokuBoard@10823d72[
  size=9
  solver=sudoku.BacktrackingSudokuSolver@18460128
  board={{3,5,9,1,2,4,6,7,8},{4,1,2,5,8,3,0,0,0},{0,0,0,0,0,0,0,0,0},{0,0,0,0,0,0,0,0,0},{0,0,0,0,0,0,0,0,0},{0,0,0,0,0,0,0,0,0},{0,0,0,0,0,0,0,0,0},{0,0,0,0,0,0,0,0,0},{0,0,0,0,0,0,0,0,0}}
]
Wartość 0 wstawiona nieprawidłowo
Bład w kwadracie 0
sudoku.SudokuBoard@10823d72[
  size=9
  solver=sudoku.BacktrackingSudokuSolver@18460128
  board={{3,5,9,1,2,4,6,7,8},{4,1,2,5,8,0,0,0,0},{0,0,0,0,0,0,0,0,0},{0,0,0,0,0,0,0,0,0},{0,0,0,0,0,0,0,0,0},{0,0,0,0,0,0,0,0,0},{0,0,0,0,0,0,0,0,0},{0,0,0,0,0,0,0,0,0},{0,0,0,0,0,0,0,0,0}}
]
Wartość 0 wstawiona nieprawidłowo
Bład w kwadracie 0
sudoku.SudokuBoard@10823d72[
  size=9
  solver=sudoku.BacktrackingSudokuSolver@18460128
  board={{3,5,9,1,2,4,6,7,8},{4,1,2,5,8,6,9,0,0},{0,0,0,0,0,0,0,0,0},{0,0,0,0,0,0,0,0,0},{0,0,0,0,0,0,0,0,0},{0,0,0,0,0,0,0,0,0},{0,0,0,0,0,0,0,0,0},{0,0,0,0,0,0,0,0,0},{0,0,0,0,0,0,0,0,0}}
]
Wartość 0 wstawiona nieprawidłowo
Bład w kwadracie 0
sudoku.SudokuBoard@10823d72[
  size=9
  solver=sudoku.BacktrackingSudokuSolver@18460128
  board={{3,5,9,1,2,4,6,7,8},{4,1,2,5,8,6,0,0,0},{0,0,0,0,0,0,0,0,0},{0,0,0,0,0,0,0,0,0},{0,0,0,0,0,0,0,0,0},{0,0,0,0,0,0,0,0,0},{0,0,0,0,0,0,0,0,0},{0,0,0,0,0,0,0,0,0},{0,0,0,0,0,0,0,0,0}}
]
Wartość 0 wstawiona nieprawidłowo
Bład w kwadracie 0
sudoku.SudokuBoard@10823d72[
  size=9
  solver=sudoku.BacktrackingSudokuSolver@18460128
  board={{3,5,9,1,2,4,6,7,8},{4,1,2,5,8,6,3,0,0},{0,0,0,0,0,0,0,0,0},{0,0,0,0,0,0,0,0,0},{0,0,0,0,0,0,0,0,0},{0,0,0,0,0,0,0,0,0},{0,0,0,0,0,0,0,0,0},{0,0,0,0,0,0,0,0,0},{0,0,0,0,0,0,0,0,0}}
]
Wartość 0 wstawiona nieprawidłowo
Bład w kwadracie 0
sudoku.SudokuBoard@10823d72[
  size=9
  solver=sudoku.BacktrackingSudokuSolver@18460128
  board={{3,5,9,1,2,4,6,7,8},{4,1,2,5,8,6,0,0,0},{0,0,0,0,0,0,0,0,0},{0,0,0,0,0,0,0,0,0},{0,0,0,0,0,0,0,0,0},{0,0,0,0,0,0,0,0,0},{0,0,0,0,0,0,0,0,0},{0,0,0,0,0,0,0,0,0},{0,0,0,0,0,0,0,0,0}}
]
Wartość 0 wstawiona nieprawidłowo
Bład w kwadracie 0
sudoku.SudokuBoard@10823d72[
  size=9
  solver=sudoku.BacktrackingSudokuSolver@18460128
  board={{3,5,9,1,2,4,6,7,8},{4,1,2,5,8,0,0,0,0},{0,0,0,0,0,0,0,0,0},{0,0,0,0,0,0,0,0,0},{0,0,0,0,0,0,0,0,0},{0,0,0,0,0,0,0,0,0},{0,0,0,0,0,0,0,0,0},{0,0,0,0,0,0,0,0,0},{0,0,0,0,0,0,0,0,0}}
]
Wartość 0 wstawiona nieprawidłowo
Bład w kwadracie 0
sudoku.SudokuBoard@10823d72[
  size=9
  solver=sudoku.BacktrackingSudokuSolver@18460128
  board={{3,5,9,1,2,4,6,7,8},{4,1,2,5,8,7,9,0,0},{0,0,0,0,0,0,0,0,0},{0,0,0,0,0,0,0,0,0},{0,0,0,0,0,0,0,0,0},{0,0,0,0,0,0,0,0,0},{0,0,0,0,0,0,0,0,0},{0,0,0,0,0,0,0,0,0},{0,0,0,0,0,0,0,0,0}}
]
Wartość 0 wstawiona nieprawidłowo
Bład w kwadracie 0
sudoku.SudokuBoard@10823d72[
  size=9
  solver=sudoku.BacktrackingSudokuSolver@18460128
  board={{3,5,9,1,2,4,6,7,8},{4,1,2,5,8,7,0,0,0},{0,0,0,0,0,0,0,0,0},{0,0,0,0,0,0,0,0,0},{0,0,0,0,0,0,0,0,0},{0,0,0,0,0,0,0,0,0},{0,0,0,0,0,0,0,0,0},{0,0,0,0,0,0,0,0,0},{0,0,0,0,0,0,0,0,0}}
]
Wartość 0 wstawiona nieprawidłowo
Bład w kwadracie 0
sudoku.SudokuBoard@10823d72[
  size=9
  solver=sudoku.BacktrackingSudokuSolver@18460128
  board={{3,5,9,1,2,4,6,7,8},{4,1,2,5,8,7,3,0,0},{0,0,0,0,0,0,0,0,0},{0,0,0,0,0,0,0,0,0},{0,0,0,0,0,0,0,0,0},{0,0,0,0,0,0,0,0,0},{0,0,0,0,0,0,0,0,0},{0,0,0,0,0,0,0,0,0},{0,0,0,0,0,0,0,0,0}}
]
Wartość 0 wstawiona nieprawidłowo
Bład w kwadracie 0
sudoku.SudokuBoard@10823d72[
  size=9
  solver=sudoku.BacktrackingSudokuSolver@18460128
  board={{3,5,9,1,2,4,6,7,8},{4,1,2,5,8,7,0,0,0},{0,0,0,0,0,0,0,0,0},{0,0,0,0,0,0,0,0,0},{0,0,0,0,0,0,0,0,0},{0,0,0,0,0,0,0,0,0},{0,0,0,0,0,0,0,0,0},{0,0,0,0,0,0,0,0,0},{0,0,0,0,0,0,0,0,0}}
]
Wartość 0 wstawiona nieprawidłowo
Bład w kwadracie 0
sudoku.SudokuBoard@10823d72[
  size=9
  solver=sudoku.BacktrackingSudokuSolver@18460128
  board={{3,5,9,1,2,4,6,7,8},{4,1,2,5,8,0,0,0,0},{0,0,0,0,0,0,0,0,0},{0,0,0,0,0,0,0,0,0},{0,0,0,0,0,0,0,0,0},{0,0,0,0,0,0,0,0,0},{0,0,0,0,0,0,0,0,0},{0,0,0,0,0,0,0,0,0},{0,0,0,0,0,0,0,0,0}}
]
Wartość 0 wstawiona nieprawidłowo
Bład w kwadracie 0
sudoku.SudokuBoard@10823d72[
  size=9
  solver=sudoku.BacktrackingSudokuSolver@18460128
  board={{3,5,9,1,2,4,6,7,8},{4,1,2,5,0,0,0,0,0},{0,0,0,0,0,0,0,0,0},{0,0,0,0,0,0,0,0,0},{0,0,0,0,0,0,0,0,0},{0,0,0,0,0,0,0,0,0},{0,0,0,0,0,0,0,0,0},{0,0,0,0,0,0,0,0,0},{0,0,0,0,0,0,0,0,0}}
]
Wartość 0 wstawiona nieprawidłowo
Bład w kwadracie 0
sudoku.SudokuBoard@10823d72[
  size=9
  solver=sudoku.BacktrackingSudokuSolver@18460128
  board={{3,5,9,1,2,4,6,7,8},{4,1,2,5,9,6,0,0,0},{0,0,0,0,0,0,0,0,0},{0,0,0,0,0,0,0,0,0},{0,0,0,0,0,0,0,0,0},{0,0,0,0,0,0,0,0,0},{0,0,0,0,0,0,0,0,0},{0,0,0,0,0,0,0,0,0},{0,0,0,0,0,0,0,0,0}}
]
Wartość 0 wstawiona nieprawidłowo
Bład w kwadracie 0
sudoku.SudokuBoard@10823d72[
  size=9
  solver=sudoku.BacktrackingSudokuSolver@18460128
  board={{3,5,9,1,2,4,6,7,8},{4,1,2,5,9,0,0,0,0},{0,0,0,0,0,0,0,0,0},{0,0,0,0,0,0,0,0,0},{0,0,0,0,0,0,0,0,0},{0,0,0,0,0,0,0,0,0},{0,0,0,0,0,0,0,0,0},{0,0,0,0,0,0,0,0,0},{0,0,0,0,0,0,0,0,0}}
]
Wartość 0 wstawiona nieprawidłowo
Bład w kwadracie 0
sudoku.SudokuBoard@10823d72[
  size=9
  solver=sudoku.BacktrackingSudokuSolver@18460128
  board={{3,5,9,1,2,4,6,7,8},{4,1,2,5,9,7,0,0,0},{0,0,0,0,0,0,0,0,0},{0,0,0,0,0,0,0,0,0},{0,0,0,0,0,0,0,0,0},{0,0,0,0,0,0,0,0,0},{0,0,0,0,0,0,0,0,0},{0,0,0,0,0,0,0,0,0},{0,0,0,0,0,0,0,0,0}}
]
Wartość 0 wstawiona nieprawidłowo
Bład w kwadracie 0
sudoku.SudokuBoard@10823d72[
  size=9
  solver=sudoku.BacktrackingSudokuSolver@18460128
  board={{3,5,9,1,2,4,6,7,8},{4,1,2,5,9,0,0,0,0},{0,0,0,0,0,0,0,0,0},{0,0,0,0,0,0,0,0,0},{0,0,0,0,0,0,0,0,0},{0,0,0,0,0,0,0,0,0},{0,0,0,0,0,0,0,0,0},{0,0,0,0,0,0,0,0,0},{0,0,0,0,0,0,0,0,0}}
]
Wartość 0 wstawiona nieprawidłowo
Bład w kwadracie 0
sudoku.SudokuBoard@10823d72[
  size=9
  solver=sudoku.BacktrackingSudokuSolver@18460128
  board={{3,5,9,1,2,4,6,7,8},{4,1,2,5,9,8,0,0,0},{0,0,0,0,0,0,0,0,0},{0,0,0,0,0,0,0,0,0},{0,0,0,0,0,0,0,0,0},{0,0,0,0,0,0,0,0,0},{0,0,0,0,0,0,0,0,0},{0,0,0,0,0,0,0,0,0},{0,0,0,0,0,0,0,0,0}}
]
Wartość 0 wstawiona nieprawidłowo
Bład w kwadracie 0
sudoku.SudokuBoard@10823d72[
  size=9
  solver=sudoku.BacktrackingSudokuSolver@18460128
  board={{3,5,9,1,2,4,6,7,8},{4,1,2,5,9,0,0,0,0},{0,0,0,0,0,0,0,0,0},{0,0,0,0,0,0,0,0,0},{0,0,0,0,0,0,0,0,0},{0,0,0,0,0,0,0,0,0},{0,0,0,0,0,0,0,0,0},{0,0,0,0,0,0,0,0,0},{0,0,0,0,0,0,0,0,0}}
]
Wartość 0 wstawiona nieprawidłowo
Bład w kwadracie 0
sudoku.SudokuBoard@10823d72[
  size=9
  solver=sudoku.BacktrackingSudokuSolver@18460128
  board={{3,5,9,1,2,4,6,7,8},{4,1,2,5,9,0,0,0,0},{0,0,0,0,0,0,0,0,0},{0,0,0,0,0,0,0,0,0},{0,0,0,0,0,0,0,0,0},{0,0,0,0,0,0,0,0,0},{0,0,0,0,0,0,0,0,0},{0,0,0,0,0,0,0,0,0},{0,0,0,0,0,0,0,0,0}}
]
Wartość 0 wstawiona nieprawidłowo
Bład w kwadracie 0
sudoku.SudokuBoard@10823d72[
  size=9
  solver=sudoku.BacktrackingSudokuSolver@18460128
  board={{3,5,9,1,2,4,6,7,8},{4,1,2,5,0,0,0,0,0},{0,0,0,0,0,0,0,0,0},{0,0,0,0,0,0,0,0,0},{0,0,0,0,0,0,0,0,0},{0,0,0,0,0,0,0,0,0},{0,0,0,0,0,0,0,0,0},{0,0,0,0,0,0,0,0,0},{0,0,0,0,0,0,0,0,0}}
]
Wartość 0 wstawiona nieprawidłowo
Bład w kwadracie 0
sudoku.SudokuBoard@10823d72[
  size=9
  solver=sudoku.BacktrackingSudokuSolver@18460128
  board={{3,5,9,1,2,4,6,7,8},{4,1,2,5,3,6,0,0,0},{0,0,0,0,0,0,0,0,0},{0,0,0,0,0,0,0,0,0},{0,0,0,0,0,0,0,0,0},{0,0,0,0,0,0,0,0,0},{0,0,0,0,0,0,0,0,0},{0,0,0,0,0,0,0,0,0},{0,0,0,0,0,0,0,0,0}}
]
Wartość 0 wstawiona nieprawidłowo
Bład w kwadracie 0
sudoku.SudokuBoard@10823d72[
  size=9
  solver=sudoku.BacktrackingSudokuSolver@18460128
  board={{3,5,9,1,2,4,6,7,8},{4,1,2,5,3,0,0,0,0},{0,0,0,0,0,0,0,0,0},{0,0,0,0,0,0,0,0,0},{0,0,0,0,0,0,0,0,0},{0,0,0,0,0,0,0,0,0},{0,0,0,0,0,0,0,0,0},{0,0,0,0,0,0,0,0,0},{0,0,0,0,0,0,0,0,0}}
]
Wartość 0 wstawiona nieprawidłowo
Bład w kwadracie 0
sudoku.SudokuBoard@10823d72[
  size=9
  solver=sudoku.BacktrackingSudokuSolver@18460128
  board={{3,5,9,1,2,4,6,7,8},{4,1,2,5,3,7,0,0,0},{0,0,0,0,0,0,0,0,0},{0,0,0,0,0,0,0,0,0},{0,0,0,0,0,0,0,0,0},{0,0,0,0,0,0,0,0,0},{0,0,0,0,0,0,0,0,0},{0,0,0,0,0,0,0,0,0},{0,0,0,0,0,0,0,0,0}}
]
Wartość 0 wstawiona nieprawidłowo
Bład w kwadracie 0
sudoku.SudokuBoard@10823d72[
  size=9
  solver=sudoku.BacktrackingSudokuSolver@18460128
  board={{3,5,9,1,2,4,6,7,8},{4,1,2,5,3,0,0,0,0},{0,0,0,0,0,0,0,0,0},{0,0,0,0,0,0,0,0,0},{0,0,0,0,0,0,0,0,0},{0,0,0,0,0,0,0,0,0},{0,0,0,0,0,0,0,0,0},{0,0,0,0,0,0,0,0,0},{0,0,0,0,0,0,0,0,0}}
]
Wartość 0 wstawiona nieprawidłowo
Bład w kwadracie 0
sudoku.SudokuBoard@10823d72[
  size=9
  solver=sudoku.BacktrackingSudokuSolver@18460128
  board={{3,5,9,1,2,4,6,7,8},{4,1,2,5,3,8,0,0,0},{0,0,0,0,0,0,0,0,0},{0,0,0,0,0,0,0,0,0},{0,0,0,0,0,0,0,0,0},{0,0,0,0,0,0,0,0,0},{0,0,0,0,0,0,0,0,0},{0,0,0,0,0,0,0,0,0},{0,0,0,0,0,0,0,0,0}}
]
Wartość 0 wstawiona nieprawidłowo
Bład w kwadracie 0
sudoku.SudokuBoard@10823d72[
  size=9
  solver=sudoku.BacktrackingSudokuSolver@18460128
  board={{3,5,9,1,2,4,6,7,8},{4,1,2,5,3,0,0,0,0},{0,0,0,0,0,0,0,0,0},{0,0,0,0,0,0,0,0,0},{0,0,0,0,0,0,0,0,0},{0,0,0,0,0,0,0,0,0},{0,0,0,0,0,0,0,0,0},{0,0,0,0,0,0,0,0,0},{0,0,0,0,0,0,0,0,0}}
]
Wartość 0 wstawiona nieprawidłowo
Bład w kwadracie 0
sudoku.SudokuBoard@10823d72[
  size=9
  solver=sudoku.BacktrackingSudokuSolver@18460128
  board={{3,5,9,1,2,4,6,7,8},{4,1,2,5,3,0,0,0,0},{0,0,0,0,0,0,0,0,0},{0,0,0,0,0,0,0,0,0},{0,0,0,0,0,0,0,0,0},{0,0,0,0,0,0,0,0,0},{0,0,0,0,0,0,0,0,0},{0,0,0,0,0,0,0,0,0},{0,0,0,0,0,0,0,0,0}}
]
Wartość 0 wstawiona nieprawidłowo
Bład w kwadracie 0
sudoku.SudokuBoard@10823d72[
  size=9
  solver=sudoku.BacktrackingSudokuSolver@18460128
  board={{3,5,9,1,2,4,6,7,8},{4,1,2,5,0,0,0,0,0},{0,0,0,0,0,0,0,0,0},{0,0,0,0,0,0,0,0,0},{0,0,0,0,0,0,0,0,0},{0,0,0,0,0,0,0,0,0},{0,0,0,0,0,0,0,0,0},{0,0,0,0,0,0,0,0,0},{0,0,0,0,0,0,0,0,0}}
]
Wartość 0 wstawiona nieprawidłowo
Bład w kwadracie 0
sudoku.SudokuBoard@10823d72[
  size=9
  solver=sudoku.BacktrackingSudokuSolver@18460128
  board={{3,5,9,1,2,4,6,7,8},{4,1,2,5,6,3,0,0,0},{0,0,0,0,0,0,0,0,0},{0,0,0,0,0,0,0,0,0},{0,0,0,0,0,0,0,0,0},{0,0,0,0,0,0,0,0,0},{0,0,0,0,0,0,0,0,0},{0,0,0,0,0,0,0,0,0},{0,0,0,0,0,0,0,0,0}}
]
Wartość 0 wstawiona nieprawidłowo
Bład w kwadracie 0
sudoku.SudokuBoard@10823d72[
  size=9
  solver=sudoku.BacktrackingSudokuSolver@18460128
  board={{3,5,9,1,2,4,6,7,8},{4,1,2,5,6,0,0,0,0},{0,0,0,0,0,0,0,0,0},{0,0,0,0,0,0,0,0,0},{0,0,0,0,0,0,0,0,0},{0,0,0,0,0,0,0,0,0},{0,0,0,0,0,0,0,0,0},{0,0,0,0,0,0,0,0,0},{0,0,0,0,0,0,0,0,0}}
]
Wartość 0 wstawiona nieprawidłowo
Bład w kwadracie 0
sudoku.SudokuBoard@10823d72[
  size=9
  solver=sudoku.BacktrackingSudokuSolver@18460128
  board={{3,5,9,1,2,4,6,7,8},{4,1,2,5,6,7,3,0,0},{0,0,0,0,0,0,0,0,0},{0,0,0,0,0,0,0,0,0},{0,0,0,0,0,0,0,0,0},{0,0,0,0,0,0,0,0,0},{0,0,0,0,0,0,0,0,0},{0,0,0,0,0,0,0,0,0},{0,0,0,0,0,0,0,0,0}}
]
Wartość 0 wstawiona nieprawidłowo
Bład w kwadracie 0
sudoku.SudokuBoard@10823d72[
  size=9
  solver=sudoku.BacktrackingSudokuSolver@18460128
  board={{3,5,9,1,2,4,6,7,8},{4,1,2,5,6,7,0,0,0},{0,0,0,0,0,0,0,0,0},{0,0,0,0,0,0,0,0,0},{0,0,0,0,0,0,0,0,0},{0,0,0,0,0,0,0,0,0},{0,0,0,0,0,0,0,0,0},{0,0,0,0,0,0,0,0,0},{0,0,0,0,0,0,0,0,0}}
]
Wartość 0 wstawiona nieprawidłowo
Bład w kwadracie 0
sudoku.SudokuBoard@10823d72[
  size=9
  solver=sudoku.BacktrackingSudokuSolver@18460128
  board={{3,5,9,1,2,4,6,7,8},{4,1,2,5,6,7,9,0,0},{0,0,0,0,0,0,0,0,0},{0,0,0,0,0,0,0,0,0},{0,0,0,0,0,0,0,0,0},{0,0,0,0,0,0,0,0,0},{0,0,0,0,0,0,0,0,0},{0,0,0,0,0,0,0,0,0},{0,0,0,0,0,0,0,0,0}}
]
Wartość 0 wstawiona nieprawidłowo
Bład w kwadracie 0
sudoku.SudokuBoard@10823d72[
  size=9
  solver=sudoku.BacktrackingSudokuSolver@18460128
  board={{3,5,9,1,2,4,6,7,8},{4,1,2,5,6,7,0,0,0},{0,0,0,0,0,0,0,0,0},{0,0,0,0,0,0,0,0,0},{0,0,0,0,0,0,0,0,0},{0,0,0,0,0,0,0,0,0},{0,0,0,0,0,0,0,0,0},{0,0,0,0,0,0,0,0,0},{0,0,0,0,0,0,0,0,0}}
]
Wartość 0 wstawiona nieprawidłowo
Bład w kwadracie 0
sudoku.SudokuBoard@10823d72[
  size=9
  solver=sudoku.BacktrackingSudokuSolver@18460128
  board={{3,5,9,1,2,4,6,7,8},{4,1,2,5,6,0,0,0,0},{0,0,0,0,0,0,0,0,0},{0,0,0,0,0,0,0,0,0},{0,0,0,0,0,0,0,0,0},{0,0,0,0,0,0,0,0,0},{0,0,0,0,0,0,0,0,0},{0,0,0,0,0,0,0,0,0},{0,0,0,0,0,0,0,0,0}}
]
Wartość 0 wstawiona nieprawidłowo
Bład w kwadracie 0
sudoku.SudokuBoard@10823d72[
  size=9
  solver=sudoku.BacktrackingSudokuSolver@18460128
  board={{3,5,9,1,2,4,6,7,8},{4,1,2,5,6,8,9,0,0},{0,0,0,0,0,0,0,0,0},{0,0,0,0,0,0,0,0,0},{0,0,0,0,0,0,0,0,0},{0,0,0,0,0,0,0,0,0},{0,0,0,0,0,0,0,0,0},{0,0,0,0,0,0,0,0,0},{0,0,0,0,0,0,0,0,0}}
]
Wartość 0 wstawiona nieprawidłowo
Bład w kwadracie 0
sudoku.SudokuBoard@10823d72[
  size=9
  solver=sudoku.BacktrackingSudokuSolver@18460128
  board={{3,5,9,1,2,4,6,7,8},{4,1,2,5,6,8,0,0,0},{0,0,0,0,0,0,0,0,0},{0,0,0,0,0,0,0,0,0},{0,0,0,0,0,0,0,0,0},{0,0,0,0,0,0,0,0,0},{0,0,0,0,0,0,0,0,0},{0,0,0,0,0,0,0,0,0},{0,0,0,0,0,0,0,0,0}}
]
Wartość 0 wstawiona nieprawidłowo
Bład w kwadracie 0
sudoku.SudokuBoard@10823d72[
  size=9
  solver=sudoku.BacktrackingSudokuSolver@18460128
  board={{3,5,9,1,2,4,6,7,8},{4,1,2,5,6,8,3,0,0},{0,0,0,0,0,0,0,0,0},{0,0,0,0,0,0,0,0,0},{0,0,0,0,0,0,0,0,0},{0,0,0,0,0,0,0,0,0},{0,0,0,0,0,0,0,0,0},{0,0,0,0,0,0,0,0,0},{0,0,0,0,0,0,0,0,0}}
]
Wartość 0 wstawiona nieprawidłowo
Bład w kwadracie 0
sudoku.SudokuBoard@10823d72[
  size=9
  solver=sudoku.BacktrackingSudokuSolver@18460128
  board={{3,5,9,1,2,4,6,7,8},{4,1,2,5,6,8,0,0,0},{0,0,0,0,0,0,0,0,0},{0,0,0,0,0,0,0,0,0},{0,0,0,0,0,0,0,0,0},{0,0,0,0,0,0,0,0,0},{0,0,0,0,0,0,0,0,0},{0,0,0,0,0,0,0,0,0},{0,0,0,0,0,0,0,0,0}}
]
Wartość 0 wstawiona nieprawidłowo
Bład w kwadracie 0
sudoku.SudokuBoard@10823d72[
  size=9
  solver=sudoku.BacktrackingSudokuSolver@18460128
  board={{3,5,9,1,2,4,6,7,8},{4,1,2,5,6,0,0,0,0},{0,0,0,0,0,0,0,0,0},{0,0,0,0,0,0,0,0,0},{0,0,0,0,0,0,0,0,0},{0,0,0,0,0,0,0,0,0},{0,0,0,0,0,0,0,0,0},{0,0,0,0,0,0,0,0,0},{0,0,0,0,0,0,0,0,0}}
]
Wartość 0 wstawiona nieprawidłowo
Bład w kwadracie 0
sudoku.SudokuBoard@10823d72[
  size=9
  solver=sudoku.BacktrackingSudokuSolver@18460128
  board={{3,5,9,1,2,4,6,7,8},{4,1,2,5,6,9,0,0,0},{0,0,0,0,0,0,0,0,0},{0,0,0,0,0,0,0,0,0},{0,0,0,0,0,0,0,0,0},{0,0,0,0,0,0,0,0,0},{0,0,0,0,0,0,0,0,0},{0,0,0,0,0,0,0,0,0},{0,0,0,0,0,0,0,0,0}}
]
Wartość 0 wstawiona nieprawidłowo
Bład w kwadracie 0
sudoku.SudokuBoard@10823d72[
  size=9
  solver=sudoku.BacktrackingSudokuSolver@18460128
  board={{3,5,9,1,2,4,6,7,8},{4,1,2,5,6,0,0,0,0},{0,0,0,0,0,0,0,0,0},{0,0,0,0,0,0,0,0,0},{0,0,0,0,0,0,0,0,0},{0,0,0,0,0,0,0,0,0},{0,0,0,0,0,0,0,0,0},{0,0,0,0,0,0,0,0,0},{0,0,0,0,0,0,0,0,0}}
]
Wartość 0 wstawiona nieprawidłowo
Bład w kwadracie 0
sudoku.SudokuBoard@10823d72[
  size=9
  solver=sudoku.BacktrackingSudokuSolver@18460128
  board={{3,5,9,1,2,4,6,7,8},{4,1,2,5,0,0,0,0,0},{0,0,0,0,0,0,0,0,0},{0,0,0,0,0,0,0,0,0},{0,0,0,0,0,0,0,0,0},{0,0,0,0,0,0,0,0,0},{0,0,0,0,0,0,0,0,0},{0,0,0,0,0,0,0,0,0},{0,0,0,0,0,0,0,0,0}}
]
Wartość 0 wstawiona nieprawidłowo
Bład w kwadracie 0
sudoku.SudokuBoard@10823d72[
  size=9
  solver=sudoku.BacktrackingSudokuSolver@18460128
  board={{3,5,9,1,2,4,6,7,8},{4,1,2,0,0,0,0,0,0},{0,0,0,0,0,0,0,0,0},{0,0,0,0,0,0,0,0,0},{0,0,0,0,0,0,0,0,0},{0,0,0,0,0,0,0,0,0},{0,0,0,0,0,0,0,0,0},{0,0,0,0,0,0,0,0,0},{0,0,0,0,0,0,0,0,0}}
]
Wartość 0 wstawiona nieprawidłowo
Bład w kwadracie 0
sudoku.SudokuBoard@10823d72[
  size=9
  solver=sudoku.BacktrackingSudokuSolver@18460128
  board={{3,5,9,1,2,4,6,7,8},{4,1,2,6,7,3,5,0,0},{0,0,0,0,0,0,0,0,0},{0,0,0,0,0,0,0,0,0},{0,0,0,0,0,0,0,0,0},{0,0,0,0,0,0,0,0,0},{0,0,0,0,0,0,0,0,0},{0,0,0,0,0,0,0,0,0},{0,0,0,0,0,0,0,0,0}}
]
Wartość 0 wstawiona nieprawidłowo
Bład w kwadracie 0
sudoku.SudokuBoard@10823d72[
  size=9
  solver=sudoku.BacktrackingSudokuSolver@18460128
  board={{3,5,9,1,2,4,6,7,8},{4,1,2,6,7,3,0,0,0},{0,0,0,0,0,0,0,0,0},{0,0,0,0,0,0,0,0,0},{0,0,0,0,0,0,0,0,0},{0,0,0,0,0,0,0,0,0},{0,0,0,0,0,0,0,0,0},{0,0,0,0,0,0,0,0,0},{0,0,0,0,0,0,0,0,0}}
]
Wartość 0 wstawiona nieprawidłowo
Bład w kwadracie 0
sudoku.SudokuBoard@10823d72[
  size=9
  solver=sudoku.BacktrackingSudokuSolver@18460128
  board={{3,5,9,1,2,4,6,7,8},{4,1,2,6,7,3,9,0,0},{0,0,0,0,0,0,0,0,0},{0,0,0,0,0,0,0,0,0},{0,0,0,0,0,0,0,0,0},{0,0,0,0,0,0,0,0,0},{0,0,0,0,0,0,0,0,0},{0,0,0,0,0,0,0,0,0},{0,0,0,0,0,0,0,0,0}}
]
Wartość 0 wstawiona nieprawidłowo
Bład w kwadracie 0
sudoku.SudokuBoard@10823d72[
  size=9
  solver=sudoku.BacktrackingSudokuSolver@18460128
  board={{3,5,9,1,2,4,6,7,8},{4,1,2,6,7,3,0,0,0},{0,0,0,0,0,0,0,0,0},{0,0,0,0,0,0,0,0,0},{0,0,0,0,0,0,0,0,0},{0,0,0,0,0,0,0,0,0},{0,0,0,0,0,0,0,0,0},{0,0,0,0,0,0,0,0,0},{0,0,0,0,0,0,0,0,0}}
]
Wartość 0 wstawiona nieprawidłowo
Bład w kwadracie 0
sudoku.SudokuBoard@10823d72[
  size=9
  solver=sudoku.BacktrackingSudokuSolver@18460128
  board={{3,5,9,1,2,4,6,7,8},{4,1,2,6,7,0,0,0,0},{0,0,0,0,0,0,0,0,0},{0,0,0,0,0,0,0,0,0},{0,0,0,0,0,0,0,0,0},{0,0,0,0,0,0,0,0,0},{0,0,0,0,0,0,0,0,0},{0,0,0,0,0,0,0,0,0},{0,0,0,0,0,0,0,0,0}}
]
Wartość 0 wstawiona nieprawidłowo
Bład w kwadracie 0
sudoku.SudokuBoard@10823d72[
  size=9
  solver=sudoku.BacktrackingSudokuSolver@18460128
  board={{3,5,9,1,2,4,6,7,8},{4,1,2,6,7,5,3,0,0},{0,0,0,0,0,0,0,0,0},{0,0,0,0,0,0,0,0,0},{0,0,0,0,0,0,0,0,0},{0,0,0,0,0,0,0,0,0},{0,0,0,0,0,0,0,0,0},{0,0,0,0,0,0,0,0,0},{0,0,0,0,0,0,0,0,0}}
]
Wartość 0 wstawiona nieprawidłowo
Bład w kwadracie 0
sudoku.SudokuBoard@10823d72[
  size=9
  solver=sudoku.BacktrackingSudokuSolver@18460128
  board={{3,5,9,1,2,4,6,7,8},{4,1,2,6,7,5,0,0,0},{0,0,0,0,0,0,0,0,0},{0,0,0,0,0,0,0,0,0},{0,0,0,0,0,0,0,0,0},{0,0,0,0,0,0,0,0,0},{0,0,0,0,0,0,0,0,0},{0,0,0,0,0,0,0,0,0},{0,0,0,0,0,0,0,0,0}}
]
Wartość 0 wstawiona nieprawidłowo
Bład w kwadracie 0
sudoku.SudokuBoard@10823d72[
  size=9
  solver=sudoku.BacktrackingSudokuSolver@18460128
  board={{3,5,9,1,2,4,6,7,8},{4,1,2,6,7,5,9,0,0},{0,0,0,0,0,0,0,0,0},{0,0,0,0,0,0,0,0,0},{0,0,0,0,0,0,0,0,0},{0,0,0,0,0,0,0,0,0},{0,0,0,0,0,0,0,0,0},{0,0,0,0,0,0,0,0,0},{0,0,0,0,0,0,0,0,0}}
]
Wartość 0 wstawiona nieprawidłowo
Bład w kwadracie 0
sudoku.SudokuBoard@10823d72[
  size=9
  solver=sudoku.BacktrackingSudokuSolver@18460128
  board={{3,5,9,1,2,4,6,7,8},{4,1,2,6,7,5,0,0,0},{0,0,0,0,0,0,0,0,0},{0,0,0,0,0,0,0,0,0},{0,0,0,0,0,0,0,0,0},{0,0,0,0,0,0,0,0,0},{0,0,0,0,0,0,0,0,0},{0,0,0,0,0,0,0,0,0},{0,0,0,0,0,0,0,0,0}}
]
Wartość 0 wstawiona nieprawidłowo
Bład w kwadracie 0
sudoku.SudokuBoard@10823d72[
  size=9
  solver=sudoku.BacktrackingSudokuSolver@18460128
  board={{3,5,9,1,2,4,6,7,8},{4,1,2,6,7,0,0,0,0},{0,0,0,0,0,0,0,0,0},{0,0,0,0,0,0,0,0,0},{0,0,0,0,0,0,0,0,0},{0,0,0,0,0,0,0,0,0},{0,0,0,0,0,0,0,0,0},{0,0,0,0,0,0,0,0,0},{0,0,0,0,0,0,0,0,0}}
]
Wartość 0 wstawiona nieprawidłowo
Bład w kwadracie 0
sudoku.SudokuBoard@10823d72[
  size=9
  solver=sudoku.BacktrackingSudokuSolver@18460128
  board={{3,5,9,1,2,4,6,7,8},{4,1,2,6,7,8,5,9,3},{6,7,8,9,3,5,2,1,4},{2,6,7,3,4,9,1,8,5},{5,8,1,2,6,7,3,4,9},{9,3,4,5,0,0,0,0,0},{0,0,0,0,0,0,0,0,0},{0,0,0,0,0,0,0,0,0},{0,0,0,0,0,0,0,0,0}}
]
Wartość 0 wstawiona nieprawidłowo
Bład w kwadracie 0
sudoku.SudokuBoard@10823d72[
  size=9
  solver=sudoku.BacktrackingSudokuSolver@18460128
  board={{3,5,9,1,2,4,6,7,8},{4,1,2,6,7,8,5,9,3},{6,7,8,9,3,5,2,1,4},{2,6,7,3,4,9,1,8,5},{5,8,1,2,6,7,3,4,9},{9,3,4,5,8,1,7,6,2},{1,4,3,7,5,2,0,0,0},{0,0,0,0,0,0,0,0,0},{0,0,0,0,0,0,0,0,0}}
]
Wartość 0 wstawiona nieprawidłowo
Bład w kwadracie 0
sudoku.SudokuBoard@10823d72[
  size=9
  solver=sudoku.BacktrackingSudokuSolver@18460128
  board={{3,5,9,1,2,4,6,7,8},{4,1,2,6,7,8,5,9,3},{6,7,8,9,3,5,2,1,4},{2,6,7,3,4,9,1,8,5},{5,8,1,2,6,7,3,4,9},{9,3,4,5,8,1,7,6,2},{1,4,3,7,5,2,0,0,0},{0,0,0,0,0,0,0,0,0},{0,0,0,0,0,0,0,0,0}}
]
Wartość 0 wstawiona nieprawidłowo
Bład w kwadracie 0
sudoku.SudokuBoard@10823d72[
  size=9
  solver=sudoku.BacktrackingSudokuSolver@18460128
  board={{3,5,9,1,2,4,6,7,8},{4,1,2,6,7,8,5,9,3},{6,7,8,9,3,5,2,1,4},{2,6,7,3,4,9,1,8,5},{5,8,1,2,6,7,3,4,9},{9,3,4,5,8,1,7,6,2},{1,4,3,7,5,0,0,0,0},{0,0,0,0,0,0,0,0,0},{0,0,0,0,0,0,0,0,0}}
]
Wartość 0 wstawiona nieprawidłowo
Bład w kwadracie 0
sudoku.SudokuBoard@10823d72[
  size=9
  solver=sudoku.BacktrackingSudokuSolver@18460128
  board={{3,5,9,1,2,4,6,7,8},{4,1,2,6,7,8,5,9,3},{6,7,8,9,3,5,2,1,4},{2,6,7,3,4,9,1,8,5},{5,8,1,2,6,7,3,4,9},{9,3,4,5,8,1,7,6,2},{1,4,3,7,5,6,8,0,0},{0,0,0,0,0,0,0,0,0},{0,0,0,0,0,0,0,0,0}}
]
Wartość 0 wstawiona nieprawidłowo
Bład w kwadracie 0
sudoku.SudokuBoard@10823d72[
  size=9
  solver=sudoku.BacktrackingSudokuSolver@18460128
  board={{3,5,9,1,2,4,6,7,8},{4,1,2,6,7,8,5,9,3},{6,7,8,9,3,5,2,1,4},{2,6,7,3,4,9,1,8,5},{5,8,1,2,6,7,3,4,9},{9,3,4,5,8,1,7,6,2},{1,4,3,7,5,6,0,0,0},{0,0,0,0,0,0,0,0,0},{0,0,0,0,0,0,0,0,0}}
]
Wartość 0 wstawiona nieprawidłowo
Bład w kwadracie 0
sudoku.SudokuBoard@10823d72[
  size=9
  solver=sudoku.BacktrackingSudokuSolver@18460128
  board={{3,5,9,1,2,4,6,7,8},{4,1,2,6,7,8,5,9,3},{6,7,8,9,3,5,2,1,4},{2,6,7,3,4,9,1,8,5},{5,8,1,2,6,7,3,4,9},{9,3,4,5,8,1,7,6,2},{1,4,3,7,5,6,9,0,0},{0,0,0,0,0,0,0,0,0},{0,0,0,0,0,0,0,0,0}}
]
Wartość 0 wstawiona nieprawidłowo
Bład w kwadracie 0
sudoku.SudokuBoard@10823d72[
  size=9
  solver=sudoku.BacktrackingSudokuSolver@18460128
  board={{3,5,9,1,2,4,6,7,8},{4,1,2,6,7,8,5,9,3},{6,7,8,9,3,5,2,1,4},{2,6,7,3,4,9,1,8,5},{5,8,1,2,6,7,3,4,9},{9,3,4,5,8,1,7,6,2},{1,4,3,7,5,6,0,0,0},{0,0,0,0,0,0,0,0,0},{0,0,0,0,0,0,0,0,0}}
]
Wartość 0 wstawiona nieprawidłowo
Bład w kwadracie 0
sudoku.SudokuBoard@10823d72[
  size=9
  solver=sudoku.BacktrackingSudokuSolver@18460128
  board={{3,5,9,1,2,4,6,7,8},{4,1,2,6,7,8,5,9,3},{6,7,8,9,3,5,2,1,4},{2,6,7,3,4,9,1,8,5},{5,8,1,2,6,7,3,4,9},{9,3,4,5,8,1,7,6,2},{1,4,3,7,5,0,0,0,0},{0,0,0,0,0,0,0,0,0},{0,0,0,0,0,0,0,0,0}}
]
Wartość 0 wstawiona nieprawidłowo
Bład w kwadracie 0
sudoku.SudokuBoard@10823d72[
  size=9
  solver=sudoku.BacktrackingSudokuSolver@18460128
  board={{3,5,9,1,2,4,6,7,8},{4,1,2,6,7,8,5,9,3},{6,7,8,9,3,5,2,1,4},{2,6,7,3,4,9,1,8,5},{5,8,1,2,6,7,3,4,9},{9,3,4,5,8,1,7,6,2},{1,4,3,7,0,0,0,0,0},{0,0,0,0,0,0,0,0,0},{0,0,0,0,0,0,0,0,0}}
]
Wartość 0 wstawiona nieprawidłowo
Bład w kwadracie 0
sudoku.SudokuBoard@10823d72[
  size=9
  solver=sudoku.BacktrackingSudokuSolver@18460128
  board={{3,5,9,1,2,4,6,7,8},{4,1,2,6,7,8,5,9,3},{6,7,8,9,3,5,2,1,4},{2,6,7,3,4,9,1,8,5},{5,8,1,2,6,7,3,4,9},{9,3,4,5,8,1,7,6,2},{1,4,3,7,9,2,8,5,6},{7,9,6,4,5,0,0,0,0},{0,0,0,0,0,0,0,0,0}}
]
Wartość 0 wstawiona nieprawidłowo
Bład w kwadracie 0
sudoku.SudokuBoard@10823d72[
  size=9
  solver=sudoku.BacktrackingSudokuSolver@18460128
  board={{3,5,9,1,2,4,6,7,8},{4,1,2,6,7,8,5,9,3},{6,7,8,9,3,5,2,1,4},{2,6,7,3,4,9,1,8,5},{5,8,1,2,6,7,3,4,9},{9,3,4,5,8,1,7,6,2},{1,4,3,7,9,2,8,5,6},{7,9,6,4,0,0,0,0,0},{0,0,0,0,0,0,0,0,0}}
]
Wartość 0 wstawiona nieprawidłowo
Bład w kwadracie 0
sudoku.SudokuBoard@10823d72[
  size=9
  solver=sudoku.BacktrackingSudokuSolver@18460128
  board={{3,5,9,1,2,4,6,7,8},{4,1,2,6,7,8,5,9,3},{6,7,8,9,3,5,2,1,4},{2,6,7,3,4,9,1,8,5},{5,8,1,2,6,7,3,4,9},{9,3,4,5,8,1,7,6,2},{1,4,3,7,9,2,8,5,6},{7,9,6,4,1,0,0,0,0},{0,0,0,0,0,0,0,0,0}}
]
Wartość 0 wstawiona nieprawidłowo
Bład w kwadracie 0
sudoku.SudokuBoard@10823d72[
  size=9
  solver=sudoku.BacktrackingSudokuSolver@18460128
  board={{3,5,9,1,2,4,6,7,8},{4,1,2,6,7,8,5,9,3},{6,7,8,9,3,5,2,1,4},{2,6,7,3,4,9,1,8,5},{5,8,1,2,6,7,3,4,9},{9,3,4,5,8,1,7,6,2},{1,4,3,7,9,2,8,5,6},{7,9,6,4,0,0,0,0,0},{0,0,0,0,0,0,0,0,0}}
]
Wartość 0 wstawiona nieprawidłowo
Bład w kwadracie 0
sudoku.SudokuBoard@10823d72[
  size=9
  solver=sudoku.BacktrackingSudokuSolver@18460128
  board={{3,5,9,1,2,4,6,7,8},{4,1,2,6,7,8,5,9,3},{6,7,8,9,3,5,2,1,4},{2,6,7,3,4,9,1,8,5},{5,8,1,2,6,7,3,4,9},{9,3,4,5,8,1,7,6,2},{1,4,3,7,9,2,8,5,6},{7,9,6,0,0,0,0,0,0},{0,0,0,0,0,0,0,0,0}}
]
Wartość 0 wstawiona nieprawidłowo
Bład w kwadracie 0
sudoku.SudokuBoard@10823d72[
  size=9
  solver=sudoku.BacktrackingSudokuSolver@18460128
  board={{3,5,9,1,2,4,6,7,8},{4,1,2,6,7,8,5,9,3},{6,7,8,9,3,5,2,1,4},{2,6,7,3,4,9,1,8,5},{5,8,1,2,6,7,3,4,9},{9,3,4,5,8,1,7,6,2},{1,4,3,7,9,2,8,5,6},{7,9,6,8,1,3,4,0,0},{0,0,0,0,0,0,0,0,0}}
]
Wartość 0 wstawiona nieprawidłowo
Bład w kwadracie 0
sudoku.SudokuBoard@10823d72[
  size=9
  solver=sudoku.BacktrackingSudokuSolver@18460128
  board={{3,5,9,1,2,4,6,7,8},{4,1,2,6,7,8,5,9,3},{6,7,8,9,3,5,2,1,4},{2,6,7,3,4,9,1,8,5},{5,8,1,2,6,7,3,4,9},{9,3,4,5,8,1,7,6,2},{1,4,3,7,9,2,8,5,6},{7,9,6,8,1,3,0,0,0},{0,0,0,0,0,0,0,0,0}}
]
Wartość 0 wstawiona nieprawidłowo
Bład w kwadracie 0
sudoku.SudokuBoard@10823d72[
  size=9
  solver=sudoku.BacktrackingSudokuSolver@18460128
  board={{3,5,9,1,2,4,6,7,8},{4,1,2,6,7,8,5,9,3},{6,7,8,9,3,5,2,1,4},{2,6,7,3,4,9,1,8,5},{5,8,1,2,6,7,3,4,9},{9,3,4,5,8,1,7,6,2},{1,4,3,7,9,2,8,5,6},{7,9,6,8,1,0,0,0,0},{0,0,0,0,0,0,0,0,0}}
]
Wartość 0 wstawiona nieprawidłowo
Bład w kwadracie 0
sudoku.SudokuBoard@10823d72[
  size=9
  solver=sudoku.BacktrackingSudokuSolver@18460128
  board={{3,5,9,1,2,4,6,7,8},{4,1,2,6,7,8,5,9,3},{6,7,8,9,3,5,2,1,4},{2,6,7,3,4,9,1,8,5},{5,8,1,2,6,7,3,4,9},{9,3,4,5,8,1,7,6,2},{1,4,3,7,9,2,8,5,6},{7,9,6,8,0,0,0,0,0},{0,0,0,0,0,0,0,0,0}}
]
Wartość 0 wstawiona nieprawidłowo
Bład w kwadracie 0
sudoku.SudokuBoard@10823d72[
  size=9
  solver=sudoku.BacktrackingSudokuSolver@18460128
  board={{3,5,9,1,2,4,6,7,8},{3,1,2,6,7,8,5,9,3},{6,7,8,9,3,5,2,1,4},{2,6,7,3,4,9,1,8,5},{5,8,1,2,6,7,3,4,9},{9,3,4,5,8,1,7,6,2},{1,4,3,7,9,2,8,5,6},{7,9,6,8,5,3,4,2,1},{8,2,5,4,1,6,9,3,7}}
]
Wartość 3 wstawiona nieprawidłowo
Bład w kwadracie 0
sudoku.SudokuBoard@10823d72[
  size=9
  solver=sudoku.BacktrackingSudokuSolver@18460128
  board={{3,5,9,1,2,4,6,7,8},{3,1,2,6,7,8,5,9,3},{3,7,8,9,3,5,2,1,4},{2,6,7,3,4,9,1,8,5},{5,8,1,2,6,7,3,4,9},{9,3,4,5,8,1,7,6,2},{1,4,3,7,9,2,8,5,6},{7,9,6,8,5,3,4,2,1},{8,2,5,4,1,6,9,3,7}}
]
Wartość 3 wstawiona nieprawidłowo
Bład w kwadracie 0
sudoku.SudokuBoard@7cea0110[
  size=9
  solver=sudoku.BacktrackingSudokuSolver@18460128
  board={{3,5,9,1,2,4,6,7,8},{3,1,2,6,7,8,5,9,3},{3,7,8,9,3,5,2,1,4},{2,6,7,3,4,9,1,8,5},{5,8,1,2,6,7,3,4,9},{9,3,4,5,8,1,7,6,2},{1,4,3,7,9,2,8,5,6},{7,9,6,8,5,3,4,2,1},{8,2,5,4,1,6,9,3,7}}
]
]]></system-out>
  </testcase>
  <testcase name="testEqualsNull" classname="sudoku.SudokuBoardTest" time="0.001"/>
  <testcase name="testEqualsSame" classname="sudoku.SudokuBoardTest" time="0.015"/>
  <testcase name="checkBoardTest" classname="sudoku.SudokuBoardTest" time="0.101">
    <system-out><![CDATA[Bład w kwadracie 0
sudoku.SudokuBoard@496a31da[
  size=9
  solver=sudoku.BacktrackingSudokuSolver@468dda3e
  board={{9,1,3,5,8,2,4,7,6},{6,7,4,9,1,3,5,8,2},{8,5,2,7,4,6,3,9,1},{5,8,6,4,7,9,1,2,3},{7,9,1,8,2,5,6,0,0},{0,0,0,0,0,0,0,0,0},{0,0,0,0,0,0,0,0,0},{0,0,0,0,0,0,0,0,0},{0,0,0,0,0,0,0,0,0}}
]
Wartość 0 wstawiona nieprawidłowo
Bład w kwadracie 0
sudoku.SudokuBoard@496a31da[
  size=9
  solver=sudoku.BacktrackingSudokuSolver@468dda3e
  board={{9,1,3,5,8,2,4,7,6},{6,7,4,9,1,3,5,8,2},{8,5,2,7,4,6,3,9,1},{5,8,6,4,7,9,1,2,3},{7,9,1,8,2,5,0,0,0},{0,0,0,0,0,0,0,0,0},{0,0,0,0,0,0,0,0,0},{0,0,0,0,0,0,0,0,0},{0,0,0,0,0,0,0,0,0}}
]
Wartość 0 wstawiona nieprawidłowo
Bład w kwadracie 0
sudoku.SudokuBoard@496a31da[
  size=9
  solver=sudoku.BacktrackingSudokuSolver@468dda3e
  board={{9,1,3,5,8,2,4,7,6},{6,7,4,9,1,3,5,8,2},{8,5,2,7,4,6,3,9,1},{5,8,6,4,7,9,1,2,3},{7,9,1,8,2,0,0,0,0},{0,0,0,0,0,0,0,0,0},{0,0,0,0,0,0,0,0,0},{0,0,0,0,0,0,0,0,0},{0,0,0,0,0,0,0,0,0}}
]
Wartość 0 wstawiona nieprawidłowo
Bład w kwadracie 0
sudoku.SudokuBoard@496a31da[
  size=9
  solver=sudoku.BacktrackingSudokuSolver@468dda3e
  board={{9,1,3,5,8,2,4,7,6},{6,7,4,9,1,3,5,8,2},{8,5,2,7,4,6,3,9,1},{5,8,6,4,7,9,1,2,3},{7,9,1,8,0,0,0,0,0},{0,0,0,0,0,0,0,0,0},{0,0,0,0,0,0,0,0,0},{0,0,0,0,0,0,0,0,0},{0,0,0,0,0,0,0,0,0}}
]
Wartość 0 wstawiona nieprawidłowo
Bład w kwadracie 0
sudoku.SudokuBoard@496a31da[
  size=9
  solver=sudoku.BacktrackingSudokuSolver@468dda3e
  board={{9,1,3,5,8,2,4,7,6},{6,7,4,9,1,3,5,8,2},{8,5,2,7,4,6,3,9,1},{5,8,6,4,7,9,1,2,3},{7,9,1,8,3,5,6,0,0},{0,0,0,0,0,0,0,0,0},{0,0,0,0,0,0,0,0,0},{0,0,0,0,0,0,0,0,0},{0,0,0,0,0,0,0,0,0}}
]
Wartość 0 wstawiona nieprawidłowo
Bład w kwadracie 0
sudoku.SudokuBoard@496a31da[
  size=9
  solver=sudoku.BacktrackingSudokuSolver@468dda3e
  board={{9,1,3,5,8,2,4,7,6},{6,7,4,9,1,3,5,8,2},{8,5,2,7,4,6,3,9,1},{5,8,6,4,7,9,1,2,3},{7,9,1,8,3,5,0,0,0},{0,0,0,0,0,0,0,0,0},{0,0,0,0,0,0,0,0,0},{0,0,0,0,0,0,0,0,0},{0,0,0,0,0,0,0,0,0}}
]
Wartość 0 wstawiona nieprawidłowo
Bład w kwadracie 0
sudoku.SudokuBoard@496a31da[
  size=9
  solver=sudoku.BacktrackingSudokuSolver@468dda3e
  board={{9,1,3,5,8,2,4,7,6},{6,7,4,9,1,3,5,8,2},{8,5,2,7,4,6,3,9,1},{5,8,6,4,7,9,1,2,3},{7,9,1,8,3,0,0,0,0},{0,0,0,0,0,0,0,0,0},{0,0,0,0,0,0,0,0,0},{0,0,0,0,0,0,0,0,0},{0,0,0,0,0,0,0,0,0}}
]
Wartość 0 wstawiona nieprawidłowo
Bład w kwadracie 0
sudoku.SudokuBoard@496a31da[
  size=9
  solver=sudoku.BacktrackingSudokuSolver@468dda3e
  board={{9,1,3,5,8,2,4,7,6},{6,7,4,9,1,3,5,8,2},{8,5,2,7,4,6,3,9,1},{5,8,6,4,7,9,1,2,3},{7,9,1,8,0,0,0,0,0},{0,0,0,0,0,0,0,0,0},{0,0,0,0,0,0,0,0,0},{0,0,0,0,0,0,0,0,0},{0,0,0,0,0,0,0,0,0}}
]
Wartość 0 wstawiona nieprawidłowo
Bład w kwadracie 0
sudoku.SudokuBoard@496a31da[
  size=9
  solver=sudoku.BacktrackingSudokuSolver@468dda3e
  board={{9,1,3,5,8,2,4,7,6},{6,7,4,9,1,3,5,8,2},{8,5,2,7,4,6,3,9,1},{5,8,6,4,7,9,1,2,3},{7,9,1,8,0,0,0,0,0},{0,0,0,0,0,0,0,0,0},{0,0,0,0,0,0,0,0,0},{0,0,0,0,0,0,0,0,0},{0,0,0,0,0,0,0,0,0}}
]
Wartość 0 wstawiona nieprawidłowo
Bład w kwadracie 0
sudoku.SudokuBoard@496a31da[
  size=9
  solver=sudoku.BacktrackingSudokuSolver@468dda3e
  board={{9,1,3,5,8,2,4,7,6},{6,7,4,9,1,3,5,8,2},{8,5,2,7,4,6,3,9,1},{5,8,6,4,7,9,1,2,3},{7,9,1,8,6,0,0,0,0},{0,0,0,0,0,0,0,0,0},{0,0,0,0,0,0,0,0,0},{0,0,0,0,0,0,0,0,0},{0,0,0,0,0,0,0,0,0}}
]
Wartość 0 wstawiona nieprawidłowo
Bład w kwadracie 0
sudoku.SudokuBoard@496a31da[
  size=9
  solver=sudoku.BacktrackingSudokuSolver@468dda3e
  board={{9,1,3,5,8,2,4,7,6},{6,7,4,9,1,3,5,8,2},{8,5,2,7,4,6,3,9,1},{5,8,6,4,7,9,1,2,3},{7,9,1,8,0,0,0,0,0},{0,0,0,0,0,0,0,0,0},{0,0,0,0,0,0,0,0,0},{0,0,0,0,0,0,0,0,0},{0,0,0,0,0,0,0,0,0}}
]
Wartość 0 wstawiona nieprawidłowo
Bład w kwadracie 0
sudoku.SudokuBoard@496a31da[
  size=9
  solver=sudoku.BacktrackingSudokuSolver@468dda3e
  board={{9,1,3,5,8,2,4,7,6},{6,7,4,9,1,3,5,8,2},{8,5,2,7,4,6,3,9,1},{5,8,6,4,7,9,1,2,3},{7,9,1,0,0,0,0,0,0},{0,0,0,0,0,0,0,0,0},{0,0,0,0,0,0,0,0,0},{0,0,0,0,0,0,0,0,0},{0,0,0,0,0,0,0,0,0}}
]
Wartość 0 wstawiona nieprawidłowo
Bład w kwadracie 0
sudoku.SudokuBoard@496a31da[
  size=9
  solver=sudoku.BacktrackingSudokuSolver@468dda3e
  board={{9,1,3,5,8,2,4,7,6},{6,7,4,9,1,3,5,8,2},{8,5,2,7,4,6,3,9,1},{5,8,6,4,7,9,1,2,3},{7,9,1,2,6,5,8,0,0},{0,0,0,0,0,0,0,0,0},{0,0,0,0,0,0,0,0,0},{0,0,0,0,0,0,0,0,0},{0,0,0,0,0,0,0,0,0}}
]
Wartość 0 wstawiona nieprawidłowo
Bład w kwadracie 0
sudoku.SudokuBoard@496a31da[
  size=9
  solver=sudoku.BacktrackingSudokuSolver@468dda3e
  board={{9,1,3,5,8,2,4,7,6},{6,7,4,9,1,3,5,8,2},{8,5,2,7,4,6,3,9,1},{5,8,6,4,7,9,1,2,3},{7,9,1,2,6,5,0,0,0},{0,0,0,0,0,0,0,0,0},{0,0,0,0,0,0,0,0,0},{0,0,0,0,0,0,0,0,0},{0,0,0,0,0,0,0,0,0}}
]
Wartość 0 wstawiona nieprawidłowo
Bład w kwadracie 0
sudoku.SudokuBoard@496a31da[
  size=9
  solver=sudoku.BacktrackingSudokuSolver@468dda3e
  board={{9,1,3,5,8,2,4,7,6},{6,7,4,9,1,3,5,8,2},{8,5,2,7,4,6,3,9,1},{5,8,6,4,7,9,1,2,3},{7,9,1,2,6,0,0,0,0},{0,0,0,0,0,0,0,0,0},{0,0,0,0,0,0,0,0,0},{0,0,0,0,0,0,0,0,0},{0,0,0,0,0,0,0,0,0}}
]
Wartość 0 wstawiona nieprawidłowo
Bład w kwadracie 0
sudoku.SudokuBoard@496a31da[
  size=9
  solver=sudoku.BacktrackingSudokuSolver@468dda3e
  board={{9,1,3,5,8,2,4,7,6},{6,7,4,9,1,3,5,8,2},{8,5,2,7,4,6,3,9,1},{5,8,6,4,7,9,1,2,3},{7,9,1,2,6,0,0,0,0},{0,0,0,0,0,0,0,0,0},{0,0,0,0,0,0,0,0,0},{0,0,0,0,0,0,0,0,0},{0,0,0,0,0,0,0,0,0}}
]
Wartość 0 wstawiona nieprawidłowo
Bład w kwadracie 0
sudoku.SudokuBoard@496a31da[
  size=9
  solver=sudoku.BacktrackingSudokuSolver@468dda3e
[...]
Bład w kwadracie 0
sudoku.SudokuBoard@767191b1[
  size=9
  solver=sudoku.BacktrackingSudokuSolver@51288417
  board={{5,2,3,1,6,4,7,8,9},{4,8,1,3,7,9,2,5,6},{6,9,7,8,2,5,3,1,4},{9,3,4,2,8,6,5,7,1},{7,1,5,9,4,3,6,2,8},{8,6,2,7,5,1,9,4,3},{1,7,6,4,9,2,8,3,5},{2,4,0,0,0,0,0,0,0},{0,0,0,0,0,0,0,0,0}}
]
Wartość 0 wstawiona nieprawidłowo
Bład w kwadracie 0
sudoku.SudokuBoard@767191b1[
  size=9
  solver=sudoku.BacktrackingSudokuSolver@51288417
  board={{5,2,3,1,6,4,7,8,9},{4,8,1,3,7,9,2,5,6},{6,9,7,8,2,5,3,1,4},{9,3,4,2,8,6,5,7,1},{7,1,5,9,4,3,6,2,8},{8,6,2,7,5,1,9,4,3},{1,7,6,4,9,2,8,3,5},{2,4,9,5,1,0,0,0,0},{0,0,0,0,0,0,0,0,0}}
]
Wartość 0 wstawiona nieprawidłowo
Bład w kwadracie 0
sudoku.SudokuBoard@767191b1[
  size=9
  solver=sudoku.BacktrackingSudokuSolver@51288417
  board={{5,2,3,1,6,4,7,8,9},{4,8,1,3,7,9,2,5,6},{6,9,7,8,2,5,3,1,4},{9,3,4,2,8,6,5,7,1},{7,1,5,9,4,3,6,2,8},{8,6,2,7,5,1,9,4,3},{1,7,6,4,9,2,8,3,5},{2,4,9,5,1,0,0,0,0},{0,0,0,0,0,0,0,0,0}}
]
Wartość 0 wstawiona nieprawidłowo
Bład w kwadracie 0
sudoku.SudokuBoard@767191b1[
  size=9
  solver=sudoku.BacktrackingSudokuSolver@51288417
  board={{5,2,3,1,6,4,7,8,9},{4,8,1,3,7,9,2,5,6},{6,9,7,8,2,5,3,1,4},{9,3,4,2,8,6,5,7,1},{7,1,5,9,4,3,6,2,8},{8,6,2,7,5,1,9,4,3},{1,7,6,4,9,2,8,3,5},{2,4,9,5,0,0,0,0,0},{0,0,0,0,0,0,0,0,0}}
]
Wartość 0 wstawiona nieprawidłowo
Bład w kwadracie 0
sudoku.SudokuBoard@767191b1[
  size=9
  solver=sudoku.BacktrackingSudokuSolver@51288417
  board={{5,2,3,1,6,4,7,8,9},{4,8,1,3,7,9,2,5,6},{6,9,7,8,2,5,3,1,4},{9,3,4,2,8,6,5,7,1},{7,1,5,9,4,3,6,2,8},{8,6,2,7,5,1,9,4,3},{1,7,6,4,9,2,8,3,5},{2,4,9,5,3,7,1,0,0},{0,0,0,0,0,0,0,0,0}}
]
Wartość 0 wstawiona nieprawidłowo
Bład w kwadracie 0
sudoku.SudokuBoard@767191b1[
  size=9
  solver=sudoku.BacktrackingSudokuSolver@51288417
  board={{5,2,3,1,6,4,7,8,9},{4,8,1,3,7,9,2,5,6},{6,9,7,8,2,5,3,1,4},{9,3,4,2,8,6,5,7,1},{7,1,5,9,4,3,6,2,8},{8,6,2,7,5,1,9,4,3},{1,7,6,4,9,2,8,3,5},{2,4,9,5,3,7,0,0,0},{0,0,0,0,0,0,0,0,0}}
]
Wartość 0 wstawiona nieprawidłowo
Bład w kwadracie 0
sudoku.SudokuBoard@767191b1[
  size=9
  solver=sudoku.BacktrackingSudokuSolver@51288417
  board={{5,2,3,1,6,4,7,8,9},{4,8,1,3,7,9,2,5,6},{6,9,7,8,2,5,3,1,4},{9,3,4,2,8,6,5,7,1},{7,1,5,9,4,3,6,2,8},{8,6,2,7,5,1,9,4,3},{1,7,6,4,9,2,8,3,5},{2,4,9,5,3,0,0,0,0},{0,0,0,0,0,0,0,0,0}}
]
Wartość 0 wstawiona nieprawidłowo
Nie wykryto bledu]]></system-out>
  </testcase>
  <testcase name="checkBoardTestBoxFalse" classname="sudoku.SudokuBoardTest" time="0.003">
    <system-out><![CDATA[Bład w kwadracie 0
sudoku.SudokuBoard@70228253[
  size=9
  solver=sudoku.BacktrackingSudokuSolver@5d21202d
  board={{8,7,9,5,1,2,3,6,4},{5,1,2,3,4,6,8,7,9},{3,6,4,7,8,9,1,2,5},{4,5,3,6,2,8,7,9,1},{6,8,7,9,3,4,0,0,0},{0,0,0,0,0,0,0,0,0},{0,0,0,0,0,0,0,0,0},{0,0,0,0,0,0,0,0,0},{0,0,0,0,0,0,0,0,0}}
]
Wartość 0 wstawiona nieprawidłowo
Bład w kwadracie 0
sudoku.SudokuBoard@70228253[
  size=9
  solver=sudoku.BacktrackingSudokuSolver@5d21202d
  board={{8,7,9,5,1,2,3,6,4},{5,1,2,3,4,6,8,7,9},{3,6,4,7,8,9,1,2,5},{4,5,3,6,2,8,7,9,1},{6,8,7,9,3,4,2,0,0},{0,0,0,0,0,0,0,0,0},{0,0,0,0,0,0,0,0,0},{0,0,0,0,0,0,0,0,0},{0,0,0,0,0,0,0,0,0}}
]
Wartość 0 wstawiona nieprawidłowo
Bład w kwadracie 0
sudoku.SudokuBoard@70228253[
  size=9
  solver=sudoku.BacktrackingSudokuSolver@5d21202d
  board={{8,7,9,5,1,2,3,6,4},{5,1,2,3,4,6,8,7,9},{3,6,4,7,8,9,1,2,5},{4,5,3,6,2,8,7,9,1},{6,8,7,9,3,4,0,0,0},{0,0,0,0,0,0,0,0,0},{0,0,0,0,0,0,0,0,0},{0,0,0,0,0,0,0,0,0},{0,0,0,0,0,0,0,0,0}}
]
Wartość 0 wstawiona nieprawidłowo
Bład w kwadracie 0
sudoku.SudokuBoard@70228253[
  size=9
  solver=sudoku.BacktrackingSudokuSolver@5d21202d
  board={{8,7,9,5,1,2,3,6,4},{5,1,2,3,4,6,8,7,9},{3,6,4,7,8,9,1,2,5},{4,5,3,6,2,8,7,9,1},{6,8,7,9,3,0,0,0,0},{0,0,0,0,0,0,0,0,0},{0,0,0,0,0,0,0,0,0},{0,0,0,0,0,0,0,0,0},{0,0,0,0,0,0,0,0,0}}
]
Wartość 0 wstawiona nieprawidłowo
Bład w kwadracie 0
sudoku.SudokuBoard@70228253[
  size=9
  solver=sudoku.BacktrackingSudokuSolver@5d21202d
  board={{8,7,9,5,1,2,3,6,4},{5,1,2,3,4,6,8,7,9},{3,6,4,7,8,9,1,2,5},{4,5,3,6,2,8,7,9,1},{6,8,7,9,3,5,0,0,0},{0,0,0,0,0,0,0,0,0},{0,0,0,0,0,0,0,0,0},{0,0,0,0,0,0,0,0,0},{0,0,0,0,0,0,0,0,0}}
]
Wartość 0 wstawiona nieprawidłowo
Bład w kwadracie 0
sudoku.SudokuBoard@70228253[
  size=9
  solver=sudoku.BacktrackingSudokuSolver@5d21202d
  board={{8,7,9,5,1,2,3,6,4},{5,1,2,3,4,6,8,7,9},{3,6,4,7,8,9,1,2,5},{4,5,3,6,2,8,7,9,1},{6,8,7,9,3,5,2,0,0},{0,0,0,0,0,0,0,0,0},{0,0,0,0,0,0,0,0,0},{0,0,0,0,0,0,0,0,0},{0,0,0,0,0,0,0,0,0}}
]
Wartość 0 wstawiona nieprawidłowo
Bład w kwadracie 0
sudoku.SudokuBoard@70228253[
  size=9
  solver=sudoku.BacktrackingSudokuSolver@5d21202d
  board={{8,7,9,5,1,2,3,6,4},{5,1,2,3,4,6,8,7,9},{3,6,4,7,8,9,1,2,5},{4,5,3,6,2,8,7,9,1},{6,8,7,9,3,5,0,0,0},{0,0,0,0,0,0,0,0,0},{0,0,0,0,0,0,0,0,0},{0,0,0,0,0,0,0,0,0},{0,0,0,0,0,0,0,0,0}}
]
Wartość 0 wstawiona nieprawidłowo
Bład w kwadracie 0
sudoku.SudokuBoard@70228253[
  size=9
  solver=sudoku.BacktrackingSudokuSolver@5d21202d
  board={{8,7,9,5,1,2,3,6,4},{5,1,2,3,4,6,8,7,9},{3,6,4,7,8,9,1,2,5},{4,5,3,6,2,8,7,9,1},{6,8,7,9,3,0,0,0,0},{0,0,0,0,0,0,0,0,0},{0,0,0,0,0,0,0,0,0},{0,0,0,0,0,0,0,0,0},{0,0,0,0,0,0,0,0,0}}
]
Wartość 0 wstawiona nieprawidłowo
Bład w kwadracie 0
sudoku.SudokuBoard@70228253[
  size=9
  solver=sudoku.BacktrackingSudokuSolver@5d21202d
  board={{8,7,9,5,1,2,3,6,4},{5,1,2,3,4,6,8,7,9},{3,6,4,7,8,9,1,2,5},{4,5,3,6,2,8,7,9,1},{6,8,7,9,3,1,4,5,2},{9,2,1,4,7,5,6,8,3},{2,3,5,8,6,7,9,0,0},{0,0,0,0,0,0,0,0,0},{0,0,0,0,0,0,0,0,0}}
]
Wartość 0 wstawiona nieprawidłowo
Bład w kwadracie 0
sudoku.SudokuBoard@70228253[
  size=9
  solver=sudoku.BacktrackingSudokuSolver@5d21202d
  board={{8,7,9,5,1,2,3,6,4},{5,1,2,3,4,6,8,7,9},{3,6,4,7,8,9,1,2,5},{4,5,3,6,2,8,7,9,1},{6,8,7,9,3,1,4,5,2},{9,2,1,4,7,5,6,8,3},{2,3,5,8,6,7,9,0,0},{0,0,0,0,0,0,0,0,0},{0,0,0,0,0,0,0,0,0}}
]
Wartość 0 wstawiona nieprawidłowo
Bład w kwadracie 0
sudoku.SudokuBoard@70228253[
  size=9
  solver=sudoku.BacktrackingSudokuSolver@5d21202d
  board={{8,7,9,5,1,2,3,6,4},{5,1,2,3,4,6,8,7,9},{3,6,4,7,8,9,1,2,5},{4,5,3,6,2,8,7,9,1},{6,8,7,9,3,1,4,5,2},{9,2,1,4,7,5,6,8,3},{2,3,5,8,6,7,0,0,0},{0,0,0,0,0,0,0,0,0},{0,0,0,0,0,0,0,0,0}}
]
Wartość 0 wstawiona nieprawidłowo
Bład w kwadracie 0
sudoku.SudokuBoard@70228253[
  size=9
  solver=sudoku.BacktrackingSudokuSolver@5d21202d
  board={{8,7,9,5,1,2,3,6,4},{5,1,2,3,4,6,8,7,9},{3,6,4,7,8,9,1,2,5},{4,5,3,6,2,8,7,9,1},{6,8,7,9,3,1,4,5,2},{9,2,1,4,7,5,6,8,3},{2,3,5,8,6,0,0,0,0},{0,0,0,0,0,0,0,0,0},{0,0,0,0,0,0,0,0,0}}
]
Wartość 0 wstawiona nieprawidłowo
Bład w kwadracie 0
sudoku.SudokuBoard@70228253[
  size=9
  solver=sudoku.BacktrackingSudokuSolver@5d21202d
  board={{8,7,9,5,1,2,3,6,4},{5,1,2,3,4,6,8,7,9},{3,6,4,7,8,9,1,2,5},{4,5,3,6,2,8,7,9,1},{6,8,7,9,3,1,4,5,2},{9,2,1,4,7,5,6,8,3},{2,3,5,8,6,4,9,1,7},{1,9,8,2,5,0,0,0,0},{0,0,0,0,0,0,0,0,0}}
]
Wartość 0 wstawiona nieprawidłowo
Bład w kwadracie 0
sudoku.SudokuBoard@70228253[
  size=9
  solver=sudoku.BacktrackingSudokuSolver@5d21202d
  board={{8,7,9,5,1,2,3,6,4},{5,1,2,3,4,6,8,7,9},{3,6,4,7,8,9,1,2,5},{4,5,3,6,2,8,7,9,1},{6,8,7,9,3,1,4,5,2},{9,2,1,4,7,5,6,8,3},{2,3,5,8,6,4,9,1,7},{1,9,8,2,5,0,0,0,0},{0,0,0,0,0,0,0,0,0}}
]
Wartość 0 wstawiona nieprawidłowo
Bład w kwadracie 0
sudoku.SudokuBoard@70228253[
  size=9
  solver=sudoku.BacktrackingSudokuSolver@5d21202d
  board={{8,7,9,5,1,2,3,6,4},{5,1,2,3,4,6,8,7,9},{3,6,4,7,8,9,1,2,5},{4,5,3,6,2,8,7,9,1},{6,8,7,9,3,1,4,5,2},{9,2,1,4,7,5,6,8,3},{2,3,5,8,6,4,9,1,7},{1,9,8,2,0,0,0,0,0},{0,0,0,0,0,0,0,0,0}}
]
Wartość 0 wstawiona nieprawidłowo
Bład w kwadracie 0
sudoku.SudokuBoard@70228253[
  size=9
  solver=sudoku.BacktrackingSudokuSolver@5d21202d
  board={{8,7,9,5,1,2,3,6,4},{5,1,2,3,4,6,8,7,9},{3,6,4,7,8,9,1,2,5},{4,5,3,6,2,8,7,9,1},{6,8,7,9,3,1,4,5,2},{9,2,1,4,7,5,6,8,3},{2,3,5,8,6,4,9,1,7},{1,9,8,0,0,0,0,0,0},{0,0,0,0,0,0,0,0,0}}
]
Wartość 0 wstawiona nieprawidłowo
Bład w kwadracie 0
sudoku.SudokuBoard@70228253[
  size=9
  solver=sudoku.BacktrackingSudokuSolver@5d21202d
  board={{8,7,9,5,1,2,3,6,4},{5,1,2,3,4,6,8,7,9},{3,6,4,7,8,9,1,2,5},{4,5,3,6,2,8,7,9,1},{6,8,7,9,3,1,4,5,2},{9,2,1,4,7,5,6,8,3},{2,3,5,8,6,4,9,1,7},{1,9,0,0,0,0,0,0,0},{0,0,0,0,0,0,0,0,0}}
]
Wartość 0 wstawiona nieprawidłowo
Bład w kwadracie 0
sudoku.SudokuBoard@70228253[
  size=9
  solver=sudoku.BacktrackingSudokuSolver@5d21202d
  board={{8,7,9,5,1,2,3,6,4},{5,1,2,3,4,6,8,7,9},{3,6,4,7,8,9,1,2,5},{4,5,3,6,2,8,7,9,1},{6,8,7,9,3,1,4,5,2},{9,2,1,4,7,5,6,8,3},{2,3,5,8,6,4,9,1,7},{1,9,6,2,5,0,0,0,0},{0,0,0,0,0,0,0,0,0}}
]
Wartość 0 wstawiona nieprawidłowo
Bład w kwadracie 0
sudoku.SudokuBoard@70228253[
  size=9
  solver=sudoku.BacktrackingSudokuSolver@5d21202d
  board={{8,7,9,5,1,2,3,6,4},{5,1,2,3,4,6,8,7,9},{3,6,4,7,8,9,1,2,5},{4,5,3,6,2,8,7,9,1},{6,8,7,9,3,1,4,5,2},{9,2,1,4,7,5,6,8,3},{2,3,5,8,6,4,9,1,7},{1,9,6,2,5,0,0,0,0},{0,0,0,0,0,0,0,0,0}}
]
Wartość 0 wstawiona nieprawidłowo
Bład w kwadracie 0
sudoku.SudokuBoard@70228253[
  size=9
  solver=sudoku.BacktrackingSudokuSolver@5d21202d
  board={{8,7,9,5,1,2,3,6,4},{5,1,2,3,4,6,8,7,9},{3,6,4,7,8,9,1,2,5},{4,5,3,6,2,8,7,9,1},{6,8,7,9,3,1,4,5,2},{9,2,1,4,7,5,6,8,3},{2,3,5,8,6,4,9,1,7},{1,9,6,2,0,0,0,0,0},{0,0,0,0,0,0,0,0,0}}
]
Wartość 0 wstawiona nieprawidłowo
Bład w kwadracie 0
sudoku.SudokuBoard@70228253[
  size=9
  solver=sudoku.BacktrackingSudokuSolver@5d21202d
  board={{8,7,9,5,1,2,3,6,4},{5,1,2,3,4,6,8,7,9},{3,6,4,7,8,9,1,2,5},{4,5,3,6,2,8,7,9,1},{6,8,7,9,3,1,4,5,2},{9,2,1,4,7,5,6,8,3},{2,3,5,8,6,4,9,1,7},{1,9,6,0,0,0,0,0,0},{0,0,0,0,0,0,0,0,0}}
]
Wartość 0 wstawiona nieprawidłowo
Bład w kwadracie 0
sudoku.SudokuBoard@70228253[
  size=9
  solver=sudoku.BacktrackingSudokuSolver@5d21202d
  board={{8,7,9,5,1,2,3,6,4},{5,1,2,3,4,6,8,7,9},{3,6,4,7,8,9,1,2,5},{4,5,3,6,2,8,7,9,1},{6,8,7,9,3,1,4,5,2},{9,2,1,4,7,5,6,8,3},{2,3,5,8,6,4,9,1,7},{1,9,0,0,0,0,0,0,0},{0,0,0,0,0,0,0,0,0}}
]
Wartość 0 wstawiona nieprawidłowo
Bład w kwadracie 0
sudoku.SudokuBoard@70228253[
  size=9
  solver=sudoku.BacktrackingSudokuSolver@5d21202d
  board={{8,7,9,5,1,2,3,6,4},{5,1,2,3,4,6,8,7,9},{3,6,4,7,8,9,1,2,5},{4,5,3,6,2,8,7,9,1},{6,8,7,9,3,1,4,5,2},{9,2,1,4,7,5,6,8,3},{2,3,5,8,6,4,9,1,7},{1,0,0,0,0,0,0,0,0},{0,0,0,0,0,0,0,0,0}}
]
Wartość 0 wstawiona nieprawidłowo
Bład w kwadracie 0
sudoku.SudokuBoard@70228253[
  size=9
  solver=sudoku.BacktrackingSudokuSolver@5d21202d
  board={{8,7,9,5,1,2,3,6,4},{5,1,2,3,4,6,8,7,9},{3,6,4,7,8,9,1,2,5},{4,5,3,6,2,8,7,9,1},{6,8,7,9,3,1,4,5,2},{9,2,1,4,7,5,6,8,3},{2,3,5,8,6,4,9,1,7},{1,4,6,2,9,3,0,0,0},{0,0,0,0,0,0,0,0,0}}
]
Wartość 0 wstawiona nieprawidłowo
Bład w kwadracie 0
sudoku.SudokuBoard@70228253[
  size=9
  solver=sudoku.BacktrackingSudokuSolver@5d21202d
  board={{8,7,9,5,1,2,3,6,4},{5,1,2,3,4,6,8,7,9},{3,6,4,7,8,9,1,2,5},{4,5,3,6,2,8,7,9,1},{6,8,7,9,3,1,4,5,2},{9,2,1,4,7,5,6,8,3},{2,3,5,8,6,4,9,1,7},{1,4,6,2,9,0,0,0,0},{0,0,0,0,0,0,0,0,0}}
]
Wartość 0 wstawiona nieprawidłowo
Bład w kwadracie 0
sudoku.SudokuBoard@70228253[
  size=9
  solver=sudoku.BacktrackingSudokuSolver@5d21202d
  board={{8,7,9,5,1,2,3,6,4},{5,8,2,3,4,6,8,7,9},{3,6,4,7,8,9,1,2,5},{4,5,3,6,2,8,7,9,1},{6,8,7,9,3,1,4,5,2},{9,2,1,4,7,5,6,8,3},{2,3,5,8,6,4,9,1,7},{1,4,6,2,9,7,5,3,8},{7,9,8,1,5,3,2,4,6}}
]
Wartość 8 wstawiona nieprawidłowo
Bład w kwadracie 0
sudoku.SudokuBoard@63c12e52[
  size=9
  solver=sudoku.BacktrackingSudokuSolver@5d21202d
  board={{8,7,9,5,1,2,3,6,4},{5,8,2,3,4,6,8,7,9},{3,6,4,7,8,9,1,2,5},{4,5,3,6,2,8,7,9,1},{6,8,7,9,3,1,4,5,2},{9,2,1,4,7,5,6,8,3},{2,3,5,8,6,4,9,1,7},{1,4,6,2,9,7,5,3,8},{7,9,8,1,5,3,2,4,6}}
]
]]></system-out>
  </testcase>
  <testcase name="checkCellBox1" classname="sudoku.SudokuBoardTest" time="0.007">
    <system-out><![CDATA[Bład w kwadracie 0
sudoku.SudokuBoard@6f94a5a5[
  size=9
  solver=sudoku.BacktrackingSudokuSolver@21bd20ee
  board={{3,1,7,8,9,4,6,2,5},{9,2,4,1,5,3,7,0,0},{0,0,0,0,0,0,0,0,0},{0,0,0,0,0,0,0,0,0},{0,0,0,0,0,0,0,0,0},{0,0,0,0,0,0,0,0,0},{0,0,0,0,0,0,0,0,0},{0,0,0,0,0,0,0,0,0},{0,0,0,0,0,0,0,0,0}}
]
Wartość 0 wstawiona nieprawidłowo
Bład w kwadracie 0
sudoku.SudokuBoard@6f94a5a5[
  size=9
  solver=sudoku.BacktrackingSudokuSolver@21bd20ee
  board={{3,1,7,8,9,4,6,2,5},{9,2,4,1,5,3,0,0,0},{0,0,0,0,0,0,0,0,0},{0,0,0,0,0,0,0,0,0},{0,0,0,0,0,0,0,0,0},{0,0,0,0,0,0,0,0,0},{0,0,0,0,0,0,0,0,0},{0,0,0,0,0,0,0,0,0},{0,0,0,0,0,0,0,0,0}}
]
Wartość 0 wstawiona nieprawidłowo
Bład w kwadracie 0
sudoku.SudokuBoard@6f94a5a5[
  size=9
  solver=sudoku.BacktrackingSudokuSolver@21bd20ee
  board={{3,1,7,8,9,4,6,2,5},{9,2,4,1,5,3,8,0,0},{0,0,0,0,0,0,0,0,0},{0,0,0,0,0,0,0,0,0},{0,0,0,0,0,0,0,0,0},{0,0,0,0,0,0,0,0,0},{0,0,0,0,0,0,0,0,0},{0,0,0,0,0,0,0,0,0},{0,0,0,0,0,0,0,0,0}}
]
Wartość 0 wstawiona nieprawidłowo
Bład w kwadracie 0
sudoku.SudokuBoard@6f94a5a5[
  size=9
  solver=sudoku.BacktrackingSudokuSolver@21bd20ee
  board={{3,1,7,8,9,4,6,2,5},{9,2,4,1,5,3,0,0,0},{0,0,0,0,0,0,0,0,0},{0,0,0,0,0,0,0,0,0},{0,0,0,0,0,0,0,0,0},{0,0,0,0,0,0,0,0,0},{0,0,0,0,0,0,0,0,0},{0,0,0,0,0,0,0,0,0},{0,0,0,0,0,0,0,0,0}}
]
Wartość 0 wstawiona nieprawidłowo
Bład w kwadracie 0
sudoku.SudokuBoard@6f94a5a5[
  size=9
  solver=sudoku.BacktrackingSudokuSolver@21bd20ee
  board={{3,1,7,8,9,4,6,2,5},{9,2,4,1,5,0,0,0,0},{0,0,0,0,0,0,0,0,0},{0,0,0,0,0,0,0,0,0},{0,0,0,0,0,0,0,0,0},{0,0,0,0,0,0,0,0,0},{0,0,0,0,0,0,0,0,0},{0,0,0,0,0,0,0,0,0},{0,0,0,0,0,0,0,0,0}}
]
Wartość 0 wstawiona nieprawidłowo
Bład w kwadracie 0
sudoku.SudokuBoard@6f94a5a5[
  size=9
  solver=sudoku.BacktrackingSudokuSolver@21bd20ee
  board={{3,1,7,8,9,4,6,2,5},{9,2,4,1,5,6,7,3,8},{5,6,8,2,7,3,4,9,1},{6,8,1,3,2,9,5,4,7},{7,9,5,6,8,1,0,0,0},{0,0,0,0,0,0,0,0,0},{0,0,0,0,0,0,0,0,0},{0,0,0,0,0,0,0,0,0},{0,0,0,0,0,0,0,0,0}}
]
Wartość 0 wstawiona nieprawidłowo
Bład w kwadracie 0
sudoku.SudokuBoard@6f94a5a5[
  size=9
  solver=sudoku.BacktrackingSudokuSolver@21bd20ee
  board={{3,1,7,8,9,4,6,2,5},{9,2,4,1,5,6,7,3,8},{5,6,8,2,7,3,4,9,1},{6,8,1,3,2,9,5,4,7},{7,9,5,6,8,1,0,0,0},{0,0,0,0,0,0,0,0,0},{0,0,0,0,0,0,0,0,0},{0,0,0,0,0,0,0,0,0},{0,0,0,0,0,0,0,0,0}}
]
Wartość 0 wstawiona nieprawidłowo
Bład w kwadracie 0
sudoku.SudokuBoard@6f94a5a5[
  size=9
  solver=sudoku.BacktrackingSudokuSolver@21bd20ee
  board={{3,1,7,8,9,4,6,2,5},{9,2,4,1,5,6,7,3,8},{5,6,8,2,7,3,4,9,1},{6,8,1,3,2,9,5,4,7},{7,9,5,6,8,0,0,0,0},{0,0,0,0,0,0,0,0,0},{0,0,0,0,0,0,0,0,0},{0,0,0,0,0,0,0,0,0},{0,0,0,0,0,0,0,0,0}}
]
Wartość 0 wstawiona nieprawidłowo
Bład w kwadracie 0
sudoku.SudokuBoard@6f94a5a5[
  size=9
  solver=sudoku.BacktrackingSudokuSolver@21bd20ee
  board={{3,1,7,8,9,4,6,2,5},{9,2,4,1,5,6,7,3,8},{5,6,8,2,7,3,4,9,1},{6,8,1,3,2,9,5,4,7},{7,9,5,6,0,0,0,0,0},{0,0,0,0,0,0,0,0,0},{0,0,0,0,0,0,0,0,0},{0,0,0,0,0,0,0,0,0},{0,0,0,0,0,0,0,0,0}}
]
Wartość 0 wstawiona nieprawidłowo
Bład w kwadracie 0
sudoku.SudokuBoard@6f94a5a5[
  size=9
  solver=sudoku.BacktrackingSudokuSolver@21bd20ee
  board={{3,1,7,8,9,4,6,2,5},{9,2,4,1,5,6,7,3,8},{5,6,8,2,7,3,4,9,1},{6,8,1,3,2,9,5,4,7},{7,9,5,6,1,8,0,0,0},{0,0,0,0,0,0,0,0,0},{0,0,0,0,0,0,0,0,0},{0,0,0,0,0,0,0,0,0},{0,0,0,0,0,0,0,0,0}}
]
Wartość 0 wstawiona nieprawidłowo
Bład w kwadracie 0
sudoku.SudokuBoard@6f94a5a5[
  size=9
  solver=sudoku.BacktrackingSudokuSolver@21bd20ee
  board={{3,1,7,8,9,4,6,2,5},{9,2,4,1,5,6,7,3,8},{5,6,8,2,7,3,4,9,1},{6,8,1,3,2,9,5,4,7},{7,9,5,6,1,8,0,0,0},{0,0,0,0,0,0,0,0,0},{0,0,0,0,0,0,0,0,0},{0,0,0,0,0,0,0,0,0},{0,0,0,0,0,0,0,0,0}}
]
Wartość 0 wstawiona nieprawidłowo
Bład w kwadracie 0
sudoku.SudokuBoard@6f94a5a5[
  size=9
  solver=sudoku.BacktrackingSudokuSolver@21bd20ee
  board={{3,1,7,8,9,4,6,2,5},{9,2,4,1,5,6,7,3,8},{5,6,8,2,7,3,4,9,1},{6,8,1,3,2,9,5,4,7},{7,9,5,6,1,0,0,0,0},{0,0,0,0,0,0,0,0,0},{0,0,0,0,0,0,0,0,0},{0,0,0,0,0,0,0,0,0},{0,0,0,0,0,0,0,0,0}}
]
Wartość 0 wstawiona nieprawidłowo
Bład w kwadracie 0
sudoku.SudokuBoard@6f94a5a5[
  size=9
  solver=sudoku.BacktrackingSudokuSolver@21bd20ee
  board={{3,1,7,8,9,4,6,2,5},{9,2,4,1,5,6,7,3,8},{5,6,8,2,7,3,4,9,1},{6,8,1,3,2,9,5,4,7},{7,9,5,6,0,0,0,0,0},{0,0,0,0,0,0,0,0,0},{0,0,0,0,0,0,0,0,0},{0,0,0,0,0,0,0,0,0},{0,0,0,0,0,0,0,0,0}}
]
Wartość 0 wstawiona nieprawidłowo
Bład w kwadracie 0
sudoku.SudokuBoard@6f94a5a5[
  size=9
  solver=sudoku.BacktrackingSudokuSolver@21bd20ee
  board={{3,1,7,8,9,4,6,2,5},{9,2,4,1,5,6,7,3,8},{5,6,8,2,7,3,4,9,1},{6,8,1,3,2,9,5,4,7},{7,9,5,6,4,1,0,0,0},{0,0,0,0,0,0,0,0,0},{0,0,0,0,0,0,0,0,0},{0,0,0,0,0,0,0,0,0},{0,0,0,0,0,0,0,0,0}}
]
Wartość 0 wstawiona nieprawidłowo
Bład w kwadracie 0
sudoku.SudokuBoard@6f94a5a5[
  size=9
  solver=sudoku.BacktrackingSudokuSolver@21bd20ee
  board={{3,1,7,8,9,4,6,2,5},{9,2,4,1,5,6,7,3,8},{5,6,8,2,7,3,4,9,1},{6,8,1,3,2,9,5,4,7},{7,9,5,6,4,1,2,8,3},{2,4,3,5,8,7,9,1,6},{4,3,6,7,1,2,8,5,9},{8,7,2,4,3,5,1,0,0},{0,0,0,0,0,0,0,0,0}}
]
Wartość 0 wstawiona nieprawidłowo
Bład w kwadracie 0
sudoku.SudokuBoard@6f94a5a5[
  size=9
  solver=sudoku.BacktrackingSudokuSolver@21bd20ee
  board={{3,1,7,8,9,4,6,2,5},{9,2,4,1,5,6,7,3,8},{5,6,8,2,7,3,4,9,1},{6,8,1,3,2,9,5,4,7},{7,9,5,6,4,1,2,8,3},{2,4,3,5,8,7,9,1,6},{4,3,6,7,1,2,8,5,9},{8,7,2,4,3,5,0,0,0},{0,0,0,0,0,0,0,0,0}}
]
Wartość 0 wstawiona nieprawidłowo
Bład w kwadracie 0
sudoku.SudokuBoard@6f94a5a5[
  size=9
  solver=sudoku.BacktrackingSudokuSolver@21bd20ee
  board={{3,1,7,8,9,4,6,2,5},{9,2,4,1,5,6,7,3,8},{5,6,8,2,7,3,4,9,1},{6,8,1,3,2,9,5,4,7},{7,9,5,6,4,1,2,8,3},{2,4,3,5,8,7,9,1,6},{4,3,6,7,1,2,8,5,9},{8,7,2,4,3,0,0,0,0},{0,0,0,0,0,0,0,0,0}}
]
Wartość 0 wstawiona nieprawidłowo
Bład w kwadracie 0
sudoku.SudokuBoard@6f94a5a5[
  size=9
  solver=sudoku.BacktrackingSudokuSolver@21bd20ee
  board={{3,1,7,8,9,4,6,2,5},{9,2,4,1,5,6,7,3,8},{5,6,8,2,7,3,4,9,1},{6,8,1,3,2,9,5,4,7},{7,9,5,6,4,1,2,8,3},{2,4,3,5,8,7,9,1,6},{4,3,6,7,1,2,8,5,9},{8,7,2,4,0,0,0,0,0},{0,0,0,0,0,0,0,0,0}}
]
Wartość 0 wstawiona nieprawidłowo
Bład w kwadracie 0
sudoku.SudokuBoard@6f94a5a5[
  size=9
  solver=sudoku.BacktrackingSudokuSolver@21bd20ee
  board={{3,1,7,8,9,4,6,2,5},{9,2,4,1,5,6,7,3,8},{5,6,8,2,7,3,4,9,1},{6,8,1,3,2,9,5,4,7},{7,9,5,6,4,1,2,8,3},{2,4,3,5,8,7,9,1,6},{4,3,6,7,1,2,8,5,9},{8,7,2,4,6,5,0,0,0},{0,0,0,0,0,0,0,0,0}}
]
Wartość 0 wstawiona nieprawidłowo
Bład w kwadracie 0
sudoku.SudokuBoard@6f94a5a5[
  size=9
  solver=sudoku.BacktrackingSudokuSolver@21bd20ee
  board={{3,1,7,8,9,4,6,2,5},{9,2,4,1,5,6,7,3,8},{5,6,8,2,7,3,4,9,1},{6,8,1,3,2,9,5,4,7},{7,9,5,6,4,1,2,8,3},{2,4,3,5,8,7,9,1,6},{4,3,6,7,1,2,8,5,9},{8,7,2,4,6,5,0,0,0},{0,0,0,0,0,0,0,0,0}}
]
Wartość 0 wstawiona nieprawidłowo
Bład w kwadracie 0
sudoku.SudokuBoard@6f94a5a5[
  size=9
  solver=sudoku.BacktrackingSudokuSolver@21bd20ee
  board={{3,1,7,8,9,4,6,2,5},{9,2,4,1,5,6,7,3,8},{5,6,8,2,7,3,4,9,1},{6,8,1,3,2,9,5,4,7},{7,9,5,6,4,1,2,8,3},{2,4,3,5,8,7,9,1,6},{4,3,6,7,1,2,8,5,9},{8,7,2,4,6,0,0,0,0},{0,0,0,0,0,0,0,0,0}}
]
Wartość 0 wstawiona nieprawidłowo
Bład w kwadracie 0
sudoku.SudokuBoard@6f94a5a5[
  size=9
  solver=sudoku.BacktrackingSudokuSolver@21bd20ee
  board={{3,1,7,8,9,4,6,2,5},{9,2,4,1,5,6,7,3,8},{5,6,8,2,7,3,4,9,1},{6,8,1,3,2,9,5,4,7},{7,9,5,6,4,1,2,8,3},{2,4,3,5,8,7,9,1,6},{4,3,6,7,1,2,8,5,9},{8,7,2,4,0,0,0,0,0},{0,0,0,0,0,0,0,0,0}}
]
Wartość 0 wstawiona nieprawidłowo
Bład w kwadracie 0
sudoku.SudokuBoard@6f94a5a5[
  size=9
  solver=sudoku.BacktrackingSudokuSolver@21bd20ee
  board={{3,1,7,8,9,4,6,2,5},{9,2,4,1,5,6,7,3,8},{5,6,8,2,7,3,4,9,1},{6,8,1,3,2,9,5,4,7},{7,9,5,6,4,1,2,8,3},{2,4,3,5,8,7,9,1,6},{4,3,6,7,1,2,8,5,9},{8,7,2,0,0,0,0,0,0},{0,0,0,0,0,0,0,0,0}}
]
Wartość 0 wstawiona nieprawidłowo
Bład w kwadracie 0
sudoku.SudokuBoard@6f94a5a5[
  size=9
  solver=sudoku.BacktrackingSudokuSolver@21bd20ee
  board={{0,1,7,8,9,4,6,2,5},{9,2,4,1,5,6,7,3,8},{5,6,8,2,7,3,4,9,1},{6,8,1,3,2,9,5,4,7},{7,9,5,6,4,1,2,8,3},{2,4,3,5,8,7,9,1,6},{4,3,6,7,1,2,8,5,9},{8,7,2,9,3,5,1,6,4},{1,5,9,4,6,8,3,7,2}}
]
Wartość 0 wstawiona nieprawidłowo
]]></system-out>
  </testcase>
</testsuite>